[20.11.2019 11:56:26] [start program] 
[20.11.2019 11:56:26] [ConnectionIni:172.16.0.4/3050:terra] 
[20.11.2019 11:57:52] [start program] 
[20.11.2019 11:57:52] [ConnectionIni:172.16.0.4/3050:terra] 
[20.11.2019 11:58:23] [start program] 
[20.11.2019 11:58:23] [ConnectionIni:172.16.0.4/3050:terra] 
[20.11.2019 11:58:42] [start program] 
[20.11.2019 11:58:42] [ConnectionIni:172.16.0.4/3050:terra] 
[20.11.2019 11:59:11] [start program] 
[20.11.2019 11:59:11] [ConnectionIni:172.16.0.4/3050:terra] 
[20.11.2019 12:23:26] [start program] 
[20.11.2019 12:23:26] [ConnectionIni:172.16.0.4/3050:terra] 
[20.11.2019 12:30:51] [start program] 
[20.11.2019 12:30:51] [ConnectionIni:172.16.0.4/3050:terra] 
[20.11.2019 12:31:36] [start program] 
[20.11.2019 12:31:36] [ConnectionIni:172.16.0.4/3050:terra] 
[20.11.2019 12:32:01] [start program] 
[20.11.2019 12:32:01] [ConnectionIni:172.16.0.4/3050:terra] 
[20.11.2019 12:32:18] [start program] 
[20.11.2019 12:32:18] [ConnectionIni:172.16.0.4/3050:terra] 
[20.11.2019 12:32:38] [start program] 
[20.11.2019 12:32:38] [ConnectionIni:172.16.0.4/3050:terra] 
[20.11.2019 12:33:04] [start program] 
[20.11.2019 12:33:04] [ConnectionIni:172.16.0.4/3050:terra] 
[20.11.2019 12:34:08] [start program] 
[20.11.2019 12:34:08] [ConnectionIni:172.16.0.4/3050:terra] 
[20.11.2019 12:43:54] [start program] 
[20.11.2019 12:43:54] [ConnectionIni:172.16.0.4/3050:terra] 
[20.11.2019 12:44:24] [start program] 
[20.11.2019 12:44:24] [ConnectionIni:172.16.0.4/3050:terra] 
[20.11.2019 12:45:37] [start program] 
[20.11.2019 12:45:37] [ConnectionIni:172.16.0.4/3050:terra] 
[20.11.2019 12:51:51] [start program] 
[20.11.2019 12:51:51] [ConnectionIni:172.16.0.4/3050:terra] 
[20.11.2019 12:55:24] [start program] 
[20.11.2019 12:55:24] [ConnectionIni:172.16.0.4/3050:terra] 
[20.11.2019 12:56:25] [start program] 
[20.11.2019 12:56:25] [ConnectionIni:172.16.0.4/3050:terra] 
[20.11.2019 13:00:45] [start program] 
[20.11.2019 13:00:45] [ConnectionIni:172.16.0.4/3050:terra] 
[20.11.2019 13:12:07] [start program] 
[20.11.2019 13:12:07] [ConnectionIni:172.16.0.4/3050:terra] 
[20.11.2019 13:16:48] [start program] 
[20.11.2019 13:16:48] [ConnectionIni:172.16.0.4/3050:terra] 
[20.11.2019 13:16:58] [start program] 
[20.11.2019 13:16:58] [ConnectionIni:172.16.0.4/3050:terra] 
[20.11.2019 13:17:51] [CC-3003 00000000001 1APTT TIME   35.5 s    30.0 45.0 13:14] 
[20.11.2019 13:17:53] [CC-3003 00000000002 1APTT RATIO  1.27      0.83 1.23 12:19] 
[20.11.2019 13:17:55] [CC-3003 END 15-11-2019] 
[20.11.2019 13:18:49] [start program] 
[20.11.2019 13:18:49] [ConnectionIni:172.16.0.4/3050:terra] 
[20.11.2019 13:18:54] [CC-3003 00000000001 1APTT TIME   35.5 s    30.0 45.0 13:14] 
[20.11.2019 13:18:56] [CC-3003 00000000002 1APTT RATIO  1.27      0.83 1.23 12:19] 
[20.11.2019 13:18:58] [CC-3003 END 15-11-2019] 
[20.11.2019 13:19:22] [start program] 
[20.11.2019 13:19:22] [ConnectionIni:172.16.0.4/3050:terra] 
[20.11.2019 13:19:28] [CC-3003 00000000001 1APTT TIME   35.5 s    30.0 45.0 13:14] 
[20.11.2019 13:19:29] [CC-3003 00000000002 1APTT RATIO  1.27      0.83 1.23 12:19] 
[20.11.2019 13:19:30] [CC-3003 END 15-11-2019] 
[20.11.2019 13:21:36] [start program] 
[20.11.2019 13:21:36] [ConnectionIni:172.16.0.4/3050:terra] 
[20.11.2019 13:21:42] [CC-3003 00000000001 1APTT TIME   35.5 s    30.0 45.0 13:14] 
[20.11.2019 13:21:42] [CC-3003 00000000002 1APTT RATIO  1.27      0.83 1.23 12:19] 
[20.11.2019 13:21:43] [CC-3003 END 15-11-2019] 
[20.11.2019 13:22:25] [start program] 
[20.11.2019 13:22:25] [ConnectionIni:172.16.0.4/3050:terra] 
[20.11.2019 13:22:31] [CC-3003 00000000001 1APTT TIME   35.5 s    30.0 45.0 13:14] 
[20.11.2019 13:22:31] [CC-3003 00000000002 1APTT RATIO  1.27      0.83 1.23 12:19] 
[20.11.2019 13:22:32] [CC-3003 END 15-11-2019] 
[20.11.2019 13:22:56] [start program] 
[20.11.2019 13:22:56] [ConnectionIni:172.16.0.4/3050:terra] 
[20.11.2019 13:23:02] [CC-3003 00000000001 1APTT TIME   35.5 s    30.0 45.0 13:14] 
[20.11.2019 13:23:03] [CC-3003 00000000002 1APTT RATIO  1.27      0.83 1.23 12:19] 
[20.11.2019 13:23:03] [CC-3003 END 15-11-2019] 
[20.11.2019 13:34:22] [start program] 
[20.11.2019 13:34:22] [ConnectionIni:172.16.0.4/3050:terra] 
[20.11.2019 13:34:30] [CC-3003 00000000001 1APTT TIME   35.5 s    30.0 45.0 13:14] 
[20.11.2019 13:34:31] [CC-3003 00000000002 1APTT RATIO  1.27      0.83 1.23 12:19] 
[20.11.2019 13:34:31] [CC-3003 END 15-11-2019] 
[20.11.2019 13:35:30] [start program] 
[20.11.2019 13:35:30] [ConnectionIni:172.16.0.4/3050:terra] 
[20.11.2019 13:35:34] [CC-3003 00000000001 1APTT TIME   35.5 s    30.0 45.0 13:14] 
[20.11.2019 13:35:34] [CC-3003 00000000002 1APTT RATIO  1.27      0.83 1.23 12:19] 
[20.11.2019 13:35:35] [CC-3003 END 15-11-2019] 
[20.11.2019 13:38:33] [start program] 
[20.11.2019 13:38:33] [ConnectionIni:172.16.0.4/3050:terra] 
[20.11.2019 13:38:40] [CC-3003 00000000001 1APTT TIME   35.5 s    30.0 45.0 13:14] 
[20.11.2019 13:38:40] [CC-3003 00000000002 1APTT RATIO  1.27      0.83 1.23 12:19] 
[20.11.2019 13:38:41] [CC-3003 END 15-11-2019] 
[20.11.2019 13:42:27] [start program] 
[20.11.2019 13:42:27] [ConnectionIni:172.16.0.4/3050:terra] 
[20.11.2019 13:42:34] [CC-3003 00000000001 1APTT RATIO  0.83      0.83 1.23 12:09] 
[20.11.2019 13:42:34] [CC-3003 00000000001 1APTT RATIO  1.01      0.83 1.23 13:14] 
[20.11.2019 13:42:35] [CC-3003 00000000002 1APTT RATIO  1.27      0.83 1.23 12:19] 
[20.11.2019 13:42:35] [CC-3003 00000000003 1APTT RATIO  1.06      0.83 1.23 12:25] 
[20.11.2019 13:43:05] [start program] 
[20.11.2019 13:43:05] [ConnectionIni:172.16.0.4/3050:terra] 
[20.11.2019 13:43:13] [CC-3003 00000000001 1APTT RATIO  0.83      0.83 1.23 12:09] 
[20.11.2019 13:43:13] [CC-3003 00000000001 1APTT RATIO  1.01      0.83 1.23 13:14] 
[20.11.2019 13:43:14] [CC-3003 00000000002 1APTT RATIO  1.27      0.83 1.23 12:19] 
[20.11.2019 13:43:15] [CC-3003 00000000003 1APTT RATIO  1.06      0.83 1.23 12:25] 
[20.11.2019 13:45:20] [start program] 
[20.11.2019 13:45:20] [ConnectionIni:172.16.0.4/3050:terra] 
[20.11.2019 13:45:25] [CC-3003 00000000001 1APTT TIME   35.5 s    30.0 45.0 13:14] 
[20.11.2019 13:45:25] [CC-3003 00000000002 1APTT RATIO  1.27      0.83 1.23 12:19] 
[20.11.2019 13:45:25] [CC-3003 END 15-11-2019] 
[20.11.2019 13:47:15] [start program] 
[20.11.2019 13:47:15] [ConnectionIni:172.16.0.4/3050:terra] 
[20.11.2019 13:47:21] [CC-3003 00000000001 1APTT TIME   35.5 s    30.0 45.0 13:14] 
[20.11.2019 13:47:21] [CC-3003 00000000002 1APTT RATIO  1.27      0.83 1.23 12:19] 
[20.11.2019 13:47:21] [CC-3003 END 15-11-2019] 
[20.11.2019 13:48:58] [start program] 
[20.11.2019 13:48:58] [ConnectionIni:172.16.0.4/3050:terra] 
[20.11.2019 13:49:02] [CC-3003 00000000001 1APTT RATIO  0.83      0.83 1.23 12:09] 
[20.11.2019 13:49:02] [CC-3003 00000000001 1APTT RATIO  1.01      0.83 1.23 13:14] 
[20.11.2019 13:49:02] [CC-3003 00000000002 1APTT RATIO  1.27      0.83 1.23 12:19] 
[20.11.2019 13:49:02] [CC-3003 00000000003 1APTT RATIO  1.06      0.83 1.23 12:25] 
[20.11.2019 13:50:55] [start program] 
[20.11.2019 13:50:55] [ConnectionIni:172.16.0.4/3050:terra] 
[20.11.2019 13:51:21] [start program] 
[20.11.2019 13:51:21] [ConnectionIni:172.16.0.4/3050:terra] 
[20.11.2019 13:52:26] [start program] 
[20.11.2019 13:52:26] [ConnectionIni:172.16.0.4/3050:terra] 
[20.11.2019 13:53:43] [start program] 
[20.11.2019 13:53:43] [ConnectionIni:172.16.0.4/3050:terra] 
[20.11.2019 13:54:26] [start program] 
[20.11.2019 13:54:26] [ConnectionIni:172.16.0.4/3050:terra] 
[20.11.2019 13:55:13] [start program] 
[20.11.2019 13:55:13] [ConnectionIni:172.16.0.4/3050:terra] 
[20.11.2019 13:56:45] [start program] 
[20.11.2019 13:56:45] [ConnectionIni:172.16.0.4/3050:terra] 
[20.11.2019 13:57:22] [start program] 
[20.11.2019 13:57:22] [ConnectionIni:172.16.0.4/3050:terra] 
[20.11.2019 13:58:39] [start program] 
[20.11.2019 13:58:39] [ConnectionIni:172.16.0.4/3050:terra] 
[20.11.2019 13:59:46] [start program] 
[20.11.2019 13:59:46] [ConnectionIni:172.16.0.4/3050:terra] 
[20.11.2019 14:04:34] [start program] 
[20.11.2019 14:04:34] [ConnectionIni:172.16.0.4/3050:terra] 
[20.11.2019 14:07:26] [start program] 
[20.11.2019 14:07:26] [ConnectionIni:172.16.0.4/3050:terra] 
[20.11.2019 14:07:31] [CC-3003 00000000001 1APTT RATIO  0.83      0.83 1.23 12:09] 
[20.11.2019 14:07:31] [CC-3003 00000000001 1APTT RATIO  1.01      0.83 1.23 13:14] 
[20.11.2019 14:07:31] [CC-3003 00000000002 1APTT RATIO  1.27      0.83 1.23 12:19] 
[20.11.2019 14:07:31] [CC-3003 00000000003 1APTT RATIO  1.06      0.83 1.23 12:25] 
[20.11.2019 14:08:05] [start program] 
[20.11.2019 14:08:05] [ConnectionIni:172.16.0.4/3050:terra] 
[20.11.2019 14:08:09] [CC-3003 00000000001 1APTT RATIO  0.83      0.83 1.23 12:09] 
[20.11.2019 14:08:09] [CC-3003 00000000001 1APTT RATIO  1.01      0.83 1.23 13:14] 
[20.11.2019 14:08:09] [CC-3003 00000000002 1APTT RATIO  1.27      0.83 1.23 12:19] 
[20.11.2019 14:08:09] [CC-3003 00000000003 1APTT RATIO  1.06      0.83 1.23 12:25] 
[20.11.2019 14:10:17] [start program] 
[20.11.2019 14:10:17] [ConnectionIni:172.16.0.4/3050:terra] 
[20.11.2019 14:10:27] [start program] 
[20.11.2019 14:10:27] [ConnectionIni:172.16.0.4/3050:terra] 
[20.11.2019 14:12:53] [start program] 
[20.11.2019 14:12:53] [ConnectionIni:172.16.0.4/3050:terra] 
[20.11.2019 14:36:57] [start program] 
[20.11.2019 14:36:57] [ConnectionIni:172.16.0.4/3050:terra] 
[20.11.2019 14:37:04] [CC-3003 BEGIN 15-11-2019
] 
[20.11.2019 14:37:04] [CC-3003 00000000001 1APTT TIME  ] 
[20.11.2019 14:37:04] [ 29.1 s    30.0 45.0 12:09
] 
[20.11.2019 14:37:04] [CC-3003 00000000001 1APTT RATIO ] 
[20.11.2019 14:37:04] [ 0.83      0.83 1.23 12:09
] 
[20.11.2019 14:37:04] [CC-3003 00000000001 1APTT TIME  ] 
[20.11.2019 14:37:04] [ 35.5 s    30.0 45.0 13:14
] 
[20.11.2019 14:37:04] [CC-3003 00000000001 1APTT RATIO ] 
[20.11.2019 14:37:04] [ 1.01      0.83 1.23 13:14
] 
[20.11.2019 14:37:05] [CC-3003 00000000002 1APTT TIME  ] 
[20.11.2019 14:37:05] [ 44.8 s    30.0 45.0 12:19
] 
[20.11.2019 14:37:05] [CC-3003 00000000002 1APTT RATIO ] 
[20.11.2019 14:37:05] [ 1.27      0.83 1.23 12:19
] 
[20.11.2019 14:37:05] [CC-3003 00000000003 1APTT TIME  ] 
[20.11.2019 14:37:05] [ 37.4 s    30.0 45.0 12:25
] 
[20.11.2019 14:37:05] [CC-3003 00000000003 1APTT RATIO ] 
[20.11.2019 14:37:05] [ 1.06      0.83 1.23 12:25
] 
[20.11.2019 14:37:05] [CC-3003 END 15-11-2019
] 
[20.11.2019 14:51:00] [start program] 
[20.11.2019 14:51:00] [ConnectionIni:172.16.0.4/3050:terra] 
[20.11.2019 14:51:06] [CC-3003 BEGIN 15-11-2019
] 
[20.11.2019 14:51:06] [CC-3003 00000000001 1APTT TIME  ] 
[20.11.2019 14:51:06] [ 29.1 s    30.0 45.0 12:09
] 
[20.11.2019 14:51:06] [CC-3003 00000000001 1APTT RATIO ] 
[20.11.2019 14:51:06] [ 0.83      0.83 1.23 12:09
] 
[20.11.2019 14:51:06] [CC-3003 00000000001 1APTT TIME  ] 
[20.11.2019 14:51:06] [ 35.5 s    30.0 45.0 13:14
] 
[20.11.2019 14:51:06] [CC-3003 00000000001 1APTT RATIO ] 
[20.11.2019 14:51:06] [ 1.01      0.83 1.23 13:14
] 
[20.11.2019 14:51:06] [CC-3003 00000000002 1APTT TIME  ] 
[20.11.2019 14:51:06] [ 44.8 s    30.0 45.0 12:19
] 
[20.11.2019 14:51:06] [CC-3003 00000000002 1APTT RATIO ] 
[20.11.2019 14:51:06] [ 1.27      0.83 1.23 12:19
] 
[20.11.2019 14:51:06] [CC-3003 00000000003 1APTT TIME  ] 
[20.11.2019 14:51:06] [ 37.4 s    30.0 45.0 12:25
] 
[20.11.2019 14:51:06] [CC-3003 00000000003 1APTT RATIO ] 
[20.11.2019 14:51:06] [ 1.06      0.83 1.23 12:25
] 
[20.11.2019 14:51:06] [CC-3003 END 15-11-2019
] 
[20.11.2019 14:52:00] [start program] 
[20.11.2019 14:52:00] [ConnectionIni:172.16.0.4/3050:terra] 
[20.11.2019 14:52:06] [CC-3003 BEGIN 15-11-2019
] 
[20.11.2019 14:52:06] [CC-3003 00000000001 1APTT TIME  ] 
[20.11.2019 14:52:06] [ 29.1 s    30.0 45.0 12:09
] 
[20.11.2019 14:52:06] [CC-3003 00000000001 1APTT RATIO ] 
[20.11.2019 14:52:06] [ 0.83      0.83 1.23 12:09
] 
[20.11.2019 14:52:06] [CC-3003 00000000001 1APTT TIME  ] 
[20.11.2019 14:52:06] [ 35.5 s    30.0 45.0 13:14
] 
[20.11.2019 14:52:06] [CC-3003 00000000001 1APTT RATIO ] 
[20.11.2019 14:52:06] [ 1.01      0.83 1.23 13:14
] 
[20.11.2019 14:52:06] [CC-3003 00000000002 1APTT TIME  ] 
[20.11.2019 14:52:06] [ 44.8 s    30.0 45.0 12:19
] 
[20.11.2019 14:52:06] [CC-3003 00000000002 1APTT RATIO ] 
[20.11.2019 14:52:06] [ 1.27      0.83 1.23 12:19
] 
[20.11.2019 14:52:06] [CC-3003 00000000003 1APTT TIME  ] 
[20.11.2019 14:52:06] [ 37.4 s    30.0 45.0 12:25
] 
[20.11.2019 14:52:06] [CC-3003 00000000003 1APTT RATIO ] 
[20.11.2019 14:52:06] [ 1.06      0.83 1.23 12:25
] 
[20.11.2019 14:52:06] [CC-3003 END 15-11-2019
] 
[20.11.2019 14:52:49] [start program] 
[20.11.2019 14:52:49] [ConnectionIni:172.16.0.4/3050:terra] 
[20.11.2019 14:52:54] [CC-3003 BEGIN 15-11-2019
] 
[20.11.2019 14:52:54] [CC-3003 00000000001 1APTT TIME  ] 
[20.11.2019 14:52:54] [ 29.1 s    30.0 45.0 12:09
] 
[20.11.2019 14:52:54] [CC-3003 00000000001 1APTT RATIO ] 
[20.11.2019 14:52:54] [ 0.83      0.83 1.23 12:09
] 
[20.11.2019 14:52:54] [CC-3003 00000000001 1APTT TIME  ] 
[20.11.2019 14:52:54] [ 35.5 s    30.0 45.0 13:14
] 
[20.11.2019 14:52:54] [CC-3003 00000000001 1APTT RATIO ] 
[20.11.2019 14:52:54] [ 1.01      0.83 1.23 13:14
] 
[20.11.2019 14:52:54] [CC-3003 00000000002 1APTT TIME  ] 
[20.11.2019 14:52:54] [ 44.8 s    30.0 45.0 12:19
] 
[20.11.2019 14:52:54] [CC-3003 00000000002 1APTT RATIO ] 
[20.11.2019 14:52:54] [ 1.27      0.83 1.23 12:19
] 
[20.11.2019 14:52:54] [CC-3003 00000000003 1APTT TIME  ] 
[20.11.2019 14:52:54] [ 37.4 s    30.0 45.0 12:25
] 
[20.11.2019 14:52:54] [CC-3003 00000000003 1APTT RATIO ] 
[20.11.2019 14:52:54] [ 1.06      0.83 1.23 12:25
] 
[20.11.2019 14:52:54] [CC-3003 END 15-11-2019
] 
[20.11.2019 14:53:32] [start program] 
[20.11.2019 14:53:32] [ConnectionIni:172.16.0.4/3050:terra] 
[20.11.2019 14:53:36] [CC-3003 BEGIN 15-11-2019
] 
[20.11.2019 14:53:36] [CC-3003 00000000001 1APTT TIME  ] 
[20.11.2019 14:53:36] [ 29.1 s    30.0 45.0 12:09
] 
[20.11.2019 14:53:37] [CC-3003 00000000001 1APTT RATIO ] 
[20.11.2019 14:53:37] [ 0.83      0.83 1.23 12:09
] 
[20.11.2019 14:53:37] [CC-3003 00000000001 1APTT TIME  ] 
[20.11.2019 14:53:37] [ 35.5 s    30.0 45.0 13:14
] 
[20.11.2019 14:53:37] [CC-3003 00000000001 1APTT RATIO ] 
[20.11.2019 14:53:37] [ 1.01      0.83 1.23 13:14
] 
[20.11.2019 14:53:37] [CC-3003 00000000002 1APTT TIME  ] 
[20.11.2019 14:53:37] [ 44.8 s    30.0 45.0 12:19
] 
[20.11.2019 14:53:37] [CC-3003 00000000002 1APTT RATIO ] 
[20.11.2019 14:53:37] [ 1.27      0.83 1.23 12:19
] 
[20.11.2019 14:53:37] [CC-3003 00000000003 1APTT TIME  ] 
[20.11.2019 14:53:37] [ 37.4 s    30.0 45.0 12:25
] 
[20.11.2019 14:53:37] [CC-3003 00000000003 1APTT RATIO ] 
[20.11.2019 14:53:37] [ 1.06      0.83 1.23 12:25
] 
[20.11.2019 14:53:37] [CC-3003 END 15-11-2019
] 
[20.11.2019 15:04:48] [start program] 
[20.11.2019 15:04:48] [ConnectionIni:172.16.0.4/3050:terra] 
[20.11.2019 15:04:52] [CC-3003 BEGIN 15-11-2019
] 
[20.11.2019 15:04:52] [CC-3003 00000000001 1APTT TIME  ] 
[20.11.2019 15:04:52] [ 29.1 s    30.0 45.0 12:09
] 
[20.11.2019 15:04:52] [CC-3003 00000000001 1APTT RATIO ] 
[20.11.2019 15:04:52] [ 0.83      0.83 1.23 12:09
] 
[20.11.2019 15:04:52] [CC-3003 00000000001 1APTT TIME  ] 
[20.11.2019 15:04:52] [ 35.5 s    30.0 45.0 13:14
] 
[20.11.2019 15:04:52] [CC-3003 00000000001 1APTT RATIO ] 
[20.11.2019 15:04:52] [ 1.01      0.83 1.23 13:14
] 
[20.11.2019 15:04:52] [CC-3003 00000000002 1APTT TIME  ] 
[20.11.2019 15:04:52] [ 44.8 s    30.0 45.0 12:19
] 
[20.11.2019 15:04:52] [CC-3003 00000000002 1APTT RATIO ] 
[20.11.2019 15:04:52] [ 1.27      0.83 1.23 12:19
] 
[20.11.2019 15:04:52] [CC-3003 00000000003 1APTT TIME  ] 
[20.11.2019 15:04:52] [ 37.4 s    30.0 45.0 12:25
] 
[20.11.2019 15:04:52] [CC-3003 00000000003 1APTT RATIO ] 
[20.11.2019 15:04:52] [ 1.06      0.83 1.23 12:25
] 
[20.11.2019 15:04:52] [CC-3003 END 15-11-2019
] 
[20.11.2019 15:17:02] [start program] 
[20.11.2019 15:17:02] [ConnectionIni:172.16.0.4/3050:terra] 
[20.11.2019 15:17:08] [CC-3003 BEGIN 15-11-2019
] 
[20.11.2019 15:17:08] [CC-3003 00000000001 1APTT TIME   29.1 s    30.0 45.0 12:09
] 
[20.11.2019 15:17:08] [CC-3003 00000000001 1APTT RATIO ] 
[20.11.2019 15:17:08] [ 0.83      0.83 1.23 12:09
] 
[20.11.2019 15:17:08] [CC-3003 00000000001 1APTT TIME  ] 
[20.11.2019 15:17:08] [ 35.5 s    30.0 45.0 13:14
] 
[20.11.2019 15:17:08] [CC-3003 00000000001 1APTT RATIO ] 
[20.11.2019 15:17:08] [ 1.01      0.83 1.23 13:14
] 
[20.11.2019 15:17:08] [CC-3003 00000000002 1APTT TIME  ] 
[20.11.2019 15:17:08] [ 44.8 s    30.0 45.0 12:19
] 
[20.11.2019 15:17:08] [CC-3003 00000000002 1APTT RATIO ] 
[20.11.2019 15:17:08] [ 1.27      0.83 1.23 12:19
] 
[20.11.2019 15:17:08] [CC-3003 00000000003 1APTT TIME  ] 
[20.11.2019 15:17:08] [ 37.4 s    30.0 45.0 12:25
] 
[20.11.2019 15:17:08] [CC-3003 00000000003 1APTT RATIO ] 
[20.11.2019 15:17:08] [ 1.06      0.83 1.23 12:25
] 
[20.11.2019 15:17:08] [CC-3003 END 15-11-2019
] 
[20.11.2019 15:18:07] [start program] 
[20.11.2019 15:18:07] [ConnectionIni:172.16.0.4/3050:terra] 
[20.11.2019 15:18:09] [CC-3003 BEGIN 15-11-2019
] 
[20.11.2019 15:18:09] [CC-3003 00000000001 1APTT TIME  ] 
[20.11.2019 15:18:09] [ 29.1 s    30.0 45.0 12:09
] 
[20.11.2019 15:18:09] [CC-3003 00000000001 1APTT RATIO ] 
[20.11.2019 15:18:09] [ 0.83      0.83 1.23 12:09
] 
[20.11.2019 15:18:09] [CC-3003 00000000001 1APTT TIME  ] 
[20.11.2019 15:18:09] [ 35.5 s    30.0 45.0 13:14
] 
[20.11.2019 15:18:09] [CC-3003 00000000001 1APTT RATIO ] 
[20.11.2019 15:18:09] [ 1.01      0.83 1.23 13:14
] 
[20.11.2019 15:18:10] [CC-3003 00000000002 1APTT TIME  ] 
[20.11.2019 15:18:10] [ 44.8 s    30.0 45.0 12:19
] 
[20.11.2019 15:18:10] [CC-3003 00000000002 1APTT RATIO ] 
[20.11.2019 15:18:10] [ 1.27      0.83 1.23 12:19
] 
[20.11.2019 15:18:10] [CC-3003 00000000003 1APTT TIME  ] 
[20.11.2019 15:18:10] [ 37.4 s    30.0 45.0 12:25
] 
[20.11.2019 15:18:10] [CC-3003 00000000003 1APTT RATIO ] 
[20.11.2019 15:18:10] [ 1.06      0.83 1.23 12:25
] 
[20.11.2019 15:18:10] [CC-3003 END 15-11-2019
] 
[20.11.2019 15:23:41] [start program] 
[20.11.2019 15:23:41] [ConnectionIni:172.16.0.4/3050:terra] 
[20.11.2019 15:23:47] [CC-3003 BEGIN 15-11-2019
] 
[20.11.2019 15:23:47] [CC-3003 00000000001 1APTT TIME  ] 
[20.11.2019 15:23:47] [ 29.1 s    30.0 45.0 12:09
] 
[20.11.2019 15:23:47] [CC-3003 00000000001 1APTT RATIO ] 
[20.11.2019 15:23:47] [ 0.83      0.83 1.23 12:09
] 
[20.11.2019 15:23:47] [CC-3003 00000000001 1APTT TIME  ] 
[20.11.2019 15:23:47] [ 35.5 s    30.0 45.0 13:14
] 
[20.11.2019 15:23:47] [CC-3003 00000000001 1APTT RATIO ] 
[20.11.2019 15:23:47] [ 1.01      0.83 1.23 13:14
] 
[20.11.2019 15:23:47] [CC-3003 00000000002 1APTT TIME  ] 
[20.11.2019 15:23:47] [ 44.8 s    30.0 45.0 12:19
] 
[20.11.2019 15:23:47] [CC-3003 00000000002 1APTT RATIO ] 
[20.11.2019 15:23:47] [ 1.27      0.83 1.23 12:19
] 
[20.11.2019 15:23:47] [CC-3003 00000000003 1APTT TIME  ] 
[20.11.2019 15:23:47] [ 37.4 s    30.0 45.0 12:25
] 
[20.11.2019 15:23:47] [CC-3003 00000000003 1APTT RATIO ] 
[20.11.2019 15:23:47] [ 1.06      0.83 1.23 12:25
] 
[20.11.2019 15:23:48] [CC-3003 END 15-11-2019
] 
[20.11.2019 15:25:31] [start program] 
[20.11.2019 15:25:31] [ConnectionIni:172.16.0.4/3050:terra] 
[20.11.2019 15:25:34] [CC-3003 BEGIN 15-11-2019
] 
[20.11.2019 15:25:34] [CC-3003 00000000001 1APTT TIME  ] 
[20.11.2019 15:25:34] [ 29.1 s    30.0 45.0 12:09
] 
[20.11.2019 15:25:35] [CC-3003 00000000001 1APTT RATIO  0.83      0.83 1.23 12:09
] 
[20.11.2019 15:25:35] [CC-3003 00000000001 1APTT TIME  ] 
[20.11.2019 15:25:35] [ 35.5 s    30.0 45.0 13:14
] 
[20.11.2019 15:25:35] [CC-3003 00000000001 1APTT RATIO ] 
[20.11.2019 15:25:35] [ 1.01      0.83 1.23 13:14
] 
[20.11.2019 15:25:35] [CC-3003 00000000002 1APTT TIME  ] 
[20.11.2019 15:25:35] [ 44.8 s    30.0 45.0 12:19
] 
[20.11.2019 15:25:35] [CC-3003 00000000002 1APTT RATIO ] 
[20.11.2019 15:25:35] [ 1.27      0.83 1.23 12:19
] 
[20.11.2019 15:25:35] [CC-3003 00000000003 1APTT TIME  ] 
[20.11.2019 15:25:35] [ 37.4 s    30.0 45.0 12:25
] 
[20.11.2019 15:25:35] [CC-3003 00000000003 1APTT RATIO ] 
[20.11.2019 15:25:35] [ 1.06      0.83 1.23 12:25
] 
[20.11.2019 15:25:35] [CC-3003 END 15-11-2019
] 
[20.11.2019 15:28:30] [start program] 
[20.11.2019 15:28:30] [ConnectionIni:172.16.0.4/3050:terra] 
[20.11.2019 15:28:34] [CC-3003 BEGIN 15-11-2019
] 
[20.11.2019 15:28:34] [CC-3003 00000000001 1APTT TIME  ] 
[20.11.2019 15:28:34] [ 29.1 s    30.0 45.0 12:09
] 
[20.11.2019 15:28:34] [CC-3003 00000000001 1APTT RATIO ] 
[20.11.2019 15:28:34] [ 0.83      0.83 1.23 12:09
] 
[20.11.2019 15:28:34] [CC-3003 00000000001 1APTT TIME  ] 
[20.11.2019 15:28:34] [ 35.5 s    30.0 45.0 13:14
] 
[20.11.2019 15:28:34] [CC-3003 00000000001 1APTT RATIO ] 
[20.11.2019 15:28:34] [ 1.01      0.83 1.23 13:14
] 
[20.11.2019 15:28:34] [CC-3003 00000000002 1APTT TIME  ] 
[20.11.2019 15:28:34] [ 44.8 s    30.0 45.0 12:19
] 
[20.11.2019 15:28:34] [CC-3003 00000000002 1APTT RATIO ] 
[20.11.2019 15:28:34] [ 1.27      0.83 1.23 12:19
] 
[20.11.2019 15:28:34] [CC-3003 00000000003 1APTT TIME  ] 
[20.11.2019 15:28:34] [ 37.4 s    30.0 45.0 12:25
] 
[20.11.2019 15:28:34] [CC-3003 00000000003 1APTT RATIO ] 
[20.11.2019 15:28:34] [ 1.06      0.83 1.23 12:25
] 
[20.11.2019 15:28:34] [CC-3003 END 15-11-2019
] 
[20.11.2019 15:28:57] [start program] 
[20.11.2019 15:28:57] [ConnectionIni:172.16.0.4/3050:terra] 
[20.11.2019 15:29:00] [CC-3003 BEGIN 15-11-2019
] 
[20.11.2019 15:29:01] [CC-3003 00000000001 1APTT TIME  ] 
[20.11.2019 15:29:01] [ 29.1 s    30.0 45.0 12:09
] 
[20.11.2019 15:29:01] [CC-3003 00000000001 1APTT RATIO ] 
[20.11.2019 15:29:01] [ 0.83      0.83 1.23 12:09
] 
[20.11.2019 15:29:01] [CC-3003 00000000001 1APTT TIME  ] 
[20.11.2019 15:29:01] [ 35.5 s    30.0 45.0 13:14
] 
[20.11.2019 15:29:01] [CC-3003 00000000001 1APTT RATIO ] 
[20.11.2019 15:29:01] [ 1.01      0.83 1.23 13:14
] 
[20.11.2019 15:29:01] [CC-3003 00000000002 1APTT TIME  ] 
[20.11.2019 15:29:01] [ 44.8 s    30.0 45.0 12:19
] 
[20.11.2019 15:29:01] [CC-3003 00000000002 1APTT RATIO ] 
[20.11.2019 15:29:01] [ 1.27      0.83 1.23 12:19
] 
[20.11.2019 15:29:01] [CC-3003 00000000003 1APTT TIME  ] 
[20.11.2019 15:29:01] [ 37.4 s    30.0 45.0 12:25
] 
[20.11.2019 15:29:01] [CC-3003 00000000003 1APTT RATIO ] 
[20.11.2019 15:29:01] [ 1.06      0.83 1.23 12:25
] 
[20.11.2019 15:29:01] [CC-3003 END 15-11-2019
] 
[20.11.2019 15:29:49] [start program] 
[20.11.2019 15:29:49] [ConnectionIni:172.16.0.4/3050:terra] 
[20.11.2019 15:29:52] [CC-3003 BEGIN 15-11-2019
] 
[20.11.2019 15:29:52] [CC-3003 00000000001 1APTT TIME  ] 
[20.11.2019 15:29:52] [ 29.1 s    30.0 45.0 12:09
] 
[20.11.2019 15:29:52] [CC-3003 00000000001 1APTT RATIO ] 
[20.11.2019 15:29:53] [ 0.83      0.83 1.23 12:09
] 
[20.11.2019 15:29:53] [CC-3003 00000000001 1APTT TIME  ] 
[20.11.2019 15:29:53] [ 35.5 s    30.0 45.0 13:14
] 
[20.11.2019 15:29:53] [CC-3003 00000000001 1APTT RATIO ] 
[20.11.2019 15:29:53] [ 1.01      0.83 1.23 13:14
] 
[20.11.2019 15:29:53] [CC-3003 00000000002 1APTT TIME  ] 
[20.11.2019 15:29:53] [ 44.8 s    30.0 45.0 12:19
] 
[20.11.2019 15:29:53] [CC-3003 00000000002 1APTT RATIO ] 
[20.11.2019 15:29:53] [ 1.27      0.83 1.23 12:19
] 
[20.11.2019 15:29:53] [CC-3003 00000000003 1APTT TIME  ] 
[20.11.2019 15:29:53] [ 37.4 s    30.0 45.0 12:25
] 
[20.11.2019 15:29:53] [CC-3003 00000000003 1APTT RATIO ] 
[20.11.2019 15:29:53] [ 1.06      0.83 1.23 12:25
] 
[20.11.2019 15:29:53] [CC-3003 END 15-11-2019
] 
[20.11.2019 15:31:47] [start program] 
[20.11.2019 15:31:47] [ConnectionIni:172.16.0.4/3050:terra] 
[20.11.2019 15:31:53] [CC-3003 BEGIN 15-11-2019
] 
[20.11.2019 15:32:37] [start program] 
[20.11.2019 15:32:37] [ConnectionIni:172.16.0.4/3050:terra] 
[20.11.2019 15:32:42] [CC-3003 BEGIN 15-11-2019
] 
[20.11.2019 15:32:57] [start program] 
[20.11.2019 15:32:57] [ConnectionIni:172.16.0.4/3050:terra] 
[20.11.2019 15:33:01] [CC-3003 BEGIN 15-11-2019
] 
[20.11.2019 15:33:01] [CC-3003 00000000001 1APTT TIME  ] 
[20.11.2019 15:33:01] [ 29.1 s    30.0 45.0 12:09
] 
[20.11.2019 15:33:01] [CC-3003 00000000001 1APTT RATIO ] 
[20.11.2019 15:33:01] [ 0.83      0.83 1.23 12:09
] 
[20.11.2019 15:33:01] [CC-3003 00000000001 1APTT TIME  ] 
[20.11.2019 15:33:01] [ 35.5 s    30.0 45.0 13:14
] 
[20.11.2019 15:33:01] [CC-3003 00000000001 1APTT RATIO ] 
[20.11.2019 15:33:02] [ 1.01      0.83 1.23 13:14
] 
[20.11.2019 15:33:02] [CC-3003 00000000002 1APTT TIME  ] 
[20.11.2019 15:33:02] [ 44.8 s    30.0 45.0 12:19
] 
[20.11.2019 15:33:02] [CC-3003 00000000002 1APTT RATIO ] 
[20.11.2019 15:33:02] [ 1.27      0.83 1.23 12:19
] 
[20.11.2019 15:33:02] [CC-3003 00000000003 1APTT TIME  ] 
[20.11.2019 15:33:02] [ 37.4 s    30.0 45.0 12:25
] 
[20.11.2019 15:33:02] [CC-3003 00000000003 1APTT RATIO ] 
[20.11.2019 15:33:02] [ 1.06      0.83 1.23 12:25
] 
[20.11.2019 15:33:02] [CC-3003 END 15-11-2019
] 
[20.11.2019 15:33:48] [start program] 
[20.11.2019 15:33:48] [ConnectionIni:172.16.0.4/3050:terra] 
[20.11.2019 15:33:52] [CC-3003 BEGIN 15-11-2019
] 
[20.11.2019 15:33:52] [CC-3003 00000000001 1APTT TIME  ] 
[20.11.2019 15:33:52] [ 29.1 s    30.0 45.0 12:09
CC-3003 00000000001 1APTT RATIO ] 
[20.11.2019 15:33:52] [ 0.83      0.83 1.23 12:09
] 
[20.11.2019 15:33:52] [CC-3003 00000000001 1APTT TIME  ] 
[20.11.2019 15:33:52] [ 35.5 s    30.0 45.0 13:14
CC-3003 00000000001 1APTT RATIO ] 
[20.11.2019 15:33:52] [ 1.01      0.83 1.23 13:14
] 
[20.11.2019 15:33:52] [CC-3003 00000000002 1APTT TIME  ] 
[20.11.2019 15:33:52] [ 44.8 s    30.0 45.0 12:19
] 
[20.11.2019 15:33:52] [CC-3003 00000000002 1APTT RATIO ] 
[20.11.2019 15:33:53] [ 1.27      0.83 1.23 12:19
] 
[20.11.2019 15:33:53] [CC-3003 00000000003 1APTT TIME  ] 
[20.11.2019 15:33:53] [ 37.4 s    30.0 45.0 12:25
] 
[20.11.2019 15:33:53] [CC-3003 00000000003 1APTT RATIO ] 
[20.11.2019 15:33:53] [ 1.06      0.83 1.23 12:25
] 
[20.11.2019 15:33:53] [CC-3003 END 15-11-2019
] 
[20.11.2019 15:35:00] [start program] 
[20.11.2019 15:35:00] [ConnectionIni:172.16.0.4/3050:terra] 
[20.11.2019 15:35:03] [CC-3003 BEGIN 15-11-2019
] 
[20.11.2019 15:35:03] [CC-3003 00000000001 1APTT TIME  ] 
[20.11.2019 15:35:03] [ 29.1 s    30.0 45.0 12:09
] 
[20.11.2019 15:35:03] [CC-3003 00000000001 1APTT RATIO ] 
[20.11.2019 15:35:03] [ 0.83      0.83 1.23 12:09
] 
[20.11.2019 15:35:03] [CC-3003 00000000001 1APTT TIME  ] 
[20.11.2019 15:35:03] [ 35.5 s    30.0 45.0 13:14
] 
[20.11.2019 15:35:04] [CC-3003 00000000001 1APTT RATIO ] 
[20.11.2019 15:35:04] [ 1.01      0.83 1.23 13:14
] 
[20.11.2019 15:35:04] [CC-3003 00000000002 1APTT TIME  ] 
[20.11.2019 15:35:04] [ 44.8 s    30.0 45.0 12:19
] 
[20.11.2019 15:35:04] [CC-3003 00000000002 1APTT RATIO ] 
[20.11.2019 15:35:04] [ 1.27      0.83 1.23 12:19
] 
[20.11.2019 15:35:04] [CC-3003 00000000003 1APTT TIME  ] 
[20.11.2019 15:35:04] [ 37.4 s    30.0 45.0 12:25
] 
[20.11.2019 15:35:04] [CC-3003 00000000003 1APTT RATIO ] 
[20.11.2019 15:35:04] [ 1.06      0.83 1.23 12:25
] 
[20.11.2019 15:35:04] [CC-3003 END 15-11-2019
] 
[20.11.2019 15:35:44] [start program] 
[20.11.2019 15:35:44] [ConnectionIni:172.16.0.4/3050:terra] 
[20.11.2019 15:35:48] [CC-3003 BEGIN 15-11-2019
] 
[20.11.2019 15:35:49] [CC-3003 00000000001 1APTT TIME  ] 
[20.11.2019 15:35:49] [ 29.1 s    30.0 45.0 12:09
] 
[20.11.2019 15:35:49] [CC-3003 00000000001 1APTT RATIO ] 
[20.11.2019 15:35:49] [ 0.83      0.83 1.23 12:09
] 
[20.11.2019 15:35:49] [CC-3003 00000000001 1APTT TIME  ] 
[20.11.2019 15:35:49] [ 35.5 s    30.0 45.0 13:14
] 
[20.11.2019 15:35:49] [CC-3003 00000000001 1APTT RATIO ] 
[20.11.2019 15:35:49] [ 1.01      0.83 1.23 13:14
] 
[20.11.2019 15:35:49] [CC-3003 00000000002 1APTT TIME  ] 
[20.11.2019 15:35:49] [ 44.8 s    30.0 45.0 12:19
] 
[20.11.2019 15:35:49] [CC-3003 00000000002 1APTT RATIO ] 
[20.11.2019 15:35:49] [ 1.27      0.83 1.23 12:19
] 
[20.11.2019 15:35:49] [CC-3003 00000000003 1APTT TIME  ] 
[20.11.2019 15:35:49] [ 37.4 s    30.0 45.0 12:25
] 
[20.11.2019 15:35:49] [CC-3003 00000000003 1APTT RATIO ] 
[20.11.2019 15:35:49] [ 1.06      0.83 1.23 12:25
] 
[20.11.2019 15:35:49] [CC-3003 END 15-11-2019
] 
[20.11.2019 15:52:57] [start program] 
[20.11.2019 15:52:57] [ConnectionIni:172.16.0.4/3050:terra] 
[20.11.2019 15:53:08] [CC-3003 BEGIN 15-11-2019
] 
[20.11.2019 15:53:08] [CC-3003 00000000001 1APTT TIME  ] 
[20.11.2019 15:53:08] [ 29.1 s    30.0 45.0 12:09
] 
[20.11.2019 15:53:08] [CC-3003 00000000001 1APTT RATIO ] 
[20.11.2019 15:53:08] [ 0.83      0.83 1.23 12:09
] 
[20.11.2019 15:53:08] [CC-3003 00000000001 1APTT TIME  ] 
[20.11.2019 15:53:08] [ 35.5 s    30.0 45.0 13:14
] 
[20.11.2019 15:53:08] [CC-3003 00000000001 1APTT RATIO ] 
[20.11.2019 15:53:08] [ 1.01      0.83 1.23 13:14
] 
[20.11.2019 15:53:08] [CC-3003 00000000002 1APTT TIME  ] 
[20.11.2019 15:53:08] [ 44.8 s    30.0 45.0 12:19
] 
[20.11.2019 15:53:08] [CC-3003 00000000002 1APTT RATIO ] 
[20.11.2019 15:53:09] [ 1.27      0.83 1.23 12:19
] 
[20.11.2019 15:53:09] [CC-3003 00000000003 1APTT TIME  ] 
[20.11.2019 15:53:09] [ 37.4 s    30.0 45.0 12:25
] 
[20.11.2019 15:53:09] [CC-3003 00000000003 1APTT RATIO ] 
[20.11.2019 15:53:09] [ 1.06      0.83 1.23 12:25
] 
[20.11.2019 15:53:09] [CC-3003 END 15-11-2019
] 
