[10.01.2020 10:16:37] [Thread started, processing..] 
[10.01.2020 10:16:37] [Start program] 
[10.01.2020 10:16:37] [ConnectionIni:172.16.0.4/3051:terra] 
[10.01.2020 10:16:39] [Connection bd - Closed] 
[10.01.2020 10:16:39] [Port COM1 - already Open] 
[10.01.2020 10:16:40] [Exiting system due to external CTRL-C, or process kill, or shutdown] 
[10.01.2020 10:16:41] [Port COM1 - Open] 
[10.01.2020 10:41:00] [Thread started, processing..] 
[10.01.2020 10:41:00] [Start program] 
[10.01.2020 10:41:00] [ConnectionIni:172.16.0.4/3051:terra] 
[10.01.2020 10:41:00] [Connection bd - Open] 
[10.01.2020 10:41:00] [Port COM1 - already Open] 
[10.01.2020 10:41:02] [Exiting system due to external CTRL-C, or process kill, or shutdown] 
[10.01.2020 10:41:03] [Port COM1 - Open] 
[10.01.2020 12:03:45] [Thread started, processing..] 
[10.01.2020 12:03:45] [Start program] 
[10.01.2020 12:03:45] [ConnectionIni:172.16.0.4/3051:terra] 
[10.01.2020 12:03:45] [Connection bd - Open] 
[10.01.2020 12:03:45] [Port COM1 - already Open] 
[10.01.2020 12:03:47] [Port COM1 - Open] 
[10.01.2020 12:03:49] [Exiting system due to external CTRL-C, or process kill, or shutdown] 
