[20.01.2020 10:17:01] [Thread started, processing..] 
[20.01.2020 10:17:01] [Start program] 
[20.01.2020 10:17:01] [ConnectionIni:172.16.0.4/3051:terra] 
[20.01.2020 10:17:02] [Connection bd - Open] 
[20.01.2020 10:17:02] [Port COM1 - already Open] 
[20.01.2020 10:17:04] [Exiting system due to external CTRL-C, or process kill, or shutdown] 
[20.01.2020 10:17:04] [Port COM1 - Open] 
[20.01.2020 10:42:06] [Thread started, processing..] 
[20.01.2020 10:42:06] [Start program] 
[20.01.2020 10:42:06] [ConnectionIni:172.16.0.4/3051:terra] 
[20.01.2020 10:42:06] [Connection bd - Open] 
[20.01.2020 10:42:06] [Port COM1 - already Open] 
[20.01.2020 10:42:08] [Port COM1 - Open] 
[20.01.2020 10:42:09] [Exiting system due to external CTRL-C, or process kill, or shutdown] 
[20.01.2020 10:42:46] [Thread started, processing..] 
[20.01.2020 10:42:46] [Start program] 
[20.01.2020 10:42:46] [ConnectionIni:172.16.0.4/3051:terra] 
[20.01.2020 10:42:46] [Connection bd - Open] 
[20.01.2020 10:42:46] [Port COM1 - already Open] 
[20.01.2020 10:42:48] [Port COM1 - Open] 
[20.01.2020 10:42:50] [Exiting system due to external CTRL-C, or process kill, or shutdown] 
[20.01.2020 10:48:05] [Thread started, processing..] 
[20.01.2020 10:48:05] [Start program] 
[20.01.2020 10:48:05] [ConnectionIni:172.16.0.4/3051:terra] 
[20.01.2020 10:48:06] [Connection bd - Open] 
[20.01.2020 10:48:06] [Port COM1 - already Open] 
[20.01.2020 10:48:08] [Port COM1 - Open] 
[20.01.2020 10:48:11] [Exiting system due to external CTRL-C, or process kill, or shutdown] 
[20.01.2020 10:49:02] [Thread started, processing..] 
[20.01.2020 10:49:02] [Start program] 
[20.01.2020 10:49:02] [ConnectionIni:172.16.0.4/3051:terra] 
[20.01.2020 10:49:03] [Connection bd - Open] 
[20.01.2020 10:49:03] [Port COM1 - already Open] 
[20.01.2020 10:49:04] [Exiting system due to external CTRL-C, or process kill, or shutdown] 
[20.01.2020 10:49:05] [Port COM1 - Open] 
[20.01.2020 10:51:42] [Thread started, processing..] 
[20.01.2020 10:51:42] [Start program] 
[20.01.2020 10:51:42] [ConnectionIni:172.16.0.4/3051:terra] 
[20.01.2020 10:51:43] [Connection bd - Open] 
[20.01.2020 10:51:43] [Port COM1 - already Open] 
[20.01.2020 10:51:45] [Port COM1 - Open] 
[20.01.2020 10:51:46] [Exiting system due to external CTRL-C, or process kill, or shutdown] 
[20.01.2020 11:08:37] [Thread started, processing..] 
[20.01.2020 11:08:37] [Start program] 
[20.01.2020 11:08:37] [ConnectionIni:172.16.0.4/3051:terra] 
[20.01.2020 11:08:37] [Connection bd - Open] 
[20.01.2020 11:08:37] [Port COM1 - already Open] 
[20.01.2020 11:08:39] [Port COM1 - Open] 
[20.01.2020 11:08:40] [Exiting system due to external CTRL-C, or process kill, or shutdown] 
[20.01.2020 11:19:48] [Thread started, processing..] 
[20.01.2020 11:19:48] [Start program] 
[20.01.2020 11:19:48] [ConnectionIni:172.16.0.4/3051:terra] 
[20.01.2020 11:19:49] [Connection bd - Open] 
[20.01.2020 11:19:49] [Port COM1 - already Open] 
[20.01.2020 11:19:50] [Exiting system due to external CTRL-C, or process kill, or shutdown] 
[20.01.2020 11:19:51] [Port COM1 - Open] 
[20.01.2020 11:20:22] [Thread started, processing..] 
[20.01.2020 11:20:22] [Start program] 
[20.01.2020 11:20:22] [ConnectionIni:172.16.0.4/3051:terra] 
[20.01.2020 11:20:22] [Connection bd - Open] 
[20.01.2020 11:20:22] [Port COM1 - already Open] 
[20.01.2020 11:20:22] [Exiting system due to external CTRL-C, or process kill, or shutdown] 
[20.01.2020 11:20:24] [Port COM1 - Open] 
[20.01.2020 11:34:59] [Thread started, processing..] 
[20.01.2020 11:34:59] [Start program] 
[20.01.2020 11:34:59] [ConnectionIni:172.16.0.4/3051:terra] 
[20.01.2020 11:34:59] [Connection bd - Open] 
[20.01.2020 11:34:59] [Port COM1 - already Open] 
[20.01.2020 11:35:01] [Port COM1 - Open] 
[20.01.2020 11:35:28] [Exiting system due to external CTRL-C, or process kill, or shutdown] 
[20.01.2020 12:11:02] [Thread started, processing..] 
[20.01.2020 12:11:02] [Start program] 
[20.01.2020 12:11:02] [ConnectionIni:172.16.0.4/3051:terra] 
[20.01.2020 12:11:03] [Connection bd - Open] 
[20.01.2020 12:11:03] [Port COM1 - already Open] 
[20.01.2020 12:11:05] [Port COM1 - Open] 
[20.01.2020 12:11:06] [Exiting system due to external CTRL-C, or process kill, or shutdown] 
[20.01.2020 12:28:55] [Thread started, processing..] 
[20.01.2020 12:28:55] [Start program] 
[20.01.2020 12:28:55] [ConnectionIni:172.16.0.4/3051:terra] 
[20.01.2020 12:28:55] [Connection bd - Open] 
[20.01.2020 12:28:56] [Port COM1 - already Open] 
[20.01.2020 12:28:58] [Port COM1 - Open] 
[20.01.2020 12:29:00] [Exiting system due to external CTRL-C, or process kill, or shutdown] 
[20.01.2020 12:29:43] [Thread started, processing..] 
[20.01.2020 12:29:43] [Start program] 
[20.01.2020 12:29:43] [ConnectionIni:172.16.0.4/3051:terra] 
[20.01.2020 12:29:44] [Connection bd - Open] 
[20.01.2020 12:29:44] [Port COM1 - already Open] 
[20.01.2020 12:29:45] [Exiting system due to external CTRL-C, or process kill, or shutdown] 
[20.01.2020 12:29:46] [Port COM1 - Open] 
[20.01.2020 12:30:55] [Thread started, processing..] 
[20.01.2020 12:30:55] [Start program] 
[20.01.2020 12:30:55] [ConnectionIni:172.16.0.4/3051:terra] 
[20.01.2020 12:30:56] [Connection bd - Open] 
[20.01.2020 12:30:56] [Port COM1 - already Open] 
[20.01.2020 12:30:58] [Port COM1 - Open] 
[20.01.2020 12:31:00] [Exiting system due to external CTRL-C, or process kill, or shutdown] 
[20.01.2020 12:31:44] [Thread started, processing..] 
[20.01.2020 12:31:44] [Start program] 
[20.01.2020 12:31:44] [ConnectionIni:172.16.0.4/3051:terra] 
[20.01.2020 12:31:45] [Connection bd - Open] 
[20.01.2020 12:31:45] [Port COM1 - already Open] 
[20.01.2020 12:31:47] [Port COM1 - Open] 
[20.01.2020 12:31:50] [Exiting system due to external CTRL-C, or process kill, or shutdown] 
[20.01.2020 12:40:52] [Thread started, processing..] 
[20.01.2020 12:40:52] [Start program] 
[20.01.2020 12:40:52] [ConnectionIni:172.16.0.4/3051:terra] 
[20.01.2020 12:40:52] [Connection bd - Open] 
[20.01.2020 12:40:52] [Port COM1 - already Open] 
[20.01.2020 12:40:54] [Exiting system due to external CTRL-C, or process kill, or shutdown] 
[20.01.2020 12:40:55] [Port COM1 - Open] 
[20.01.2020 12:41:53] [Thread started, processing..] 
[20.01.2020 12:41:53] [Start program] 
[20.01.2020 12:41:53] [ConnectionIni:172.16.0.4/3051:terra] 
[20.01.2020 12:41:53] [Connection bd - Open] 
[20.01.2020 12:41:53] [Port COM1 - already Open] 
[20.01.2020 12:41:55] [Port COM1 - Open] 
[20.01.2020 13:39:58] [Thread started, processing..] 
[20.01.2020 13:39:58] [Start program] 
[20.01.2020 13:39:58] [ConnectionIni:172.16.0.4/3051:terra] 
[20.01.2020 13:39:58] [Connection bd - Open] 
[20.01.2020 13:39:58] [Port COM1 - already Open] 
[20.01.2020 13:40:00] [Port COM1 - Open] 
[20.01.2020 13:40:01] [Exiting system due to external CTRL-C, or process kill, or shutdown] 
