[25.11.2019 10:14:18] [start program] 
[25.11.2019 10:14:18] [ConnectionIni:172.16.0.4/3051:terra] 
[25.11.2019 10:16:06] [start program] 
[25.11.2019 10:16:06] [ConnectionIni:172.16.0.4/3051:terra] 
[25.11.2019 10:17:19] [start program] 
[25.11.2019 10:17:19] [ConnectionIni:172.16.0.4/3051:terra] 
[25.11.2019 10:17:34] [CC-3003 BEGIN 22-11-2019
] 
[25.11.2019 10:17:34] [CC-3003 00000000001 1APTT TIME  ] 
[25.11.2019 10:17:34] [ 60.4 s    30.0 45.0 09:53
] 
[25.11.2019 10:17:35] [CC-3003 00000000001 1APTT RATIO ] 
[25.11.2019 10:17:35] [ 1.72      0.83 1.23 09:53
] 
[25.11.2019 10:17:35] [CC-3003 00000000001 1APTT TIME  ] 
[25.11.2019 10:17:35] [ 48.0 s    30.0 45.0 10:11
] 
[25.11.2019 10:17:35] [CC-3003 00000000001 1APTT RATIO ] 
[25.11.2019 10:17:35] [update jor_results_dt d set d.IS_OUT_OF_NORM = 0, 
d.result_text = '60.4', 
d.hardware_date_updated = current_timestamp, d.hardware_info = ('CC-4000') 
where ID = (select R.ID  
from JOR_CHECKS_DT D  
inner join JOR_CHECKS C on C.ID = D.HD_ID  
inner join JOR_RESULTS_DT R on R.HD_ID = D.ID  
left join DIC_NO_OPPORT_TO_RES N on N.ID = D.DIC_NO_OPPORT_TO_RES_ID  
where (R.HD_ID = D.ID) and(D.DATE_DONE is null) and(D.IS_REFUSE = 0)  
and (D.BULB_NUM_CODE = cast('11545026' as NAME))  
and (R.CODE_NAME = cast(  
('APTT_t') as MIDDLE_NAME))  
and((D.DIC_NO_OPPORT_TO_RES_ID is null) or(N.IS_IN_WORK = 1)))] 
[25.11.2019 10:17:35] [ 1.36      0.83 1.23 10:11
] 
[25.11.2019 10:17:35] [CC-3003 00000000002 1APTT TIME  ] 
[25.11.2019 10:17:35] [ 49.5 s    30.0 45.0 10:02
] 
[25.11.2019 10:17:35] [update jor_results_dt d set d.IS_OUT_OF_NORM = 0, 
d.result_text = '1.72', 
d.hardware_date_updated = current_timestamp, d.hardware_info = ('CC-4000') 
where ID = (select R.ID  
from JOR_CHECKS_DT D  
inner join JOR_CHECKS C on C.ID = D.HD_ID  
inner join JOR_RESULTS_DT R on R.HD_ID = D.ID  
left join DIC_NO_OPPORT_TO_RES N on N.ID = D.DIC_NO_OPPORT_TO_RES_ID  
where (R.HD_ID = D.ID) and(D.DATE_DONE is null) and(D.IS_REFUSE = 0)  
and (D.BULB_NUM_CODE = cast('11545026' as NAME))  
and (R.CODE_NAME = cast(  
('APTT_t') as MIDDLE_NAME))  
and((D.DIC_NO_OPPORT_TO_RES_ID is null) or(N.IS_IN_WORK = 1)))] 
[25.11.2019 10:17:35] [CC-3003 00000000002 1APTT RATIO  1.41      0.83 1.23 10:02
] 
[25.11.2019 10:17:35] [CC-3003 00000000002 1APTT TIME  ] 
[25.11.2019 10:17:35] [update jor_results_dt d set d.IS_OUT_OF_NORM = 0, 
d.result_text = '49.5', 
d.hardware_date_updated = current_timestamp, d.hardware_info = ('CC-4000') 
where ID = (select R.ID  
from JOR_CHECKS_DT D  
inner join JOR_CHECKS C on C.ID = D.HD_ID  
inner join JOR_RESULTS_DT R on R.HD_ID = D.ID  
left join DIC_NO_OPPORT_TO_RES N on N.ID = D.DIC_NO_OPPORT_TO_RES_ID  
where (R.HD_ID = D.ID) and(D.DATE_DONE is null) and(D.IS_REFUSE = 0)  
and (D.BULB_NUM_CODE = cast('11545026' as NAME))  
and (R.CODE_NAME = cast(  
('APTT_t') as MIDDLE_NAME))  
and((D.DIC_NO_OPPORT_TO_RES_ID is null) or(N.IS_IN_WORK = 1)))] 
[25.11.2019 10:17:35] [ 47.1 s    30.0 45.0 10:11
] 
[25.11.2019 10:17:35] [update jor_results_dt d set d.IS_OUT_OF_NORM = 0, 
d.result_text = '48.0', 
d.hardware_date_updated = current_timestamp, d.hardware_info = ('CC-4000') 
where ID = (select R.ID  
from JOR_CHECKS_DT D  
inner join JOR_CHECKS C on C.ID = D.HD_ID  
inner join JOR_RESULTS_DT R on R.HD_ID = D.ID  
left join DIC_NO_OPPORT_TO_RES N on N.ID = D.DIC_NO_OPPORT_TO_RES_ID  
where (R.HD_ID = D.ID) and(D.DATE_DONE is null) and(D.IS_REFUSE = 0)  
and (D.BULB_NUM_CODE = cast('11545026' as NAME))  
and (R.CODE_NAME = cast(  
('APTT_t') as MIDDLE_NAME))  
and((D.DIC_NO_OPPORT_TO_RES_ID is null) or(N.IS_IN_WORK = 1)))] 
[25.11.2019 10:17:35] [CC-3003 00000000002 1APTT RATIO ] 
[25.11.2019 10:17:35] [update jor_results_dt d set d.IS_OUT_OF_NORM = 0, 
d.result_text = '47.1', 
d.hardware_date_updated = current_timestamp, d.hardware_info = ('CC-4000') 
where ID = (select R.ID  
from JOR_CHECKS_DT D  
inner join JOR_CHECKS C on C.ID = D.HD_ID  
inner join JOR_RESULTS_DT R on R.HD_ID = D.ID  
left join DIC_NO_OPPORT_TO_RES N on N.ID = D.DIC_NO_OPPORT_TO_RES_ID  
where (R.HD_ID = D.ID) and(D.DATE_DONE is null) and(D.IS_REFUSE = 0)  
and (D.BULB_NUM_CODE = cast('11545026' as NAME))  
and (R.CODE_NAME = cast(  
('APTT_t') as MIDDLE_NAME))  
and((D.DIC_NO_OPPORT_TO_RES_ID is null) or(N.IS_IN_WORK = 1)))] 
[25.11.2019 10:17:35] [ 1.34      0.83 1.23 10:11
] 
[25.11.2019 10:17:35] [update jor_results_dt d set d.IS_OUT_OF_NORM = 0, 
d.result_text = '1.36', 
d.hardware_date_updated = current_timestamp, d.hardware_info = ('CC-4000') 
where ID = (select R.ID  
from JOR_CHECKS_DT D  
inner join JOR_CHECKS C on C.ID = D.HD_ID  
inner join JOR_RESULTS_DT R on R.HD_ID = D.ID  
left join DIC_NO_OPPORT_TO_RES N on N.ID = D.DIC_NO_OPPORT_TO_RES_ID  
where (R.HD_ID = D.ID) and(D.DATE_DONE is null) and(D.IS_REFUSE = 0)  
and (D.BULB_NUM_CODE = cast('11545026' as NAME))  
and (R.CODE_NAME = cast(  
('APTT_t') as MIDDLE_NAME))  
and((D.DIC_NO_OPPORT_TO_RES_ID is null) or(N.IS_IN_WORK = 1)))] 
[25.11.2019 10:17:35] [CC-3003 00000000004 1APTT TIME  ] 
[25.11.2019 10:17:35] [update jor_results_dt d set d.IS_OUT_OF_NORM = 0, 
d.result_text = '1.34', 
d.hardware_date_updated = current_timestamp, d.hardware_info = ('CC-4000') 
where ID = (select R.ID  
from JOR_CHECKS_DT D  
inner join JOR_CHECKS C on C.ID = D.HD_ID  
inner join JOR_RESULTS_DT R on R.HD_ID = D.ID  
left join DIC_NO_OPPORT_TO_RES N on N.ID = D.DIC_NO_OPPORT_TO_RES_ID  
where (R.HD_ID = D.ID) and(D.DATE_DONE is null) and(D.IS_REFUSE = 0)  
and (D.BULB_NUM_CODE = cast('11545026' as NAME))  
and (R.CODE_NAME = cast(  
('APTT_t') as MIDDLE_NAME))  
and((D.DIC_NO_OPPORT_TO_RES_ID is null) or(N.IS_IN_WORK = 1)))] 
[25.11.2019 10:17:35] [ 45.5 s    30.0 45.0 10:11
] 
[25.11.2019 10:17:35] [CC-3003 00000000004 1APTT RATIO ] 
[25.11.2019 10:17:35] [update jor_results_dt d set d.IS_OUT_OF_NORM = 0, 
d.result_text = '45.5', 
d.hardware_date_updated = current_timestamp, d.hardware_info = ('CC-4000') 
where ID = (select R.ID  
from JOR_CHECKS_DT D  
inner join JOR_CHECKS C on C.ID = D.HD_ID  
inner join JOR_RESULTS_DT R on R.HD_ID = D.ID  
left join DIC_NO_OPPORT_TO_RES N on N.ID = D.DIC_NO_OPPORT_TO_RES_ID  
where (R.HD_ID = D.ID) and(D.DATE_DONE is null) and(D.IS_REFUSE = 0)  
and (D.BULB_NUM_CODE = cast('11545026' as NAME))  
and (R.CODE_NAME = cast(  
('APTT_t') as MIDDLE_NAME))  
and((D.DIC_NO_OPPORT_TO_RES_ID is null) or(N.IS_IN_WORK = 1)))] 
[25.11.2019 10:17:35] [ 1.29      0.83 1.23 10:11
] 
[25.11.2019 10:17:35] [CC-3003 00000000003 1APTT TIME  ] 
[25.11.2019 10:17:35] [update jor_results_dt d set d.IS_OUT_OF_NORM = 0, 
d.result_text = '1.29', 
d.hardware_date_updated = current_timestamp, d.hardware_info = ('CC-4000') 
where ID = (select R.ID  
from JOR_CHECKS_DT D  
inner join JOR_CHECKS C on C.ID = D.HD_ID  
inner join JOR_RESULTS_DT R on R.HD_ID = D.ID  
left join DIC_NO_OPPORT_TO_RES N on N.ID = D.DIC_NO_OPPORT_TO_RES_ID  
where (R.HD_ID = D.ID) and(D.DATE_DONE is null) and(D.IS_REFUSE = 0)  
and (D.BULB_NUM_CODE = cast('11545026' as NAME))  
and (R.CODE_NAME = cast(  
('APTT_t') as MIDDLE_NAME))  
and((D.DIC_NO_OPPORT_TO_RES_ID is null) or(N.IS_IN_WORK = 1)))] 
[25.11.2019 10:17:35] [ 45.5 s    30.0 45.0 10:11
] 
[25.11.2019 10:17:35] [CC-3003 00000000003 1APTT RATIO ] 
[25.11.2019 10:17:35] [update jor_results_dt d set d.IS_OUT_OF_NORM = 0, 
d.result_text = '45.5', 
d.hardware_date_updated = current_timestamp, d.hardware_info = ('CC-4000') 
where ID = (select R.ID  
from JOR_CHECKS_DT D  
inner join JOR_CHECKS C on C.ID = D.HD_ID  
inner join JOR_RESULTS_DT R on R.HD_ID = D.ID  
left join DIC_NO_OPPORT_TO_RES N on N.ID = D.DIC_NO_OPPORT_TO_RES_ID  
where (R.HD_ID = D.ID) and(D.DATE_DONE is null) and(D.IS_REFUSE = 0)  
and (D.BULB_NUM_CODE = cast('11545026' as NAME))  
and (R.CODE_NAME = cast(  
('APTT_t') as MIDDLE_NAME))  
and((D.DIC_NO_OPPORT_TO_RES_ID is null) or(N.IS_IN_WORK = 1)))] 
[25.11.2019 10:17:35] [ 1.29      0.83 1.23 10:11
] 
[25.11.2019 10:17:35] [CC-3003 END 22-11-2019
] 
[25.11.2019 10:17:35] [update jor_results_dt d set d.IS_OUT_OF_NORM = 0, 
d.result_text = '1.29', 
d.hardware_date_updated = current_timestamp, d.hardware_info = ('CC-4000') 
where ID = (select R.ID  
from JOR_CHECKS_DT D  
inner join JOR_CHECKS C on C.ID = D.HD_ID  
inner join JOR_RESULTS_DT R on R.HD_ID = D.ID  
left join DIC_NO_OPPORT_TO_RES N on N.ID = D.DIC_NO_OPPORT_TO_RES_ID  
where (R.HD_ID = D.ID) and(D.DATE_DONE is null) and(D.IS_REFUSE = 0)  
and (D.BULB_NUM_CODE = cast('11545026' as NAME))  
and (R.CODE_NAME = cast(  
('APTT_t') as MIDDLE_NAME))  
and((D.DIC_NO_OPPORT_TO_RES_ID is null) or(N.IS_IN_WORK = 1)))] 
