[05.12.2019 11:43:41] [Thread started, processing..] 
[05.12.2019 11:43:41] [Start program] 
[05.12.2019 11:43:41] [ConnectionIni:172.16.0.4/3051:terra] 
[05.12.2019 11:43:41] [Connection bd - Open] 
[05.12.2019 11:43:41] [Port COM4 - already Open] 
[05.12.2019 11:43:51] [Port COM4 - Closed] 
[05.12.2019 11:43:51] [Port COM4 - Closed] 
[05.12.2019 11:43:52] [Port COM4 - Closed] 
[05.12.2019 11:43:52] [Port COM4 - Closed] 
[05.12.2019 11:43:52] [Port COM4 - Closed] 
[05.12.2019 11:43:52] [Port COM4 - Closed] 
[05.12.2019 11:43:53] [Port COM4 - Closed] 
[05.12.2019 11:43:53] [Port COM4 - Closed] 
[05.12.2019 11:43:53] [Port COM4 - Closed] 
[05.12.2019 11:43:53] [Port COM4 - Closed] 
[05.12.2019 11:43:54] [Port COM4 - Closed] 
[05.12.2019 11:43:54] [Port COM4 - Closed] 
[05.12.2019 11:43:54] [Port COM4 - Closed] 
[05.12.2019 11:43:58] [Port COM4 - already Open] 
[05.12.2019 11:44:02] [Exiting system due to external CTRL-C, or process kill, or shutdown] 
[05.12.2019 11:47:50] [Thread started, processing..] 
[05.12.2019 11:47:50] [Start program] 
[05.12.2019 11:47:50] [ConnectionIni:172.16.0.4/3051:terra] 
[05.12.2019 11:47:50] [Connection bd - Open] 
[05.12.2019 11:47:50] [Port COM4 - already Open] 
[05.12.2019 11:47:56] [Port COM4 - Closed] 
[05.12.2019 11:48:24] [Exiting system due to external CTRL-C, or process kill, or shutdown] 
[05.12.2019 11:51:39] [Thread started, processing..] 
[05.12.2019 11:51:39] [Start program] 
[05.12.2019 11:51:39] [ConnectionIni:172.16.0.4/3051:terra] 
[05.12.2019 11:51:40] [Connection bd - Open] 
[05.12.2019 11:51:40] [Port COM4 - already Open] 
[05.12.2019 11:51:42] [Port COM4 - Open] 
[05.12.2019 11:51:46] [Port COM4 - Closed] 
[05.12.2019 11:51:57] [Exiting system due to external CTRL-C, or process kill, or shutdown] 
[05.12.2019 11:53:00] [Thread started, processing..] 
[05.12.2019 11:53:00] [Start program] 
[05.12.2019 11:53:00] [ConnectionIni:172.16.0.4/3051:terra] 
[05.12.2019 11:53:01] [Connection bd - Open] 
[05.12.2019 11:53:01] [Port COM4 - already Open] 
[05.12.2019 11:53:03] [Port COM4 - Open] 
[05.12.2019 11:53:05] [Port COM4 - Closed] 
[05.12.2019 11:53:13] [Exiting system due to external CTRL-C, or process kill, or shutdown] 
[05.12.2019 11:54:55] [Thread started, processing..] 
[05.12.2019 11:54:55] [Start program] 
[05.12.2019 11:54:55] [ConnectionIni:172.16.0.4/3051:terra] 
[05.12.2019 11:54:56] [Connection bd - Open] 
[05.12.2019 11:54:56] [Port COM4 - already Open] 
[05.12.2019 11:55:31] [Port COM4 - Closed] 
[05.12.2019 11:56:44] [Thread started, processing..] 
[05.12.2019 11:56:44] [Start program] 
[05.12.2019 11:56:44] [ConnectionIni:172.16.0.4/3051:terra] 
[05.12.2019 11:56:44] [Connection bd - Open] 
[05.12.2019 11:56:44] [Port COM4 - already Open] 
[05.12.2019 11:56:52] [Port COM4 - Open] 
[05.12.2019 11:57:15] [Port COM4 - Closed] 
[05.12.2019 12:01:39] [Thread started, processing..] 
[05.12.2019 12:01:39] [Start program] 
[05.12.2019 12:01:39] [ConnectionIni:172.16.0.4/3051:terra] 
[05.12.2019 12:01:39] [Connection bd - Open] 
[05.12.2019 12:01:39] [Port COM4 - already Open] 
[05.12.2019 12:01:41] [Port COM4 - Open] 
[05.12.2019 12:01:47] [Port COM4 - Closed] 
[05.12.2019 12:01:47] [Port COM4 - Closed] 
[05.12.2019 12:01:50] [Port COM4 - Closed] 
[05.12.2019 12:01:52] [Port COM4 - Closed] 
[05.12.2019 12:01:57] [Port COM4 - Open] 
[05.12.2019 12:02:04] [Port COM4 - Closed] 
[05.12.2019 12:02:04] [Port COM4 - Closed] 
[05.12.2019 12:02:06] [Port COM4 - Closed] 
[05.12.2019 12:02:13] [Port COM4 - Open] 
[05.12.2019 12:02:21] [Exiting system due to external CTRL-C, or process kill, or shutdown] 
[05.12.2019 12:04:13] [Thread started, processing..] 
[05.12.2019 12:04:13] [Start program] 
[05.12.2019 12:04:13] [ConnectionIni:172.16.0.4/3051:terra] 
[05.12.2019 12:04:13] [Connection bd - Open] 
[05.12.2019 12:04:14] [Port COM4 - already Open] 
[05.12.2019 12:04:16] [Port COM4 - Open] 
[05.12.2019 12:04:22] [Port COM4 - Closed] 
[05.12.2019 12:04:22] [Port COM4 - Closed] 
[05.12.2019 12:04:22] [Port COM4 - Closed] 
[05.12.2019 12:04:22] [Port COM4 - Closed] 
[05.12.2019 12:04:23] [Port COM4 - Closed] 
[05.12.2019 12:04:23] [Port COM4 - Closed] 
[05.12.2019 12:04:23] [Port COM4 - Closed] 
[05.12.2019 12:04:23] [Port COM4 - Closed] 
[05.12.2019 12:04:24] [Port COM4 - Closed] 
[05.12.2019 12:04:24] [Port COM4 - Closed] 
[05.12.2019 12:04:24] [Port COM4 - Closed] 
[05.12.2019 12:04:24] [Port COM4 - Closed] 
[05.12.2019 12:04:25] [Port COM4 - Closed] 
[05.12.2019 12:04:25] [Port COM4 - Closed] 
[05.12.2019 12:04:25] [Port COM4 - Closed] 
[05.12.2019 12:04:29] [Port COM4 - already Open] 
[05.12.2019 12:06:06] [Thread started, processing..] 
[05.12.2019 12:06:06] [Start program] 
[05.12.2019 12:06:06] [ConnectionIni:172.16.0.4/3051:terra] 
[05.12.2019 12:06:07] [Connection bd - Open] 
[05.12.2019 12:06:07] [Port COM4 - already Open] 
[05.12.2019 12:06:09] [Port COM4 - Open] 
[05.12.2019 12:06:13] [Port COM4 - Closed] 
[05.12.2019 12:06:15] [Port COM4 - Closed] 
[05.12.2019 12:06:17] [Port COM4 - Closed] 
[05.12.2019 12:06:19] [Port COM4 - Closed] 
[05.12.2019 12:06:25] [Port COM4 - Open] 
[05.12.2019 12:06:37] [Port COM4 - Closed] 
[05.12.2019 12:06:39] [Port COM4 - Closed] 
[05.12.2019 12:06:41] [Port COM4 - Closed] 
[05.12.2019 12:06:43] [Port COM4 - Closed] 
[05.12.2019 12:06:51] [Port COM4 - Open] 
[05.12.2019 12:07:32] [Thread started, processing..] 
[05.12.2019 12:07:32] [Start program] 
[05.12.2019 12:07:32] [ConnectionIni:172.16.0.4/3051:terra] 
[05.12.2019 12:07:32] [Connection bd - Open] 
[05.12.2019 12:07:32] [Port COM4 - already Open] 
[05.12.2019 12:07:34] [Port COM4 - Open] 
[05.12.2019 12:07:38] [Port COM4 - Closed] 
[05.12.2019 12:07:49] [Port COM4 - Open] 
[05.12.2019 12:07:55] [Port COM4 - Closed] 
[05.12.2019 12:08:03] [Thread started, processing..] 
[05.12.2019 12:08:03] [Start program] 
[05.12.2019 12:08:03] [ConnectionIni:172.16.0.4/3051:terra] 
[05.12.2019 12:08:03] [Connection bd - Open] 
[05.12.2019 12:08:03] [Port COM4 - Closed] 
[05.12.2019 12:08:04] [Port COM4 - Closed] 
[05.12.2019 12:08:04] [Port COM4 - Closed] 
[05.12.2019 12:08:04] [Port COM4 - Closed] 
[05.12.2019 12:08:05] [Port COM4 - Closed] 
[05.12.2019 12:08:05] [Port COM4 - Closed] 
[05.12.2019 12:08:05] [Port COM4 - Closed] 
[05.12.2019 12:08:05] [Port COM4 - Closed] 
[05.12.2019 12:08:06] [Port COM4 - Closed] 
[05.12.2019 12:08:06] [Port COM4 - Closed] 
[05.12.2019 12:08:06] [Port COM4 - Closed] 
[05.12.2019 12:08:06] [Port COM4 - Closed] 
[05.12.2019 12:08:07] [Port COM4 - Closed] 
[05.12.2019 12:08:07] [Port COM4 - Closed] 
[05.12.2019 12:08:07] [Port COM4 - Closed] 
[05.12.2019 12:08:07] [Port COM4 - Closed] 
[05.12.2019 12:08:08] [Port COM4 - Closed] 
[05.12.2019 12:08:08] [Port COM4 - Closed] 
[05.12.2019 12:08:08] [Port COM4 - Closed] 
[05.12.2019 12:08:09] [Port COM4 - Closed] 
[05.12.2019 12:08:09] [Port COM4 - Closed] 
[05.12.2019 12:08:09] [Port COM4 - Closed] 
[05.12.2019 12:08:09] [Port COM4 - Closed] 
[05.12.2019 12:08:10] [Port COM4 - Closed] 
[05.12.2019 12:08:10] [Port COM4 - Closed] 
[05.12.2019 12:08:10] [Port COM4 - Closed] 
[05.12.2019 12:08:10] [Port COM4 - Closed] 
[05.12.2019 12:08:11] [Port COM4 - Closed] 
[05.12.2019 12:08:15] [Port COM4 - already Open] 
[05.12.2019 12:08:17] [Port COM4 - Open] 
[05.12.2019 12:08:30] [Exiting system due to external CTRL-C, or process kill, or shutdown] 
[05.12.2019 13:02:49] [Thread started, processing..] 
[05.12.2019 13:02:49] [Start program] 
[05.12.2019 13:02:49] [ConnectionIni:172.16.0.4/3051:terra] 
[05.12.2019 13:02:50] [Connection bd - Open] 
[05.12.2019 13:02:50] [Port COM4 - Closed] 
[05.12.2019 13:02:50] [Port COM4 - Closed] 
[05.12.2019 13:02:50] [Port COM4 - Closed] 
[05.12.2019 13:02:51] [Port COM4 - Closed] 
[05.12.2019 13:02:51] [Port COM4 - Closed] 
[05.12.2019 13:02:51] [Port COM4 - Closed] 
[05.12.2019 13:02:52] [Port COM4 - Closed] 
[05.12.2019 13:02:52] [Port COM4 - Closed] 
[05.12.2019 13:02:52] [Port COM4 - Closed] 
[05.12.2019 13:02:52] [Port COM4 - Closed] 
[05.12.2019 13:02:53] [Port COM4 - Closed] 
[05.12.2019 13:02:53] [Port COM4 - Closed] 
[05.12.2019 13:02:53] [Port COM4 - Closed] 
[05.12.2019 13:02:53] [Port COM4 - Closed] 
[05.12.2019 13:02:54] [Port COM4 - Closed] 
[05.12.2019 13:02:54] [Port COM4 - Closed] 
[05.12.2019 13:02:54] [Port COM4 - Closed] 
[05.12.2019 13:02:55] [Port COM4 - Closed] 
[05.12.2019 13:02:55] [Port COM4 - Closed] 
[05.12.2019 13:02:55] [Port COM4 - Closed] 
[05.12.2019 13:02:55] [Port COM4 - Closed] 
[05.12.2019 13:02:56] [Port COM4 - Closed] 
[05.12.2019 13:02:56] [Port COM4 - Closed] 
[05.12.2019 13:02:56] [Exiting system due to external CTRL-C, or process kill, or shutdown] 
[05.12.2019 13:02:56] [Port COM4 - Closed] 
[05.12.2019 13:02:56] [Port COM4 - Closed] 
[05.12.2019 13:02:57] [Port COM4 - Closed] 
[05.12.2019 13:02:57] [Port COM4 - Closed] 
[05.12.2019 13:02:57] [Port COM4 - Closed] 
[05.12.2019 13:02:57] [Port COM4 - Closed] 
[05.12.2019 13:02:58] [Port COM4 - Closed] 
[05.12.2019 13:02:58] [Port COM4 - Closed] 
[05.12.2019 13:02:58] [Port COM4 - Closed] 
[05.12.2019 13:02:59] [Port COM4 - Closed] 
[05.12.2019 13:02:59] [Port COM4 - Closed] 
[05.12.2019 13:02:59] [Port COM4 - Closed] 
[05.12.2019 13:02:59] [Port COM4 - Closed] 
[05.12.2019 13:03:00] [Port COM4 - Closed] 
[05.12.2019 13:03:00] [Port COM4 - Closed] 
[05.12.2019 13:03:00] [Port COM4 - Closed] 
[05.12.2019 13:03:01] [Port COM4 - Closed] 
[05.12.2019 13:03:01] [Port COM4 - Closed] 
[05.12.2019 13:03:01] [Port COM4 - Closed] 
