[06.12.2019 10:32:06] [Thread started, processing..] 
[06.12.2019 10:32:06] [Start program] 
[06.12.2019 10:32:06] [ConnectionIni:172.16.0.4/3051:terra] 
[06.12.2019 10:32:06] [Connection bd - Open] 
[06.12.2019 10:32:06] [Port COM1 - already Open] 
[06.12.2019 10:32:08] [Port COM1 - Open] 
[06.12.2019 10:32:12] [Exiting system due to external CTRL-C, or process kill, or shutdown] 
[06.12.2019 10:32:35] [Thread started, processing..] 
[06.12.2019 10:32:36] [Start program] 
[06.12.2019 10:32:36] [ConnectionIni:172.16.0.4/3051:terra] 
[06.12.2019 10:32:36] [Connection bd - Open] 
[06.12.2019 10:32:36] [Port COM1 - already Open] 
[06.12.2019 10:32:38] [Port COM1 - Open] 
[06.12.2019 10:32:44] [Exiting system due to external CTRL-C, or process kill, or shutdown] 
[06.12.2019 11:13:34] [Thread started, processing..] 
[06.12.2019 11:13:34] [Start program] 
[06.12.2019 11:13:34] [ConnectionIni:172.16.0.4/3051:terra] 
[06.12.2019 11:13:35] [Connection bd - Open] 
[06.12.2019 11:13:35] [Port COM1 - already Open] 
[06.12.2019 11:13:36] [Exiting system due to external CTRL-C, or process kill, or shutdown] 
[06.12.2019 11:13:37] [Port COM1 - Open] 
