[03.12.2019 15:29:29] [Thread started, processing..] 
[03.12.2019 15:29:30] [Start program] 
[03.12.2019 15:29:30] [ConnectionIni:172.16.0.4/3051:terra] 
[03.12.2019 15:29:30] [connection bd - open] 
[03.12.2019 15:29:41] [Exiting system due to external CTRL-C, or process kill, or shutdown] 
[03.12.2019 15:30:13] [Thread started, processing..] 
[03.12.2019 15:30:13] [Start program] 
[03.12.2019 15:30:13] [ConnectionIni:172.16.0.4/3051:terra] 
[03.12.2019 15:30:13] [connection bd - open] 
[03.12.2019 15:30:20] [Exiting system due to external CTRL-C, or process kill, or shutdown] 
[03.12.2019 15:30:35] [Thread started, processing..] 
[03.12.2019 15:30:35] [Start program] 
[03.12.2019 15:30:35] [ConnectionIni:172.16.0.4/3051:terra] 
[03.12.2019 15:30:36] [connection bd - open] 
[03.12.2019 15:30:46] [Exiting system due to external CTRL-C, or process kill, or shutdown] 
[03.12.2019 15:31:21] [Thread started, processing..] 
[03.12.2019 15:31:21] [Start program] 
[03.12.2019 15:31:21] [ConnectionIni:172.16.0.4/3051:terra] 
[03.12.2019 15:31:21] [connection bd - open] 
[03.12.2019 15:31:23] [Exiting system due to external CTRL-C, or process kill, or shutdown] 
[03.12.2019 15:31:51] [Thread started, processing..] 
[03.12.2019 15:31:51] [Start program] 
[03.12.2019 15:31:51] [ConnectionIni:172.16.0.4/3051:terra] 
[03.12.2019 15:31:51] [connection bd - open] 
[03.12.2019 15:31:57] [Exiting system due to external CTRL-C, or process kill, or shutdown] 
[03.12.2019 15:44:20] [Thread started, processing..] 
[03.12.2019 15:44:20] [Start program] 
[03.12.2019 15:44:20] [ConnectionIni:172.16.0.4/3051:terra] 
[03.12.2019 15:44:20] [connection bd - open] 
[03.12.2019 15:44:20] [Port COM1 - Closed] 
[03.12.2019 15:44:26] [Exiting system due to external CTRL-C, or process kill, or shutdown] 
[03.12.2019 15:44:37] [Thread started, processing..] 
[03.12.2019 15:44:37] [Start program] 
[03.12.2019 15:44:37] [ConnectionIni:172.16.0.4/3051:terra] 
[03.12.2019 15:44:38] [connection bd - open] 
[03.12.2019 15:44:38] [Port COM1 - Closed] 
[03.12.2019 15:44:42] [Exiting system due to external CTRL-C, or process kill, or shutdown] 
[03.12.2019 15:45:08] [Thread started, processing..] 
[03.12.2019 15:45:08] [Start program] 
[03.12.2019 15:45:08] [ConnectionIni:172.16.0.4/3051:terra] 
[03.12.2019 15:45:09] [connection bd - open] 
[03.12.2019 15:45:09] [Port COM1 - Closed] 
[03.12.2019 15:45:13] [Exiting system due to external CTRL-C, or process kill, or shutdown] 
[03.12.2019 15:45:35] [Thread started, processing..] 
[03.12.2019 15:45:35] [Start program] 
[03.12.2019 15:45:35] [ConnectionIni:172.16.0.4/3051:terra] 
[03.12.2019 15:45:35] [Connection bd - Open] 
[03.12.2019 15:45:35] [Port COM1 - Closed] 
[03.12.2019 15:45:59] [Exiting system due to external CTRL-C, or process kill, or shutdown] 
[03.12.2019 15:48:52] [Thread started, processing..] 
[03.12.2019 15:48:52] [Start program] 
[03.12.2019 15:48:52] [ConnectionIni:172.16.0.4/3051:terra] 
[03.12.2019 15:48:52] [Connection bd - Open] 
[03.12.2019 15:48:52] [Port COM1 - Closed] 
[03.12.2019 15:48:52] [Port COM1 - Closed] 
[03.12.2019 15:48:53] [Port COM1 - Closed] 
[03.12.2019 15:48:53] [Port COM1 - Closed] 
[03.12.2019 15:48:53] [Port COM1 - Closed] 
[03.12.2019 15:48:53] [Port COM1 - Closed] 
[03.12.2019 15:48:54] [Port COM1 - Closed] 
[03.12.2019 15:48:54] [Port COM1 - Closed] 
[03.12.2019 15:48:54] [Port COM1 - Closed] 
[03.12.2019 15:48:55] [Port COM1 - Closed] 
[03.12.2019 15:48:55] [Port COM1 - Closed] 
[03.12.2019 15:48:55] [Port COM1 - Closed] 
[03.12.2019 15:48:55] [Port COM1 - Closed] 
[03.12.2019 15:48:56] [Port COM1 - Closed] 
[03.12.2019 15:48:56] [Port COM1 - Closed] 
[03.12.2019 15:48:56] [Port COM1 - Closed] 
[03.12.2019 15:48:56] [Port COM1 - Closed] 
[03.12.2019 15:48:57] [Port COM1 - Closed] 
[03.12.2019 15:48:57] [Port COM1 - Closed] 
[03.12.2019 15:48:57] [Port COM1 - Closed] 
[03.12.2019 15:48:57] [Port COM1 - Closed] 
[03.12.2019 15:48:58] [Port COM1 - Closed] 
[03.12.2019 15:48:58] [Port COM1 - Closed] 
[03.12.2019 15:48:58] [Port COM1 - Closed] 
[03.12.2019 15:48:58] [Port COM1 - Closed] 
[03.12.2019 15:48:59] [Port COM1 - Closed] 
[03.12.2019 15:48:59] [Port COM1 - Closed] 
[03.12.2019 15:48:59] [Port COM1 - Closed] 
[03.12.2019 15:49:00] [Port COM1 - Closed] 
[03.12.2019 15:49:00] [Port COM1 - Closed] 
[03.12.2019 15:49:00] [Port COM1 - Closed] 
[03.12.2019 15:49:00] [Port COM1 - Closed] 
[03.12.2019 15:49:01] [Port COM1 - Closed] 
[03.12.2019 15:49:01] [Port COM1 - Closed] 
[03.12.2019 15:49:01] [Port COM1 - Closed] 
[03.12.2019 15:49:01] [Port COM1 - Closed] 
[03.12.2019 15:49:02] [Port COM1 - Closed] 
[03.12.2019 15:49:02] [Port COM1 - Closed] 
[03.12.2019 15:49:02] [Port COM1 - Closed] 
[03.12.2019 15:49:02] [Port COM1 - Closed] 
[03.12.2019 15:49:03] [Port COM1 - Closed] 
[03.12.2019 15:49:03] [Port COM1 - Closed] 
[03.12.2019 15:49:03] [Port COM1 - Closed] 
[03.12.2019 15:49:03] [Port COM1 - Closed] 
[03.12.2019 15:49:04] [Port COM1 - Closed] 
[03.12.2019 15:49:04] [Port COM1 - Closed] 
[03.12.2019 15:49:04] [Port COM1 - Closed] 
[03.12.2019 15:49:04] [Port COM1 - Closed] 
[03.12.2019 15:49:05] [Port COM1 - Closed] 
[03.12.2019 15:49:05] [Port COM1 - Closed] 
[03.12.2019 15:49:05] [Port COM1 - Closed] 
[03.12.2019 15:49:06] [Port COM1 - Closed] 
[03.12.2019 15:49:06] [Port COM1 - Closed] 
[03.12.2019 15:49:06] [Port COM1 - Closed] 
[03.12.2019 15:49:06] [Port COM1 - Closed] 
[03.12.2019 15:49:07] [Port COM1 - Closed] 
[03.12.2019 15:49:07] [Port COM1 - Closed] 
[03.12.2019 15:49:07] [Port COM1 - Closed] 
[03.12.2019 15:49:07] [Port COM1 - Closed] 
[03.12.2019 15:49:08] [Port COM1 - Closed] 
[03.12.2019 15:49:08] [Port COM1 - Closed] 
[03.12.2019 15:49:08] [Port COM1 - Closed] 
[03.12.2019 15:49:08] [Port COM1 - Closed] 
[03.12.2019 15:49:09] [Port COM1 - Closed] 
[03.12.2019 15:49:09] [Port COM1 - Closed] 
[03.12.2019 15:49:09] [Port COM1 - Closed] 
[03.12.2019 15:49:09] [Port COM1 - Closed] 
[03.12.2019 15:49:10] [Port COM1 - Closed] 
[03.12.2019 15:49:10] [Port COM1 - Closed] 
[03.12.2019 15:49:10] [Port COM1 - Closed] 
[03.12.2019 15:49:11] [Port COM1 - Closed] 
[03.12.2019 15:49:11] [Port COM1 - Closed] 
[03.12.2019 15:49:11] [Port COM1 - Closed] 
[03.12.2019 15:49:11] [Port COM1 - Closed] 
[03.12.2019 15:49:12] [Port COM1 - Closed] 
[03.12.2019 15:49:12] [Port COM1 - Closed] 
[03.12.2019 15:49:12] [Port COM1 - Closed] 
[03.12.2019 15:49:12] [Port COM1 - Closed] 
[03.12.2019 15:49:13] [Port COM1 - Closed] 
[03.12.2019 15:49:13] [Port COM1 - Closed] 
[03.12.2019 15:49:13] [Port COM1 - Closed] 
[03.12.2019 15:49:13] [Port COM1 - Closed] 
[03.12.2019 15:49:14] [Port COM1 - Closed] 
[03.12.2019 15:49:14] [Port COM1 - Closed] 
[03.12.2019 15:49:14] [Port COM1 - Closed] 
[03.12.2019 15:49:14] [Port COM1 - Closed] 
[03.12.2019 15:49:15] [Port COM1 - Closed] 
[03.12.2019 15:49:15] [Port COM1 - Closed] 
[03.12.2019 15:49:15] [Port COM1 - Closed] 
[03.12.2019 15:49:15] [Port COM1 - Closed] 
[03.12.2019 15:49:16] [Port COM1 - Closed] 
[03.12.2019 15:49:16] [Port COM1 - Closed] 
[03.12.2019 15:49:16] [Port COM1 - Closed] 
[03.12.2019 15:49:17] [Port COM1 - Closed] 
[03.12.2019 15:49:17] [Port COM1 - Closed] 
[03.12.2019 15:49:17] [Port COM1 - Closed] 
[03.12.2019 15:49:17] [Port COM1 - Closed] 
[03.12.2019 15:49:18] [Port COM1 - Closed] 
[03.12.2019 15:49:18] [Port COM1 - Closed] 
[03.12.2019 15:49:18] [Port COM1 - Closed] 
[03.12.2019 15:49:18] [Port COM1 - Closed] 
[03.12.2019 15:49:19] [Port COM1 - Closed] 
[03.12.2019 15:49:19] [Port COM1 - Closed] 
[03.12.2019 15:49:19] [Port COM1 - Closed] 
[03.12.2019 15:49:19] [Port COM1 - Closed] 
[03.12.2019 15:49:20] [Port COM1 - Closed] 
[03.12.2019 15:49:20] [Port COM1 - Closed] 
[03.12.2019 15:49:20] [Port COM1 - Closed] 
[03.12.2019 15:49:20] [Port COM1 - Closed] 
[03.12.2019 15:49:21] [Port COM1 - Closed] 
[03.12.2019 15:49:21] [Port COM1 - Closed] 
[03.12.2019 15:49:21] [Port COM1 - Closed] 
[03.12.2019 15:49:21] [Port COM1 - Closed] 
[03.12.2019 15:49:22] [Port COM1 - Closed] 
[03.12.2019 15:49:22] [Port COM1 - Closed] 
[03.12.2019 15:49:22] [Port COM1 - Closed] 
[03.12.2019 15:49:23] [Port COM1 - Closed] 
[03.12.2019 15:49:23] [Port COM1 - Closed] 
[03.12.2019 15:49:23] [Port COM1 - Closed] 
[03.12.2019 15:49:23] [Port COM1 - Closed] 
[03.12.2019 15:49:24] [Port COM1 - Closed] 
[03.12.2019 15:49:24] [Port COM1 - Closed] 
[03.12.2019 15:49:24] [Port COM1 - Closed] 
[03.12.2019 15:49:24] [Port COM1 - Closed] 
[03.12.2019 15:49:25] [Port COM1 - Closed] 
[03.12.2019 15:49:25] [Port COM1 - Closed] 
[03.12.2019 15:49:25] [Port COM1 - Closed] 
[03.12.2019 15:49:25] [Port COM1 - Closed] 
[03.12.2019 15:49:26] [Port COM1 - Closed] 
[03.12.2019 15:49:26] [Port COM1 - Closed] 
[03.12.2019 15:49:26] [Port COM1 - Closed] 
[03.12.2019 15:49:26] [Port COM1 - Closed] 
[03.12.2019 15:49:27] [Port COM1 - Closed] 
[03.12.2019 15:49:27] [Port COM1 - Closed] 
[03.12.2019 15:49:27] [Port COM1 - Closed] 
[03.12.2019 15:49:27] [Port COM1 - Closed] 
[03.12.2019 15:49:28] [Port COM1 - Closed] 
[03.12.2019 15:49:28] [Port COM1 - Closed] 
[03.12.2019 15:49:28] [Port COM1 - Closed] 
[03.12.2019 15:49:29] [Port COM1 - Closed] 
[03.12.2019 15:49:29] [Port COM1 - Closed] 
[03.12.2019 15:49:29] [Port COM1 - Closed] 
[03.12.2019 15:49:29] [Port COM1 - Closed] 
[03.12.2019 15:49:30] [Port COM1 - Closed] 
[03.12.2019 15:49:30] [Port COM1 - Closed] 
[03.12.2019 15:49:30] [Port COM1 - Closed] 
[03.12.2019 15:49:30] [Port COM1 - Closed] 
[03.12.2019 15:49:31] [Port COM1 - Closed] 
[03.12.2019 15:49:31] [Port COM1 - Closed] 
[03.12.2019 15:49:31] [Port COM1 - Closed] 
[03.12.2019 15:49:31] [Port COM1 - Closed] 
[03.12.2019 15:49:32] [Port COM1 - Closed] 
[03.12.2019 15:49:32] [Port COM1 - Closed] 
[03.12.2019 15:49:32] [Port COM1 - Closed] 
[03.12.2019 15:49:32] [Port COM1 - Closed] 
[03.12.2019 15:49:33] [Port COM1 - Closed] 
[03.12.2019 15:49:33] [Port COM1 - Closed] 
[03.12.2019 15:49:33] [Port COM1 - Closed] 
[03.12.2019 15:49:33] [Port COM1 - Closed] 
[03.12.2019 15:49:34] [Port COM1 - Closed] 
[03.12.2019 15:49:34] [Port COM1 - Closed] 
[03.12.2019 15:49:34] [Port COM1 - Closed] 
[03.12.2019 15:49:35] [Port COM1 - Closed] 
[03.12.2019 15:49:35] [Port COM1 - Closed] 
[03.12.2019 15:49:35] [Port COM1 - Closed] 
[03.12.2019 15:49:35] [Port COM1 - Closed] 
[03.12.2019 15:49:36] [Port COM1 - Closed] 
[03.12.2019 15:49:36] [Port COM1 - Closed] 
[03.12.2019 15:49:36] [Port COM1 - Closed] 
[03.12.2019 15:49:36] [Port COM1 - Closed] 
[03.12.2019 15:49:37] [Port COM1 - Closed] 
[03.12.2019 15:49:37] [Port COM1 - Closed] 
[03.12.2019 15:49:37] [Port COM1 - Closed] 
[03.12.2019 15:49:37] [Port COM1 - Closed] 
[03.12.2019 15:49:38] [Port COM1 - Closed] 
[03.12.2019 15:49:38] [Port COM1 - Closed] 
[03.12.2019 15:49:38] [Port COM1 - Closed] 
[03.12.2019 15:49:38] [Port COM1 - Closed] 
[03.12.2019 15:49:39] [Port COM1 - Closed] 
[03.12.2019 15:49:39] [Port COM1 - Closed] 
[03.12.2019 15:49:39] [Port COM1 - Closed] 
[03.12.2019 15:49:39] [Port COM1 - Closed] 
[03.12.2019 15:49:40] [Port COM1 - Closed] 
[03.12.2019 15:49:40] [Port COM1 - Closed] 
[03.12.2019 15:49:40] [Port COM1 - Closed] 
[03.12.2019 15:49:41] [Port COM1 - Closed] 
[03.12.2019 15:49:41] [Port COM1 - Closed] 
[03.12.2019 15:49:41] [Port COM1 - Closed] 
[03.12.2019 15:49:41] [Port COM1 - Closed] 
[03.12.2019 15:49:42] [Port COM1 - Closed] 
[03.12.2019 15:49:42] [Port COM1 - Closed] 
[03.12.2019 15:49:42] [Port COM1 - Closed] 
[03.12.2019 15:49:42] [Port COM1 - Closed] 
[03.12.2019 15:49:43] [Port COM1 - Closed] 
[03.12.2019 15:49:43] [Port COM1 - Closed] 
[03.12.2019 15:49:43] [Port COM1 - Closed] 
[03.12.2019 15:49:43] [Port COM1 - Closed] 
[03.12.2019 15:49:44] [Port COM1 - Closed] 
[03.12.2019 15:49:44] [Port COM1 - Closed] 
[03.12.2019 15:49:44] [Port COM1 - Closed] 
[03.12.2019 15:49:44] [Port COM1 - Closed] 
[03.12.2019 15:49:45] [Port COM1 - Closed] 
[03.12.2019 15:49:45] [Port COM1 - Closed] 
[03.12.2019 15:49:45] [Port COM1 - Closed] 
[03.12.2019 15:49:46] [Port COM1 - Closed] 
[03.12.2019 15:49:46] [Port COM1 - Closed] 
[03.12.2019 15:49:46] [Port COM1 - Closed] 
[03.12.2019 15:49:46] [Port COM1 - Closed] 
[03.12.2019 15:49:47] [Port COM1 - Closed] 
[03.12.2019 15:49:47] [Port COM1 - Closed] 
[03.12.2019 15:49:47] [Port COM1 - Closed] 
[03.12.2019 15:49:47] [Port COM1 - Closed] 
[03.12.2019 15:49:48] [Port COM1 - Closed] 
[03.12.2019 15:49:48] [Port COM1 - Closed] 
[03.12.2019 15:49:48] [Port COM1 - Closed] 
[03.12.2019 15:49:48] [Port COM1 - Closed] 
[03.12.2019 15:49:49] [Port COM1 - Closed] 
[03.12.2019 15:49:49] [Port COM1 - Closed] 
[03.12.2019 15:49:49] [Port COM1 - Closed] 
[03.12.2019 15:49:49] [Port COM1 - Closed] 
[03.12.2019 15:49:50] [Port COM1 - Closed] 
[03.12.2019 15:49:50] [Port COM1 - Closed] 
[03.12.2019 15:49:50] [Port COM1 - Closed] 
[03.12.2019 15:49:51] [Port COM1 - Closed] 
[03.12.2019 15:49:51] [Port COM1 - Closed] 
[03.12.2019 15:49:51] [Port COM1 - Closed] 
[03.12.2019 15:49:51] [Port COM1 - Closed] 
[03.12.2019 15:49:52] [Port COM1 - Closed] 
[03.12.2019 15:49:52] [Port COM1 - Closed] 
[03.12.2019 15:49:52] [Port COM1 - Closed] 
[03.12.2019 15:49:52] [Port COM1 - Closed] 
[03.12.2019 15:49:53] [Port COM1 - Closed] 
[03.12.2019 15:49:53] [Port COM1 - Closed] 
[03.12.2019 15:49:53] [Port COM1 - Closed] 
[03.12.2019 15:49:53] [Port COM1 - Closed] 
[03.12.2019 15:49:54] [Port COM1 - Closed] 
[03.12.2019 15:49:54] [Port COM1 - Closed] 
[03.12.2019 15:49:54] [Port COM1 - Closed] 
[03.12.2019 15:49:54] [Port COM1 - Closed] 
[03.12.2019 15:49:55] [Port COM1 - Closed] 
[03.12.2019 15:49:55] [Port COM1 - Closed] 
[03.12.2019 15:49:55] [Port COM1 - Closed] 
[03.12.2019 15:49:56] [Port COM1 - Closed] 
[03.12.2019 15:49:56] [Port COM1 - Closed] 
[03.12.2019 15:49:56] [Port COM1 - Closed] 
[03.12.2019 15:49:56] [Port COM1 - Closed] 
[03.12.2019 15:49:57] [Port COM1 - Closed] 
[03.12.2019 15:49:57] [Port COM1 - Closed] 
[03.12.2019 15:49:57] [Port COM1 - Closed] 
[03.12.2019 15:49:57] [Port COM1 - Closed] 
[03.12.2019 15:49:58] [Port COM1 - Closed] 
[03.12.2019 15:49:58] [Port COM1 - Closed] 
[03.12.2019 15:49:58] [Port COM1 - Closed] 
[03.12.2019 15:49:58] [Port COM1 - Closed] 
[03.12.2019 15:49:59] [Port COM1 - Closed] 
[03.12.2019 15:49:59] [Port COM1 - Closed] 
[03.12.2019 15:49:59] [Port COM1 - Closed] 
[03.12.2019 15:49:59] [Port COM1 - Closed] 
[03.12.2019 15:50:00] [Port COM1 - Closed] 
[03.12.2019 15:50:00] [Port COM1 - Closed] 
[03.12.2019 15:50:00] [Port COM1 - Closed] 
[03.12.2019 15:50:01] [Port COM1 - Closed] 
[03.12.2019 15:50:01] [Port COM1 - Closed] 
[03.12.2019 15:50:01] [Port COM1 - Closed] 
[03.12.2019 15:50:01] [Port COM1 - Closed] 
[03.12.2019 15:50:02] [Port COM1 - Closed] 
[03.12.2019 15:50:02] [Port COM1 - Closed] 
[03.12.2019 15:50:02] [Port COM1 - Closed] 
[03.12.2019 15:50:02] [Port COM1 - Closed] 
[03.12.2019 15:50:03] [Port COM1 - Closed] 
[03.12.2019 15:50:03] [Port COM1 - Closed] 
[03.12.2019 15:50:03] [Port COM1 - Closed] 
[03.12.2019 15:50:03] [Exiting system due to external CTRL-C, or process kill, or shutdown] 
[03.12.2019 15:50:03] [Port COM1 - Closed] 
[03.12.2019 15:50:04] [Port COM1 - Closed] 
[03.12.2019 15:50:04] [Port COM1 - Closed] 
[03.12.2019 15:50:04] [Port COM1 - Closed] 
[03.12.2019 15:50:04] [Port COM1 - Closed] 
[03.12.2019 15:50:05] [Port COM1 - Closed] 
[03.12.2019 15:50:05] [Port COM1 - Closed] 
[03.12.2019 15:50:05] [Port COM1 - Closed] 
[03.12.2019 15:50:06] [Port COM1 - Closed] 
[03.12.2019 15:50:06] [Port COM1 - Closed] 
[03.12.2019 15:50:06] [Port COM1 - Closed] 
[03.12.2019 15:50:06] [Port COM1 - Closed] 
[03.12.2019 15:50:07] [Port COM1 - Closed] 
[03.12.2019 15:50:07] [Port COM1 - Closed] 
[03.12.2019 15:50:07] [Port COM1 - Closed] 
[03.12.2019 15:50:07] [Port COM1 - Closed] 
[03.12.2019 15:50:08] [Port COM1 - Closed] 
[03.12.2019 15:50:08] [Port COM1 - Closed] 
[03.12.2019 15:50:08] [Port COM1 - Closed] 
[03.12.2019 15:50:22] [Thread started, processing..] 
[03.12.2019 15:50:22] [Start program] 
[03.12.2019 15:50:22] [ConnectionIni:172.16.0.4/3051:terra] 
[03.12.2019 15:50:22] [Connection bd - Open] 
[03.12.2019 15:50:22] [Port COM1 - Closed] 
[03.12.2019 15:50:22] [Port COM1 - Closed] 
[03.12.2019 15:50:23] [Port COM1 - Closed] 
[03.12.2019 15:50:23] [Port COM1 - Closed] 
[03.12.2019 15:50:23] [Port COM1 - Closed] 
[03.12.2019 15:50:23] [Port COM1 - Closed] 
[03.12.2019 15:50:24] [Port COM1 - Closed] 
[03.12.2019 15:50:24] [Port COM1 - Closed] 
[03.12.2019 15:50:24] [Exiting system due to external CTRL-C, or process kill, or shutdown] 
[03.12.2019 15:50:24] [Port COM1 - Closed] 
[03.12.2019 15:50:24] [Port COM1 - Closed] 
[03.12.2019 15:50:25] [Port COM1 - Closed] 
[03.12.2019 15:50:25] [Port COM1 - Closed] 
[03.12.2019 15:50:25] [Port COM1 - Closed] 
[03.12.2019 15:50:25] [Port COM1 - Closed] 
[03.12.2019 15:50:26] [Port COM1 - Closed] 
[03.12.2019 15:50:26] [Port COM1 - Closed] 
[03.12.2019 15:50:26] [Port COM1 - Closed] 
[03.12.2019 15:50:27] [Port COM1 - Closed] 
[03.12.2019 15:50:27] [Port COM1 - Closed] 
[03.12.2019 15:50:27] [Port COM1 - Closed] 
[03.12.2019 15:50:27] [Port COM1 - Closed] 
[03.12.2019 15:50:28] [Port COM1 - Closed] 
[03.12.2019 15:50:28] [Port COM1 - Closed] 
[03.12.2019 15:50:28] [Port COM1 - Closed] 
[03.12.2019 15:50:28] [Port COM1 - Closed] 
[03.12.2019 15:50:29] [Port COM1 - Closed] 
[03.12.2019 15:50:29] [Port COM1 - Closed] 
[03.12.2019 15:52:34] [Thread started, processing..] 
[03.12.2019 15:52:34] [Start program] 
[03.12.2019 15:52:34] [ConnectionIni:172.16.0.4/3051:terra] 
[03.12.2019 15:52:34] [Connection bd - Open] 
[03.12.2019 15:52:34] [Port COM4 - Closed] 
[03.12.2019 15:52:35] [Port COM4 - Closed] 
[03.12.2019 15:52:35] [Port COM4 - Closed] 
[03.12.2019 15:52:35] [Port COM4 - Closed] 
[03.12.2019 15:52:35] [Port COM4 - Closed] 
[03.12.2019 15:52:36] [Port COM4 - Closed] 
[03.12.2019 15:52:36] [Port COM4 - Closed] 
[03.12.2019 15:52:36] [Port COM4 - Closed] 
[03.12.2019 15:52:36] [Port COM4 - Closed] 
[03.12.2019 15:52:37] [Port COM4 - Closed] 
[03.12.2019 15:52:37] [Port COM4 - Closed] 
[03.12.2019 15:52:37] [Port COM4 - Closed] 
[03.12.2019 15:52:38] [Port COM4 - Closed] 
[03.12.2019 15:52:38] [Port COM4 - Closed] 
[03.12.2019 15:52:38] [Port COM4 - Closed] 
[03.12.2019 15:52:38] [Port COM4 - Closed] 
[03.12.2019 15:52:39] [Port COM4 - Closed] 
[03.12.2019 15:52:39] [Exiting system due to external CTRL-C, or process kill, or shutdown] 
[03.12.2019 15:52:39] [Port COM4 - Closed] 
[03.12.2019 15:52:39] [Port COM4 - Closed] 
[03.12.2019 15:52:39] [Port COM4 - Closed] 
[03.12.2019 15:52:40] [Port COM4 - Closed] 
[03.12.2019 15:52:40] [Port COM4 - Closed] 
[03.12.2019 15:52:40] [Port COM4 - Closed] 
[03.12.2019 15:52:40] [Port COM4 - Closed] 
[03.12.2019 15:52:41] [Port COM4 - Closed] 
[03.12.2019 15:52:41] [Port COM4 - Closed] 
[03.12.2019 15:52:41] [Port COM4 - Closed] 
[03.12.2019 15:52:41] [Port COM4 - Closed] 
[03.12.2019 15:52:42] [Port COM4 - Closed] 
[03.12.2019 15:52:42] [Port COM4 - Closed] 
[03.12.2019 15:52:42] [Port COM4 - Closed] 
[03.12.2019 15:52:43] [Port COM4 - Closed] 
[03.12.2019 15:52:43] [Port COM4 - Closed] 
[03.12.2019 15:52:43] [Port COM4 - Closed] 
[03.12.2019 15:52:43] [Port COM4 - Closed] 
[03.12.2019 15:52:44] [Port COM4 - Closed] 
[03.12.2019 15:53:24] [Thread started, processing..] 
[03.12.2019 15:53:24] [Start program] 
[03.12.2019 15:53:24] [ConnectionIni:172.16.0.4/3051:terra] 
[03.12.2019 15:53:25] [Connection bd - Open] 
[03.12.2019 15:53:25] [Port COM4 - Open] 
[03.12.2019 15:53:28] [Exiting system due to external CTRL-C, or process kill, or shutdown] 
[03.12.2019 15:53:44] [Thread started, processing..] 
[03.12.2019 15:53:44] [Start program] 
[03.12.2019 15:53:44] [ConnectionIni:172.16.0.4/3051:terra] 
[03.12.2019 15:53:44] [Connection bd - Open] 
[03.12.2019 15:53:44] [Port COM4 - Open] 
[03.12.2019 15:53:47] [Exiting system due to external CTRL-C, or process kill, or shutdown] 
[03.12.2019 15:54:00] [Thread started, processing..] 
[03.12.2019 15:54:00] [Start program] 
[03.12.2019 15:54:00] [ConnectionIni:172.16.0.4/3051:terra] 
[03.12.2019 15:54:00] [Connection bd - Open] 
[03.12.2019 15:54:00] [Port COM4 - Open] 
[03.12.2019 15:54:03] [Exiting system due to external CTRL-C, or process kill, or shutdown] 
[03.12.2019 15:57:59] [Thread started, processing..] 
[03.12.2019 15:57:59] [Start program] 
[03.12.2019 15:57:59] [ConnectionIni:172.16.0.4/3051:terra] 
[03.12.2019 15:58:00] [Connection bd - Open] 
[03.12.2019 15:58:00] [Port COM4 - Open] 
[03.12.2019 15:58:00] [Exiting system due to external CTRL-C, or process kill, or shutdown] 
[03.12.2019 15:58:48] [Thread started, processing..] 
[03.12.2019 15:58:48] [Start program] 
[03.12.2019 15:58:48] [ConnectionIni:172.16.0.4/3051:terra] 
[03.12.2019 15:58:48] [Connection bd - Open] 
[03.12.2019 15:58:48] [Port COM4 - Open] 
[03.12.2019 15:59:34] [Exiting system due to external CTRL-C, or process kill, or shutdown] 
[03.12.2019 15:59:52] [Thread started, processing..] 
[03.12.2019 15:59:52] [Start program] 
[03.12.2019 15:59:52] [ConnectionIni:172.16.0.4/3051:terra] 
[03.12.2019 15:59:52] [Connection bd - Open] 
[03.12.2019 15:59:52] [Port COM4 - Open] 
[03.12.2019 16:01:11] [Thread started, processing..] 
[03.12.2019 16:01:11] [Start program] 
[03.12.2019 16:01:11] [ConnectionIni:172.16.0.4/3051:terra] 
[03.12.2019 16:01:11] [Connection bd - Open] 
[03.12.2019 16:01:11] [Port COM4 - Open] 
[03.12.2019 16:01:18] [Exiting system due to external CTRL-C, or process kill, or shutdown] 
[03.12.2019 16:26:47] [Thread started, processing..] 
[03.12.2019 16:26:47] [Start program] 
[03.12.2019 16:26:47] [ConnectionIni:172.16.0.4/3051:terra] 
[03.12.2019 16:26:47] [Connection bd - Open] 
[03.12.2019 16:26:47] [Port COM4 - Closed] 
[03.12.2019 16:26:48] [Port COM4 - Closed] 
[03.12.2019 16:26:48] [Port COM4 - Closed] 
[03.12.2019 16:26:48] [Port COM4 - Closed] 
[03.12.2019 16:26:48] [Port COM4 - Closed] 
[03.12.2019 16:26:49] [Port COM4 - Closed] 
[03.12.2019 16:26:49] [Port COM4 - Closed] 
[03.12.2019 16:26:49] [Port COM4 - Closed] 
[03.12.2019 16:26:49] [Port COM4 - Closed] 
[03.12.2019 16:26:50] [Port COM4 - Closed] 
[03.12.2019 16:26:50] [Port COM4 - Closed] 
[03.12.2019 16:26:50] [Port COM4 - Closed] 
[03.12.2019 16:26:51] [Port COM4 - Closed] 
[03.12.2019 16:26:51] [Port COM4 - Closed] 
[03.12.2019 16:26:51] [Port COM4 - Closed] 
[03.12.2019 16:26:51] [Port COM4 - Closed] 
[03.12.2019 16:26:52] [Port COM4 - Closed] 
[03.12.2019 16:26:52] [Port COM4 - Closed] 
[03.12.2019 16:26:52] [Port COM4 - Closed] 
[03.12.2019 16:26:52] [Port COM4 - Closed] 
[03.12.2019 16:26:53] [Port COM4 - Closed] 
[03.12.2019 16:26:53] [Port COM4 - Closed] 
[03.12.2019 16:26:53] [Port COM4 - Closed] 
[03.12.2019 16:26:54] [Port COM4 - Closed] 
[03.12.2019 16:26:54] [Port COM4 - Closed] 
[03.12.2019 16:26:54] [Port COM4 - Closed] 
[03.12.2019 16:27:42] [Exiting system due to external CTRL-C, or process kill, or shutdown] 
[03.12.2019 16:28:51] [Thread started, processing..] 
[03.12.2019 16:28:51] [Start program] 
[03.12.2019 16:28:51] [ConnectionIni:172.16.0.4/3051:terra] 
[03.12.2019 16:28:52] [Connection bd - Open] 
[03.12.2019 16:28:52] [Port COM4 - Closed] 
[03.12.2019 16:28:52] [Port COM4 - Closed] 
[03.12.2019 16:28:52] [Port COM4 - Closed] 
[03.12.2019 16:28:53] [Port COM4 - Closed] 
[03.12.2019 16:28:53] [Port COM4 - Closed] 
[03.12.2019 16:28:53] [Port COM4 - Closed] 
[03.12.2019 16:28:53] [Port COM4 - Closed] 
[03.12.2019 16:28:54] [Port COM4 - Closed] 
[03.12.2019 16:28:54] [Port COM4 - Closed] 
[03.12.2019 16:28:54] [Port COM4 - Closed] 
[03.12.2019 16:28:55] [Port COM4 - Closed] 
[03.12.2019 16:28:55] [Port COM4 - Closed] 
[03.12.2019 16:28:55] [Port COM4 - Closed] 
[03.12.2019 16:28:55] [Port COM4 - Closed] 
[03.12.2019 16:28:56] [Port COM4 - Closed] 
[03.12.2019 16:28:56] [Port COM4 - Closed] 
[03.12.2019 16:28:56] [Port COM4 - Closed] 
[03.12.2019 16:28:56] [Port COM4 - Closed] 
[03.12.2019 16:28:57] [Port COM4 - Closed] 
[03.12.2019 16:28:57] [Port COM4 - Closed] 
[03.12.2019 16:28:57] [Port COM4 - Closed] 
[03.12.2019 16:28:57] [Port COM4 - Closed] 
[03.12.2019 16:28:58] [Port COM4 - Closed] 
[03.12.2019 16:28:58] [Port COM4 - Closed] 
[03.12.2019 16:28:58] [Port COM4 - Closed] 
[03.12.2019 16:28:59] [Port COM4 - Closed] 
[03.12.2019 16:28:59] [Port COM4 - Closed] 
[03.12.2019 16:28:59] [Port COM4 - Closed] 
[03.12.2019 16:28:59] [Port COM4 - Closed] 
[03.12.2019 16:29:00] [Port COM4 - Closed] 
[03.12.2019 16:29:00] [Port COM4 - Closed] 
[03.12.2019 16:29:00] [Port COM4 - Closed] 
[03.12.2019 16:29:00] [Port COM4 - Closed] 
[03.12.2019 16:29:01] [Port COM4 - Closed] 
[03.12.2019 16:29:01] [Port COM4 - Closed] 
[03.12.2019 16:29:01] [Port COM4 - Closed] 
[03.12.2019 16:29:02] [Port COM4 - Closed] 
[03.12.2019 16:29:02] [Port COM4 - Closed] 
[03.12.2019 16:29:02] [Port COM4 - Closed] 
[03.12.2019 16:29:02] [Port COM4 - Closed] 
[03.12.2019 16:29:03] [Port COM4 - Closed] 
[03.12.2019 16:29:03] [Port COM4 - Closed] 
[03.12.2019 16:29:03] [Port COM4 - Closed] 
[03.12.2019 16:29:03] [Port COM4 - Closed] 
[03.12.2019 16:29:04] [Port COM4 - Closed] 
[03.12.2019 16:29:04] [Port COM4 - Closed] 
[03.12.2019 16:29:04] [Port COM4 - Closed] 
[03.12.2019 16:29:05] [Port COM4 - Closed] 
[03.12.2019 16:29:05] [Port COM4 - Closed] 
[03.12.2019 16:29:05] [Port COM4 - Closed] 
[03.12.2019 16:29:05] [Port COM4 - Closed] 
[03.12.2019 16:29:06] [Port COM4 - Closed] 
[03.12.2019 16:29:06] [Port COM4 - Closed] 
[03.12.2019 16:29:06] [Port COM4 - Closed] 
[03.12.2019 16:29:06] [Port COM4 - Closed] 
[03.12.2019 16:29:07] [Port COM4 - Closed] 
[03.12.2019 16:29:07] [Port COM4 - Closed] 
[03.12.2019 16:29:11] [Port COM4 - already Open] 
[03.12.2019 16:29:17] [Exiting system due to external CTRL-C, or process kill, or shutdown] 
[03.12.2019 16:34:51] [Thread started, processing..] 
[03.12.2019 16:34:51] [Start program] 
[03.12.2019 16:34:51] [ConnectionIni:172.16.0.4/3051:terra] 
[03.12.2019 16:34:51] [Connection bd - Open] 
[03.12.2019 16:34:51] [Port COM4 - already Open] 
[03.12.2019 16:34:51] [Port COM4 - already Open] 
[03.12.2019 16:35:10] [Exiting system due to external CTRL-C, or process kill, or shutdown] 
[03.12.2019 16:36:11] [Thread started, processing..] 
[03.12.2019 16:36:11] [Start program] 
[03.12.2019 16:36:11] [ConnectionIni:172.16.0.4/3051:terra] 
[03.12.2019 16:36:12] [Connection bd - Open] 
[03.12.2019 16:36:12] [Port COM4 - already Open] 
[03.12.2019 16:36:12] [Port COM4 - already Open] 
[03.12.2019 16:36:12] [Port COM4 - already Open] 
[03.12.2019 16:36:13] [Port COM4 - already Open] 
[03.12.2019 16:36:13] [Port COM4 - already Open] 
[03.12.2019 16:36:13] [Port COM4 - already Open] 
[03.12.2019 16:36:13] [Port COM4 - already Open] 
[03.12.2019 16:36:14] [Port COM4 - already Open] 
[03.12.2019 16:36:14] [Port COM4 - already Open] 
[03.12.2019 16:36:14] [Port COM4 - already Open] 
[03.12.2019 16:36:14] [Port COM4 - already Open] 
[03.12.2019 16:36:15] [Port COM4 - already Open] 
[03.12.2019 16:36:15] [Port COM4 - already Open] 
[03.12.2019 16:36:15] [Port COM4 - already Open] 
[03.12.2019 16:36:15] [Port COM4 - already Open] 
[03.12.2019 16:36:16] [Port COM4 - already Open] 
[03.12.2019 16:36:16] [Port COM4 - already Open] 
[03.12.2019 16:36:16] [Port COM4 - already Open] 
[03.12.2019 16:36:17] [Port COM4 - already Open] 
[03.12.2019 16:36:17] [Port COM4 - already Open] 
[03.12.2019 16:36:17] [Port COM4 - already Open] 
[03.12.2019 16:36:17] [Port COM4 - already Open] 
[03.12.2019 16:36:18] [Port COM4 - already Open] 
[03.12.2019 16:36:18] [Port COM4 - Closed] 
[03.12.2019 16:36:18] [Port COM4 - Closed] 
[03.12.2019 16:36:18] [Port COM4 - Closed] 
[03.12.2019 16:36:19] [Port COM4 - Closed] 
[03.12.2019 16:36:19] [Port COM4 - Closed] 
[03.12.2019 16:36:19] [Port COM4 - Closed] 
[03.12.2019 16:36:19] [Port COM4 - Closed] 
[03.12.2019 16:36:20] [Port COM4 - Closed] 
[03.12.2019 16:36:20] [Port COM4 - Closed] 
[03.12.2019 16:36:20] [Port COM4 - Closed] 
[03.12.2019 16:36:20] [Port COM4 - Closed] 
[03.12.2019 16:36:21] [Port COM4 - Closed] 
[03.12.2019 16:36:21] [Port COM4 - Closed] 
[03.12.2019 16:36:21] [Port COM4 - Closed] 
[03.12.2019 16:36:22] [Port COM4 - Closed] 
[03.12.2019 16:36:22] [Port COM4 - Closed] 
[03.12.2019 16:36:22] [Port COM4 - Closed] 
[03.12.2019 16:36:22] [Port COM4 - Closed] 
[03.12.2019 16:36:23] [Port COM4 - Closed] 
[03.12.2019 16:36:23] [Port COM4 - Closed] 
[03.12.2019 16:36:23] [Port COM4 - Closed] 
[03.12.2019 16:36:23] [Port COM4 - Closed] 
[03.12.2019 16:36:24] [Port COM4 - Closed] 
[03.12.2019 16:36:24] [Port COM4 - Closed] 
[03.12.2019 16:36:24] [Port COM4 - Closed] 
[03.12.2019 16:36:24] [Port COM4 - Closed] 
[03.12.2019 16:36:25] [Port COM4 - Closed] 
[03.12.2019 16:36:25] [Port COM4 - Closed] 
[03.12.2019 16:36:25] [Port COM4 - Closed] 
[03.12.2019 16:36:25] [Port COM4 - Closed] 
[03.12.2019 16:36:26] [Port COM4 - Closed] 
[03.12.2019 16:36:26] [Port COM4 - Closed] 
[03.12.2019 16:36:26] [Port COM4 - Closed] 
[03.12.2019 16:36:26] [Port COM4 - Closed] 
[03.12.2019 16:36:27] [Port COM4 - Closed] 
[03.12.2019 16:36:27] [Port COM4 - Closed] 
[03.12.2019 16:36:27] [Port COM4 - Closed] 
[03.12.2019 16:36:28] [Port COM4 - Closed] 
[03.12.2019 16:36:28] [Port COM4 - Closed] 
[03.12.2019 16:36:28] [Port COM4 - Closed] 
[03.12.2019 16:36:28] [Port COM4 - Closed] 
[03.12.2019 16:36:29] [Port COM4 - Closed] 
[03.12.2019 16:36:29] [Port COM4 - Closed] 
[03.12.2019 16:36:29] [Port COM4 - Closed] 
[03.12.2019 16:36:29] [Port COM4 - Closed] 
[03.12.2019 16:36:30] [Port COM4 - Closed] 
[03.12.2019 16:36:30] [Port COM4 - Closed] 
[03.12.2019 16:36:30] [Port COM4 - Closed] 
[03.12.2019 16:36:30] [Port COM4 - Closed] 
[03.12.2019 16:36:31] [Port COM4 - Closed] 
[03.12.2019 16:36:31] [Port COM4 - Closed] 
[03.12.2019 16:36:31] [Port COM4 - Closed] 
[03.12.2019 16:36:31] [Port COM4 - Closed] 
[03.12.2019 16:36:32] [Port COM4 - Closed] 
[03.12.2019 16:36:32] [Port COM4 - Closed] 
[03.12.2019 16:36:32] [Port COM4 - Closed] 
[03.12.2019 16:36:33] [Port COM4 - Closed] 
[03.12.2019 16:36:33] [Port COM4 - Closed] 
[03.12.2019 16:36:33] [Port COM4 - Closed] 
[03.12.2019 16:36:33] [Port COM4 - Closed] 
[03.12.2019 16:36:34] [Port COM4 - Closed] 
[03.12.2019 16:36:34] [Port COM4 - Closed] 
[03.12.2019 16:36:34] [Port COM4 - Closed] 
[03.12.2019 16:36:34] [Port COM4 - Closed] 
[03.12.2019 16:36:35] [Port COM4 - Closed] 
[03.12.2019 16:36:35] [Port COM4 - Closed] 
[03.12.2019 16:36:35] [Port COM4 - Closed] 
[03.12.2019 16:36:35] [Port COM4 - Closed] 
[03.12.2019 16:36:36] [Port COM4 - Closed] 
[03.12.2019 16:36:36] [Port COM4 - Closed] 
[03.12.2019 16:36:36] [Port COM4 - Closed] 
[03.12.2019 16:36:36] [Port COM4 - Closed] 
[03.12.2019 16:36:37] [Port COM4 - Closed] 
[03.12.2019 16:36:37] [Port COM4 - Closed] 
[03.12.2019 16:36:37] [Port COM4 - Closed] 
[03.12.2019 16:36:37] [Port COM4 - Closed] 
[03.12.2019 16:36:38] [Port COM4 - Closed] 
[03.12.2019 16:36:38] [Port COM4 - Closed] 
[03.12.2019 16:36:38] [Port COM4 - Closed] 
[03.12.2019 16:36:39] [Port COM4 - Closed] 
[03.12.2019 16:36:39] [Port COM4 - Closed] 
[03.12.2019 16:36:39] [Port COM4 - Closed] 
[03.12.2019 16:36:39] [Exiting system due to external CTRL-C, or process kill, or shutdown] 
[03.12.2019 16:36:39] [Port COM4 - Closed] 
[03.12.2019 16:36:40] [Port COM4 - Closed] 
[03.12.2019 16:36:40] [Port COM4 - Closed] 
[03.12.2019 16:36:40] [Port COM4 - Closed] 
[03.12.2019 16:36:40] [Port COM4 - Closed] 
[03.12.2019 16:36:41] [Port COM4 - Closed] 
[03.12.2019 16:36:41] [Port COM4 - Closed] 
[03.12.2019 16:36:41] [Port COM4 - Closed] 
[03.12.2019 16:36:41] [Port COM4 - Closed] 
[03.12.2019 16:36:42] [Port COM4 - Closed] 
[03.12.2019 16:36:42] [Port COM4 - Closed] 
[03.12.2019 16:36:42] [Port COM4 - Closed] 
[03.12.2019 16:36:42] [Port COM4 - Closed] 
[03.12.2019 16:36:43] [Port COM4 - Closed] 
[03.12.2019 16:36:43] [Port COM4 - Closed] 
[03.12.2019 16:36:43] [Port COM4 - Closed] 
[03.12.2019 16:36:44] [Port COM4 - Closed] 
[03.12.2019 16:36:44] [Port COM4 - Closed] 
[03.12.2019 16:36:44] [Port COM4 - Closed] 
[03.12.2019 16:38:37] [Thread started, processing..] 
[03.12.2019 16:38:37] [Start program] 
[03.12.2019 16:38:37] [ConnectionIni:172.16.0.4/3051:terra] 
[03.12.2019 16:38:37] [Connection bd - Open] 
[03.12.2019 16:38:37] [Port COM4 - already Open] 
[03.12.2019 16:38:37] [Port COM4 - already Open] 
[03.12.2019 16:38:38] [Port COM4 - already Open] 
[03.12.2019 16:38:38] [Port COM4 - already Open] 
[03.12.2019 16:38:39] [Port COM4 - already Open] 
[03.12.2019 16:38:39] [Port COM4 - already Open] 
[03.12.2019 16:38:40] [Port COM4 - already Open] 
[03.12.2019 16:38:40] [Port COM4 - already Open] 
[03.12.2019 16:38:41] [Port COM4 - already Open] 
[03.12.2019 16:38:41] [Port COM4 - already Open] 
[03.12.2019 16:38:42] [Port COM4 - Closed] 
[03.12.2019 16:38:42] [Port COM4 - Closed] 
[03.12.2019 16:38:42] [Port COM4 - Closed] 
[03.12.2019 16:38:43] [Port COM4 - Closed] 
[03.12.2019 16:38:43] [Port COM4 - Closed] 
[03.12.2019 16:38:43] [Port COM4 - Closed] 
[03.12.2019 16:38:43] [Port COM4 - Closed] 
[03.12.2019 16:38:44] [Port COM4 - Closed] 
[03.12.2019 16:38:44] [Port COM4 - Closed] 
[03.12.2019 16:38:44] [Port COM4 - Closed] 
[03.12.2019 16:38:45] [Port COM4 - Closed] 
[03.12.2019 16:38:45] [Port COM4 - Closed] 
[03.12.2019 16:38:45] [Port COM4 - Closed] 
[03.12.2019 16:38:45] [Port COM4 - Closed] 
[03.12.2019 16:38:49] [Port COM4 - already Open] 
[03.12.2019 16:38:50] [Port COM4 - already Open] 
[03.12.2019 16:38:50] [Port COM4 - already Open] 
[03.12.2019 16:38:51] [Port COM4 - already Open] 
[03.12.2019 16:38:51] [Port COM4 - already Open] 
[03.12.2019 16:38:52] [Port COM4 - already Open] 
[03.12.2019 16:38:52] [Port COM4 - already Open] 
[03.12.2019 16:38:53] [Port COM4 - already Open] 
[03.12.2019 16:38:53] [Port COM4 - already Open] 
[03.12.2019 16:38:54] [Port COM4 - already Open] 
[03.12.2019 16:38:54] [Port COM4 - already Open] 
[03.12.2019 16:47:29] [Thread started, processing..] 
[03.12.2019 16:47:29] [Start program] 
[03.12.2019 16:47:29] [ConnectionIni:172.16.0.4/3051:terra] 
[03.12.2019 16:47:29] [Connection bd - Open] 
[03.12.2019 16:47:29] [Port COM4 - already Open] 
[03.12.2019 16:47:33] [Exiting system due to external CTRL-C, or process kill, or shutdown] 
[03.12.2019 16:47:47] [Thread started, processing..] 
[03.12.2019 16:47:47] [Start program] 
[03.12.2019 16:47:47] [ConnectionIni:172.16.0.4/3051:terra] 
[03.12.2019 16:47:47] [Connection bd - Open] 
[03.12.2019 16:47:47] [Port COM4 - already Open] 
[03.12.2019 16:47:48] [Port COM4 - already Open] 
[03.12.2019 16:47:49] [Port COM4 - already Open] 
[03.12.2019 16:47:50] [Port COM4 - already Open] 
[03.12.2019 16:47:51] [Port COM4 - already Open] 
[03.12.2019 16:48:46] [Thread started, processing..] 
[03.12.2019 16:48:46] [Start program] 
[03.12.2019 16:48:46] [ConnectionIni:172.16.0.4/3051:terra] 
[03.12.2019 16:48:46] [Connection bd - Open] 
[03.12.2019 16:48:46] [Port COM4 - already Open] 
[03.12.2019 16:48:48] [Exiting system due to external CTRL-C, or process kill, or shutdown] 
[03.12.2019 16:49:00] [Thread started, processing..] 
[03.12.2019 16:49:00] [Start program] 
[03.12.2019 16:49:00] [ConnectionIni:172.16.0.4/3051:terra] 
[03.12.2019 16:49:00] [Connection bd - Open] 
[03.12.2019 16:49:00] [Port COM4 - already Open] 
[03.12.2019 16:50:17] [Thread started, processing..] 
[03.12.2019 16:50:17] [Start program] 
[03.12.2019 16:50:17] [ConnectionIni:172.16.0.4/3051:terra] 
[03.12.2019 16:50:17] [Connection bd - Open] 
[03.12.2019 16:50:17] [Port COM4 - already Open] 
[03.12.2019 16:50:22] [Exiting system due to external CTRL-C, or process kill, or shutdown] 
[03.12.2019 16:50:58] [Thread started, processing..] 
[03.12.2019 16:50:58] [Start program] 
[03.12.2019 16:50:58] [ConnectionIni:172.16.0.4/3051:terra] 
[03.12.2019 16:50:59] [Connection bd - Open] 
[03.12.2019 16:50:59] [Port COM4 - already Open] 
[03.12.2019 16:51:01] [Exiting system due to external CTRL-C, or process kill, or shutdown] 
[03.12.2019 16:51:52] [Thread started, processing..] 
[03.12.2019 16:51:52] [Start program] 
[03.12.2019 16:51:52] [ConnectionIni:172.16.0.4/3051:terra] 
[03.12.2019 16:51:52] [Connection bd - Open] 
[03.12.2019 16:51:52] [Port COM4 - already Open] 
[03.12.2019 16:51:53] [Port COM4 - already Open] 
[03.12.2019 16:51:54] [Port COM4 - already Open] 
[03.12.2019 16:51:55] [Port COM4 - already Open] 
[03.12.2019 16:51:56] [Port COM4 - already Open] 
[03.12.2019 16:51:57] [Port COM4 - already Open] 
[03.12.2019 16:51:58] [Port COM4 - already Open] 
[03.12.2019 16:51:59] [Port COM4 - Closed] 
[03.12.2019 16:51:59] [Port COM4 - Closed] 
[03.12.2019 16:52:00] [Port COM4 - Closed] 
[03.12.2019 16:52:00] [Port COM4 - Closed] 
[03.12.2019 16:52:00] [Port COM4 - Closed] 
[03.12.2019 16:52:00] [Port COM4 - Closed] 
[03.12.2019 16:52:01] [Port COM4 - Closed] 
[03.12.2019 16:52:01] [Port COM4 - Closed] 
[03.12.2019 16:52:01] [Port COM4 - Closed] 
[03.12.2019 16:52:01] [Port COM4 - Closed] 
[03.12.2019 16:52:02] [Port COM4 - Closed] 
[03.12.2019 16:52:02] [Port COM4 - Closed] 
[03.12.2019 16:52:02] [Port COM4 - Closed] 
[03.12.2019 16:52:02] [Port COM4 - Closed] 
[03.12.2019 16:52:03] [Port COM4 - Closed] 
[03.12.2019 16:52:03] [Port COM4 - Closed] 
[03.12.2019 16:52:03] [Port COM4 - Closed] 
[03.12.2019 16:52:04] [Port COM4 - Closed] 
[03.12.2019 16:52:04] [Port COM4 - Closed] 
[03.12.2019 16:52:04] [Port COM4 - Closed] 
[03.12.2019 16:52:04] [Port COM4 - Closed] 
[03.12.2019 16:52:05] [Port COM4 - Closed] 
[03.12.2019 16:52:09] [Port COM4 - already Open] 
[03.12.2019 16:52:15] [Exiting system due to external CTRL-C, or process kill, or shutdown] 
[03.12.2019 16:52:34] [Thread started, processing..] 
[03.12.2019 16:52:34] [Start program] 
[03.12.2019 16:52:34] [ConnectionIni:172.16.0.4/3051:terra] 
[03.12.2019 16:52:35] [Connection bd - Open] 
[03.12.2019 16:52:35] [Port COM4 - already Open] 
[03.12.2019 16:52:36] [Port COM4 - already Open] 
[03.12.2019 16:52:37] [Port COM4 - already Open] 
[03.12.2019 16:52:38] [Port COM4 - already Open] 
[03.12.2019 16:52:39] [Port COM4 - already Open] 
[03.12.2019 16:52:40] [Port COM4 - already Open] 
[03.12.2019 16:52:41] [Port COM4 - Closed] 
[03.12.2019 16:52:41] [Port COM4 - Closed] 
[03.12.2019 16:52:41] [Port COM4 - Closed] 
[03.12.2019 16:52:41] [Port COM4 - Closed] 
[03.12.2019 16:52:42] [Port COM4 - Closed] 
[03.12.2019 16:52:42] [Port COM4 - Closed] 
[03.12.2019 16:52:42] [Port COM4 - Closed] 
[03.12.2019 16:52:42] [Port COM4 - Closed] 
[03.12.2019 16:52:43] [Port COM4 - Closed] 
[03.12.2019 16:52:43] [Port COM4 - Closed] 
[03.12.2019 16:52:43] [Port COM4 - Closed] 
[03.12.2019 16:52:44] [Port COM4 - Closed] 
[03.12.2019 16:52:44] [Port COM4 - Closed] 
[03.12.2019 16:52:48] [Port COM4 - already Open] 
[03.12.2019 16:54:37] [Thread started, processing..] 
[03.12.2019 16:54:37] [Start program] 
[03.12.2019 16:54:37] [ConnectionIni:172.16.0.4/3051:terra] 
[03.12.2019 16:54:38] [Connection bd - Open] 
[03.12.2019 16:54:38] [Port COM4 - already Open] 
[03.12.2019 16:54:39] [Port COM4 - already Open] 
[03.12.2019 16:54:40] [Port COM4 - already Open] 
[03.12.2019 16:54:41] [Port COM4 - already Open] 
[03.12.2019 16:54:42] [Port COM4 - already Open] 
[03.12.2019 16:54:43] [Port COM4 - already Open] 
[03.12.2019 16:54:44] [Port COM4 - Closed] 
[03.12.2019 16:54:44] [Port COM4 - Closed] 
[03.12.2019 16:54:44] [Port COM4 - Closed] 
[03.12.2019 16:54:44] [Port COM4 - Closed] 
[03.12.2019 16:54:45] [Port COM4 - Closed] 
[03.12.2019 16:54:45] [Port COM4 - Closed] 
[03.12.2019 16:54:45] [Port COM4 - Closed] 
[03.12.2019 16:54:46] [Port COM4 - Closed] 
[03.12.2019 16:54:46] [Port COM4 - Closed] 
[03.12.2019 16:54:46] [Port COM4 - Closed] 
[03.12.2019 16:54:46] [Port COM4 - Closed] 
[03.12.2019 16:54:47] [Port COM4 - Closed] 
[03.12.2019 16:54:51] [Port COM4 - already Open] 
[03.12.2019 16:55:11] [Exiting system due to external CTRL-C, or process kill, or shutdown] 
[03.12.2019 17:01:08] [Thread started, processing..] 
[03.12.2019 17:01:08] [Start program] 
[03.12.2019 17:01:08] [ConnectionIni:172.16.0.4/3051:terra] 
[03.12.2019 17:01:08] [Connection bd - Open] 
[03.12.2019 17:01:08] [Port COM4 - already Open] 
[03.12.2019 17:01:16] [Port COM4 - Closed] 
[03.12.2019 17:01:16] [Port COM4 - Closed] 
[03.12.2019 17:01:17] [Port COM4 - Closed] 
[03.12.2019 17:01:17] [Port COM4 - Closed] 
[03.12.2019 17:01:17] [Port COM4 - Closed] 
[03.12.2019 17:01:17] [Port COM4 - Closed] 
[03.12.2019 17:01:18] [Port COM4 - Closed] 
[03.12.2019 17:01:18] [Port COM4 - Closed] 
[03.12.2019 17:01:18] [Port COM4 - Closed] 
[03.12.2019 17:01:18] [Port COM4 - Closed] 
[03.12.2019 17:01:19] [Port COM4 - Closed] 
[03.12.2019 17:01:19] [Port COM4 - Closed] 
[03.12.2019 17:01:19] [Port COM4 - Closed] 
[03.12.2019 17:01:20] [Port COM4 - Closed] 
[03.12.2019 17:01:20] [Port COM4 - Closed] 
[03.12.2019 17:01:20] [Port COM4 - Closed] 
[03.12.2019 17:01:20] [Port COM4 - Closed] 
[03.12.2019 17:01:21] [Port COM4 - Closed] 
[03.12.2019 17:01:25] [Port COM4 - already Open] 
[03.12.2019 17:02:52] [Exiting system due to external CTRL-C, or process kill, or shutdown] 
[03.12.2019 17:21:08] [Thread started, processing..] 
[03.12.2019 17:21:08] [Start program] 
[03.12.2019 17:21:08] [ConnectionIni:172.16.0.4/3051:terra] 
[03.12.2019 17:21:08] [Connection bd - Open] 
[03.12.2019 17:21:09] [Port COM4 - already Open] 
[03.12.2019 17:21:15] [Port COM4 - Closed] 
[03.12.2019 17:21:15] [Port COM4 - Closed] 
[03.12.2019 17:21:15] [Port COM4 - Closed] 
[03.12.2019 17:21:15] [Port COM4 - Closed] 
[03.12.2019 17:21:15] [Port COM4 - Closed] 
[03.12.2019 17:21:16] [Port COM4 - Closed] 
[03.12.2019 17:21:16] [Port COM4 - Closed] 
[03.12.2019 17:21:16] [Port COM4 - Closed] 
[03.12.2019 17:21:16] [Port COM4 - Closed] 
[03.12.2019 17:21:17] [Port COM4 - Closed] 
[03.12.2019 17:21:17] [Port COM4 - Closed] 
[03.12.2019 17:21:17] [Port COM4 - Closed] 
[03.12.2019 17:21:18] [Port COM4 - Closed] 
[03.12.2019 17:21:18] [Port COM4 - Closed] 
[03.12.2019 17:21:22] [Port COM4 - already Open] 
[03.12.2019 17:21:36] [Exiting system due to external CTRL-C, or process kill, or shutdown] 
[03.12.2019 17:22:37] [Thread started, processing..] 
[03.12.2019 17:22:37] [Start program] 
[03.12.2019 17:22:37] [ConnectionIni:172.16.0.4/3051:terra] 
[03.12.2019 17:22:37] [Connection bd - Open] 
[03.12.2019 17:22:37] [Port COM4 - already Open] 
[03.12.2019 17:22:42] [Port COM4 - Closed] 
[03.12.2019 17:22:42] [Port COM4 - Closed] 
[03.12.2019 17:22:43] [Port COM4 - Closed] 
[03.12.2019 17:22:43] [Port COM4 - Closed] 
[03.12.2019 17:22:43] [Port COM4 - Closed] 
[03.12.2019 17:22:43] [Port COM4 - Closed] 
[03.12.2019 17:22:44] [Port COM4 - Closed] 
[03.12.2019 17:22:44] [Port COM4 - Closed] 
[03.12.2019 17:22:44] [Port COM4 - Closed] 
[03.12.2019 17:22:45] [Port COM4 - Closed] 
[03.12.2019 17:22:45] [Port COM4 - Closed] 
[03.12.2019 17:22:45] [Port COM4 - Closed] 
[03.12.2019 17:22:45] [Port COM4 - Closed] 
[03.12.2019 17:22:46] [Port COM4 - Closed] 
[03.12.2019 17:22:46] [Port COM4 - Closed] 
[03.12.2019 17:22:46] [Port COM4 - Closed] 
[03.12.2019 17:22:46] [Port COM4 - Closed] 
[03.12.2019 17:22:47] [Port COM4 - Closed] 
[03.12.2019 17:22:51] [Port COM4 - already Open] 
[03.12.2019 17:22:58] [Exiting system due to external CTRL-C, or process kill, or shutdown] 
[03.12.2019 17:40:28] [Thread started, processing..] 
[03.12.2019 17:40:28] [Start program] 
[03.12.2019 17:40:28] [ConnectionIni:172.16.0.4/3051:terra] 
[03.12.2019 17:40:29] [Connection bd - Open] 
[03.12.2019 17:40:29] [Port COM4 - already Open] 
[03.12.2019 17:40:33] [Exiting system due to external CTRL-C, or process kill, or shutdown] 
[03.12.2019 17:40:50] [Thread started, processing..] 
[03.12.2019 17:40:50] [Start program] 
[03.12.2019 17:40:50] [ConnectionIni:172.16.0.4/3051:terra] 
[03.12.2019 17:40:50] [Connection bd - Open] 
[03.12.2019 17:40:50] [Port COM4 - already Open] 
[03.12.2019 17:40:58] [Port COM4 - Closed] 
[03.12.2019 17:40:58] [Port COM4 - Closed] 
[03.12.2019 17:40:58] [Port COM4 - Closed] 
[03.12.2019 17:40:59] [Port COM4 - Closed] 
[03.12.2019 17:40:59] [Port COM4 - Closed] 
[03.12.2019 17:40:59] [Port COM4 - Closed] 
[03.12.2019 17:40:59] [Port COM4 - Closed] 
[03.12.2019 17:41:00] [Port COM4 - Closed] 
[03.12.2019 17:41:00] [Port COM4 - Closed] 
[03.12.2019 17:41:00] [Port COM4 - Closed] 
[03.12.2019 17:41:01] [Port COM4 - Closed] 
[03.12.2019 17:41:01] [Port COM4 - Closed] 
[03.12.2019 17:41:01] [Port COM4 - Closed] 
[03.12.2019 17:41:01] [Port COM4 - Closed] 
[03.12.2019 17:41:02] [Port COM4 - Closed] 
[03.12.2019 17:41:02] [Port COM4 - Closed] 
[03.12.2019 17:41:02] [Port COM4 - Closed] 
[03.12.2019 17:41:02] [Port COM4 - Closed] 
[03.12.2019 17:41:03] [Port COM4 - Closed] 
[03.12.2019 17:41:03] [Port COM4 - Closed] 
[03.12.2019 17:41:03] [Port COM4 - Closed] 
[03.12.2019 17:41:04] [Port COM4 - Closed] 
[03.12.2019 17:41:08] [Port COM4 - already Open] 
[03.12.2019 17:41:26] [Thread started, processing..] 
[03.12.2019 17:41:26] [Start program] 
[03.12.2019 17:41:26] [ConnectionIni:172.16.0.4/3051:terra] 
[03.12.2019 17:41:27] [Connection bd - Open] 
[03.12.2019 17:41:27] [Port COM4 - already Open] 
[03.12.2019 17:41:33] [Port COM4 - Closed] 
[03.12.2019 17:41:33] [Port COM4 - Closed] 
[03.12.2019 17:41:33] [Port COM4 - Closed] 
[03.12.2019 17:41:33] [Port COM4 - Closed] 
[03.12.2019 17:41:34] [Port COM4 - Closed] 
[03.12.2019 17:41:34] [Port COM4 - Closed] 
[03.12.2019 17:41:34] [Port COM4 - Closed] 
[03.12.2019 17:41:34] [Port COM4 - Closed] 
[03.12.2019 17:41:35] [Port COM4 - Closed] 
[03.12.2019 17:41:35] [Port COM4 - Closed] 
[03.12.2019 17:41:39] [Port COM4 - already Open] 
[03.12.2019 17:42:53] [Exiting system due to external CTRL-C, or process kill, or shutdown] 
