[21.11.2019 10:54:28] [start program] 
[21.11.2019 10:54:28] [ConnectionIni:172.16.0.4/3050:terra] 
[21.11.2019 10:54:34] [CC-3003 BEGIN 15-11-2019
] 
[21.11.2019 10:54:34] [CC-3003 00000000001 1APTT TIME  ] 
[21.11.2019 10:54:34] [ 29.1 s    30.0 45.0 12:09
] 
[21.11.2019 10:54:34] [CC-3003 00000000001 1APTT RATIO ] 
[21.11.2019 10:54:34] [ 0.83      0.83 1.23 12:09
] 
[21.11.2019 10:54:34] [CC-3003 00000000001 1APTT TIME  ] 
[21.11.2019 10:54:34] [ 35.5 s    30.0 45.0 13:14
] 
[21.11.2019 10:54:34] [CC-3003 00000000001 1APTT RATIO ] 
[21.11.2019 10:54:34] [ 1.01      0.83 1.23 13:14
] 
[21.11.2019 10:54:34] [CC-3003 00000000002 1APTT TIME  ] 
[21.11.2019 10:54:35] [ 44.8 s    30.0 45.0 12:19
] 
[21.11.2019 10:54:35] [CC-3003 00000000002 1APTT RATIO ] 
[21.11.2019 10:54:35] [ 1.27      0.83 1.23 12:19
] 
[21.11.2019 10:54:35] [CC-3003 00000000003 1APTT TIME  ] 
[21.11.2019 10:54:35] [ 37.4 s    30.0 45.0 12:25
] 
[21.11.2019 10:54:35] [CC-3003 00000000003 1APTT RATIO ] 
[21.11.2019 10:54:35] [ 1.06      0.83 1.23 12:25
] 
[21.11.2019 10:54:35] [CC-3003 END 15-11-2019
] 
[21.11.2019 10:55:12] [start program] 
[21.11.2019 10:55:12] [ConnectionIni:172.16.0.4/3050:terra] 
[21.11.2019 10:55:19] [CC-3003 BEGIN 15-11-2019
] 
[21.11.2019 10:55:19] [CC-3003 00000000001 1APTT TIME  ] 
[21.11.2019 10:55:19] [ 29.1 s    30.0 45.0 12:09
] 
[21.11.2019 10:55:19] [CC-3003 00000000001 1APTT RATIO ] 
[21.11.2019 10:55:19] [ 0.83      0.83 1.23 12:09
] 
[21.11.2019 10:55:19] [CC-3003 00000000001 1APTT TIME  ] 
[21.11.2019 10:55:19] [ 35.5 s    30.0 45.0 13:14
] 
[21.11.2019 10:55:19] [CC-3003 00000000001 1APTT RATIO ] 
[21.11.2019 10:55:19] [ 1.01      0.83 1.23 13:14
] 
[21.11.2019 10:55:19] [CC-3003 00000000002 1APTT TIME  ] 
[21.11.2019 10:55:19] [ 44.8 s    30.0 45.0 12:19
] 
[21.11.2019 10:55:19] [CC-3003 00000000002 1APTT RATIO ] 
[21.11.2019 10:55:19] [ 1.27      0.83 1.23 12:19
] 
[21.11.2019 10:55:19] [CC-3003 00000000003 1APTT TIME  ] 
[21.11.2019 10:55:19] [ 37.4 s    30.0 45.0 12:25
] 
[21.11.2019 10:55:19] [CC-3003 00000000003 1APTT RATIO ] 
[21.11.2019 10:55:19] [ 1.06      0.83 1.23 12:25
] 
[21.11.2019 10:55:19] [CC-3003 END 15-11-2019
] 
[21.11.2019 10:56:04] [start program] 
[21.11.2019 10:56:04] [ConnectionIni:172.16.0.4/3050:terra] 
[21.11.2019 10:56:08] [CC-3003 BEGIN 15-11-2019
] 
[21.11.2019 10:56:08] [CC-3003 00000000001 1APTT TIME  ] 
[21.11.2019 10:56:08] [ 29.1 s    30.0 45.0 12:09
] 
[21.11.2019 10:56:08] [CC-3003 00000000001 1APTT RATIO ] 
[21.11.2019 10:56:08] [ 0.83      0.83 1.23 12:09
] 
[21.11.2019 10:56:08] [CC-3003 00000000001 1APTT TIME  ] 
[21.11.2019 10:56:08] [ 35.5 s    30.0 45.0 13:14
] 
[21.11.2019 10:56:08] [CC-3003 00000000001 1APTT RATIO ] 
[21.11.2019 10:56:08] [ 1.01      0.83 1.23 13:14
] 
[21.11.2019 10:56:09] [CC-3003 00000000002 1APTT TIME  ] 
[21.11.2019 10:56:09] [ 44.8 s    30.0 45.0 12:19
] 
[21.11.2019 10:56:09] [CC-3003 00000000002 1APTT RATIO ] 
[21.11.2019 10:56:09] [ 1.27      0.83 1.23 12:19
] 
[21.11.2019 10:56:09] [CC-3003 00000000003 1APTT TIME  ] 
[21.11.2019 10:56:09] [ 37.4 s    30.0 45.0 12:25
] 
[21.11.2019 10:56:09] [CC-3003 00000000003 1APTT RATIO ] 
[21.11.2019 10:56:09] [ 1.06      0.83 1.23 12:25
] 
[21.11.2019 10:56:09] [CC-3003 END 15-11-2019
] 
[21.11.2019 10:56:35] [start program] 
[21.11.2019 10:56:35] [ConnectionIni:172.16.0.4/3050:terra] 
[21.11.2019 10:56:40] [CC-3003 BEGIN 15-11-2019
] 
[21.11.2019 10:56:40] [CC-3003 00000000001 1APTT TIME   29.1 s    30.0 45.0 12:09
] 
[21.11.2019 10:56:40] [CC-3003 00000000001 1APTT RATIO ] 
[21.11.2019 10:56:40] [ 0.83      0.83 1.23 12:09
] 
[21.11.2019 10:56:40] [CC-3003 00000000001 1APTT TIME  ] 
[21.11.2019 10:56:40] [ 35.5 s    30.0 45.0 13:14
] 
[21.11.2019 10:56:40] [CC-3003 00000000001 1APTT RATIO ] 
[21.11.2019 10:56:40] [ 1.01      0.83 1.23 13:14
] 
[21.11.2019 10:56:40] [CC-3003 00000000002 1APTT TIME  ] 
[21.11.2019 10:56:40] [ 44.8 s    30.0 45.0 12:19
] 
[21.11.2019 10:56:40] [CC-3003 00000000002 1APTT RATIO ] 
[21.11.2019 10:56:40] [ 1.27      0.83 1.23 12:19
] 
[21.11.2019 10:56:40] [CC-3003 00000000003 1APTT TIME  ] 
[21.11.2019 10:56:40] [ 37.4 s    30.0 45.0 12:25
] 
[21.11.2019 10:56:41] [CC-3003 00000000003 1APTT RATIO ] 
[21.11.2019 10:56:41] [ 1.06      0.83 1.23 12:25
] 
[21.11.2019 10:56:41] [CC-3003 END 15-11-2019
] 
[21.11.2019 11:18:36] [start program] 
[21.11.2019 11:18:36] [ConnectionIni:172.16.0.4/3050:terra] 
[21.11.2019 11:18:45] [CC-3003 BEGIN 15-11-2019
] 
[21.11.2019 11:18:45] [CC-3003 00000000001 1APTT TIME  ] 
[21.11.2019 11:18:45] [ 29.1 s    30.0 45.0 12:09
] 
[21.11.2019 11:19:19] [start program] 
[21.11.2019 11:19:19] [ConnectionIni:172.16.0.4/3050:terra] 
[21.11.2019 11:19:23] [CC-3003 BEGIN 15-11-2019
] 
[21.11.2019 11:19:23] [CC-3003 00000000001 1APTT TIME  ] 
[21.11.2019 11:19:23] [ 29.1 s    30.0 45.0 12:09
] 
[21.11.2019 11:20:33] [start program] 
[21.11.2019 11:20:33] [ConnectionIni:172.16.0.4/3050:terra] 
[21.11.2019 11:20:38] [CC-3003 BEGIN 15-11-2019
] 
[21.11.2019 11:20:38] [CC-3003 00000000001 1APTT TIME  ] 
[21.11.2019 11:20:38] [ 29.1 s    30.0 45.0 12:09
] 
[21.11.2019 11:20:38] [CC-3003 00000000001 1APTT RATIO ] 
[21.11.2019 11:20:38] [ 0.83      0.83 1.23 12:09
] 
[21.11.2019 11:20:38] [CC-3003 00000000001 1APTT TIME  ] 
[21.11.2019 11:20:38] [ 35.5 s    30.0 45.0 13:14
] 
[21.11.2019 11:20:38] [CC-3003 00000000001 1APTT RATIO ] 
[21.11.2019 11:20:38] [ 1.01      0.83 1.23 13:14
] 
[21.11.2019 11:20:38] [CC-3003 00000000002 1APTT TIME  ] 
[21.11.2019 11:20:38] [ 44.8 s    30.0 45.0 12:19
] 
[21.11.2019 11:20:39] [CC-3003 00000000002 1APTT RATIO ] 
[21.11.2019 11:20:39] [ 1.27      0.83 1.23 12:19
] 
[21.11.2019 11:20:39] [CC-3003 00000000003 1APTT TIME  ] 
[21.11.2019 11:20:39] [ 37.4 s    30.0 45.0 12:25
] 
[21.11.2019 11:20:39] [CC-3003 00000000003 1APTT RATIO ] 
[21.11.2019 11:20:39] [ 1.06      0.83 1.23 12:25
] 
[21.11.2019 11:20:39] [CC-3003 END 15-11-2019
] 
[21.11.2019 11:21:43] [start program] 
[21.11.2019 11:21:43] [ConnectionIni:172.16.0.4/3050:terra] 
[21.11.2019 11:21:48] [CC-3003 BEGIN 15-11-2019
] 
[21.11.2019 11:21:48] [CC-3003 00000000001 1APTT TIME  ] 
[21.11.2019 11:21:48] [ 29.1 s    30.0 45.0 12:09
] 
[21.11.2019 11:21:48] [CC-3003 00000000001 1APTT RATIO ] 
[21.11.2019 11:21:48] [ 0.83      0.83 1.23 12:09
] 
[21.11.2019 11:21:48] [CC-3003 00000000001 1APTT TIME  ] 
[21.11.2019 11:21:48] [ 35.5 s    30.0 45.0 13:14
] 
[21.11.2019 11:21:48] [CC-3003 00000000001 1APTT RATIO ] 
[21.11.2019 11:21:48] [ 1.01      0.83 1.23 13:14
] 
[21.11.2019 11:21:48] [CC-3003 00000000002 1APTT TIME  ] 
[21.11.2019 11:21:48] [ 44.8 s    30.0 45.0 12:19
] 
[21.11.2019 11:21:48] [CC-3003 00000000002 1APTT RATIO ] 
[21.11.2019 11:21:48] [ 1.27      0.83 1.23 12:19
] 
[21.11.2019 11:21:48] [CC-3003 00000000003 1APTT TIME  ] 
[21.11.2019 11:21:48] [ 37.4 s    30.0 45.0 12:25
] 
[21.11.2019 11:21:48] [CC-3003 00000000003 1APTT RATIO ] 
[21.11.2019 11:21:48] [ 1.06      0.83 1.23 12:25
] 
[21.11.2019 11:21:48] [CC-3003 END 15-11-2019
] 
[21.11.2019 11:23:18] [start program] 
[21.11.2019 11:23:18] [ConnectionIni:172.16.0.4/3050:terra] 
[21.11.2019 11:23:28] [CC-3003 BEGIN 15-11-2019
] 
[21.11.2019 11:23:28] [CC-3003 00000000001 1APTT TIME  ] 
[21.11.2019 11:23:28] [ 29.1 s    30.0 45.0 12:09
] 
[21.11.2019 11:23:28] [CC-3003 00000000001 1APTT RATIO ] 
[21.11.2019 11:23:28] [ 0.83      0.83 1.23 12:09
] 
[21.11.2019 11:23:28] [CC-3003 00000000001 1APTT TIME  ] 
[21.11.2019 11:23:28] [ 35.5 s    30.0 45.0 13:14
] 
[21.11.2019 11:23:28] [CC-3003 00000000001 1APTT RATIO ] 
[21.11.2019 11:23:28] [ 1.01      0.83 1.23 13:14
] 
[21.11.2019 11:23:28] [CC-3003 00000000002 1APTT TIME  ] 
[21.11.2019 11:23:28] [ 44.8 s    30.0 45.0 12:19
] 
[21.11.2019 11:23:28] [CC-3003 00000000002 1APTT RATIO ] 
[21.11.2019 11:23:28] [ 1.27      0.83 1.23 12:19
] 
[21.11.2019 11:23:28] [CC-3003 00000000003 1APTT TIME  ] 
[21.11.2019 11:23:28] [ 37.4 s    30.0 45.0 12:25
] 
[21.11.2019 11:23:28] [CC-3003 00000000003 1APTT RATIO ] 
[21.11.2019 11:23:29] [ 1.06      0.83 1.23 12:25
] 
[21.11.2019 11:23:29] [CC-3003 END 15-11-2019
] 
[21.11.2019 11:44:01] [start program] 
[21.11.2019 11:44:01] [ConnectionIni:172.16.0.4/3050:terra] 
[21.11.2019 11:44:08] [CC-3003 BEGIN 15-11-2019
] 
[21.11.2019 11:44:08] [CC-3003 00000000001 1APTT TIME  ] 
[21.11.2019 11:44:08] [ 29.1 s    30.0 45.0 12:09
] 
[21.11.2019 11:45:10] [start program] 
[21.11.2019 11:45:10] [ConnectionIni:172.16.0.4/3050:terra] 
[21.11.2019 11:45:14] [CC-3003 BEGIN 15-11-2019
] 
[21.11.2019 11:45:14] [CC-3003 00000000001 1APTT TIME  ] 
[21.11.2019 11:45:14] [ 29.1 s    30.0 45.0 12:09
] 
[21.11.2019 11:45:15] [CC-3003 00000000001 1APTT RATIO  0.83      0.83 1.23 12:09
] 
[21.11.2019 11:45:15] [CC-3003 00000000001 1APTT TIME  ] 
[21.11.2019 11:45:15] [ 35.5 s    30.0 45.0 13:14
] 
[21.11.2019 11:45:15] [CC-3003 00000000001 1APTT RATIO ] 
[21.11.2019 11:45:15] [ 1.01      0.83 1.23 13:14
] 
[21.11.2019 11:45:15] [CC-3003 00000000002 1APTT TIME  ] 
[21.11.2019 11:45:15] [ 44.8 s    30.0 45.0 12:19
] 
[21.11.2019 11:45:15] [CC-3003 00000000002 1APTT RATIO ] 
[21.11.2019 11:45:15] [ 1.27      0.83 1.23 12:19
] 
[21.11.2019 11:45:15] [CC-3003 00000000003 1APTT TIME  ] 
[21.11.2019 11:45:15] [ 37.4 s    30.0 45.0 12:25
] 
[21.11.2019 11:45:15] [CC-3003 00000000003 1APTT RATIO ] 
[21.11.2019 11:45:15] [ 1.06      0.83 1.23 12:25
] 
[21.11.2019 11:45:15] [CC-3003 END 15-11-2019
] 
[21.11.2019 11:46:05] [start program] 
[21.11.2019 11:46:05] [ConnectionIni:172.16.0.4/3050:terra] 
[21.11.2019 11:46:10] [CC-3003 BEGIN 15-11-2019
] 
[21.11.2019 11:46:10] [CC-3003 00000000001 1APTT TIME  ] 
[21.11.2019 11:46:10] [ 29.1 s    30.0 45.0 12:09
] 
[21.11.2019 11:47:25] [start program] 
[21.11.2019 11:47:25] [ConnectionIni:172.16.0.4/3050:terra] 
[21.11.2019 11:47:29] [CC-3003 BEGIN 15-11-2019
] 
[21.11.2019 11:47:29] [CC-3003 00000000001 1APTT TIME  ] 
[21.11.2019 11:47:29] [ 29.1 s    30.0 45.0 12:09
] 
[21.11.2019 11:47:29] [CC-3003 00000000001 1APTT RATIO  0.83      0.83 1.23 12:09
CC-3003 00000000001 1APTT TIME  ] 
[21.11.2019 11:47:29] [ 35.5 s    30.0 45.0 13:14
] 
[21.11.2019 11:47:29] [CC-3003 00000000001 1APTT RATIO ] 
[21.11.2019 11:47:30] [ 1.01      0.83 1.23 13:14
] 
[21.11.2019 11:47:30] [CC-3003 00000000002 1APTT TIME  ] 
[21.11.2019 11:47:30] [ 44.8 s    30.0 45.0 12:19
] 
[21.11.2019 11:47:30] [CC-3003 00000000002 1APTT RATIO ] 
[21.11.2019 11:47:30] [ 1.27      0.83 1.23 12:19
] 
[21.11.2019 11:47:30] [CC-3003 00000000003 1APTT TIME  ] 
[21.11.2019 11:47:30] [ 37.4 s    30.0 45.0 12:25
] 
[21.11.2019 11:47:30] [CC-3003 00000000003 1APTT RATIO ] 
[21.11.2019 11:47:30] [ 1.06      0.83 1.23 12:25
] 
[21.11.2019 11:47:30] [CC-3003 END 15-11-2019
] 
[21.11.2019 11:48:12] [start program] 
[21.11.2019 11:48:12] [ConnectionIni:172.16.0.4/3050:terra] 
[21.11.2019 11:48:14] [CC-3003 BEGIN 15-11-2019
] 
[21.11.2019 11:48:14] [CC-3003 00000000001 1APTT TIME  ] 
[21.11.2019 11:48:14] [ 29.1 s    30.0 45.0 12:09
] 
[21.11.2019 11:48:15] [CC-3003 00000000001 1APTT RATIO  0.83      0.83 1.23 12:09
CC-3003 00000000001 1APTT TIME  ] 
[21.11.2019 11:48:15] [ 35.5 s    30.0 45.0 13:14
] 
[21.11.2019 11:48:15] [CC-3003 00000000001 1APTT RATIO ] 
[21.11.2019 11:48:15] [ 1.01      0.83 1.23 13:14
] 
[21.11.2019 11:48:15] [CC-3003 00000000002 1APTT TIME  ] 
[21.11.2019 11:48:15] [ 44.8 s    30.0 45.0 12:19
] 
[21.11.2019 11:48:15] [CC-3003 00000000002 1APTT RATIO ] 
[21.11.2019 11:48:15] [ 1.27      0.83 1.23 12:19
] 
[21.11.2019 11:48:15] [CC-3003 00000000003 1APTT TIME  ] 
[21.11.2019 11:48:15] [ 37.4 s    30.0 45.0 12:25
] 
[21.11.2019 11:48:15] [CC-3003 00000000003 1APTT RATIO ] 
[21.11.2019 11:48:15] [ 1.06      0.83 1.23 12:25
] 
[21.11.2019 11:48:15] [CC-3003 END 15-11-2019
] 
[21.11.2019 12:47:42] [start program] 
[21.11.2019 12:47:42] [ConnectionIni:172.16.0.4/3050:terra] 
[21.11.2019 12:47:47] [CC-3003 BEGIN 15-11-2019
] 
[21.11.2019 12:47:47] [CC-3003 00000000001 1APTT TIME  ] 
[21.11.2019 12:47:47] [ 29.1 s    30.0 45.0 12:09
] 
[21.11.2019 12:47:47] [CC-3003 00000000001 1APTT RATIO  0.83      0.83 1.23 12:09
CC-3003 00000000001 1APTT TIME   35.5 s    30.0 45.0 13:14
CC-3003 00000000001 1APTT RATIO  1.01      0.83 1.23 13:14
] 
[21.11.2019 12:47:47] [CC-3003 00000000002 1APTT TIME  ] 
[21.11.2019 12:47:47] [ 44.8 s    30.0 45.0 12:19
] 
[21.11.2019 12:47:47] [CC-3003 00000000002 1APTT RATIO ] 
[21.11.2019 12:47:47] [ 1.27      0.83 1.23 12:19
] 
[21.11.2019 12:47:47] [CC-3003 00000000003 1APTT TIME  ] 
[21.11.2019 12:47:47] [ 37.4 s    30.0 45.0 12:25
] 
[21.11.2019 12:47:47] [CC-3003 00000000003 1APTT RATIO ] 
[21.11.2019 12:47:47] [ 1.06      0.83 1.23 12:25
] 
[21.11.2019 12:47:47] [CC-3003 END 15-11-2019
] 
[21.11.2019 12:50:14] [start program] 
[21.11.2019 12:50:14] [ConnectionIni:172.16.0.4/3050:terra] 
[21.11.2019 12:50:19] [CC-3003 BEGIN 15-11-2019
] 
[21.11.2019 12:50:19] [CC-3003 00000000001 1APTT TIME  ] 
[21.11.2019 12:50:19] [ 29.1 s    30.0 45.0 12:09
] 
[21.11.2019 12:50:19] [CC-3003 00000000001 1APTT RATIO  0.83      0.83 1.23 12:09
CC-3003 00000000001 1APTT TIME   35.5 s    30.0 45.0 13:14
CC-3003 00000000001 1APTT RATIO ] 
[21.11.2019 12:50:19] [ 1.01      0.83 1.23 13:14
] 
[21.11.2019 12:50:19] [CC-3003 00000000002 1APTT TIME  ] 
[21.11.2019 12:50:19] [ 44.8 s    30.0 45.0 12:19
] 
[21.11.2019 12:50:19] [CC-3003 00000000002 1APTT RATIO  1.27      0.83 1.23 12:19
] 
[21.11.2019 12:50:20] [CC-3003 00000000003 1APTT TIME  ] 
[21.11.2019 12:50:20] [ 37.4 s    30.0 45.0 12:25
] 
[21.11.2019 12:50:20] [CC-3003 00000000003 1APTT RATIO ] 
[21.11.2019 12:50:20] [ 1.06      0.83 1.23 12:25
] 
[21.11.2019 12:50:20] [CC-3003 END 15-11-2019
] 
[21.11.2019 12:50:25] [CC-3003 BEGIN 15-11-2019
] 
[21.11.2019 12:50:25] [CC-3003 00000000001 1APTT TIME  ] 
[21.11.2019 12:50:25] [ 29.1 s    30.0 45.0 12:09
] 
[21.11.2019 12:50:25] [CC-3003 00000000001 1APTT RATIO  0.83      0.83 1.23 12:09
] 
[21.11.2019 12:50:25] [CC-3003 00000000001 1APTT TIME  ] 
[21.11.2019 12:50:25] [ 35.5 s    30.0 45.0 13:14
] 
[21.11.2019 12:50:25] [CC-3003 00000000001 1APTT RATIO ] 
[21.11.2019 12:50:25] [ 1.01      0.83 1.23 13:14
] 
[21.11.2019 12:50:25] [CC-3003 00000000002 1APTT TIME  ] 
[21.11.2019 12:50:25] [ 44.8 s    30.0 45.0 12:19
] 
[21.11.2019 12:50:25] [CC-3003 00000000002 1APTT RATIO ] 
[21.11.2019 12:50:25] [ 1.27      0.83 1.23 12:19
] 
[21.11.2019 12:50:25] [CC-3003 00000000003 1APTT TIME  ] 
[21.11.2019 12:50:25] [ 37.4 s    30.0 45.0 12:25
] 
[21.11.2019 12:50:25] [CC-3003 00000000003 1APTT RATIO ] 
[21.11.2019 12:50:25] [ 1.06      0.83 1.23 12:25
] 
[21.11.2019 12:50:26] [CC-3003 END 15-11-2019
] 
[21.11.2019 12:50:30] [CC-3003 BEGIN 15-11-2019
] 
[21.11.2019 12:50:30] [CC-3003 00000000001 1APTT TIME  ] 
[21.11.2019 12:50:30] [ 29.1 s    30.0 45.0 12:09
] 
[21.11.2019 12:50:30] [CC-3003 00000000001 1APTT RATIO ] 
[21.11.2019 12:50:30] [ 0.83      0.83 1.23 12:09
] 
[21.11.2019 12:50:30] [CC-3003 00000000001 1APTT TIME  ] 
[21.11.2019 12:50:30] [ 35.5 s    30.0 45.0 13:14
] 
[21.11.2019 12:50:30] [CC-3003 00000000001 1APTT RATIO ] 
[21.11.2019 12:50:30] [ 1.01      0.83 1.23 13:14
] 
[21.11.2019 12:50:30] [CC-3003 00000000002 1APTT TIME  ] 
[21.11.2019 12:50:30] [ 44.8 s    30.0 45.0 12:19
] 
[21.11.2019 12:50:30] [CC-3003 00000000002 1APTT RATIO ] 
[21.11.2019 12:50:30] [ 1.27      0.83 1.23 12:19
] 
[21.11.2019 12:50:30] [CC-3003 00000000003 1APTT TIME  ] 
[21.11.2019 12:50:30] [ 37.4 s    30.0 45.0 12:25
] 
[21.11.2019 12:50:30] [CC-3003 00000000003 1APTT RATIO ] 
[21.11.2019 12:50:30] [ 1.06      0.83 1.23 12:25
] 
[21.11.2019 12:50:30] [CC-3003 END 15-11-2019
] 
[21.11.2019 12:50:39] [CC-3003 BEGIN 15-11-2019
] 
[21.11.2019 12:50:39] [CC-3003 00000000001 1APTT TIME   29.1 s    30.0 45.0 12:09
CC-3003 00000000001 1APTT RATIO  0.83      0.83 1.23 12:09
CC-3003 00000000001 1APTT TIME   35.5 s    30.0 45.0 13:14
CC-3003 00000000001 1APTT RATIO  1.01      0.83 1.23 13:14
CC-3003 00000000002 1APTT TIME   44.8 s    30.0 45.0 12:19
CC-3003 00000000002 1APTT RATIO  1.27      0.83 1.23 12:19
CC-3003 00000000003 1APTT TIME   37.4 s    30.0 45.0 12:25
CC-3003 00000000003 1APTT RATIO  1.06      0.83 1.23 12:25
CC-3003 END 15-11-2019
] 
[21.11.2019 12:50:50] [CC-3003 BEGIN 15-11-2019
] 
[21.11.2019 12:50:50] [CC-3003 00000000001 1APTT TIME  ] 
[21.11.2019 12:50:50] [ 29.1 s    30.0 45.0 12:09
] 
[21.11.2019 12:50:50] [CC-3003 00000000001 1APTT RATIO  0.83      0.83 1.23 12:09
] 
[21.11.2019 12:50:50] [CC-3003 00000000001 1APTT TIME  ] 
[21.11.2019 12:50:50] [ 35.5 s    30.0 45.0 13:14
] 
[21.11.2019 12:50:50] [CC-3003 00000000001 1APTT RATIO ] 
[21.11.2019 12:50:50] [ 1.01      0.83 1.23 13:14
] 
[21.11.2019 12:50:50] [CC-3003 00000000002 1APTT TIME  ] 
[21.11.2019 12:50:50] [ 44.8 s    30.0 45.0 12:19
] 
[21.11.2019 12:50:50] [CC-3003 00000000002 1APTT RATIO ] 
[21.11.2019 12:50:50] [ 1.27      0.83 1.23 12:19
] 
[21.11.2019 12:50:50] [CC-3003 00000000003 1APTT TIME  ] 
[21.11.2019 12:50:50] [ 37.4 s    30.0 45.0 12:25
] 
[21.11.2019 12:50:50] [CC-3003 00000000003 1APTT RATIO ] 
[21.11.2019 12:50:50] [ 1.06      0.83 1.23 12:25
] 
[21.11.2019 12:50:50] [CC-3003 END 15-11-2019
] 
[21.11.2019 13:23:12] [start program] 
[21.11.2019 13:23:12] [ConnectionIni:172.16.0.4/3050:terra] 
[21.11.2019 13:23:18] [CC-3003 BEGIN 15-11-2019
] 
[21.11.2019 13:23:18] [CC-3003 00000000001 1APTT TIME  ] 
[21.11.2019 13:23:18] [ 29.1 s    30.0 45.0 12:09
] 
[21.11.2019 13:23:18] [CC-3003 00000000001 1APTT RATIO  0.83      0.83 1.23 12:09
CC-3003 00000000001 1APTT TIME   35.5 s    30.0 45.0 13:14
CC-3003 00000000001 1APTT RATIO ] 
[21.11.2019 13:23:18] [ 1.01      0.83 1.23 13:14
] 
[21.11.2019 13:23:18] [CC-3003 00000000002 1APTT TIME  ] 
[21.11.2019 13:23:18] [ 44.8 s    30.0 45.0 12:19
] 
[21.11.2019 13:23:18] [CC-3003 00000000002 1APTT RATIO ] 
[21.11.2019 13:23:18] [ 1.27      0.83 1.23 12:19
] 
[21.11.2019 13:23:18] [CC-3003 00000000003 1APTT TIME  ] 
[21.11.2019 13:23:18] [ 37.4 s    30.0 45.0 12:25
] 
[21.11.2019 13:23:18] [CC-3003 00000000003 1APTT RATIO ] 
[21.11.2019 13:23:18] [ 1.06      0.83 1.23 12:25
] 
[21.11.2019 13:23:18] [CC-3003 END 15-11-2019
] 
[21.11.2019 13:59:22] [CC-3003 BEGIN 15-11-2019
] 
[21.11.2019 13:59:22] [CC-3003 00000000001 1APTT TIME  ] 
[21.11.2019 13:59:22] [ 29.1 s    30.0 45.0 12:09
] 
[21.11.2019 13:59:22] [CC-3003 00000000001 1APTT RATIO ] 
[21.11.2019 13:59:22] [ 0.83      0.83 1.23 12:09
] 
[21.11.2019 13:59:22] [CC-3003 00000000001 1APTT TIME  ] 
[21.11.2019 13:59:23] [ 35.5 s    30.0 45.0 13:14
] 
[21.11.2019 13:59:23] [CC-3003 00000000001 1APTT RATIO  1.01      0.83 1.23 13:14
] 
[21.11.2019 13:59:23] [CC-3003 00000000002 1APTT TIME  ] 
[21.11.2019 13:59:23] [ 44.8 s    30.0 45.0 12:19
] 
[21.11.2019 13:59:23] [CC-3003 00000000002 1APTT RATIO ] 
[21.11.2019 13:59:23] [ 1.27      0.83 1.23 12:19
] 
[21.11.2019 13:59:23] [CC-3003 00000000003 1APTT TIME  ] 
[21.11.2019 13:59:23] [ 37.4 s    30.0 45.0 12:25
] 
[21.11.2019 13:59:23] [CC-3003 00000000003 1APTT RATIO ] 
[21.11.2019 13:59:23] [ 1.06      0.83 1.23 12:25
] 
[21.11.2019 13:59:23] [CC-3003 END 15-11-2019
] 
[21.11.2019 17:07:43] [start program] 
[21.11.2019 17:07:43] [ConnectionIni:172.16.0.4/3050:terra] 
[21.11.2019 17:07:47] [ ] 
[21.11.2019 17:13:03] [start program] 
[21.11.2019 17:13:03] [ConnectionIni:172.16.0.4/3050:terra] 
[21.11.2019 17:13:20] [start program] 
[21.11.2019 17:13:20] [ConnectionIni:172.16.0.4/3050:terra] 
[21.11.2019 17:13:41] [ ] 
[21.11.2019 17:13:58] [start program] 
[21.11.2019 17:13:58] [ConnectionIni:172.16.0.4/3050:terra] 
[21.11.2019 17:14:18] [CC-3003 BEGIN 15-11-2019
] 
[21.11.2019 17:14:18] [CC-3003 00000000001 1APTT TIME  ] 
[21.11.2019 17:14:18] [ 29.1 s    30.0 45.0 12:09
] 
[21.11.2019 17:14:19] [CC-3003 00000000001 1APTT RATIO  0.83      0.83 1.23 12:09
CC-3003 00000000001 1APTT TIME   35.5 s    30.0 45.0 13:14
CC-3003 00000000001 1APTT RATIO ] 
[21.11.2019 17:14:19] [ 1.01      0.83 1.23 13:14
] 
[21.11.2019 17:14:19] [CC-3003 00000000002 1APTT TIME   44.8 s    30.0 45.0 12:19
] 
[21.11.2019 17:14:19] [CC-3003 00000000002 1APTT RATIO ] 
[21.11.2019 17:14:19] [ 1.27      0.83 1.23 12:19
] 
[21.11.2019 17:14:19] [CC-3003 00000000003 1APTT TIME  ] 
[21.11.2019 17:14:19] [ 37.4 s    30.0 45.0 12:25
] 
[21.11.2019 17:14:19] [CC-3003 00000000003 1APTT RATIO ] 
[21.11.2019 17:14:19] [ 1.06      0.83 1.23 12:25
] 
[21.11.2019 17:14:19] [CC-3003 END 15-11-2019
] 
[21.11.2019 17:15:36] [start program] 
[21.11.2019 17:15:36] [ConnectionIni:172.16.0.4/3050:terra] 
[21.11.2019 17:15:42] [CC-3003 BEGIN 15-11-2019
] 
[21.11.2019 17:15:42] [CC-3003 00000000001 1APTT TIME   29.1 s    30.0 45.0 12:09
] 
[21.11.2019 17:15:42] [CC-3003 00000000001 1APTT RATIO ] 
[21.11.2019 17:15:42] [ 0.83      0.83 1.23 12:09
] 
[21.11.2019 17:15:42] [CC-3003 00000000001 1APTT TIME   35.5 s    30.0 45.0 13:14
CC-3003 00000000001 1APTT RATIO  1.01      0.83 1.23 13:14
CC-3003 00000000002 1APTT TIME  ] 
[21.11.2019 17:15:42] [ 44.8 s    30.0 45.0 12:19
] 
[21.11.2019 17:15:42] [CC-3003 00000000002 1APTT RATIO ] 
[21.11.2019 17:15:42] [ 1.27      0.83 1.23 12:19
] 
[21.11.2019 17:15:42] [CC-3003 00000000003 1APTT TIME  ] 
[21.11.2019 17:15:42] [ 37.4 s    30.0 45.0 12:25
] 
[21.11.2019 17:15:42] [CC-3003 00000000003 1APTT RATIO ] 
[21.11.2019 17:15:43] [ 1.06      0.83 1.23 12:25
] 
[21.11.2019 17:15:43] [CC-3003 END 15-11-2019
] 
[21.11.2019 17:16:32] [start program] 
[21.11.2019 17:16:32] [ConnectionIni:172.16.0.4/3050:terra] 
[21.11.2019 17:16:36] [CC-3003 BEGIN 15-11-2019
] 
[21.11.2019 17:16:36] [CC-3003 00000000001 1APTT TIME  ] 
[21.11.2019 17:16:36] [ 29.1 s    30.0 45.0 12:09
] 
[21.11.2019 17:16:37] [update jor_results_dt d set d.IS_OUT_OF_NORM = 0, 
d.result_text = '11545026', 
d.hardware_date_updated = current_timestamp, d.hardware_info = ('CC-4000') 
where ID = (select R.ID  
from JOR_CHECKS_DT D  
inner join JOR_CHECKS C on C.ID = D.HD_ID  
inner join JOR_RESULTS_DT R on R.HD_ID = D.ID  
left join DIC_NO_OPPORT_TO_RES N on N.ID = D.DIC_NO_OPPORT_TO_RES_ID  
where (R.HD_ID = D.ID) and(D.DATE_DONE is null) and(D.IS_REFUSE = 0)  
and (D.BULB_NUM_CODE = cast('00000000001' as NAME))  
and (R.CODE_NAME = cast(  
('APTT_t') as MIDDLE_NAME))  
and((D.DIC_NO_OPPORT_TO_RES_ID is null) or(N.IS_IN_WORK = 1)))] 
[21.11.2019 17:16:37] [CC-3003 00000000001 1APTT RATIO  0.83      0.83 1.23 12:09
CC-3003 00000000001 1APTT TIME   35.5 s    30.0 45.0 13:14
CC-3003 00000000001 1APTT RATIO ] 
[21.11.2019 17:16:37] [ 1.01      0.83 1.23 13:14
] 
[21.11.2019 17:16:37] [update jor_results_dt d set d.IS_OUT_OF_NORM = 0, 
d.result_text = '11545026', 
d.hardware_date_updated = current_timestamp, d.hardware_info = ('CC-4000') 
where ID = (select R.ID  
from JOR_CHECKS_DT D  
inner join JOR_CHECKS C on C.ID = D.HD_ID  
inner join JOR_RESULTS_DT R on R.HD_ID = D.ID  
left join DIC_NO_OPPORT_TO_RES N on N.ID = D.DIC_NO_OPPORT_TO_RES_ID  
where (R.HD_ID = D.ID) and(D.DATE_DONE is null) and(D.IS_REFUSE = 0)  
and (D.BULB_NUM_CODE = cast('00000000001' as NAME))  
and (R.CODE_NAME = cast(  
('APTT_t') as MIDDLE_NAME))  
and((D.DIC_NO_OPPORT_TO_RES_ID is null) or(N.IS_IN_WORK = 1)))] 
[21.11.2019 17:16:37] [CC-3003 00000000002 1APTT TIME  ] 
[21.11.2019 17:16:37] [ 44.8 s    30.0 45.0 12:19
] 
[21.11.2019 17:16:37] [update jor_results_dt d set d.IS_OUT_OF_NORM = 0, 
d.result_text = '11545026', 
d.hardware_date_updated = current_timestamp, d.hardware_info = ('CC-4000') 
where ID = (select R.ID  
from JOR_CHECKS_DT D  
inner join JOR_CHECKS C on C.ID = D.HD_ID  
inner join JOR_RESULTS_DT R on R.HD_ID = D.ID  
left join DIC_NO_OPPORT_TO_RES N on N.ID = D.DIC_NO_OPPORT_TO_RES_ID  
where (R.HD_ID = D.ID) and(D.DATE_DONE is null) and(D.IS_REFUSE = 0)  
and (D.BULB_NUM_CODE = cast('00000000002' as NAME))  
and (R.CODE_NAME = cast(  
('APTT_t') as MIDDLE_NAME))  
and((D.DIC_NO_OPPORT_TO_RES_ID is null) or(N.IS_IN_WORK = 1)))] 
[21.11.2019 17:16:37] [CC-3003 00000000002 1APTT RATIO ] 
[21.11.2019 17:16:37] [ 1.27      0.83 1.23 12:19
] 
[21.11.2019 17:16:37] [update jor_results_dt d set d.IS_OUT_OF_NORM = 0, 
d.result_text = '11545026', 
d.hardware_date_updated = current_timestamp, d.hardware_info = ('CC-4000') 
where ID = (select R.ID  
from JOR_CHECKS_DT D  
inner join JOR_CHECKS C on C.ID = D.HD_ID  
inner join JOR_RESULTS_DT R on R.HD_ID = D.ID  
left join DIC_NO_OPPORT_TO_RES N on N.ID = D.DIC_NO_OPPORT_TO_RES_ID  
where (R.HD_ID = D.ID) and(D.DATE_DONE is null) and(D.IS_REFUSE = 0)  
and (D.BULB_NUM_CODE = cast('00000000002' as NAME))  
and (R.CODE_NAME = cast(  
('APTT_t') as MIDDLE_NAME))  
and((D.DIC_NO_OPPORT_TO_RES_ID is null) or(N.IS_IN_WORK = 1)))] 
[21.11.2019 17:16:37] [CC-3003 00000000003 1APTT TIME   37.4 s    30.0 45.0 12:25
] 
[21.11.2019 17:16:37] [CC-3003 00000000003 1APTT RATIO ] 
[21.11.2019 17:16:37] [ 1.06      0.83 1.23 12:25
] 
[21.11.2019 17:16:37] [update jor_results_dt d set d.IS_OUT_OF_NORM = 0, 
d.result_text = '11545026', 
d.hardware_date_updated = current_timestamp, d.hardware_info = ('CC-4000') 
where ID = (select R.ID  
from JOR_CHECKS_DT D  
inner join JOR_CHECKS C on C.ID = D.HD_ID  
inner join JOR_RESULTS_DT R on R.HD_ID = D.ID  
left join DIC_NO_OPPORT_TO_RES N on N.ID = D.DIC_NO_OPPORT_TO_RES_ID  
where (R.HD_ID = D.ID) and(D.DATE_DONE is null) and(D.IS_REFUSE = 0)  
and (D.BULB_NUM_CODE = cast('00000000003' as NAME))  
and (R.CODE_NAME = cast(  
('APTT_t') as MIDDLE_NAME))  
and((D.DIC_NO_OPPORT_TO_RES_ID is null) or(N.IS_IN_WORK = 1)))] 
[21.11.2019 17:16:37] [CC-3003 END 15-11-2019
] 
[21.11.2019 17:17:42] [start program] 
[21.11.2019 17:17:42] [ConnectionIni:172.16.0.4/3050:terra] 
[21.11.2019 17:17:46] [CC-3003 BEGIN 15-11-2019
] 
[21.11.2019 17:17:46] [CC-3003 00000000001 1APTT TIME  ] 
[21.11.2019 17:17:46] [ 29.1 s    30.0 45.0 12:09
] 
[21.11.2019 17:17:47] [update jor_results_dt d set d.IS_OUT_OF_NORM = 0, 
d.result_text = '11545026', 
d.hardware_date_updated = current_timestamp, d.hardware_info = ('CC-4000') 
where ID = (select R.ID  
from JOR_CHECKS_DT D  
inner join JOR_CHECKS C on C.ID = D.HD_ID  
inner join JOR_RESULTS_DT R on R.HD_ID = D.ID  
left join DIC_NO_OPPORT_TO_RES N on N.ID = D.DIC_NO_OPPORT_TO_RES_ID  
where (R.HD_ID = D.ID) and(D.DATE_DONE is null) and(D.IS_REFUSE = 0)  
and (D.BULB_NUM_CODE = cast('11545026' as NAME))  
and (R.CODE_NAME = cast(  
('APTT_t') as MIDDLE_NAME))  
and((D.DIC_NO_OPPORT_TO_RES_ID is null) or(N.IS_IN_WORK = 1)))] 
[21.11.2019 17:17:47] [CC-3003 00000000001 1APTT RATIO  0.83      0.83 1.23 12:09
CC-3003 00000000001 1APTT TIME   35.5 s    30.0 45.0 13:14
CC-3003 00000000001 1APTT RATIO  1.01      0.83 1.23 13:14
] 
[21.11.2019 17:17:47] [CC-3003 00000000002 1APTT TIME  ] 
[21.11.2019 17:17:47] [ 44.8 s    30.0 45.0 12:19
] 
[21.11.2019 17:17:47] [update jor_results_dt d set d.IS_OUT_OF_NORM = 0, 
d.result_text = '11545026', 
d.hardware_date_updated = current_timestamp, d.hardware_info = ('CC-4000') 
where ID = (select R.ID  
from JOR_CHECKS_DT D  
inner join JOR_CHECKS C on C.ID = D.HD_ID  
inner join JOR_RESULTS_DT R on R.HD_ID = D.ID  
left join DIC_NO_OPPORT_TO_RES N on N.ID = D.DIC_NO_OPPORT_TO_RES_ID  
where (R.HD_ID = D.ID) and(D.DATE_DONE is null) and(D.IS_REFUSE = 0)  
and (D.BULB_NUM_CODE = cast('11545026' as NAME))  
and (R.CODE_NAME = cast(  
('APTT_t') as MIDDLE_NAME))  
and((D.DIC_NO_OPPORT_TO_RES_ID is null) or(N.IS_IN_WORK = 1)))] 
[21.11.2019 17:17:47] [CC-3003 00000000002 1APTT RATIO ] 
[21.11.2019 17:17:47] [ 1.27      0.83 1.23 12:19
] 
[21.11.2019 17:17:47] [update jor_results_dt d set d.IS_OUT_OF_NORM = 0, 
d.result_text = '11545026', 
d.hardware_date_updated = current_timestamp, d.hardware_info = ('CC-4000') 
where ID = (select R.ID  
from JOR_CHECKS_DT D  
inner join JOR_CHECKS C on C.ID = D.HD_ID  
inner join JOR_RESULTS_DT R on R.HD_ID = D.ID  
left join DIC_NO_OPPORT_TO_RES N on N.ID = D.DIC_NO_OPPORT_TO_RES_ID  
where (R.HD_ID = D.ID) and(D.DATE_DONE is null) and(D.IS_REFUSE = 0)  
and (D.BULB_NUM_CODE = cast('11545026' as NAME))  
and (R.CODE_NAME = cast(  
('APTT_t') as MIDDLE_NAME))  
and((D.DIC_NO_OPPORT_TO_RES_ID is null) or(N.IS_IN_WORK = 1)))] 
[21.11.2019 17:17:47] [CC-3003 00000000003 1APTT TIME  ] 
[21.11.2019 17:17:47] [ 37.4 s    30.0 45.0 12:25
] 
[21.11.2019 17:17:47] [update jor_results_dt d set d.IS_OUT_OF_NORM = 0, 
d.result_text = '11545026', 
d.hardware_date_updated = current_timestamp, d.hardware_info = ('CC-4000') 
where ID = (select R.ID  
from JOR_CHECKS_DT D  
inner join JOR_CHECKS C on C.ID = D.HD_ID  
inner join JOR_RESULTS_DT R on R.HD_ID = D.ID  
left join DIC_NO_OPPORT_TO_RES N on N.ID = D.DIC_NO_OPPORT_TO_RES_ID  
where (R.HD_ID = D.ID) and(D.DATE_DONE is null) and(D.IS_REFUSE = 0)  
and (D.BULB_NUM_CODE = cast('11545026' as NAME))  
and (R.CODE_NAME = cast(  
('APTT_t') as MIDDLE_NAME))  
and((D.DIC_NO_OPPORT_TO_RES_ID is null) or(N.IS_IN_WORK = 1)))] 
[21.11.2019 17:17:47] [CC-3003 00000000003 1APTT RATIO ] 
[21.11.2019 17:17:47] [ 1.06      0.83 1.23 12:25
] 
[21.11.2019 17:17:47] [update jor_results_dt d set d.IS_OUT_OF_NORM = 0, 
d.result_text = '11545026', 
d.hardware_date_updated = current_timestamp, d.hardware_info = ('CC-4000') 
where ID = (select R.ID  
from JOR_CHECKS_DT D  
inner join JOR_CHECKS C on C.ID = D.HD_ID  
inner join JOR_RESULTS_DT R on R.HD_ID = D.ID  
left join DIC_NO_OPPORT_TO_RES N on N.ID = D.DIC_NO_OPPORT_TO_RES_ID  
where (R.HD_ID = D.ID) and(D.DATE_DONE is null) and(D.IS_REFUSE = 0)  
and (D.BULB_NUM_CODE = cast('11545026' as NAME))  
and (R.CODE_NAME = cast(  
('APTT_t') as MIDDLE_NAME))  
and((D.DIC_NO_OPPORT_TO_RES_ID is null) or(N.IS_IN_WORK = 1)))] 
[21.11.2019 17:17:47] [CC-3003 END 15-11-2019
] 
[21.11.2019 17:19:49] [start program] 
[21.11.2019 17:19:49] [ConnectionIni:172.16.0.4/3050:terra] 
[21.11.2019 17:19:54] [CC-3003 BEGIN 15-11-2019
] 
[21.11.2019 17:19:54] [CC-3003 00000000001 1APTT TIME  ] 
[21.11.2019 17:19:54] [ 29.1 s    30.0 45.0 12:09
] 
[21.11.2019 17:19:55] [update jor_results_dt d set d.IS_OUT_OF_NORM = 0, 
d.result_text = '666', 
d.hardware_date_updated = current_timestamp, d.hardware_info = ('CC-4000') 
where ID = (select R.ID  
from JOR_CHECKS_DT D  
inner join JOR_CHECKS C on C.ID = D.HD_ID  
inner join JOR_RESULTS_DT R on R.HD_ID = D.ID  
left join DIC_NO_OPPORT_TO_RES N on N.ID = D.DIC_NO_OPPORT_TO_RES_ID  
where (R.HD_ID = D.ID) and(D.DATE_DONE is null) and(D.IS_REFUSE = 0)  
and (D.BULB_NUM_CODE = cast('11545026' as NAME))  
and (R.CODE_NAME = cast(  
('APTT_t') as MIDDLE_NAME))  
and((D.DIC_NO_OPPORT_TO_RES_ID is null) or(N.IS_IN_WORK = 1)))] 
[21.11.2019 17:19:55] [CC-3003 00000000001 1APTT RATIO  0.83      0.83 1.23 12:09
CC-3003 00000000001 1APTT TIME   35.5 s    30.0 45.0 13:14
CC-3003 00000000001 1APTT RATIO  1.01      0.83 1.23 13:14
] 
[21.11.2019 17:19:55] [CC-3003 00000000002 1APTT TIME  ] 
[21.11.2019 17:19:55] [ 44.8 s    30.0 45.0 12:19
] 
[21.11.2019 17:19:55] [update jor_results_dt d set d.IS_OUT_OF_NORM = 0, 
d.result_text = '666', 
d.hardware_date_updated = current_timestamp, d.hardware_info = ('CC-4000') 
where ID = (select R.ID  
from JOR_CHECKS_DT D  
inner join JOR_CHECKS C on C.ID = D.HD_ID  
inner join JOR_RESULTS_DT R on R.HD_ID = D.ID  
left join DIC_NO_OPPORT_TO_RES N on N.ID = D.DIC_NO_OPPORT_TO_RES_ID  
where (R.HD_ID = D.ID) and(D.DATE_DONE is null) and(D.IS_REFUSE = 0)  
and (D.BULB_NUM_CODE = cast('11545026' as NAME))  
and (R.CODE_NAME = cast(  
('APTT_t') as MIDDLE_NAME))  
and((D.DIC_NO_OPPORT_TO_RES_ID is null) or(N.IS_IN_WORK = 1)))] 
[21.11.2019 17:19:55] [CC-3003 00000000002 1APTT RATIO ] 
[21.11.2019 17:19:55] [ 1.27      0.83 1.23 12:19
] 
[21.11.2019 17:19:55] [update jor_results_dt d set d.IS_OUT_OF_NORM = 0, 
d.result_text = '666', 
d.hardware_date_updated = current_timestamp, d.hardware_info = ('CC-4000') 
where ID = (select R.ID  
from JOR_CHECKS_DT D  
inner join JOR_CHECKS C on C.ID = D.HD_ID  
inner join JOR_RESULTS_DT R on R.HD_ID = D.ID  
left join DIC_NO_OPPORT_TO_RES N on N.ID = D.DIC_NO_OPPORT_TO_RES_ID  
where (R.HD_ID = D.ID) and(D.DATE_DONE is null) and(D.IS_REFUSE = 0)  
and (D.BULB_NUM_CODE = cast('11545026' as NAME))  
and (R.CODE_NAME = cast(  
('APTT_t') as MIDDLE_NAME))  
and((D.DIC_NO_OPPORT_TO_RES_ID is null) or(N.IS_IN_WORK = 1)))] 
[21.11.2019 17:19:55] [CC-3003 00000000003 1APTT TIME  ] 
[21.11.2019 17:19:55] [ 37.4 s    30.0 45.0 12:25
] 
[21.11.2019 17:19:55] [update jor_results_dt d set d.IS_OUT_OF_NORM = 0, 
d.result_text = '666', 
d.hardware_date_updated = current_timestamp, d.hardware_info = ('CC-4000') 
where ID = (select R.ID  
from JOR_CHECKS_DT D  
inner join JOR_CHECKS C on C.ID = D.HD_ID  
inner join JOR_RESULTS_DT R on R.HD_ID = D.ID  
left join DIC_NO_OPPORT_TO_RES N on N.ID = D.DIC_NO_OPPORT_TO_RES_ID  
where (R.HD_ID = D.ID) and(D.DATE_DONE is null) and(D.IS_REFUSE = 0)  
and (D.BULB_NUM_CODE = cast('11545026' as NAME))  
and (R.CODE_NAME = cast(  
('APTT_t') as MIDDLE_NAME))  
and((D.DIC_NO_OPPORT_TO_RES_ID is null) or(N.IS_IN_WORK = 1)))] 
[21.11.2019 17:19:55] [CC-3003 00000000003 1APTT RATIO ] 
[21.11.2019 17:19:55] [ 1.06      0.83 1.23 12:25
] 
[21.11.2019 17:19:55] [update jor_results_dt d set d.IS_OUT_OF_NORM = 0, 
d.result_text = '666', 
d.hardware_date_updated = current_timestamp, d.hardware_info = ('CC-4000') 
where ID = (select R.ID  
from JOR_CHECKS_DT D  
inner join JOR_CHECKS C on C.ID = D.HD_ID  
inner join JOR_RESULTS_DT R on R.HD_ID = D.ID  
left join DIC_NO_OPPORT_TO_RES N on N.ID = D.DIC_NO_OPPORT_TO_RES_ID  
where (R.HD_ID = D.ID) and(D.DATE_DONE is null) and(D.IS_REFUSE = 0)  
and (D.BULB_NUM_CODE = cast('11545026' as NAME))  
and (R.CODE_NAME = cast(  
('APTT_t') as MIDDLE_NAME))  
and((D.DIC_NO_OPPORT_TO_RES_ID is null) or(N.IS_IN_WORK = 1)))] 
[21.11.2019 17:19:55] [CC-3003 END 15-11-2019
] 
[21.11.2019 17:21:49] [start program] 
[21.11.2019 17:21:49] [ConnectionIni:172.16.0.4/3050:terra] 
[21.11.2019 17:21:53] [CC-3003 BEGIN 15-11-2019
] 
[21.11.2019 17:21:53] [CC-3003 00000000001 1APTT TIME  ] 
[21.11.2019 17:21:53] [ 29.1 s    30.0 45.0 12:09
] 
[21.11.2019 17:21:54] [update jor_results_dt d set d.IS_OUT_OF_NORM = 0, 
d.result_text = '666', 
d.hardware_date_updated = current_timestamp, d.hardware_info = ('CC-4000') 
where ID = (select R.ID  
from JOR_CHECKS_DT D  
inner join JOR_CHECKS C on C.ID = D.HD_ID  
inner join JOR_RESULTS_DT R on R.HD_ID = D.ID  
left join DIC_NO_OPPORT_TO_RES N on N.ID = D.DIC_NO_OPPORT_TO_RES_ID  
where (R.HD_ID = D.ID) and(D.DATE_DONE is null) and(D.IS_REFUSE = 0)  
and (D.BULB_NUM_CODE = cast('11545026' as NAME))  
and (R.CODE_NAME = cast(  
('APTT_t') as MIDDLE_NAME))  
and((D.DIC_NO_OPPORT_TO_RES_ID is null) or(N.IS_IN_WORK = 1)))] 
[21.11.2019 17:21:54] [CC-3003 00000000001 1APTT RATIO  0.83      0.83 1.23 12:09
CC-3003 00000000001 1APTT TIME   35.5 s    30.0 45.0 13:14
CC-3003 00000000001 1APTT RATIO ] 
[21.11.2019 17:21:54] [ 1.01      0.83 1.23 13:14
] 
[21.11.2019 17:21:54] [update jor_results_dt d set d.IS_OUT_OF_NORM = 0, 
d.result_text = '666', 
d.hardware_date_updated = current_timestamp, d.hardware_info = ('CC-4000') 
where ID = (select R.ID  
from JOR_CHECKS_DT D  
inner join JOR_CHECKS C on C.ID = D.HD_ID  
inner join JOR_RESULTS_DT R on R.HD_ID = D.ID  
left join DIC_NO_OPPORT_TO_RES N on N.ID = D.DIC_NO_OPPORT_TO_RES_ID  
where (R.HD_ID = D.ID) and(D.DATE_DONE is null) and(D.IS_REFUSE = 0)  
and (D.BULB_NUM_CODE = cast('11545026' as NAME))  
and (R.CODE_NAME = cast(  
('APTT_t') as MIDDLE_NAME))  
and((D.DIC_NO_OPPORT_TO_RES_ID is null) or(N.IS_IN_WORK = 1)))] 
[21.11.2019 17:21:54] [CC-3003 00000000002 1APTT TIME  ] 
[21.11.2019 17:21:54] [ 44.8 s    30.0 45.0 12:19
] 
[21.11.2019 17:21:54] [update jor_results_dt d set d.IS_OUT_OF_NORM = 0, 
d.result_text = '666', 
d.hardware_date_updated = current_timestamp, d.hardware_info = ('CC-4000') 
where ID = (select R.ID  
from JOR_CHECKS_DT D  
inner join JOR_CHECKS C on C.ID = D.HD_ID  
inner join JOR_RESULTS_DT R on R.HD_ID = D.ID  
left join DIC_NO_OPPORT_TO_RES N on N.ID = D.DIC_NO_OPPORT_TO_RES_ID  
where (R.HD_ID = D.ID) and(D.DATE_DONE is null) and(D.IS_REFUSE = 0)  
and (D.BULB_NUM_CODE = cast('11545026' as NAME))  
and (R.CODE_NAME = cast(  
('APTT_t') as MIDDLE_NAME))  
and((D.DIC_NO_OPPORT_TO_RES_ID is null) or(N.IS_IN_WORK = 1)))] 
[21.11.2019 17:21:54] [CC-3003 00000000002 1APTT RATIO ] 
[21.11.2019 17:21:54] [ 1.27      0.83 1.23 12:19
] 
[21.11.2019 17:21:54] [update jor_results_dt d set d.IS_OUT_OF_NORM = 0, 
d.result_text = '666', 
d.hardware_date_updated = current_timestamp, d.hardware_info = ('CC-4000') 
where ID = (select R.ID  
from JOR_CHECKS_DT D  
inner join JOR_CHECKS C on C.ID = D.HD_ID  
inner join JOR_RESULTS_DT R on R.HD_ID = D.ID  
left join DIC_NO_OPPORT_TO_RES N on N.ID = D.DIC_NO_OPPORT_TO_RES_ID  
where (R.HD_ID = D.ID) and(D.DATE_DONE is null) and(D.IS_REFUSE = 0)  
and (D.BULB_NUM_CODE = cast('11545026' as NAME))  
and (R.CODE_NAME = cast(  
('APTT_t') as MIDDLE_NAME))  
and((D.DIC_NO_OPPORT_TO_RES_ID is null) or(N.IS_IN_WORK = 1)))] 
[21.11.2019 17:21:54] [CC-3003 00000000003 1APTT TIME  ] 
[21.11.2019 17:21:54] [ 37.4 s    30.0 45.0 12:25
] 
[21.11.2019 17:21:54] [update jor_results_dt d set d.IS_OUT_OF_NORM = 0, 
d.result_text = '666', 
d.hardware_date_updated = current_timestamp, d.hardware_info = ('CC-4000') 
where ID = (select R.ID  
from JOR_CHECKS_DT D  
inner join JOR_CHECKS C on C.ID = D.HD_ID  
inner join JOR_RESULTS_DT R on R.HD_ID = D.ID  
left join DIC_NO_OPPORT_TO_RES N on N.ID = D.DIC_NO_OPPORT_TO_RES_ID  
where (R.HD_ID = D.ID) and(D.DATE_DONE is null) and(D.IS_REFUSE = 0)  
and (D.BULB_NUM_CODE = cast('11545026' as NAME))  
and (R.CODE_NAME = cast(  
('APTT_t') as MIDDLE_NAME))  
and((D.DIC_NO_OPPORT_TO_RES_ID is null) or(N.IS_IN_WORK = 1)))] 
[21.11.2019 17:21:54] [CC-3003 00000000003 1APTT RATIO  1.06      0.83 1.23 12:25
] 
[21.11.2019 17:21:54] [CC-3003 END 15-11-2019
] 
[21.11.2019 17:22:59] [start program] 
[21.11.2019 17:22:59] [ConnectionIni:172.16.0.4/3050:terra] 
[21.11.2019 17:23:01] [CC-3003 BEGIN 15-11-2019
] 
[21.11.2019 17:23:01] [CC-3003 00000000001 1APTT TIME  ] 
[21.11.2019 17:23:02] [ 29.1 s    30.0 45.0 12:09
] 
[21.11.2019 17:23:02] [update jor_results_dt d set d.IS_OUT_OF_NORM = 0, 
d.result_text = '666', 
d.hardware_date_updated = current_timestamp, d.hardware_info = ('CC-4000') 
where ID = (select R.ID  
from JOR_CHECKS_DT D  
inner join JOR_CHECKS C on C.ID = D.HD_ID  
inner join JOR_RESULTS_DT R on R.HD_ID = D.ID  
left join DIC_NO_OPPORT_TO_RES N on N.ID = D.DIC_NO_OPPORT_TO_RES_ID  
where (R.HD_ID = D.ID) and(D.DATE_DONE is null) and(D.IS_REFUSE = 0)  
and (D.BULB_NUM_CODE = cast('11545026' as NAME))  
and (R.CODE_NAME = cast(  
('APTT_t') as MIDDLE_NAME))  
and((D.DIC_NO_OPPORT_TO_RES_ID is null) or(N.IS_IN_WORK = 1)))] 
[21.11.2019 17:23:16] [start program] 
[21.11.2019 17:23:16] [ConnectionIni:172.16.0.4/3050:terra] 
[21.11.2019 17:23:28] [CC-3003 BEGIN 15-11-2019
] 
[21.11.2019 17:23:28] [CC-3003 00000000001 1APTT TIME  ] 
[21.11.2019 17:23:28] [ 29.1 s    30.0 45.0 12:09
] 
[21.11.2019 17:23:28] [update jor_results_dt d set d.IS_OUT_OF_NORM = 0, 
d.result_text = '666', 
d.hardware_date_updated = current_timestamp, d.hardware_info = ('CC-4000') 
where ID = (select R.ID  
from JOR_CHECKS_DT D  
inner join JOR_CHECKS C on C.ID = D.HD_ID  
inner join JOR_RESULTS_DT R on R.HD_ID = D.ID  
left join DIC_NO_OPPORT_TO_RES N on N.ID = D.DIC_NO_OPPORT_TO_RES_ID  
where (R.HD_ID = D.ID) and(D.DATE_DONE is null) and(D.IS_REFUSE = 0)  
and (D.BULB_NUM_CODE = cast('11545026' as NAME))  
and (R.CODE_NAME = cast(  
('APTT_t') as MIDDLE_NAME))  
and((D.DIC_NO_OPPORT_TO_RES_ID is null) or(N.IS_IN_WORK = 1)))] 
[21.11.2019 17:23:28] [CC-3003 00000000001 1APTT RATIO  0.83      0.83 1.23 12:09
CC-3003 00000000001 1APTT TIME   35.5 s    30.0 45.0 13:14
CC-3003 00000000001 1APTT RATIO  1.01      0.83 1.23 13:14
] 
[21.11.2019 17:23:28] [CC-3003 00000000002 1APTT TIME  ] 
[21.11.2019 17:23:28] [ 44.8 s    30.0 45.0 12:19
] 
[21.11.2019 17:23:28] [update jor_results_dt d set d.IS_OUT_OF_NORM = 0, 
d.result_text = '666', 
d.hardware_date_updated = current_timestamp, d.hardware_info = ('CC-4000') 
where ID = (select R.ID  
from JOR_CHECKS_DT D  
inner join JOR_CHECKS C on C.ID = D.HD_ID  
inner join JOR_RESULTS_DT R on R.HD_ID = D.ID  
left join DIC_NO_OPPORT_TO_RES N on N.ID = D.DIC_NO_OPPORT_TO_RES_ID  
where (R.HD_ID = D.ID) and(D.DATE_DONE is null) and(D.IS_REFUSE = 0)  
and (D.BULB_NUM_CODE = cast('11545026' as NAME))  
and (R.CODE_NAME = cast(  
('APTT_t') as MIDDLE_NAME))  
and((D.DIC_NO_OPPORT_TO_RES_ID is null) or(N.IS_IN_WORK = 1)))] 
[21.11.2019 17:23:28] [CC-3003 00000000002 1APTT RATIO ] 
[21.11.2019 17:23:28] [ 1.27      0.83 1.23 12:19
] 
[21.11.2019 17:23:28] [update jor_results_dt d set d.IS_OUT_OF_NORM = 0, 
d.result_text = '666', 
d.hardware_date_updated = current_timestamp, d.hardware_info = ('CC-4000') 
where ID = (select R.ID  
from JOR_CHECKS_DT D  
inner join JOR_CHECKS C on C.ID = D.HD_ID  
inner join JOR_RESULTS_DT R on R.HD_ID = D.ID  
left join DIC_NO_OPPORT_TO_RES N on N.ID = D.DIC_NO_OPPORT_TO_RES_ID  
where (R.HD_ID = D.ID) and(D.DATE_DONE is null) and(D.IS_REFUSE = 0)  
and (D.BULB_NUM_CODE = cast('11545026' as NAME))  
and (R.CODE_NAME = cast(  
('APTT_t') as MIDDLE_NAME))  
and((D.DIC_NO_OPPORT_TO_RES_ID is null) or(N.IS_IN_WORK = 1)))] 
[21.11.2019 17:23:28] [CC-3003 00000000003 1APTT TIME  ] 
[21.11.2019 17:23:28] [ 37.4 s    30.0 45.0 12:25
] 
[21.11.2019 17:23:28] [update jor_results_dt d set d.IS_OUT_OF_NORM = 0, 
d.result_text = '666', 
d.hardware_date_updated = current_timestamp, d.hardware_info = ('CC-4000') 
where ID = (select R.ID  
from JOR_CHECKS_DT D  
inner join JOR_CHECKS C on C.ID = D.HD_ID  
inner join JOR_RESULTS_DT R on R.HD_ID = D.ID  
left join DIC_NO_OPPORT_TO_RES N on N.ID = D.DIC_NO_OPPORT_TO_RES_ID  
where (R.HD_ID = D.ID) and(D.DATE_DONE is null) and(D.IS_REFUSE = 0)  
and (D.BULB_NUM_CODE = cast('11545026' as NAME))  
and (R.CODE_NAME = cast(  
('APTT_t') as MIDDLE_NAME))  
and((D.DIC_NO_OPPORT_TO_RES_ID is null) or(N.IS_IN_WORK = 1)))] 
[21.11.2019 17:23:28] [CC-3003 00000000003 1APTT RATIO  1.06      0.83 1.23 12:25
] 
[21.11.2019 17:23:28] [CC-3003 END 15-11-2019
] 
[21.11.2019 17:23:34] [CC-3003 BEGIN 15-11-2019
] 
[21.11.2019 17:23:34] [CC-3003 00000000001 1APTT TIME  ] 
[21.11.2019 17:23:35] [ 29.1 s    30.0 45.0 12:09
] 
[21.11.2019 17:23:35] [update jor_results_dt d set d.IS_OUT_OF_NORM = 0, 
d.result_text = '666', 
d.hardware_date_updated = current_timestamp, d.hardware_info = ('CC-4000') 
where ID = (select R.ID  
from JOR_CHECKS_DT D  
inner join JOR_CHECKS C on C.ID = D.HD_ID  
inner join JOR_RESULTS_DT R on R.HD_ID = D.ID  
left join DIC_NO_OPPORT_TO_RES N on N.ID = D.DIC_NO_OPPORT_TO_RES_ID  
where (R.HD_ID = D.ID) and(D.DATE_DONE is null) and(D.IS_REFUSE = 0)  
and (D.BULB_NUM_CODE = cast('11545026' as NAME))  
and (R.CODE_NAME = cast(  
('APTT_t') as MIDDLE_NAME))  
and((D.DIC_NO_OPPORT_TO_RES_ID is null) or(N.IS_IN_WORK = 1)))] 
[21.11.2019 17:23:35] [CC-3003 00000000001 1APTT RATIO ] 
[21.11.2019 17:23:35] [ 0.83      0.83 1.23 12:09
] 
[21.11.2019 17:23:35] [update jor_results_dt d set d.IS_OUT_OF_NORM = 0, 
d.result_text = '666', 
d.hardware_date_updated = current_timestamp, d.hardware_info = ('CC-4000') 
where ID = (select R.ID  
from JOR_CHECKS_DT D  
inner join JOR_CHECKS C on C.ID = D.HD_ID  
inner join JOR_RESULTS_DT R on R.HD_ID = D.ID  
left join DIC_NO_OPPORT_TO_RES N on N.ID = D.DIC_NO_OPPORT_TO_RES_ID  
where (R.HD_ID = D.ID) and(D.DATE_DONE is null) and(D.IS_REFUSE = 0)  
and (D.BULB_NUM_CODE = cast('11545026' as NAME))  
and (R.CODE_NAME = cast(  
('APTT_t') as MIDDLE_NAME))  
and((D.DIC_NO_OPPORT_TO_RES_ID is null) or(N.IS_IN_WORK = 1)))] 
[21.11.2019 17:23:35] [CC-3003 00000000001 1APTT TIME  ] 
[21.11.2019 17:23:35] [ 35.5 s    30.0 45.0 13:14
] 
[21.11.2019 17:23:35] [update jor_results_dt d set d.IS_OUT_OF_NORM = 0, 
d.result_text = '666', 
d.hardware_date_updated = current_timestamp, d.hardware_info = ('CC-4000') 
where ID = (select R.ID  
from JOR_CHECKS_DT D  
inner join JOR_CHECKS C on C.ID = D.HD_ID  
inner join JOR_RESULTS_DT R on R.HD_ID = D.ID  
left join DIC_NO_OPPORT_TO_RES N on N.ID = D.DIC_NO_OPPORT_TO_RES_ID  
where (R.HD_ID = D.ID) and(D.DATE_DONE is null) and(D.IS_REFUSE = 0)  
and (D.BULB_NUM_CODE = cast('11545026' as NAME))  
and (R.CODE_NAME = cast(  
('APTT_t') as MIDDLE_NAME))  
and((D.DIC_NO_OPPORT_TO_RES_ID is null) or(N.IS_IN_WORK = 1)))] 
[21.11.2019 17:23:35] [CC-3003 00000000001 1APTT RATIO ] 
[21.11.2019 17:23:35] [ 1.01      0.83 1.23 13:14
] 
[21.11.2019 17:23:35] [update jor_results_dt d set d.IS_OUT_OF_NORM = 0, 
d.result_text = '666', 
d.hardware_date_updated = current_timestamp, d.hardware_info = ('CC-4000') 
where ID = (select R.ID  
from JOR_CHECKS_DT D  
inner join JOR_CHECKS C on C.ID = D.HD_ID  
inner join JOR_RESULTS_DT R on R.HD_ID = D.ID  
left join DIC_NO_OPPORT_TO_RES N on N.ID = D.DIC_NO_OPPORT_TO_RES_ID  
where (R.HD_ID = D.ID) and(D.DATE_DONE is null) and(D.IS_REFUSE = 0)  
and (D.BULB_NUM_CODE = cast('11545026' as NAME))  
and (R.CODE_NAME = cast(  
('APTT_t') as MIDDLE_NAME))  
and((D.DIC_NO_OPPORT_TO_RES_ID is null) or(N.IS_IN_WORK = 1)))] 
[21.11.2019 17:23:35] [CC-3003 00000000002 1APTT TIME  ] 
[21.11.2019 17:23:35] [ 44.8 s    30.0 45.0 12:19
] 
[21.11.2019 17:23:35] [update jor_results_dt d set d.IS_OUT_OF_NORM = 0, 
d.result_text = '666', 
d.hardware_date_updated = current_timestamp, d.hardware_info = ('CC-4000') 
where ID = (select R.ID  
from JOR_CHECKS_DT D  
inner join JOR_CHECKS C on C.ID = D.HD_ID  
inner join JOR_RESULTS_DT R on R.HD_ID = D.ID  
left join DIC_NO_OPPORT_TO_RES N on N.ID = D.DIC_NO_OPPORT_TO_RES_ID  
where (R.HD_ID = D.ID) and(D.DATE_DONE is null) and(D.IS_REFUSE = 0)  
and (D.BULB_NUM_CODE = cast('11545026' as NAME))  
and (R.CODE_NAME = cast(  
('APTT_t') as MIDDLE_NAME))  
and((D.DIC_NO_OPPORT_TO_RES_ID is null) or(N.IS_IN_WORK = 1)))] 
[21.11.2019 17:23:35] [CC-3003 00000000002 1APTT RATIO ] 
[21.11.2019 17:23:35] [ 1.27      0.83 1.23 12:19
] 
[21.11.2019 17:23:35] [update jor_results_dt d set d.IS_OUT_OF_NORM = 0, 
d.result_text = '666', 
d.hardware_date_updated = current_timestamp, d.hardware_info = ('CC-4000') 
where ID = (select R.ID  
from JOR_CHECKS_DT D  
inner join JOR_CHECKS C on C.ID = D.HD_ID  
inner join JOR_RESULTS_DT R on R.HD_ID = D.ID  
left join DIC_NO_OPPORT_TO_RES N on N.ID = D.DIC_NO_OPPORT_TO_RES_ID  
where (R.HD_ID = D.ID) and(D.DATE_DONE is null) and(D.IS_REFUSE = 0)  
and (D.BULB_NUM_CODE = cast('11545026' as NAME))  
and (R.CODE_NAME = cast(  
('APTT_t') as MIDDLE_NAME))  
and((D.DIC_NO_OPPORT_TO_RES_ID is null) or(N.IS_IN_WORK = 1)))] 
[21.11.2019 17:23:35] [CC-3003 00000000003 1APTT TIME   37.4 s    30.0 45.0 12:25
] 
[21.11.2019 17:23:35] [CC-3003 00000000003 1APTT RATIO ] 
[21.11.2019 17:23:35] [ 1.06      0.83 1.23 12:25
] 
[21.11.2019 17:23:35] [update jor_results_dt d set d.IS_OUT_OF_NORM = 0, 
d.result_text = '666', 
d.hardware_date_updated = current_timestamp, d.hardware_info = ('CC-4000') 
where ID = (select R.ID  
from JOR_CHECKS_DT D  
inner join JOR_CHECKS C on C.ID = D.HD_ID  
inner join JOR_RESULTS_DT R on R.HD_ID = D.ID  
left join DIC_NO_OPPORT_TO_RES N on N.ID = D.DIC_NO_OPPORT_TO_RES_ID  
where (R.HD_ID = D.ID) and(D.DATE_DONE is null) and(D.IS_REFUSE = 0)  
and (D.BULB_NUM_CODE = cast('11545026' as NAME))  
and (R.CODE_NAME = cast(  
('APTT_t') as MIDDLE_NAME))  
and((D.DIC_NO_OPPORT_TO_RES_ID is null) or(N.IS_IN_WORK = 1)))] 
[21.11.2019 17:23:35] [CC-3003 END 15-11-2019
] 
[21.11.2019 17:24:46] [start program] 
[21.11.2019 17:24:46] [ConnectionIni:172.16.0.4/3050:terra] 
[21.11.2019 17:25:01] [CC-3003 BEGIN 15-11-2019
] 
[21.11.2019 17:25:01] [CC-3003 00000000001 1APTT TIME  ] 
[21.11.2019 17:25:01] [ 29.1 s    30.0 45.0 12:09
] 
[21.11.2019 17:25:01] [update jor_results_dt d set d.IS_OUT_OF_NORM = 0, 
d.result_text = '666', 
d.hardware_date_updated = current_timestamp, d.hardware_info = ('CC-4000') 
where ID = (select R.ID  
from JOR_CHECKS_DT D  
inner join JOR_CHECKS C on C.ID = D.HD_ID  
inner join JOR_RESULTS_DT R on R.HD_ID = D.ID  
left join DIC_NO_OPPORT_TO_RES N on N.ID = D.DIC_NO_OPPORT_TO_RES_ID  
where (R.HD_ID = D.ID) and(D.DATE_DONE is null) and(D.IS_REFUSE = 0)  
and (D.BULB_NUM_CODE = cast('11545026' as NAME))  
and (R.CODE_NAME = cast(  
('APTT_t') as MIDDLE_NAME))  
and((D.DIC_NO_OPPORT_TO_RES_ID is null) or(N.IS_IN_WORK = 1)))] 
[21.11.2019 17:25:01] [CC-3003 00000000001 1APTT RATIO  0.83      0.83 1.23 12:09
CC-3003 00000000001 1APTT TIME   35.5 s    30.0 45.0 13:14
CC-3003 00000000001 1APTT RATIO ] 
[21.11.2019 17:25:01] [ 1.01      0.83 1.23 13:14
] 
[21.11.2019 17:25:01] [update jor_results_dt d set d.IS_OUT_OF_NORM = 0, 
d.result_text = '666', 
d.hardware_date_updated = current_timestamp, d.hardware_info = ('CC-4000') 
where ID = (select R.ID  
from JOR_CHECKS_DT D  
inner join JOR_CHECKS C on C.ID = D.HD_ID  
inner join JOR_RESULTS_DT R on R.HD_ID = D.ID  
left join DIC_NO_OPPORT_TO_RES N on N.ID = D.DIC_NO_OPPORT_TO_RES_ID  
where (R.HD_ID = D.ID) and(D.DATE_DONE is null) and(D.IS_REFUSE = 0)  
and (D.BULB_NUM_CODE = cast('11545026' as NAME))  
and (R.CODE_NAME = cast(  
('APTT_t') as MIDDLE_NAME))  
and((D.DIC_NO_OPPORT_TO_RES_ID is null) or(N.IS_IN_WORK = 1)))] 
[21.11.2019 17:25:01] [CC-3003 00000000002 1APTT TIME  ] 
[21.11.2019 17:25:01] [ 44.8 s    30.0 45.0 12:19
] 
[21.11.2019 17:25:01] [update jor_results_dt d set d.IS_OUT_OF_NORM = 0, 
d.result_text = '666', 
d.hardware_date_updated = current_timestamp, d.hardware_info = ('CC-4000') 
where ID = (select R.ID  
from JOR_CHECKS_DT D  
inner join JOR_CHECKS C on C.ID = D.HD_ID  
inner join JOR_RESULTS_DT R on R.HD_ID = D.ID  
left join DIC_NO_OPPORT_TO_RES N on N.ID = D.DIC_NO_OPPORT_TO_RES_ID  
where (R.HD_ID = D.ID) and(D.DATE_DONE is null) and(D.IS_REFUSE = 0)  
and (D.BULB_NUM_CODE = cast('11545026' as NAME))  
and (R.CODE_NAME = cast(  
('APTT_t') as MIDDLE_NAME))  
and((D.DIC_NO_OPPORT_TO_RES_ID is null) or(N.IS_IN_WORK = 1)))] 
[21.11.2019 17:25:01] [CC-3003 00000000002 1APTT RATIO ] 
[21.11.2019 17:25:01] [ 1.27      0.83 1.23 12:19
] 
[21.11.2019 17:25:01] [update jor_results_dt d set d.IS_OUT_OF_NORM = 0, 
d.result_text = '666', 
d.hardware_date_updated = current_timestamp, d.hardware_info = ('CC-4000') 
where ID = (select R.ID  
from JOR_CHECKS_DT D  
inner join JOR_CHECKS C on C.ID = D.HD_ID  
inner join JOR_RESULTS_DT R on R.HD_ID = D.ID  
left join DIC_NO_OPPORT_TO_RES N on N.ID = D.DIC_NO_OPPORT_TO_RES_ID  
where (R.HD_ID = D.ID) and(D.DATE_DONE is null) and(D.IS_REFUSE = 0)  
and (D.BULB_NUM_CODE = cast('11545026' as NAME))  
and (R.CODE_NAME = cast(  
('APTT_t') as MIDDLE_NAME))  
and((D.DIC_NO_OPPORT_TO_RES_ID is null) or(N.IS_IN_WORK = 1)))] 
[21.11.2019 17:25:01] [CC-3003 00000000003 1APTT TIME  ] 
[21.11.2019 17:25:01] [ 37.4 s    30.0 45.0 12:25
] 
[21.11.2019 17:25:01] [update jor_results_dt d set d.IS_OUT_OF_NORM = 0, 
d.result_text = '666', 
d.hardware_date_updated = current_timestamp, d.hardware_info = ('CC-4000') 
where ID = (select R.ID  
from JOR_CHECKS_DT D  
inner join JOR_CHECKS C on C.ID = D.HD_ID  
inner join JOR_RESULTS_DT R on R.HD_ID = D.ID  
left join DIC_NO_OPPORT_TO_RES N on N.ID = D.DIC_NO_OPPORT_TO_RES_ID  
where (R.HD_ID = D.ID) and(D.DATE_DONE is null) and(D.IS_REFUSE = 0)  
and (D.BULB_NUM_CODE = cast('11545026' as NAME))  
and (R.CODE_NAME = cast(  
('APTT_t') as MIDDLE_NAME))  
and((D.DIC_NO_OPPORT_TO_RES_ID is null) or(N.IS_IN_WORK = 1)))] 
[21.11.2019 17:25:01] [CC-3003 00000000003 1APTT RATIO ] 
[21.11.2019 17:25:01] [ 1.06      0.83 1.23 12:25
] 
[21.11.2019 17:25:01] [update jor_results_dt d set d.IS_OUT_OF_NORM = 0, 
d.result_text = '666', 
d.hardware_date_updated = current_timestamp, d.hardware_info = ('CC-4000') 
where ID = (select R.ID  
from JOR_CHECKS_DT D  
inner join JOR_CHECKS C on C.ID = D.HD_ID  
inner join JOR_RESULTS_DT R on R.HD_ID = D.ID  
left join DIC_NO_OPPORT_TO_RES N on N.ID = D.DIC_NO_OPPORT_TO_RES_ID  
where (R.HD_ID = D.ID) and(D.DATE_DONE is null) and(D.IS_REFUSE = 0)  
and (D.BULB_NUM_CODE = cast('11545026' as NAME))  
and (R.CODE_NAME = cast(  
('APTT_t') as MIDDLE_NAME))  
and((D.DIC_NO_OPPORT_TO_RES_ID is null) or(N.IS_IN_WORK = 1)))] 
[21.11.2019 17:25:01] [CC-3003 END 15-11-2019
] 
[21.11.2019 17:28:41] [start program] 
[21.11.2019 17:28:41] [ConnectionIni:172.16.0.4/3050:terra] 
[21.11.2019 17:28:46] [CC-3003 BEGIN 15-11-2019
] 
[21.11.2019 17:28:46] [CC-3003 00000000001 1APTT TIME  ] 
[21.11.2019 17:28:46] [ 29.1 s    30.0 45.0 12:09
] 
[21.11.2019 17:31:37] [start program] 
[21.11.2019 17:31:37] [ConnectionIni:172.16.0.4/3050:terra] 
[21.11.2019 17:31:42] [CC-3003 BEGIN 15-11-2019
] 
[21.11.2019 17:31:42] [CC-3003 00000000001 1APTT TIME  ] 
[21.11.2019 17:31:42] [ 29.1 s    30.0 45.0 12:09
] 
[21.11.2019 17:31:44] [CC-3003 00000000001 1APTT RATIO  0.83      0.83 1.23 12:09
CC-3003 00000000001 1APTT TIME   35.5 s    30.0 45.0 13:14
CC-3003 00000000001 1APTT RATIO  1.01      0.83 1.23 13:14
CC-3003 00000000002 1APTT TIME   44.8 s    30.0 45.0 12:19
CC-3003 00000000002 1APTT RATIO  1.27      0.83 1.23 12:19
CC-3003 00000000003 1APTT TIME   37.4 s    30.0 45.0 12:25
CC-3003 00000000003 1APTT RATIO  1.06      0.83 1.23 12:25
CC-3003 END 15-11-2019
] 
[21.11.2019 17:32:40] [start program] 
[21.11.2019 17:32:40] [ConnectionIni:172.16.0.4/3050:terra] 
[21.11.2019 17:32:43] [CC-3003 BEGIN 15-11-2019
] 
[21.11.2019 17:32:43] [CC-3003 00000000001 1APTT TIME  ] 
[21.11.2019 17:32:43] [ 29.1 s    30.0 45.0 12:09
] 
[21.11.2019 17:32:44] [CC-3003 00000000001 1APTT RATIO  0.83      0.83 1.23 12:09
CC-3003 00000000001 1APTT TIME   35.5 s    30.0 45.0 13:14
CC-3003 00000000001 1APTT RATIO  1.01      0.83 1.23 13:14
CC-3003 00000000002 1APTT TIME   44.8 s    30.0 45.0 12:19
CC-3003 00000000002 1APTT RATIO  1.27      0.83 1.23 12:19
CC-3003 00000000003 1APTT TIME   37.4 s    30.0 45.0 12:25
CC-3003 00000000003 1APTT RATIO  1.06      0.83 1.23 12:25
CC-3003 END 15-11-2019
] 
[21.11.2019 17:34:24] [start program] 
[21.11.2019 17:34:24] [ConnectionIni:172.16.0.4/3050:terra] 
[21.11.2019 17:36:29] [start program] 
[21.11.2019 17:36:29] [ConnectionIni:172.16.0.4/3050:terra] 
[21.11.2019 17:36:33] [CC-3003 BEGIN 15-11-2019
] 
[21.11.2019 17:36:33] [CC-3003 00000000001 1APTT TIME  ] 
[21.11.2019 17:36:33] [ 29.1 s    30.0 45.0 12:09
] 
[21.11.2019 17:36:33] [CC-3003 00000000001 1APTT RATIO  0.83      0.83 1.23 12:09
CC-3003 00000000001 1APTT TIME   35.5 s    30.0 45.0 13:14
CC-3003 00000000001 1APTT RATIO  1.01      0.83 1.23 13:14
CC-3003 00000000002 1APTT TIME   44.8 s    30.0 45.0 12:19
CC-3003 00000000002 1APTT RATIO  1.27      0.83 1.23 12:19
CC-3003 00000000003 1APTT TIME   37.4 s    30.0 45.0 12:25
CC-3003 00000000003 1APTT RATIO  1.06      0.83 1.23 12:25
CC-3003 END 15-11-2019
] 
[21.11.2019 17:37:14] [start program] 
[21.11.2019 17:37:14] [ConnectionIni:172.16.0.4/3050:terra] 
[21.11.2019 17:37:18] [CC-3003 BEGIN 15-11-2019
] 
[21.11.2019 17:37:18] [CC-3003 00000000001 1APTT TIME  ] 
[21.11.2019 17:37:18] [ 29.1 s    30.0 45.0 12:09
] 
[21.11.2019 17:37:18] [CC-3003 00000000001 1APTT RATIO  0.83      0.83 1.23 12:09
CC-3003 00000000001 1APTT TIME   35.5 s    30.0 45.0 13:14
CC-3003 00000000001 1APTT RATIO  1.01      0.83 1.23 13:14
CC-3003 00000000002 1APTT TIME   44.8 s    30.0 45.0 12:19
CC-3003 00000000002 1APTT RATIO  1.27      0.83 1.23 12:19
CC-3003 00000000003 1APTT TIME  ] 
[21.11.2019 17:37:18] [ 37.4 s    30.0 45.0 12:25
] 
[21.11.2019 17:37:19] [CC-3003 00000000003 1APTT RATIO  1.06      0.83 1.23 12:25
CC-3003 END 15-11-2019
] 
[21.11.2019 17:39:22] [start program] 
[21.11.2019 17:39:22] [ConnectionIni:172.16.0.4/3051:terra] 
[21.11.2019 17:39:26] [CC-3003 BEGIN 15-11-2019
] 
[21.11.2019 17:39:26] [CC-3003 00000000001 1APTT TIME  ] 
[21.11.2019 17:39:26] [ 29.1 s    30.0 45.0 12:09
] 
[21.11.2019 17:39:26] [update jor_results_dt d set d.IS_OUT_OF_NORM = 0, 
d.result_text = '777', 
d.hardware_date_updated = current_timestamp, d.hardware_info = ('CC-4000') 
where ID = (select R.ID  
from JOR_CHECKS_DT D  
inner join JOR_CHECKS C on C.ID = D.HD_ID  
inner join JOR_RESULTS_DT R on R.HD_ID = D.ID  
left join DIC_NO_OPPORT_TO_RES N on N.ID = D.DIC_NO_OPPORT_TO_RES_ID  
where (R.HD_ID = D.ID) and(D.DATE_DONE is null) and(D.IS_REFUSE = 0)  
and (D.BULB_NUM_CODE = cast('11545026' as NAME))  
and (R.CODE_NAME = cast(  
('APTT_t') as MIDDLE_NAME))  
and((D.DIC_NO_OPPORT_TO_RES_ID is null) or(N.IS_IN_WORK = 1)))] 
[21.11.2019 17:39:36] [start program] 
[21.11.2019 17:39:36] [ConnectionIni:172.16.0.4/3051:terra] 
[21.11.2019 17:39:40] [CC-3003 BEGIN 15-11-2019
] 
[21.11.2019 17:39:40] [CC-3003 00000000001 1APTT TIME  ] 
[21.11.2019 17:39:40] [ 29.1 s    30.0 45.0 12:09
] 
[21.11.2019 17:39:40] [update jor_results_dt d set d.IS_OUT_OF_NORM = 0, 
d.result_text = '777', 
d.hardware_date_updated = current_timestamp, d.hardware_info = ('CC-4000') 
where ID = (select R.ID  
from JOR_CHECKS_DT D  
inner join JOR_CHECKS C on C.ID = D.HD_ID  
inner join JOR_RESULTS_DT R on R.HD_ID = D.ID  
left join DIC_NO_OPPORT_TO_RES N on N.ID = D.DIC_NO_OPPORT_TO_RES_ID  
where (R.HD_ID = D.ID) and(D.DATE_DONE is null) and(D.IS_REFUSE = 0)  
and (D.BULB_NUM_CODE = cast('11545026' as NAME))  
and (R.CODE_NAME = cast(  
('APTT_t') as MIDDLE_NAME))  
and((D.DIC_NO_OPPORT_TO_RES_ID is null) or(N.IS_IN_WORK = 1)))] 
[21.11.2019 17:39:40] [CC-3003 00000000001 1APTT RATIO  0.83      0.83 1.23 12:09
CC-3003 00000000001 1APTT TIME   35.5 s    30.0 45.0 13:14
CC-3003 00000000001 1APTT RATIO ] 
[21.11.2019 17:39:40] [ 1.01      0.83 1.23 13:14
] 
[21.11.2019 17:39:41] [update jor_results_dt d set d.IS_OUT_OF_NORM = 0, 
d.result_text = '777', 
d.hardware_date_updated = current_timestamp, d.hardware_info = ('CC-4000') 
where ID = (select R.ID  
from JOR_CHECKS_DT D  
inner join JOR_CHECKS C on C.ID = D.HD_ID  
inner join JOR_RESULTS_DT R on R.HD_ID = D.ID  
left join DIC_NO_OPPORT_TO_RES N on N.ID = D.DIC_NO_OPPORT_TO_RES_ID  
where (R.HD_ID = D.ID) and(D.DATE_DONE is null) and(D.IS_REFUSE = 0)  
and (D.BULB_NUM_CODE = cast('11545026' as NAME))  
and (R.CODE_NAME = cast(  
('APTT_t') as MIDDLE_NAME))  
and((D.DIC_NO_OPPORT_TO_RES_ID is null) or(N.IS_IN_WORK = 1)))] 
[21.11.2019 17:39:41] [CC-3003 00000000002 1APTT TIME  ] 
[21.11.2019 17:39:41] [ 44.8 s    30.0 45.0 12:19
] 
[21.11.2019 17:39:41] [update jor_results_dt d set d.IS_OUT_OF_NORM = 0, 
d.result_text = '777', 
d.hardware_date_updated = current_timestamp, d.hardware_info = ('CC-4000') 
where ID = (select R.ID  
from JOR_CHECKS_DT D  
inner join JOR_CHECKS C on C.ID = D.HD_ID  
inner join JOR_RESULTS_DT R on R.HD_ID = D.ID  
left join DIC_NO_OPPORT_TO_RES N on N.ID = D.DIC_NO_OPPORT_TO_RES_ID  
where (R.HD_ID = D.ID) and(D.DATE_DONE is null) and(D.IS_REFUSE = 0)  
and (D.BULB_NUM_CODE = cast('11545026' as NAME))  
and (R.CODE_NAME = cast(  
('APTT_t') as MIDDLE_NAME))  
and((D.DIC_NO_OPPORT_TO_RES_ID is null) or(N.IS_IN_WORK = 1)))] 
[21.11.2019 17:39:41] [CC-3003 00000000002 1APTT RATIO ] 
[21.11.2019 17:39:41] [ 1.27      0.83 1.23 12:19
] 
[21.11.2019 17:39:41] [update jor_results_dt d set d.IS_OUT_OF_NORM = 0, 
d.result_text = '777', 
d.hardware_date_updated = current_timestamp, d.hardware_info = ('CC-4000') 
where ID = (select R.ID  
from JOR_CHECKS_DT D  
inner join JOR_CHECKS C on C.ID = D.HD_ID  
inner join JOR_RESULTS_DT R on R.HD_ID = D.ID  
left join DIC_NO_OPPORT_TO_RES N on N.ID = D.DIC_NO_OPPORT_TO_RES_ID  
where (R.HD_ID = D.ID) and(D.DATE_DONE is null) and(D.IS_REFUSE = 0)  
and (D.BULB_NUM_CODE = cast('11545026' as NAME))  
and (R.CODE_NAME = cast(  
('APTT_t') as MIDDLE_NAME))  
and((D.DIC_NO_OPPORT_TO_RES_ID is null) or(N.IS_IN_WORK = 1)))] 
[21.11.2019 17:39:41] [CC-3003 00000000003 1APTT TIME  ] 
[21.11.2019 17:39:41] [ 37.4 s    30.0 45.0 12:25
] 
[21.11.2019 17:39:41] [update jor_results_dt d set d.IS_OUT_OF_NORM = 0, 
d.result_text = '777', 
d.hardware_date_updated = current_timestamp, d.hardware_info = ('CC-4000') 
where ID = (select R.ID  
from JOR_CHECKS_DT D  
inner join JOR_CHECKS C on C.ID = D.HD_ID  
inner join JOR_RESULTS_DT R on R.HD_ID = D.ID  
left join DIC_NO_OPPORT_TO_RES N on N.ID = D.DIC_NO_OPPORT_TO_RES_ID  
where (R.HD_ID = D.ID) and(D.DATE_DONE is null) and(D.IS_REFUSE = 0)  
and (D.BULB_NUM_CODE = cast('11545026' as NAME))  
and (R.CODE_NAME = cast(  
('APTT_t') as MIDDLE_NAME))  
and((D.DIC_NO_OPPORT_TO_RES_ID is null) or(N.IS_IN_WORK = 1)))] 
[21.11.2019 17:39:41] [CC-3003 00000000003 1APTT RATIO ] 
[21.11.2019 17:39:41] [ 1.06      0.83 1.23 12:25
] 
[21.11.2019 17:39:41] [update jor_results_dt d set d.IS_OUT_OF_NORM = 0, 
d.result_text = '777', 
d.hardware_date_updated = current_timestamp, d.hardware_info = ('CC-4000') 
where ID = (select R.ID  
from JOR_CHECKS_DT D  
inner join JOR_CHECKS C on C.ID = D.HD_ID  
inner join JOR_RESULTS_DT R on R.HD_ID = D.ID  
left join DIC_NO_OPPORT_TO_RES N on N.ID = D.DIC_NO_OPPORT_TO_RES_ID  
where (R.HD_ID = D.ID) and(D.DATE_DONE is null) and(D.IS_REFUSE = 0)  
and (D.BULB_NUM_CODE = cast('11545026' as NAME))  
and (R.CODE_NAME = cast(  
('APTT_t') as MIDDLE_NAME))  
and((D.DIC_NO_OPPORT_TO_RES_ID is null) or(N.IS_IN_WORK = 1)))] 
[21.11.2019 17:39:41] [CC-3003 END 15-11-2019
] 
[21.11.2019 17:54:12] [start program] 
[21.11.2019 17:54:12] [ConnectionIni:172.16.0.4/3051:terra] 
[21.11.2019 17:54:31] [CC-3003 BEGIN 15-11-2019
] 
[21.11.2019 17:54:31] [CC-3003 00000000001 1APTT TIME  ] 
[21.11.2019 17:54:31] [ 29.1 s    30.0 45.0 12:09
] 
[21.11.2019 17:54:31] [update jor_results_dt d set d.IS_OUT_OF_NORM = 0, 
d.result_text = '29.1', 
d.hardware_date_updated = current_timestamp, d.hardware_info = ('CC-4000') 
where ID = (select R.ID  
from JOR_CHECKS_DT D  
inner join JOR_CHECKS C on C.ID = D.HD_ID  
inner join JOR_RESULTS_DT R on R.HD_ID = D.ID  
left join DIC_NO_OPPORT_TO_RES N on N.ID = D.DIC_NO_OPPORT_TO_RES_ID  
where (R.HD_ID = D.ID) and(D.DATE_DONE is null) and(D.IS_REFUSE = 0)  
and (D.BULB_NUM_CODE = cast('11545026' as NAME))  
and (R.CODE_NAME = cast(  
('APTT_t') as MIDDLE_NAME))  
and((D.DIC_NO_OPPORT_TO_RES_ID is null) or(N.IS_IN_WORK = 1)))] 
[21.11.2019 17:54:31] [CC-3003 00000000001 1APTT RATIO  0.83      0.83 1.23 12:09
CC-3003 00000000001 1APTT TIME   35.5 s    30.0 45.0 13:14
CC-3003 00000000001 1APTT RATIO  1.01      0.83 1.23 13:14
] 
[21.11.2019 17:54:31] [CC-3003 00000000002 1APTT TIME  ] 
[21.11.2019 17:54:31] [ 44.8 s    30.0 45.0 12:19
] 
[21.11.2019 17:54:31] [update jor_results_dt d set d.IS_OUT_OF_NORM = 0, 
d.result_text = '44.8', 
d.hardware_date_updated = current_timestamp, d.hardware_info = ('CC-4000') 
where ID = (select R.ID  
from JOR_CHECKS_DT D  
inner join JOR_CHECKS C on C.ID = D.HD_ID  
inner join JOR_RESULTS_DT R on R.HD_ID = D.ID  
left join DIC_NO_OPPORT_TO_RES N on N.ID = D.DIC_NO_OPPORT_TO_RES_ID  
where (R.HD_ID = D.ID) and(D.DATE_DONE is null) and(D.IS_REFUSE = 0)  
and (D.BULB_NUM_CODE = cast('11545026' as NAME))  
and (R.CODE_NAME = cast(  
('APTT_t') as MIDDLE_NAME))  
and((D.DIC_NO_OPPORT_TO_RES_ID is null) or(N.IS_IN_WORK = 1)))] 
[21.11.2019 17:54:31] [CC-3003 00000000002 1APTT RATIO  1.27      0.83 1.23 12:19
] 
[21.11.2019 17:54:31] [CC-3003 00000000003 1APTT TIME  ] 
[21.11.2019 17:54:32] [ 37.4 s    30.0 45.0 12:25
] 
[21.11.2019 17:54:32] [update jor_results_dt d set d.IS_OUT_OF_NORM = 0, 
d.result_text = '37.4', 
d.hardware_date_updated = current_timestamp, d.hardware_info = ('CC-4000') 
where ID = (select R.ID  
from JOR_CHECKS_DT D  
inner join JOR_CHECKS C on C.ID = D.HD_ID  
inner join JOR_RESULTS_DT R on R.HD_ID = D.ID  
left join DIC_NO_OPPORT_TO_RES N on N.ID = D.DIC_NO_OPPORT_TO_RES_ID  
where (R.HD_ID = D.ID) and(D.DATE_DONE is null) and(D.IS_REFUSE = 0)  
and (D.BULB_NUM_CODE = cast('11545026' as NAME))  
and (R.CODE_NAME = cast(  
('APTT_t') as MIDDLE_NAME))  
and((D.DIC_NO_OPPORT_TO_RES_ID is null) or(N.IS_IN_WORK = 1)))] 
[21.11.2019 17:54:32] [CC-3003 00000000003 1APTT RATIO  1.06      0.83 1.23 12:25
] 
[21.11.2019 17:54:32] [CC-3003 END 15-11-2019
] 
