[26.11.2019 09:45:14] [start program] 
[26.11.2019 09:45:14] [ConnectionIni:172.16.0.4/3051:terra] 
[26.11.2019 09:45:36] [CC-3003 BEGIN 22-11-2019
] 
[26.11.2019 09:45:36] [CC-3003 00000000001 1APTT TIME  ] 
[26.11.2019 09:45:36] [ 60.4 s    30.0 45.0 09:53
] 
[26.11.2019 09:45:36] [CC-3003 00000000001 1APTT RATIO ] 
[26.11.2019 09:45:36] [ 1.72      0.83 1.23 09:53
] 
[26.11.2019 09:45:36] [CC-3003 00000000001 1APTT TIME  ] 
[26.11.2019 09:45:36] [ 48.0 s    30.0 45.0 10:11
] 
[26.11.2019 09:45:36] [CC-3003 00000000001 1APTT RATIO ] 
[26.11.2019 09:45:37] [ 1.36      0.83 1.23 10:11
] 
[26.11.2019 09:45:37] [update jor_results_dt d set d.IS_OUT_OF_NORM = 0, 
d.result_text = '60.4', 
d.hardware_date_updated = current_timestamp, d.hardware_info = ('CC-4000') 
where ID = (select R.ID  
from JOR_CHECKS_DT D  
inner join JOR_CHECKS C on C.ID = D.HD_ID  
inner join JOR_RESULTS_DT R on R.HD_ID = D.ID  
left join DIC_NO_OPPORT_TO_RES N on N.ID = D.DIC_NO_OPPORT_TO_RES_ID  
where (R.HD_ID = D.ID) and(D.DATE_DONE is null) and(D.IS_REFUSE = 0)  
and (D.BULB_NUM_CODE = cast('11545026' as NAME))  
and (R.CODE_NAME = cast(  
('APTT_t') as MIDDLE_NAME))  
and((D.DIC_NO_OPPORT_TO_RES_ID is null) or(N.IS_IN_WORK = 1)))] 
[26.11.2019 09:45:37] [update jor_results_dt d set d.IS_OUT_OF_NORM = 0, 
d.result_text = '1.72', 
d.hardware_date_updated = current_timestamp, d.hardware_info = ('CC-4000') 
where ID = (select R.ID  
from JOR_CHECKS_DT D  
inner join JOR_CHECKS C on C.ID = D.HD_ID  
inner join JOR_RESULTS_DT R on R.HD_ID = D.ID  
left join DIC_NO_OPPORT_TO_RES N on N.ID = D.DIC_NO_OPPORT_TO_RES_ID  
where (R.HD_ID = D.ID) and(D.DATE_DONE is null) and(D.IS_REFUSE = 0)  
and (D.BULB_NUM_CODE = cast('11545026' as NAME))  
and (R.CODE_NAME = cast(  
('APTT_t') as MIDDLE_NAME))  
and((D.DIC_NO_OPPORT_TO_RES_ID is null) or(N.IS_IN_WORK = 1)))] 
[26.11.2019 09:45:37] [CC-3003 00000000002 1APTT TIME   49.5 s    30.0 45.0 10:02
CC-3003 00000000002 1APTT RATIO  1.41      0.83 1.23 10:02
CC-3003 00000000002 1APTT TIME  ] 
[26.11.2019 09:45:37] [update jor_results_dt d set d.IS_OUT_OF_NORM = 0, 
d.result_text = '48.0', 
d.hardware_date_updated = current_timestamp, d.hardware_info = ('CC-4000') 
where ID = (select R.ID  
from JOR_CHECKS_DT D  
inner join JOR_CHECKS C on C.ID = D.HD_ID  
inner join JOR_RESULTS_DT R on R.HD_ID = D.ID  
left join DIC_NO_OPPORT_TO_RES N on N.ID = D.DIC_NO_OPPORT_TO_RES_ID  
where (R.HD_ID = D.ID) and(D.DATE_DONE is null) and(D.IS_REFUSE = 0)  
and (D.BULB_NUM_CODE = cast('11545026' as NAME))  
and (R.CODE_NAME = cast(  
('APTT_t') as MIDDLE_NAME))  
and((D.DIC_NO_OPPORT_TO_RES_ID is null) or(N.IS_IN_WORK = 1)))] 
[26.11.2019 09:45:37] [ 47.1 s    30.0 45.0 10:11
] 
[26.11.2019 09:45:37] [CC-3003 00000000002 1APTT RATIO ] 
[26.11.2019 09:45:37] [update jor_results_dt d set d.IS_OUT_OF_NORM = 0, 
d.result_text = '49.5', 
d.hardware_date_updated = current_timestamp, d.hardware_info = ('CC-4000') 
where ID = (select R.ID  
from JOR_CHECKS_DT D  
inner join JOR_CHECKS C on C.ID = D.HD_ID  
inner join JOR_RESULTS_DT R on R.HD_ID = D.ID  
left join DIC_NO_OPPORT_TO_RES N on N.ID = D.DIC_NO_OPPORT_TO_RES_ID  
where (R.HD_ID = D.ID) and(D.DATE_DONE is null) and(D.IS_REFUSE = 0)  
and (D.BULB_NUM_CODE = cast('11545026' as NAME))  
and (R.CODE_NAME = cast(  
('APTT_t') as MIDDLE_NAME))  
and((D.DIC_NO_OPPORT_TO_RES_ID is null) or(N.IS_IN_WORK = 1)))] 
[26.11.2019 09:45:37] [update jor_results_dt d set d.IS_OUT_OF_NORM = 0, 
d.result_text = '1.36', 
d.hardware_date_updated = current_timestamp, d.hardware_info = ('CC-4000') 
where ID = (select R.ID  
from JOR_CHECKS_DT D  
inner join JOR_CHECKS C on C.ID = D.HD_ID  
inner join JOR_RESULTS_DT R on R.HD_ID = D.ID  
left join DIC_NO_OPPORT_TO_RES N on N.ID = D.DIC_NO_OPPORT_TO_RES_ID  
where (R.HD_ID = D.ID) and(D.DATE_DONE is null) and(D.IS_REFUSE = 0)  
and (D.BULB_NUM_CODE = cast('11545026' as NAME))  
and (R.CODE_NAME = cast(  
('APTT_t') as MIDDLE_NAME))  
and((D.DIC_NO_OPPORT_TO_RES_ID is null) or(N.IS_IN_WORK = 1)))] 
[26.11.2019 09:45:38] [ 1.34      0.83 1.23 10:11
CC-3003 00000000004 1APTT TIME   45.5 s    30.0 45.0 10:11
CC-3003 00000000004 1APTT RATIO  1.29      0.83 1.23 10:11
CC-3003 00000000003 1APTT TIME   45.5 s    30.0 45.0 10:11
CC-3003 00000000003 1APTT RATIO  1.29      0.83 1.23 10:11
CC-3003 END 22-11-2019
] 
[26.11.2019 09:45:39] [update jor_results_dt d set d.IS_OUT_OF_NORM = 0, 
d.result_text = '1.34', 
d.hardware_date_updated = current_timestamp, d.hardware_info = ('CC-4000') 
where ID = (select R.ID  
from JOR_CHECKS_DT D  
inner join JOR_CHECKS C on C.ID = D.HD_ID  
inner join JOR_RESULTS_DT R on R.HD_ID = D.ID  
left join DIC_NO_OPPORT_TO_RES N on N.ID = D.DIC_NO_OPPORT_TO_RES_ID  
where (R.HD_ID = D.ID) and(D.DATE_DONE is null) and(D.IS_REFUSE = 0)  
and (D.BULB_NUM_CODE = cast('11545026' as NAME))  
and (R.CODE_NAME = cast(  
('APTT_t') as MIDDLE_NAME))  
and((D.DIC_NO_OPPORT_TO_RES_ID is null) or(N.IS_IN_WORK = 1)))] 
[26.11.2019 09:49:21] [CC-3003 BEGIN 22-11-2019
] 
[26.11.2019 09:49:21] [CC-3003 00000000001 1APTT TIME  ] 
[26.11.2019 09:49:21] [ 60.4 s    30.0 45.0 09:53
] 
[26.11.2019 09:49:21] [CC-3003 00000000001 1APTT RATIO ] 
[26.11.2019 09:49:21] [ 1.72      0.83 1.23 09:53
] 
[26.11.2019 09:49:21] [update jor_results_dt d set d.IS_OUT_OF_NORM = 0, 
d.result_text = '60.4', 
d.hardware_date_updated = current_timestamp, d.hardware_info = ('CC-4000') 
where ID = (select R.ID  
from JOR_CHECKS_DT D  
inner join JOR_CHECKS C on C.ID = D.HD_ID  
inner join JOR_RESULTS_DT R on R.HD_ID = D.ID  
left join DIC_NO_OPPORT_TO_RES N on N.ID = D.DIC_NO_OPPORT_TO_RES_ID  
where (R.HD_ID = D.ID) and(D.DATE_DONE is null) and(D.IS_REFUSE = 0)  
and (D.BULB_NUM_CODE = cast('11545026' as NAME))  
and (R.CODE_NAME = cast(  
('APTT_t') as MIDDLE_NAME))  
and((D.DIC_NO_OPPORT_TO_RES_ID is null) or(N.IS_IN_WORK = 1)))] 
[26.11.2019 09:49:21] [CC-3003 00000000001 1APTT TIME  ] 
[26.11.2019 09:49:21] [ 48.0 s    30.0 45.0 10:11
] 
[26.11.2019 09:49:21] [update jor_results_dt d set d.IS_OUT_OF_NORM = 0, 
d.result_text = '1.72', 
d.hardware_date_updated = current_timestamp, d.hardware_info = ('CC-4000') 
where ID = (select R.ID  
from JOR_CHECKS_DT D  
inner join JOR_CHECKS C on C.ID = D.HD_ID  
inner join JOR_RESULTS_DT R on R.HD_ID = D.ID  
left join DIC_NO_OPPORT_TO_RES N on N.ID = D.DIC_NO_OPPORT_TO_RES_ID  
where (R.HD_ID = D.ID) and(D.DATE_DONE is null) and(D.IS_REFUSE = 0)  
and (D.BULB_NUM_CODE = cast('11545026' as NAME))  
and (R.CODE_NAME = cast(  
('APTT_t') as MIDDLE_NAME))  
and((D.DIC_NO_OPPORT_TO_RES_ID is null) or(N.IS_IN_WORK = 1)))] 
[26.11.2019 09:49:21] [CC-3003 00000000001 1APTT RATIO ] 
[26.11.2019 09:49:21] [update jor_results_dt d set d.IS_OUT_OF_NORM = 0, 
d.result_text = '48.0', 
d.hardware_date_updated = current_timestamp, d.hardware_info = ('CC-4000') 
where ID = (select R.ID  
from JOR_CHECKS_DT D  
inner join JOR_CHECKS C on C.ID = D.HD_ID  
inner join JOR_RESULTS_DT R on R.HD_ID = D.ID  
left join DIC_NO_OPPORT_TO_RES N on N.ID = D.DIC_NO_OPPORT_TO_RES_ID  
where (R.HD_ID = D.ID) and(D.DATE_DONE is null) and(D.IS_REFUSE = 0)  
and (D.BULB_NUM_CODE = cast('11545026' as NAME))  
and (R.CODE_NAME = cast(  
('APTT_t') as MIDDLE_NAME))  
and((D.DIC_NO_OPPORT_TO_RES_ID is null) or(N.IS_IN_WORK = 1)))] 
[26.11.2019 09:49:21] [ 1.36      0.83 1.23 10:11
] 
[26.11.2019 09:49:21] [CC-3003 00000000002 1APTT TIME  ] 
[26.11.2019 09:49:21] [update jor_results_dt d set d.IS_OUT_OF_NORM = 0, 
d.result_text = '1.36', 
d.hardware_date_updated = current_timestamp, d.hardware_info = ('CC-4000') 
where ID = (select R.ID  
from JOR_CHECKS_DT D  
inner join JOR_CHECKS C on C.ID = D.HD_ID  
inner join JOR_RESULTS_DT R on R.HD_ID = D.ID  
left join DIC_NO_OPPORT_TO_RES N on N.ID = D.DIC_NO_OPPORT_TO_RES_ID  
where (R.HD_ID = D.ID) and(D.DATE_DONE is null) and(D.IS_REFUSE = 0)  
and (D.BULB_NUM_CODE = cast('11545026' as NAME))  
and (R.CODE_NAME = cast(  
('APTT_t') as MIDDLE_NAME))  
and((D.DIC_NO_OPPORT_TO_RES_ID is null) or(N.IS_IN_WORK = 1)))] 
[26.11.2019 09:49:21] [ 49.5 s    30.0 45.0 10:02
] 
[26.11.2019 09:49:21] [CC-3003 00000000002 1APTT RATIO ] 
[26.11.2019 09:49:21] [update jor_results_dt d set d.IS_OUT_OF_NORM = 0, 
d.result_text = '49.5', 
d.hardware_date_updated = current_timestamp, d.hardware_info = ('CC-4000') 
where ID = (select R.ID  
from JOR_CHECKS_DT D  
inner join JOR_CHECKS C on C.ID = D.HD_ID  
inner join JOR_RESULTS_DT R on R.HD_ID = D.ID  
left join DIC_NO_OPPORT_TO_RES N on N.ID = D.DIC_NO_OPPORT_TO_RES_ID  
where (R.HD_ID = D.ID) and(D.DATE_DONE is null) and(D.IS_REFUSE = 0)  
and (D.BULB_NUM_CODE = cast('11545026' as NAME))  
and (R.CODE_NAME = cast(  
('APTT_t') as MIDDLE_NAME))  
and((D.DIC_NO_OPPORT_TO_RES_ID is null) or(N.IS_IN_WORK = 1)))] 
[26.11.2019 09:49:21] [ 1.41      0.83 1.23 10:02
] 
[26.11.2019 09:49:21] [CC-3003 00000000002 1APTT TIME  ] 
[26.11.2019 09:49:21] [update jor_results_dt d set d.IS_OUT_OF_NORM = 0, 
d.result_text = '1.41', 
d.hardware_date_updated = current_timestamp, d.hardware_info = ('CC-4000') 
where ID = (select R.ID  
from JOR_CHECKS_DT D  
inner join JOR_CHECKS C on C.ID = D.HD_ID  
inner join JOR_RESULTS_DT R on R.HD_ID = D.ID  
left join DIC_NO_OPPORT_TO_RES N on N.ID = D.DIC_NO_OPPORT_TO_RES_ID  
where (R.HD_ID = D.ID) and(D.DATE_DONE is null) and(D.IS_REFUSE = 0)  
and (D.BULB_NUM_CODE = cast('11545026' as NAME))  
and (R.CODE_NAME = cast(  
('APTT_t') as MIDDLE_NAME))  
and((D.DIC_NO_OPPORT_TO_RES_ID is null) or(N.IS_IN_WORK = 1)))] 
[26.11.2019 09:49:21] [ 47.1 s    30.0 45.0 10:11
] 
[26.11.2019 09:49:21] [CC-3003 00000000002 1APTT RATIO ] 
[26.11.2019 09:49:21] [update jor_results_dt d set d.IS_OUT_OF_NORM = 0, 
d.result_text = '47.1', 
d.hardware_date_updated = current_timestamp, d.hardware_info = ('CC-4000') 
where ID = (select R.ID  
from JOR_CHECKS_DT D  
inner join JOR_CHECKS C on C.ID = D.HD_ID  
inner join JOR_RESULTS_DT R on R.HD_ID = D.ID  
left join DIC_NO_OPPORT_TO_RES N on N.ID = D.DIC_NO_OPPORT_TO_RES_ID  
where (R.HD_ID = D.ID) and(D.DATE_DONE is null) and(D.IS_REFUSE = 0)  
and (D.BULB_NUM_CODE = cast('11545026' as NAME))  
and (R.CODE_NAME = cast(  
('APTT_t') as MIDDLE_NAME))  
and((D.DIC_NO_OPPORT_TO_RES_ID is null) or(N.IS_IN_WORK = 1)))] 
[26.11.2019 09:49:22] [ 1.34      0.83 1.23 10:11
] 
[26.11.2019 09:49:22] [CC-3003 00000000004 1APTT TIME  ] 
[26.11.2019 09:49:22] [update jor_results_dt d set d.IS_OUT_OF_NORM = 0, 
d.result_text = '1.34', 
d.hardware_date_updated = current_timestamp, d.hardware_info = ('CC-4000') 
where ID = (select R.ID  
from JOR_CHECKS_DT D  
inner join JOR_CHECKS C on C.ID = D.HD_ID  
inner join JOR_RESULTS_DT R on R.HD_ID = D.ID  
left join DIC_NO_OPPORT_TO_RES N on N.ID = D.DIC_NO_OPPORT_TO_RES_ID  
where (R.HD_ID = D.ID) and(D.DATE_DONE is null) and(D.IS_REFUSE = 0)  
and (D.BULB_NUM_CODE = cast('11545026' as NAME))  
and (R.CODE_NAME = cast(  
('APTT_t') as MIDDLE_NAME))  
and((D.DIC_NO_OPPORT_TO_RES_ID is null) or(N.IS_IN_WORK = 1)))] 
[26.11.2019 09:49:22] [ 45.5 s    30.0 45.0 10:11
] 
[26.11.2019 09:49:22] [CC-3003 00000000004 1APTT RATIO ] 
[26.11.2019 09:49:22] [update jor_results_dt d set d.IS_OUT_OF_NORM = 0, 
d.result_text = '45.5', 
d.hardware_date_updated = current_timestamp, d.hardware_info = ('CC-4000') 
where ID = (select R.ID  
from JOR_CHECKS_DT D  
inner join JOR_CHECKS C on C.ID = D.HD_ID  
inner join JOR_RESULTS_DT R on R.HD_ID = D.ID  
left join DIC_NO_OPPORT_TO_RES N on N.ID = D.DIC_NO_OPPORT_TO_RES_ID  
where (R.HD_ID = D.ID) and(D.DATE_DONE is null) and(D.IS_REFUSE = 0)  
and (D.BULB_NUM_CODE = cast('11545026' as NAME))  
and (R.CODE_NAME = cast(  
('APTT_t') as MIDDLE_NAME))  
and((D.DIC_NO_OPPORT_TO_RES_ID is null) or(N.IS_IN_WORK = 1)))] 
[26.11.2019 09:49:22] [ 1.29      0.83 1.23 10:11
] 
[26.11.2019 09:49:22] [CC-3003 00000000003 1APTT TIME  ] 
[26.11.2019 09:49:22] [update jor_results_dt d set d.IS_OUT_OF_NORM = 0, 
d.result_text = '1.29', 
d.hardware_date_updated = current_timestamp, d.hardware_info = ('CC-4000') 
where ID = (select R.ID  
from JOR_CHECKS_DT D  
inner join JOR_CHECKS C on C.ID = D.HD_ID  
inner join JOR_RESULTS_DT R on R.HD_ID = D.ID  
left join DIC_NO_OPPORT_TO_RES N on N.ID = D.DIC_NO_OPPORT_TO_RES_ID  
where (R.HD_ID = D.ID) and(D.DATE_DONE is null) and(D.IS_REFUSE = 0)  
and (D.BULB_NUM_CODE = cast('11545026' as NAME))  
and (R.CODE_NAME = cast(  
('APTT_t') as MIDDLE_NAME))  
and((D.DIC_NO_OPPORT_TO_RES_ID is null) or(N.IS_IN_WORK = 1)))] 
[26.11.2019 09:49:22] [ 45.5 s    30.0 45.0 10:11
] 
[26.11.2019 09:49:22] [CC-3003 00000000003 1APTT RATIO ] 
[26.11.2019 09:49:22] [update jor_results_dt d set d.IS_OUT_OF_NORM = 0, 
d.result_text = '45.5', 
d.hardware_date_updated = current_timestamp, d.hardware_info = ('CC-4000') 
where ID = (select R.ID  
from JOR_CHECKS_DT D  
inner join JOR_CHECKS C on C.ID = D.HD_ID  
inner join JOR_RESULTS_DT R on R.HD_ID = D.ID  
left join DIC_NO_OPPORT_TO_RES N on N.ID = D.DIC_NO_OPPORT_TO_RES_ID  
where (R.HD_ID = D.ID) and(D.DATE_DONE is null) and(D.IS_REFUSE = 0)  
and (D.BULB_NUM_CODE = cast('11545026' as NAME))  
and (R.CODE_NAME = cast(  
('APTT_t') as MIDDLE_NAME))  
and((D.DIC_NO_OPPORT_TO_RES_ID is null) or(N.IS_IN_WORK = 1)))] 
[26.11.2019 09:49:22] [ 1.29      0.83 1.23 10:11
] 
[26.11.2019 09:49:22] [CC-3003 END 22-11-2019
] 
[26.11.2019 09:49:22] [update jor_results_dt d set d.IS_OUT_OF_NORM = 0, 
d.result_text = '1.29', 
d.hardware_date_updated = current_timestamp, d.hardware_info = ('CC-4000') 
where ID = (select R.ID  
from JOR_CHECKS_DT D  
inner join JOR_CHECKS C on C.ID = D.HD_ID  
inner join JOR_RESULTS_DT R on R.HD_ID = D.ID  
left join DIC_NO_OPPORT_TO_RES N on N.ID = D.DIC_NO_OPPORT_TO_RES_ID  
where (R.HD_ID = D.ID) and(D.DATE_DONE is null) and(D.IS_REFUSE = 0)  
and (D.BULB_NUM_CODE = cast('11545026' as NAME))  
and (R.CODE_NAME = cast(  
('APTT_t') as MIDDLE_NAME))  
and((D.DIC_NO_OPPORT_TO_RES_ID is null) or(N.IS_IN_WORK = 1)))] 
[26.11.2019 12:45:21] [start program] 
[26.11.2019 12:45:21] [ConnectionIni:172.16.0.4/3051:terra] 
[26.11.2019 12:45:25] [CC-3003 BEGIN 22-11-2019
] 
[26.11.2019 12:45:25] [CC-3003 00000000001 1APTT TIME  ] 
[26.11.2019 12:45:25] [ 60.4 s    30.0 45.0 09:53
] 
[26.11.2019 12:45:25] [CC-3003 00000000001 1APTT RATIO ] 
[26.11.2019 12:45:25] [ 1.72      0.83 1.23 09:53
] 
[26.11.2019 12:45:25] [CC-3003 00000000001 1APTT TIME  ] 
[26.11.2019 12:45:25] [ 48.0 s    30.0 45.0 10:11
] 
[26.11.2019 12:45:26] [CC-3003 00000000001 1APTT RATIO ] 
[26.11.2019 12:45:26] [ 1.36      0.83 1.23 10:11
] 
[26.11.2019 12:45:26] [update jor_results_dt d set d.IS_OUT_OF_NORM = 0, 
d.result_text = '60.4', 
d.hardware_date_updated = current_timestamp, d.hardware_info = ('CC-4000') 
where ID = (select R.ID  
from JOR_CHECKS_DT D  
inner join JOR_CHECKS C on C.ID = D.HD_ID  
inner join JOR_RESULTS_DT R on R.HD_ID = D.ID  
left join DIC_NO_OPPORT_TO_RES N on N.ID = D.DIC_NO_OPPORT_TO_RES_ID  
where (R.HD_ID = D.ID) and(D.DATE_DONE is null) and(D.IS_REFUSE = 0)  
and (D.BULB_NUM_CODE = cast('00000000001' as NAME))  
and (R.CODE_NAME = cast(  
('APTT_t') as MIDDLE_NAME))  
and((D.DIC_NO_OPPORT_TO_RES_ID is null) or(N.IS_IN_WORK = 1)))] 
[26.11.2019 12:45:26] [CC-3003 00000000002 1APTT TIME  ] 
[26.11.2019 12:45:26] [ 49.5 s    30.0 45.0 10:02
] 
[26.11.2019 12:45:26] [update jor_results_dt d set d.IS_OUT_OF_NORM = 0, 
d.result_text = '1.72', 
d.hardware_date_updated = current_timestamp, d.hardware_info = ('CC-4000') 
where ID = (select R.ID  
from JOR_CHECKS_DT D  
inner join JOR_CHECKS C on C.ID = D.HD_ID  
inner join JOR_RESULTS_DT R on R.HD_ID = D.ID  
left join DIC_NO_OPPORT_TO_RES N on N.ID = D.DIC_NO_OPPORT_TO_RES_ID  
where (R.HD_ID = D.ID) and(D.DATE_DONE is null) and(D.IS_REFUSE = 0)  
and (D.BULB_NUM_CODE = cast('00000000001' as NAME))  
and (R.CODE_NAME = cast(  
('APTT_t') as MIDDLE_NAME))  
and((D.DIC_NO_OPPORT_TO_RES_ID is null) or(N.IS_IN_WORK = 1)))] 
[26.11.2019 12:45:26] [update jor_results_dt d set d.IS_OUT_OF_NORM = 0, 
d.result_text = '48.0', 
d.hardware_date_updated = current_timestamp, d.hardware_info = ('CC-4000') 
where ID = (select R.ID  
from JOR_CHECKS_DT D  
inner join JOR_CHECKS C on C.ID = D.HD_ID  
inner join JOR_RESULTS_DT R on R.HD_ID = D.ID  
left join DIC_NO_OPPORT_TO_RES N on N.ID = D.DIC_NO_OPPORT_TO_RES_ID  
where (R.HD_ID = D.ID) and(D.DATE_DONE is null) and(D.IS_REFUSE = 0)  
and (D.BULB_NUM_CODE = cast('00000000001' as NAME))  
and (R.CODE_NAME = cast(  
('APTT_t') as MIDDLE_NAME))  
and((D.DIC_NO_OPPORT_TO_RES_ID is null) or(N.IS_IN_WORK = 1)))] 
[26.11.2019 12:45:26] [CC-3003 00000000002 1APTT RATIO  1.41      0.83 1.23 10:02
CC-3003 00000000002 1APTT TIME  ] 
[26.11.2019 12:45:26] [ 47.1 s    30.0 45.0 10:11
] 
[26.11.2019 12:45:26] [update jor_results_dt d set d.IS_OUT_OF_NORM = 0, 
d.result_text = '49.5', 
d.hardware_date_updated = current_timestamp, d.hardware_info = ('CC-4000') 
where ID = (select R.ID  
from JOR_CHECKS_DT D  
inner join JOR_CHECKS C on C.ID = D.HD_ID  
inner join JOR_RESULTS_DT R on R.HD_ID = D.ID  
left join DIC_NO_OPPORT_TO_RES N on N.ID = D.DIC_NO_OPPORT_TO_RES_ID  
where (R.HD_ID = D.ID) and(D.DATE_DONE is null) and(D.IS_REFUSE = 0)  
and (D.BULB_NUM_CODE = cast('00000000002' as NAME))  
and (R.CODE_NAME = cast(  
('APTT_t') as MIDDLE_NAME))  
and((D.DIC_NO_OPPORT_TO_RES_ID is null) or(N.IS_IN_WORK = 1)))] 
[26.11.2019 12:45:26] [update jor_results_dt d set d.IS_OUT_OF_NORM = 0, 
d.result_text = '1.41', 
d.hardware_date_updated = current_timestamp, d.hardware_info = ('CC-4000') 
where ID = (select R.ID  
from JOR_CHECKS_DT D  
inner join JOR_CHECKS C on C.ID = D.HD_ID  
inner join JOR_RESULTS_DT R on R.HD_ID = D.ID  
left join DIC_NO_OPPORT_TO_RES N on N.ID = D.DIC_NO_OPPORT_TO_RES_ID  
where (R.HD_ID = D.ID) and(D.DATE_DONE is null) and(D.IS_REFUSE = 0)  
and (D.BULB_NUM_CODE = cast('00000000002' as NAME))  
and (R.CODE_NAME = cast(  
('APTT_t') as MIDDLE_NAME))  
and((D.DIC_NO_OPPORT_TO_RES_ID is null) or(N.IS_IN_WORK = 1)))] 
[26.11.2019 12:45:26] [CC-3003 00000000002 1APTT RATIO ] 
[26.11.2019 12:45:26] [ 1.34      0.83 1.23 10:11
] 
[26.11.2019 12:45:26] [update jor_results_dt d set d.IS_OUT_OF_NORM = 0, 
d.result_text = '1.34', 
d.hardware_date_updated = current_timestamp, d.hardware_info = ('CC-4000') 
where ID = (select R.ID  
from JOR_CHECKS_DT D  
inner join JOR_CHECKS C on C.ID = D.HD_ID  
inner join JOR_RESULTS_DT R on R.HD_ID = D.ID  
left join DIC_NO_OPPORT_TO_RES N on N.ID = D.DIC_NO_OPPORT_TO_RES_ID  
where (R.HD_ID = D.ID) and(D.DATE_DONE is null) and(D.IS_REFUSE = 0)  
and (D.BULB_NUM_CODE = cast('00000000002' as NAME))  
and (R.CODE_NAME = cast(  
('APTT_t') as MIDDLE_NAME))  
and((D.DIC_NO_OPPORT_TO_RES_ID is null) or(N.IS_IN_WORK = 1)))] 
[26.11.2019 12:45:26] [update jor_results_dt d set d.IS_OUT_OF_NORM = 0, 
d.result_text = '1.36', 
d.hardware_date_updated = current_timestamp, d.hardware_info = ('CC-4000') 
where ID = (select R.ID  
from JOR_CHECKS_DT D  
inner join JOR_CHECKS C on C.ID = D.HD_ID  
inner join JOR_RESULTS_DT R on R.HD_ID = D.ID  
left join DIC_NO_OPPORT_TO_RES N on N.ID = D.DIC_NO_OPPORT_TO_RES_ID  
where (R.HD_ID = D.ID) and(D.DATE_DONE is null) and(D.IS_REFUSE = 0)  
and (D.BULB_NUM_CODE = cast('00000000001' as NAME))  
and (R.CODE_NAME = cast(  
('APTT_t') as MIDDLE_NAME))  
and((D.DIC_NO_OPPORT_TO_RES_ID is null) or(N.IS_IN_WORK = 1)))] 
[26.11.2019 12:45:26] [CC-3003 00000000004 1APTT TIME  ] 
[26.11.2019 12:45:26] [ 45.5 s    30.0 45.0 10:11
] 
[26.11.2019 12:45:26] [update jor_results_dt d set d.IS_OUT_OF_NORM = 0, 
d.result_text = '45.5', 
d.hardware_date_updated = current_timestamp, d.hardware_info = ('CC-4000') 
where ID = (select R.ID  
from JOR_CHECKS_DT D  
inner join JOR_CHECKS C on C.ID = D.HD_ID  
inner join JOR_RESULTS_DT R on R.HD_ID = D.ID  
left join DIC_NO_OPPORT_TO_RES N on N.ID = D.DIC_NO_OPPORT_TO_RES_ID  
where (R.HD_ID = D.ID) and(D.DATE_DONE is null) and(D.IS_REFUSE = 0)  
and (D.BULB_NUM_CODE = cast('00000000004' as NAME))  
and (R.CODE_NAME = cast(  
('APTT_t') as MIDDLE_NAME))  
and((D.DIC_NO_OPPORT_TO_RES_ID is null) or(N.IS_IN_WORK = 1)))] 
[26.11.2019 12:45:26] [CC-3003 00000000004 1APTT RATIO ] 
[26.11.2019 12:45:26] [ 1.29      0.83 1.23 10:11
] 
[26.11.2019 12:45:26] [update jor_results_dt d set d.IS_OUT_OF_NORM = 0, 
d.result_text = '1.29', 
d.hardware_date_updated = current_timestamp, d.hardware_info = ('CC-4000') 
where ID = (select R.ID  
from JOR_CHECKS_DT D  
inner join JOR_CHECKS C on C.ID = D.HD_ID  
inner join JOR_RESULTS_DT R on R.HD_ID = D.ID  
left join DIC_NO_OPPORT_TO_RES N on N.ID = D.DIC_NO_OPPORT_TO_RES_ID  
where (R.HD_ID = D.ID) and(D.DATE_DONE is null) and(D.IS_REFUSE = 0)  
and (D.BULB_NUM_CODE = cast('00000000004' as NAME))  
and (R.CODE_NAME = cast(  
('APTT_t') as MIDDLE_NAME))  
and((D.DIC_NO_OPPORT_TO_RES_ID is null) or(N.IS_IN_WORK = 1)))] 
[26.11.2019 12:45:26] [CC-3003 00000000003 1APTT TIME  ] 
[26.11.2019 12:45:26] [ 45.5 s    30.0 45.0 10:11
] 
[26.11.2019 12:45:26] [update jor_results_dt d set d.IS_OUT_OF_NORM = 0, 
d.result_text = '45.5', 
d.hardware_date_updated = current_timestamp, d.hardware_info = ('CC-4000') 
where ID = (select R.ID  
from JOR_CHECKS_DT D  
inner join JOR_CHECKS C on C.ID = D.HD_ID  
inner join JOR_RESULTS_DT R on R.HD_ID = D.ID  
left join DIC_NO_OPPORT_TO_RES N on N.ID = D.DIC_NO_OPPORT_TO_RES_ID  
where (R.HD_ID = D.ID) and(D.DATE_DONE is null) and(D.IS_REFUSE = 0)  
and (D.BULB_NUM_CODE = cast('00000000003' as NAME))  
and (R.CODE_NAME = cast(  
('APTT_t') as MIDDLE_NAME))  
and((D.DIC_NO_OPPORT_TO_RES_ID is null) or(N.IS_IN_WORK = 1)))] 
[26.11.2019 12:45:26] [CC-3003 00000000003 1APTT RATIO ] 
[26.11.2019 12:45:26] [ 1.29      0.83 1.23 10:11
] 
[26.11.2019 12:45:26] [update jor_results_dt d set d.IS_OUT_OF_NORM = 0, 
d.result_text = '1.29', 
d.hardware_date_updated = current_timestamp, d.hardware_info = ('CC-4000') 
where ID = (select R.ID  
from JOR_CHECKS_DT D  
inner join JOR_CHECKS C on C.ID = D.HD_ID  
inner join JOR_RESULTS_DT R on R.HD_ID = D.ID  
left join DIC_NO_OPPORT_TO_RES N on N.ID = D.DIC_NO_OPPORT_TO_RES_ID  
where (R.HD_ID = D.ID) and(D.DATE_DONE is null) and(D.IS_REFUSE = 0)  
and (D.BULB_NUM_CODE = cast('00000000003' as NAME))  
and (R.CODE_NAME = cast(  
('APTT_t') as MIDDLE_NAME))  
and((D.DIC_NO_OPPORT_TO_RES_ID is null) or(N.IS_IN_WORK = 1)))] 
[26.11.2019 12:45:26] [CC-3003 END 22-11-2019
] 
[26.11.2019 12:48:02] [start program] 
[26.11.2019 12:48:02] [ConnectionIni:172.16.0.4/3051:terra] 
[26.11.2019 12:50:59] [CC-3003 BEGIN 26-11-2019
] 
[26.11.2019 12:50:59] [CC-3003 00012070770 1APTT TIME  ] 
[26.11.2019 12:50:59] [ 58.6 s    30.0 45.0 12:28
] 
[26.11.2019 12:50:59] [CC-3003 00012070770 1APTT RATIO ] 
[26.11.2019 12:50:59] [ 1.66      0.83 1.23 12:28
] 
[26.11.2019 12:51:00] [CC-3003 END 26-11-2019
] 
[26.11.2019 12:51:00] [update jor_results_dt d set d.IS_OUT_OF_NORM = 0, 
d.result_text = '58.6', 
d.hardware_date_updated = current_timestamp, d.hardware_info = ('CC-4000') 
where ID = (select R.ID  
from JOR_CHECKS_DT D  
inner join JOR_CHECKS C on C.ID = D.HD_ID  
inner join JOR_RESULTS_DT R on R.HD_ID = D.ID  
left join DIC_NO_OPPORT_TO_RES N on N.ID = D.DIC_NO_OPPORT_TO_RES_ID  
where (R.HD_ID = D.ID) and(D.DATE_DONE is null) and(D.IS_REFUSE = 0)  
and (D.BULB_NUM_CODE = cast('00012070770' as NAME))  
and (R.CODE_NAME = cast(  
('APTT_t') as MIDDLE_NAME))  
and((D.DIC_NO_OPPORT_TO_RES_ID is null) or(N.IS_IN_WORK = 1)))] 
[26.11.2019 12:51:00] [update jor_results_dt d set d.IS_OUT_OF_NORM = 0, 
d.result_text = '1.66', 
d.hardware_date_updated = current_timestamp, d.hardware_info = ('CC-4000') 
where ID = (select R.ID  
from JOR_CHECKS_DT D  
inner join JOR_CHECKS C on C.ID = D.HD_ID  
inner join JOR_RESULTS_DT R on R.HD_ID = D.ID  
left join DIC_NO_OPPORT_TO_RES N on N.ID = D.DIC_NO_OPPORT_TO_RES_ID  
where (R.HD_ID = D.ID) and(D.DATE_DONE is null) and(D.IS_REFUSE = 0)  
and (D.BULB_NUM_CODE = cast('00012070770' as NAME))  
and (R.CODE_NAME = cast(  
('APTT_t') as MIDDLE_NAME))  
and((D.DIC_NO_OPPORT_TO_RES_ID is null) or(N.IS_IN_WORK = 1)))] 
[26.11.2019 12:52:24] [start program] 
[26.11.2019 12:52:24] [ConnectionIni:172.16.0.4/3051:terra] 
[26.11.2019 12:58:03] [CC-3003 BEGIN 26-11-2019
] 
[26.11.2019 12:58:03] [CC-3003 00012068432 1APTT TIME  ] 
[26.11.2019 12:58:03] [ 75.0 s    30.0 45.0 12:35
] 
[26.11.2019 12:58:03] [CC-3003 00012068432 1APTT RATIO ] 
[26.11.2019 12:58:03] [ 2.13      0.83 1.23 12:35
] 
[26.11.2019 12:58:03] [CC-3003 END 26-11-2019
] 
[26.11.2019 12:58:03] [update jor_results_dt d set d.IS_OUT_OF_NORM = 0, 
d.result_text = '75.0', 
d.hardware_date_updated = current_timestamp, d.hardware_info = ('CC-4000') 
where ID = (select R.ID  
from JOR_CHECKS_DT D  
inner join JOR_CHECKS C on C.ID = D.HD_ID  
inner join JOR_RESULTS_DT R on R.HD_ID = D.ID  
left join DIC_NO_OPPORT_TO_RES N on N.ID = D.DIC_NO_OPPORT_TO_RES_ID  
where (R.HD_ID = D.ID) and(D.DATE_DONE is null) and(D.IS_REFUSE = 0)  
and (D.BULB_NUM_CODE = cast('00012068432' as NAME))  
and (R.CODE_NAME = cast(  
('APTT_t') as MIDDLE_NAME))  
and((D.DIC_NO_OPPORT_TO_RES_ID is null) or(N.IS_IN_WORK = 1)))] 
[26.11.2019 12:58:03] [update jor_results_dt d set d.IS_OUT_OF_NORM = 0, 
d.result_text = '2.13', 
d.hardware_date_updated = current_timestamp, d.hardware_info = ('CC-4000') 
where ID = (select R.ID  
from JOR_CHECKS_DT D  
inner join JOR_CHECKS C on C.ID = D.HD_ID  
inner join JOR_RESULTS_DT R on R.HD_ID = D.ID  
left join DIC_NO_OPPORT_TO_RES N on N.ID = D.DIC_NO_OPPORT_TO_RES_ID  
where (R.HD_ID = D.ID) and(D.DATE_DONE is null) and(D.IS_REFUSE = 0)  
and (D.BULB_NUM_CODE = cast('00012068432' as NAME))  
and (R.CODE_NAME = cast(  
('APTT_t') as MIDDLE_NAME))  
and((D.DIC_NO_OPPORT_TO_RES_ID is null) or(N.IS_IN_WORK = 1)))] 
[26.11.2019 13:07:51] [start program] 
[26.11.2019 13:07:51] [ConnectionIni:172.16.0.4/3051:terra] 
[26.11.2019 13:07:54] [CC-3003 BEGIN 26-11-2019
] 
[26.11.2019 13:07:54] [CC-3003 00012070770 1APTT TIME  ] 
[26.11.2019 13:07:54] [ 58.6 s    30.0 45.0 12:28
] 
[26.11.2019 13:07:54] [CC-3003 00012070770 1APTT RATIO ] 
[26.11.2019 13:07:54] [ 1.66      0.83 1.23 12:28
] 
[26.11.2019 13:07:55] [CC-3003 00012068432 1APTT TIME  ] 
[26.11.2019 13:07:55] [ 75.0 s    30.0 45.0 12:35
] 
[26.11.2019 13:07:55] [update jor_results_dt d set d.IS_OUT_OF_NORM = 0, 
d.result_text = '58.6', 
d.hardware_date_updated = current_timestamp, d.hardware_info = ('CC-4000') 
where ID = (select R.ID  
from JOR_CHECKS_DT D  
inner join JOR_CHECKS C on C.ID = D.HD_ID  
inner join JOR_RESULTS_DT R on R.HD_ID = D.ID  
left join DIC_NO_OPPORT_TO_RES N on N.ID = D.DIC_NO_OPPORT_TO_RES_ID  
where (R.HD_ID = D.ID) and(D.DATE_DONE is null) and(D.IS_REFUSE = 0)  
and (D.BULB_NUM_CODE = cast('00012070770' as NAME))  
and (R.CODE_NAME = cast(  
('APTT_t') as MIDDLE_NAME))  
and((D.DIC_NO_OPPORT_TO_RES_ID is null) or(N.IS_IN_WORK = 1)))] 
[26.11.2019 13:07:55] [CC-3003 00012068432 1APTT RATIO ] 
[26.11.2019 13:07:55] [ 2.13      0.83 1.23 12:35
] 
[26.11.2019 13:07:55] [CC-3003 END 26-11-2019
] 
[26.11.2019 13:07:55] [update jor_results_dt d set d.IS_OUT_OF_NORM = 0, 
d.result_text = '2.13', 
d.hardware_date_updated = current_timestamp, d.hardware_info = ('CC-4000') 
where ID = (select R.ID  
from JOR_CHECKS_DT D  
inner join JOR_CHECKS C on C.ID = D.HD_ID  
inner join JOR_RESULTS_DT R on R.HD_ID = D.ID  
left join DIC_NO_OPPORT_TO_RES N on N.ID = D.DIC_NO_OPPORT_TO_RES_ID  
where (R.HD_ID = D.ID) and(D.DATE_DONE is null) and(D.IS_REFUSE = 0)  
and (D.BULB_NUM_CODE = cast('00012068432' as NAME))  
and (R.CODE_NAME = cast(  
('APTT_t') as MIDDLE_NAME))  
and((D.DIC_NO_OPPORT_TO_RES_ID is null) or(N.IS_IN_WORK = 1)))] 
[26.11.2019 13:07:55] [update jor_results_dt d set d.IS_OUT_OF_NORM = 0, 
d.result_text = '1.66', 
d.hardware_date_updated = current_timestamp, d.hardware_info = ('CC-4000') 
where ID = (select R.ID  
from JOR_CHECKS_DT D  
inner join JOR_CHECKS C on C.ID = D.HD_ID  
inner join JOR_RESULTS_DT R on R.HD_ID = D.ID  
left join DIC_NO_OPPORT_TO_RES N on N.ID = D.DIC_NO_OPPORT_TO_RES_ID  
where (R.HD_ID = D.ID) and(D.DATE_DONE is null) and(D.IS_REFUSE = 0)  
and (D.BULB_NUM_CODE = cast('00012070770' as NAME))  
and (R.CODE_NAME = cast(  
('APTT_t') as MIDDLE_NAME))  
and((D.DIC_NO_OPPORT_TO_RES_ID is null) or(N.IS_IN_WORK = 1)))] 
[26.11.2019 13:07:55] [update jor_results_dt d set d.IS_OUT_OF_NORM = 0, 
d.result_text = '75.0', 
d.hardware_date_updated = current_timestamp, d.hardware_info = ('CC-4000') 
where ID = (select R.ID  
from JOR_CHECKS_DT D  
inner join JOR_CHECKS C on C.ID = D.HD_ID  
inner join JOR_RESULTS_DT R on R.HD_ID = D.ID  
left join DIC_NO_OPPORT_TO_RES N on N.ID = D.DIC_NO_OPPORT_TO_RES_ID  
where (R.HD_ID = D.ID) and(D.DATE_DONE is null) and(D.IS_REFUSE = 0)  
and (D.BULB_NUM_CODE = cast('00012068432' as NAME))  
and (R.CODE_NAME = cast(  
('APTT_t') as MIDDLE_NAME))  
and((D.DIC_NO_OPPORT_TO_RES_ID is null) or(N.IS_IN_WORK = 1)))] 
[26.11.2019 13:18:39] [start program] 
[26.11.2019 13:18:39] [ConnectionIni:172.16.0.4/3051:terra] 
[26.11.2019 13:18:42] [CC-3003 BEGIN 26-11-2019
] 
[26.11.2019 13:18:42] [CC-3003 00012070770 1APTT TIME  ] 
[26.11.2019 13:18:42] [ 58.6 s    30.0 45.0 12:28
] 
[26.11.2019 13:18:42] [CC-3003 00012070770 1APTT RATIO ] 
[26.11.2019 13:18:42] [ 1.66      0.83 1.23 12:28
] 
[26.11.2019 13:18:42] [update jor_results_dt d set d.IS_OUT_OF_NORM = 0, 
d.result_text = '58.6', 
d.hardware_date_updated = current_timestamp, d.hardware_info = ('CC-4000') 
where ID = (select R.ID  
from JOR_CHECKS_DT D  
inner join JOR_CHECKS C on C.ID = D.HD_ID  
inner join JOR_RESULTS_DT R on R.HD_ID = D.ID  
left join DIC_NO_OPPORT_TO_RES N on N.ID = D.DIC_NO_OPPORT_TO_RES_ID  
where (R.HD_ID = D.ID) and(D.DATE_DONE is null) and(D.IS_REFUSE = 0)  
and (D.BULB_NUM_CODE = cast('012070770' as NAME))  
and (R.CODE_NAME = cast(  
('APTT_t') as MIDDLE_NAME))  
and((D.DIC_NO_OPPORT_TO_RES_ID is null) or(N.IS_IN_WORK = 1)))] 
[26.11.2019 13:22:44] [start program] 
[26.11.2019 13:22:44] [ConnectionIni:172.16.0.4/3051:terra] 
[26.11.2019 13:22:48] [CC-3003 BEGIN 26-11-2019
] 
[26.11.2019 13:22:48] [CC-3003 00012070770 1APTT TIME  ] 
[26.11.2019 13:22:49] [ 58.6 s    30.0 45.0 12:28
] 
[26.11.2019 13:22:49] [CC-3003 00012070770 1APTT RATIO ] 
[26.11.2019 13:22:49] [ 1.66      0.83 1.23 12:28
] 
[26.11.2019 13:23:27] [start program] 
[26.11.2019 13:23:27] [ConnectionIni:172.16.0.4/3051:terra] 
[26.11.2019 13:23:30] [CC-3003 BEGIN 26-11-2019
] 
[26.11.2019 13:23:30] [CC-3003 00012070770 1APTT TIME  ] 
[26.11.2019 13:23:30] [ 58.6 s    30.0 45.0 12:28
] 
[26.11.2019 13:23:30] [CC-3003 00012070770 1APTT RATIO ] 
[26.11.2019 13:23:30] [ 1.66      0.83 1.23 12:28
] 
[26.11.2019 13:23:30] [CC-3003 00012068432 1APTT TIME  ] 
[26.11.2019 13:23:30] [ 75.0 s    30.0 45.0 12:35
] 
[26.11.2019 13:23:30] [CC-3003 00012068432 1APTT RATIO ] 
[26.11.2019 13:23:30] [update jor_results_dt d set d.IS_OUT_OF_NORM = 0, 
d.result_text = '58.6', 
d.hardware_date_updated = current_timestamp, d.hardware_info = ('CC-4000') 
where ID = (select R.ID  
from JOR_CHECKS_DT D  
inner join JOR_CHECKS C on C.ID = D.HD_ID  
inner join JOR_RESULTS_DT R on R.HD_ID = D.ID  
left join DIC_NO_OPPORT_TO_RES N on N.ID = D.DIC_NO_OPPORT_TO_RES_ID  
where (R.HD_ID = D.ID) and(D.DATE_DONE is null) and(D.IS_REFUSE = 0)  
and (D.BULB_NUM_CODE = cast('12070770' as NAME))  
and (R.CODE_NAME = cast(  
('APTT_t') as MIDDLE_NAME))  
and((D.DIC_NO_OPPORT_TO_RES_ID is null) or(N.IS_IN_WORK = 1)))] 
[26.11.2019 13:23:30] [ 2.13      0.83 1.23 12:35
] 
[26.11.2019 13:23:30] [CC-3003 END 26-11-2019
] 
[26.11.2019 13:23:30] [update jor_results_dt d set d.IS_OUT_OF_NORM = 0, 
d.result_text = '75.0', 
d.hardware_date_updated = current_timestamp, d.hardware_info = ('CC-4000') 
where ID = (select R.ID  
from JOR_CHECKS_DT D  
inner join JOR_CHECKS C on C.ID = D.HD_ID  
inner join JOR_RESULTS_DT R on R.HD_ID = D.ID  
left join DIC_NO_OPPORT_TO_RES N on N.ID = D.DIC_NO_OPPORT_TO_RES_ID  
where (R.HD_ID = D.ID) and(D.DATE_DONE is null) and(D.IS_REFUSE = 0)  
and (D.BULB_NUM_CODE = cast('12068432' as NAME))  
and (R.CODE_NAME = cast(  
('APTT_t') as MIDDLE_NAME))  
and((D.DIC_NO_OPPORT_TO_RES_ID is null) or(N.IS_IN_WORK = 1)))] 
[26.11.2019 13:24:54] [CC-3003 BEGIN 26-11-2019
] 
[26.11.2019 13:24:54] [CC-3003 00012070770 1APTT TIME  ] 
[26.11.2019 13:24:54] [ 58.6 s    30.0 45.0 12:28
] 
[26.11.2019 13:24:54] [CC-3003 00012070770 1APTT RATIO ] 
[26.11.2019 13:24:54] [ 1.66      0.83 1.23 12:28
] 
[26.11.2019 13:24:54] [update jor_results_dt d set d.IS_OUT_OF_NORM = 0, 
d.result_text = '58.6', 
d.hardware_date_updated = current_timestamp, d.hardware_info = ('CC-4000') 
where ID = (select R.ID  
from JOR_CHECKS_DT D  
inner join JOR_CHECKS C on C.ID = D.HD_ID  
inner join JOR_RESULTS_DT R on R.HD_ID = D.ID  
left join DIC_NO_OPPORT_TO_RES N on N.ID = D.DIC_NO_OPPORT_TO_RES_ID  
where (R.HD_ID = D.ID) and(D.DATE_DONE is null) and(D.IS_REFUSE = 0)  
and (D.BULB_NUM_CODE = cast('12070770' as NAME))  
and (R.CODE_NAME = cast(  
('APTT_t') as MIDDLE_NAME))  
and((D.DIC_NO_OPPORT_TO_RES_ID is null) or(N.IS_IN_WORK = 1)))] 
[26.11.2019 13:24:54] [CC-3003 00012068432 1APTT TIME  ] 
[26.11.2019 13:24:54] [ 75.0 s    30.0 45.0 12:35
] 
[26.11.2019 13:24:54] [CC-3003 00012068432 1APTT RATIO ] 
[26.11.2019 13:24:54] [update jor_results_dt d set d.IS_OUT_OF_NORM = 0, 
d.result_text = '75.0', 
d.hardware_date_updated = current_timestamp, d.hardware_info = ('CC-4000') 
where ID = (select R.ID  
from JOR_CHECKS_DT D  
inner join JOR_CHECKS C on C.ID = D.HD_ID  
inner join JOR_RESULTS_DT R on R.HD_ID = D.ID  
left join DIC_NO_OPPORT_TO_RES N on N.ID = D.DIC_NO_OPPORT_TO_RES_ID  
where (R.HD_ID = D.ID) and(D.DATE_DONE is null) and(D.IS_REFUSE = 0)  
and (D.BULB_NUM_CODE = cast('12068432' as NAME))  
and (R.CODE_NAME = cast(  
('APTT_t') as MIDDLE_NAME))  
and((D.DIC_NO_OPPORT_TO_RES_ID is null) or(N.IS_IN_WORK = 1)))] 
[26.11.2019 13:24:54] [ 2.13      0.83 1.23 12:35
] 
[26.11.2019 13:24:54] [CC-3003 END 26-11-2019
] 
[26.11.2019 15:47:34] [start program] 
[26.11.2019 15:47:34] [ConnectionIni:172.16.0.4/3051:terra] 
[26.11.2019 15:53:21] [CC-3003 BEGIN 26-11-2019
] 
[26.11.2019 15:53:21] [CC-3003 00012093120 1APTT TIME  ] 
[26.11.2019 15:53:22] [ 63.9 s    30.0 45.0 15:30
] 
[26.11.2019 15:53:22] [CC-3003 00012093120 1APTT RATIO ] 
[26.11.2019 15:53:22] [ 1.82      0.83 1.23 15:30
] 
[26.11.2019 15:53:22] [update jor_results_dt d set d.IS_OUT_OF_NORM = 0, 
d.result_text = '63.9', 
d.hardware_date_updated = current_timestamp, d.hardware_info = ('CC-4000') 
where ID = (select R.ID  
from JOR_CHECKS_DT D  
inner join JOR_CHECKS C on C.ID = D.HD_ID  
inner join JOR_RESULTS_DT R on R.HD_ID = D.ID  
left join DIC_NO_OPPORT_TO_RES N on N.ID = D.DIC_NO_OPPORT_TO_RES_ID  
where (R.HD_ID = D.ID) and(D.DATE_DONE is null) and(D.IS_REFUSE = 0)  
and (D.BULB_NUM_CODE = cast('12093120' as NAME))  
and (R.CODE_NAME = cast(  
('APTT_t') as MIDDLE_NAME))  
and((D.DIC_NO_OPPORT_TO_RES_ID is null) or(N.IS_IN_WORK = 1)))] 
[26.11.2019 15:53:42] [CC-3003 END 26-11-2019
CC-3003 BEGIN 26-11-2019
CC-3003 00012088645 1APTT TIME   84.5 s    30.0 45.0 15:30
CC-3003 00012088645 1APTT RATIO  2.40      0.83 1.23 15:30
CC-3003 END 26-11-2019
] 
[26.11.2019 15:53:44] [CC-3003 BEGIN 26-11-2019
] 
[26.11.2019 15:53:44] [CC-3003 00012086368 1APTT TIME  ] 
[26.11.2019 15:53:44] [ 73.4 s    30.0 45.0 15:30
] 
[26.11.2019 15:53:44] [CC-3003 00012086368 1APTT RATIO ] 
[26.11.2019 15:53:44] [ 2.09      0.83 1.23 15:30
] 
[26.11.2019 15:53:44] [update jor_results_dt d set d.IS_OUT_OF_NORM = 0, 
d.result_text = '73.4', 
d.hardware_date_updated = current_timestamp, d.hardware_info = ('CC-4000') 
where ID = (select R.ID  
from JOR_CHECKS_DT D  
inner join JOR_CHECKS C on C.ID = D.HD_ID  
inner join JOR_RESULTS_DT R on R.HD_ID = D.ID  
left join DIC_NO_OPPORT_TO_RES N on N.ID = D.DIC_NO_OPPORT_TO_RES_ID  
where (R.HD_ID = D.ID) and(D.DATE_DONE is null) and(D.IS_REFUSE = 0)  
and (D.BULB_NUM_CODE = cast('12086368' as NAME))  
and (R.CODE_NAME = cast(  
('APTT_t') as MIDDLE_NAME))  
and((D.DIC_NO_OPPORT_TO_RES_ID is null) or(N.IS_IN_WORK = 1)))] 
[26.11.2019 15:54:04] [CC-3003 END 26-11-2019
] 
[26.11.2019 15:54:17] [CC-3003 BEGIN 26-11-2019
] 
[26.11.2019 15:54:17] [CC-3003 00012088287 1APTT TIME  ] 
[26.11.2019 15:54:17] [112.7 s    30.0 45.0 15:31
] 
[26.11.2019 15:54:17] [CC-3003 00012088287 1APTT RATIO ] 
[26.11.2019 15:54:17] [update jor_results_dt d set d.IS_OUT_OF_NORM = 0, 
d.result_text = '112.7', 
d.hardware_date_updated = current_timestamp, d.hardware_info = ('CC-4000') 
where ID = (select R.ID  
from JOR_CHECKS_DT D  
inner join JOR_CHECKS C on C.ID = D.HD_ID  
inner join JOR_RESULTS_DT R on R.HD_ID = D.ID  
left join DIC_NO_OPPORT_TO_RES N on N.ID = D.DIC_NO_OPPORT_TO_RES_ID  
where (R.HD_ID = D.ID) and(D.DATE_DONE is null) and(D.IS_REFUSE = 0)  
and (D.BULB_NUM_CODE = cast('12088287' as NAME))  
and (R.CODE_NAME = cast(  
('APTT_t') as MIDDLE_NAME))  
and((D.DIC_NO_OPPORT_TO_RES_ID is null) or(N.IS_IN_WORK = 1)))] 
[26.11.2019 15:54:17] [ 3.20      0.83 1.23 15:31
] 
[26.11.2019 15:54:37] [CC-3003 END 26-11-2019
] 
[26.11.2019 15:57:52] [start program] 
[26.11.2019 15:57:52] [ConnectionIni:172.16.0.4/3051:terra] 
[26.11.2019 15:57:54] [CC-3003 BEGIN 26-11-2019
] 
[26.11.2019 15:57:54] [CC-3003 00012070770 1APTT TIME  ] 
[26.11.2019 15:57:54] [ 58.6 s    30.0 45.0 12:28
] 
[26.11.2019 15:57:54] [CC-3003 00012070770 1APTT RATIO ] 
[26.11.2019 15:57:54] [ 1.66      0.83 1.23 12:28
] 
[26.11.2019 15:57:54] [update jor_results_dt d set d.IS_OUT_OF_NORM = 0, 
d.result_text = '58.6', 
d.hardware_date_updated = current_timestamp, d.hardware_info = ('CC-4000') 
where ID = (select R.ID  
from JOR_CHECKS_DT D  
inner join JOR_CHECKS C on C.ID = D.HD_ID  
inner join JOR_RESULTS_DT R on R.HD_ID = D.ID  
left join DIC_NO_OPPORT_TO_RES N on N.ID = D.DIC_NO_OPPORT_TO_RES_ID  
where (R.HD_ID = D.ID) and(D.DATE_DONE is null) and(D.IS_REFUSE = 0)  
and (D.BULB_NUM_CODE = cast('12070770' as NAME))  
and (R.CODE_NAME = cast(  
('APTT_t') as MIDDLE_NAME))  
and((D.DIC_NO_OPPORT_TO_RES_ID is null) or(N.IS_IN_WORK = 1)))] 
[26.11.2019 15:57:54] [CC-3003 00012068432 1APTT TIME   75.0 s    30.0 45.0 12:35
CC-3003 00012068432 1APTT RATIO  2.13      0.83 1.23 12:35
CC-3003 00012093120 1APTT TIME   63.9 s    30.0 45.0 15:30
CC-3003 00012093120 1APTT RATIO  1.82      0.83 1.23 15:30
CC-3003 00012088645 1APTT TIME   84.5 s    30.0 45.0 15:30
CC-3003 00012088645 1APTT RATIO  2.40      0.83 1.23 15:30
CC-3003 00012086368 1APTT TIME   73.4 s    30.0 45.0 15:30
CC-3003 00012086368 1APTT RATIO  2.09      0.83 1.23 15:30
CC-3003 00012088287 1APTT TIME  112.7 s    30.0 45.0 15:31
] 
[26.11.2019 15:57:55] [CC-3003 00012088287 1APTT RATIO ] 
[26.11.2019 15:57:55] [ 3.20      0.83 1.23 15:31
] 
[26.11.2019 15:57:55] [CC-3003 END 26-11-2019
] 
[26.11.2019 15:58:21] [start program] 
[26.11.2019 15:58:21] [ConnectionIni:172.16.0.4/3051:terra] 
[26.11.2019 15:58:23] [CC-3003 BEGIN 26-11-2019
CC-3003 00012070770 1APTT TIME  ] 
[26.11.2019 15:58:23] [ 58.6 s    30.0 45.0 12:28
] 
[26.11.2019 15:58:23] [CC-3003 00012070770 1APTT RATIO  1.66      0.83 1.23 12:28
] 
[26.11.2019 15:58:23] [CC-3003 00012068432 1APTT TIME  ] 
[26.11.2019 15:58:23] [ 75.0 s    30.0 45.0 12:35
] 
[26.11.2019 15:58:23] [CC-3003 00012068432 1APTT RATIO ] 
[26.11.2019 15:58:23] [ 2.13      0.83 1.23 12:35
] 
[26.11.2019 15:58:23] [CC-3003 00012093120 1APTT TIME  ] 
[26.11.2019 15:58:23] [ 63.9 s    30.0 45.0 15:30
] 
[26.11.2019 15:58:23] [update jor_results_dt d set d.IS_OUT_OF_NORM = 0, 
d.result_text = '75.0', 
d.hardware_date_updated = current_timestamp, d.hardware_info = ('CC-4000') 
where ID = (select R.ID  
from JOR_CHECKS_DT D  
inner join JOR_CHECKS C on C.ID = D.HD_ID  
inner join JOR_RESULTS_DT R on R.HD_ID = D.ID  
left join DIC_NO_OPPORT_TO_RES N on N.ID = D.DIC_NO_OPPORT_TO_RES_ID  
where (R.HD_ID = D.ID) and(D.DATE_DONE is null) and(D.IS_REFUSE = 0)  
and (D.BULB_NUM_CODE = cast('12068432' as NAME))  
and (R.CODE_NAME = cast(  
('APTT_t') as MIDDLE_NAME))  
and((D.DIC_NO_OPPORT_TO_RES_ID is null) or(N.IS_IN_WORK = 1)))] 
[26.11.2019 15:58:23] [CC-3003 00012093120 1APTT RATIO ] 
[26.11.2019 15:58:23] [ 1.82      0.83 1.23 15:30
] 
[26.11.2019 15:58:24] [CC-3003 00012088645 1APTT TIME  ] 
[26.11.2019 15:58:24] [ 84.5 s    30.0 45.0 15:30
] 
[26.11.2019 15:58:24] [CC-3003 00012088645 1APTT RATIO ] 
[26.11.2019 15:58:24] [ 2.40      0.83 1.23 15:30
] 
[26.11.2019 15:58:24] [update jor_results_dt d set d.IS_OUT_OF_NORM = 0, 
d.result_text = '63.9', 
d.hardware_date_updated = current_timestamp, d.hardware_info = ('CC-4000') 
where ID = (select R.ID  
from JOR_CHECKS_DT D  
inner join JOR_CHECKS C on C.ID = D.HD_ID  
inner join JOR_RESULTS_DT R on R.HD_ID = D.ID  
left join DIC_NO_OPPORT_TO_RES N on N.ID = D.DIC_NO_OPPORT_TO_RES_ID  
where (R.HD_ID = D.ID) and(D.DATE_DONE is null) and(D.IS_REFUSE = 0)  
and (D.BULB_NUM_CODE = cast('12093120' as NAME))  
and (R.CODE_NAME = cast(  
('APTT_t') as MIDDLE_NAME))  
and((D.DIC_NO_OPPORT_TO_RES_ID is null) or(N.IS_IN_WORK = 1)))] 
[26.11.2019 15:58:24] [update jor_results_dt d set d.IS_OUT_OF_NORM = 0, 
d.result_text = '84.5', 
d.hardware_date_updated = current_timestamp, d.hardware_info = ('CC-4000') 
where ID = (select R.ID  
from JOR_CHECKS_DT D  
inner join JOR_CHECKS C on C.ID = D.HD_ID  
inner join JOR_RESULTS_DT R on R.HD_ID = D.ID  
left join DIC_NO_OPPORT_TO_RES N on N.ID = D.DIC_NO_OPPORT_TO_RES_ID  
where (R.HD_ID = D.ID) and(D.DATE_DONE is null) and(D.IS_REFUSE = 0)  
and (D.BULB_NUM_CODE = cast('12088645' as NAME))  
and (R.CODE_NAME = cast(  
('APTT_t') as MIDDLE_NAME))  
and((D.DIC_NO_OPPORT_TO_RES_ID is null) or(N.IS_IN_WORK = 1)))] 
[26.11.2019 15:58:24] [CC-3003 00012086368 1APTT TIME  ] 
[26.11.2019 15:58:24] [ 73.4 s    30.0 45.0 15:30
] 
[26.11.2019 15:58:24] [update jor_results_dt d set d.IS_OUT_OF_NORM = 0, 
d.result_text = '73.4', 
d.hardware_date_updated = current_timestamp, d.hardware_info = ('CC-4000') 
where ID = (select R.ID  
from JOR_CHECKS_DT D  
inner join JOR_CHECKS C on C.ID = D.HD_ID  
inner join JOR_RESULTS_DT R on R.HD_ID = D.ID  
left join DIC_NO_OPPORT_TO_RES N on N.ID = D.DIC_NO_OPPORT_TO_RES_ID  
where (R.HD_ID = D.ID) and(D.DATE_DONE is null) and(D.IS_REFUSE = 0)  
and (D.BULB_NUM_CODE = cast('12086368' as NAME))  
and (R.CODE_NAME = cast(  
('APTT_t') as MIDDLE_NAME))  
and((D.DIC_NO_OPPORT_TO_RES_ID is null) or(N.IS_IN_WORK = 1)))] 
[26.11.2019 15:58:24] [CC-3003 00012086368 1APTT RATIO ] 
[26.11.2019 15:58:24] [ 2.09      0.83 1.23 15:30
] 
[26.11.2019 15:58:24] [CC-3003 00012088287 1APTT TIME  ] 
[26.11.2019 15:58:24] [112.7 s    30.0 45.0 15:31
] 
[26.11.2019 15:58:24] [update jor_results_dt d set d.IS_OUT_OF_NORM = 0, 
d.result_text = '112.7', 
d.hardware_date_updated = current_timestamp, d.hardware_info = ('CC-4000') 
where ID = (select R.ID  
from JOR_CHECKS_DT D  
inner join JOR_CHECKS C on C.ID = D.HD_ID  
inner join JOR_RESULTS_DT R on R.HD_ID = D.ID  
left join DIC_NO_OPPORT_TO_RES N on N.ID = D.DIC_NO_OPPORT_TO_RES_ID  
where (R.HD_ID = D.ID) and(D.DATE_DONE is null) and(D.IS_REFUSE = 0)  
and (D.BULB_NUM_CODE = cast('12088287' as NAME))  
and (R.CODE_NAME = cast(  
('APTT_t') as MIDDLE_NAME))  
and((D.DIC_NO_OPPORT_TO_RES_ID is null) or(N.IS_IN_WORK = 1)))] 
[26.11.2019 15:58:24] [CC-3003 00012088287 1APTT RATIO ] 
[26.11.2019 15:58:24] [ 3.20      0.83 1.23 15:31
] 
[26.11.2019 15:58:24] [CC-3003 END 26-11-2019
] 
[26.11.2019 15:58:57] [start program] 
[26.11.2019 15:58:57] [ConnectionIni:172.16.0.4/3051:terra] 
[26.11.2019 15:59:01] [CC-3003 BEGIN 26-11-2019
] 
[26.11.2019 15:59:01] [CC-3003 00012070770 1APTT TIME  ] 
[26.11.2019 15:59:01] [ 58.6 s    30.0 45.0 12:28
] 
[26.11.2019 15:59:01] [CC-3003 00012070770 1APTT RATIO ] 
[26.11.2019 15:59:01] [ 1.66      0.83 1.23 12:28
] 
[26.11.2019 15:59:01] [CC-3003 00012068432 1APTT TIME  ] 
[26.11.2019 15:59:01] [ 75.0 s    30.0 45.0 12:35
] 
[26.11.2019 15:59:01] [CC-3003 00012068432 1APTT RATIO ] 
[26.11.2019 15:59:01] [ 2.13      0.83 1.23 12:35
] 
[26.11.2019 15:59:01] [update jor_results_dt d set d.IS_OUT_OF_NORM = 0, 
d.result_text = '58.6', 
d.hardware_date_updated = current_timestamp, d.hardware_info = ('CC-4000') 
where ID = (select R.ID  
from JOR_CHECKS_DT D  
inner join JOR_CHECKS C on C.ID = D.HD_ID  
inner join JOR_RESULTS_DT R on R.HD_ID = D.ID  
left join DIC_NO_OPPORT_TO_RES N on N.ID = D.DIC_NO_OPPORT_TO_RES_ID  
where (R.HD_ID = D.ID) and(D.DATE_DONE is null) and(D.IS_REFUSE = 0)  
and (D.BULB_NUM_CODE = cast('12070770' as NAME))  
and (R.CODE_NAME = cast(  
('APTT_t') as MIDDLE_NAME))  
and((D.DIC_NO_OPPORT_TO_RES_ID is null) or(N.IS_IN_WORK = 1)))] 
[26.11.2019 15:59:01] [CC-3003 00012093120 1APTT TIME  ] 
[26.11.2019 15:59:01] [ 63.9 s    30.0 45.0 15:30
] 
[26.11.2019 15:59:01] [update jor_results_dt d set d.IS_OUT_OF_NORM = 0, 
d.result_text = '63.9', 
d.hardware_date_updated = current_timestamp, d.hardware_info = ('CC-4000') 
where ID = (select R.ID  
from JOR_CHECKS_DT D  
inner join JOR_CHECKS C on C.ID = D.HD_ID  
inner join JOR_RESULTS_DT R on R.HD_ID = D.ID  
left join DIC_NO_OPPORT_TO_RES N on N.ID = D.DIC_NO_OPPORT_TO_RES_ID  
where (R.HD_ID = D.ID) and(D.DATE_DONE is null) and(D.IS_REFUSE = 0)  
and (D.BULB_NUM_CODE = cast('12093120' as NAME))  
and (R.CODE_NAME = cast(  
('APTT_t') as MIDDLE_NAME))  
and((D.DIC_NO_OPPORT_TO_RES_ID is null) or(N.IS_IN_WORK = 1)))] 
[26.11.2019 15:59:01] [CC-3003 00012093120 1APTT RATIO ] 
[26.11.2019 15:59:02] [ 1.82      0.83 1.23 15:30
] 
[26.11.2019 15:59:02] [CC-3003 00012088645 1APTT TIME  ] 
[26.11.2019 15:59:02] [update jor_results_dt d set d.IS_OUT_OF_NORM = 0, 
d.result_text = '75.0', 
d.hardware_date_updated = current_timestamp, d.hardware_info = ('CC-4000') 
where ID = (select R.ID  
from JOR_CHECKS_DT D  
inner join JOR_CHECKS C on C.ID = D.HD_ID  
inner join JOR_RESULTS_DT R on R.HD_ID = D.ID  
left join DIC_NO_OPPORT_TO_RES N on N.ID = D.DIC_NO_OPPORT_TO_RES_ID  
where (R.HD_ID = D.ID) and(D.DATE_DONE is null) and(D.IS_REFUSE = 0)  
and (D.BULB_NUM_CODE = cast('12068432' as NAME))  
and (R.CODE_NAME = cast(  
('APTT_t') as MIDDLE_NAME))  
and((D.DIC_NO_OPPORT_TO_RES_ID is null) or(N.IS_IN_WORK = 1)))] 
[26.11.2019 15:59:02] [ 84.5 s    30.0 45.0 15:30
] 
[26.11.2019 15:59:02] [update jor_results_dt d set d.IS_OUT_OF_NORM = 0, 
d.result_text = '84.5', 
d.hardware_date_updated = current_timestamp, d.hardware_info = ('CC-4000') 
where ID = (select R.ID  
from JOR_CHECKS_DT D  
inner join JOR_CHECKS C on C.ID = D.HD_ID  
inner join JOR_RESULTS_DT R on R.HD_ID = D.ID  
left join DIC_NO_OPPORT_TO_RES N on N.ID = D.DIC_NO_OPPORT_TO_RES_ID  
where (R.HD_ID = D.ID) and(D.DATE_DONE is null) and(D.IS_REFUSE = 0)  
and (D.BULB_NUM_CODE = cast('12088645' as NAME))  
and (R.CODE_NAME = cast(  
('APTT_t') as MIDDLE_NAME))  
and((D.DIC_NO_OPPORT_TO_RES_ID is null) or(N.IS_IN_WORK = 1)))] 
[26.11.2019 15:59:02] [CC-3003 00012088645 1APTT RATIO ] 
[26.11.2019 15:59:02] [ 2.40      0.83 1.23 15:30
] 
[26.11.2019 15:59:02] [CC-3003 00012086368 1APTT TIME  ] 
[26.11.2019 15:59:02] [ 73.4 s    30.0 45.0 15:30
] 
[26.11.2019 15:59:02] [update jor_results_dt d set d.IS_OUT_OF_NORM = 0, 
d.result_text = '73.4', 
d.hardware_date_updated = current_timestamp, d.hardware_info = ('CC-4000') 
where ID = (select R.ID  
from JOR_CHECKS_DT D  
inner join JOR_CHECKS C on C.ID = D.HD_ID  
inner join JOR_RESULTS_DT R on R.HD_ID = D.ID  
left join DIC_NO_OPPORT_TO_RES N on N.ID = D.DIC_NO_OPPORT_TO_RES_ID  
where (R.HD_ID = D.ID) and(D.DATE_DONE is null) and(D.IS_REFUSE = 0)  
and (D.BULB_NUM_CODE = cast('12086368' as NAME))  
and (R.CODE_NAME = cast(  
('APTT_t') as MIDDLE_NAME))  
and((D.DIC_NO_OPPORT_TO_RES_ID is null) or(N.IS_IN_WORK = 1)))] 
[26.11.2019 15:59:02] [CC-3003 00012086368 1APTT RATIO ] 
[26.11.2019 15:59:02] [ 2.09      0.83 1.23 15:30
] 
[26.11.2019 15:59:02] [CC-3003 00012088287 1APTT TIME  ] 
[26.11.2019 15:59:02] [112.7 s    30.0 45.0 15:31
] 
[26.11.2019 15:59:02] [update jor_results_dt d set d.IS_OUT_OF_NORM = 0, 
d.result_text = '112.7', 
d.hardware_date_updated = current_timestamp, d.hardware_info = ('CC-4000') 
where ID = (select R.ID  
from JOR_CHECKS_DT D  
inner join JOR_CHECKS C on C.ID = D.HD_ID  
inner join JOR_RESULTS_DT R on R.HD_ID = D.ID  
left join DIC_NO_OPPORT_TO_RES N on N.ID = D.DIC_NO_OPPORT_TO_RES_ID  
where (R.HD_ID = D.ID) and(D.DATE_DONE is null) and(D.IS_REFUSE = 0)  
and (D.BULB_NUM_CODE = cast('12088287' as NAME))  
and (R.CODE_NAME = cast(  
('APTT_t') as MIDDLE_NAME))  
and((D.DIC_NO_OPPORT_TO_RES_ID is null) or(N.IS_IN_WORK = 1)))] 
[26.11.2019 15:59:02] [CC-3003 00012088287 1APTT RATIO ] 
[26.11.2019 15:59:02] [ 3.20      0.83 1.23 15:31
] 
[26.11.2019 15:59:02] [CC-3003 END 26-11-2019
] 
[26.11.2019 16:00:20] [CC-3003 BEGIN 26-11-2019
] 
[26.11.2019 16:00:20] [CC-3003 00012070770 1APTT TIME  ] 
[26.11.2019 16:00:20] [ 58.6 s    30.0 45.0 12:28
] 
[26.11.2019 16:00:20] [update jor_results_dt d set d.IS_OUT_OF_NORM = 0, 
d.result_text = '58.6', 
d.hardware_date_updated = current_timestamp, d.hardware_info = ('CC-4000') 
where ID = (select R.ID  
from JOR_CHECKS_DT D  
inner join JOR_CHECKS C on C.ID = D.HD_ID  
inner join JOR_RESULTS_DT R on R.HD_ID = D.ID  
left join DIC_NO_OPPORT_TO_RES N on N.ID = D.DIC_NO_OPPORT_TO_RES_ID  
where (R.HD_ID = D.ID) and(D.DATE_DONE is null) and(D.IS_REFUSE = 0)  
and (D.BULB_NUM_CODE = cast('12070770' as NAME))  
and (R.CODE_NAME = cast(  
('APTT_t') as MIDDLE_NAME))  
and((D.DIC_NO_OPPORT_TO_RES_ID is null) or(N.IS_IN_WORK = 1)))] 
[26.11.2019 16:00:20] [CC-3003 00012070770 1APTT RATIO ] 
[26.11.2019 16:00:20] [ 1.66      0.83 1.23 12:28
] 
[26.11.2019 16:00:20] [CC-3003 00012068432 1APTT TIME  ] 
[26.11.2019 16:00:20] [ 75.0 s    30.0 45.0 12:35
] 
[26.11.2019 16:00:20] [CC-3003 00012068432 1APTT RATIO ] 
[26.11.2019 16:00:20] [update jor_results_dt d set d.IS_OUT_OF_NORM = 0, 
d.result_text = '75.0', 
d.hardware_date_updated = current_timestamp, d.hardware_info = ('CC-4000') 
where ID = (select R.ID  
from JOR_CHECKS_DT D  
inner join JOR_CHECKS C on C.ID = D.HD_ID  
inner join JOR_RESULTS_DT R on R.HD_ID = D.ID  
left join DIC_NO_OPPORT_TO_RES N on N.ID = D.DIC_NO_OPPORT_TO_RES_ID  
where (R.HD_ID = D.ID) and(D.DATE_DONE is null) and(D.IS_REFUSE = 0)  
and (D.BULB_NUM_CODE = cast('12068432' as NAME))  
and (R.CODE_NAME = cast(  
('APTT_t') as MIDDLE_NAME))  
and((D.DIC_NO_OPPORT_TO_RES_ID is null) or(N.IS_IN_WORK = 1)))] 
[26.11.2019 16:00:20] [ 2.13      0.83 1.23 12:35
] 
[26.11.2019 16:00:20] [CC-3003 00012093120 1APTT TIME  ] 
[26.11.2019 16:00:20] [ 63.9 s    30.0 45.0 15:30
] 
[26.11.2019 16:00:20] [update jor_results_dt d set d.IS_OUT_OF_NORM = 0, 
d.result_text = '63.9', 
d.hardware_date_updated = current_timestamp, d.hardware_info = ('CC-4000') 
where ID = (select R.ID  
from JOR_CHECKS_DT D  
inner join JOR_CHECKS C on C.ID = D.HD_ID  
inner join JOR_RESULTS_DT R on R.HD_ID = D.ID  
left join DIC_NO_OPPORT_TO_RES N on N.ID = D.DIC_NO_OPPORT_TO_RES_ID  
where (R.HD_ID = D.ID) and(D.DATE_DONE is null) and(D.IS_REFUSE = 0)  
and (D.BULB_NUM_CODE = cast('12093120' as NAME))  
and (R.CODE_NAME = cast(  
('APTT_t') as MIDDLE_NAME))  
and((D.DIC_NO_OPPORT_TO_RES_ID is null) or(N.IS_IN_WORK = 1)))] 
[26.11.2019 16:00:20] [CC-3003 00012093120 1APTT RATIO ] 
[26.11.2019 16:00:20] [ 1.82      0.83 1.23 15:30
] 
[26.11.2019 16:00:20] [CC-3003 00012088645 1APTT TIME  ] 
[26.11.2019 16:00:20] [ 84.5 s    30.0 45.0 15:30
] 
[26.11.2019 16:00:20] [update jor_results_dt d set d.IS_OUT_OF_NORM = 0, 
d.result_text = '84.5', 
d.hardware_date_updated = current_timestamp, d.hardware_info = ('CC-4000') 
where ID = (select R.ID  
from JOR_CHECKS_DT D  
inner join JOR_CHECKS C on C.ID = D.HD_ID  
inner join JOR_RESULTS_DT R on R.HD_ID = D.ID  
left join DIC_NO_OPPORT_TO_RES N on N.ID = D.DIC_NO_OPPORT_TO_RES_ID  
where (R.HD_ID = D.ID) and(D.DATE_DONE is null) and(D.IS_REFUSE = 0)  
and (D.BULB_NUM_CODE = cast('12088645' as NAME))  
and (R.CODE_NAME = cast(  
('APTT_t') as MIDDLE_NAME))  
and((D.DIC_NO_OPPORT_TO_RES_ID is null) or(N.IS_IN_WORK = 1)))] 
[26.11.2019 16:00:20] [CC-3003 00012088645 1APTT RATIO ] 
[26.11.2019 16:00:20] [ 2.40      0.83 1.23 15:30
] 
[26.11.2019 16:00:20] [CC-3003 00012086368 1APTT TIME  ] 
[26.11.2019 16:00:20] [ 73.4 s    30.0 45.0 15:30
] 
[26.11.2019 16:00:20] [update jor_results_dt d set d.IS_OUT_OF_NORM = 0, 
d.result_text = '73.4', 
d.hardware_date_updated = current_timestamp, d.hardware_info = ('CC-4000') 
where ID = (select R.ID  
from JOR_CHECKS_DT D  
inner join JOR_CHECKS C on C.ID = D.HD_ID  
inner join JOR_RESULTS_DT R on R.HD_ID = D.ID  
left join DIC_NO_OPPORT_TO_RES N on N.ID = D.DIC_NO_OPPORT_TO_RES_ID  
where (R.HD_ID = D.ID) and(D.DATE_DONE is null) and(D.IS_REFUSE = 0)  
and (D.BULB_NUM_CODE = cast('12086368' as NAME))  
and (R.CODE_NAME = cast(  
('APTT_t') as MIDDLE_NAME))  
and((D.DIC_NO_OPPORT_TO_RES_ID is null) or(N.IS_IN_WORK = 1)))] 
[26.11.2019 16:00:20] [CC-3003 00012086368 1APTT RATIO ] 
[26.11.2019 16:00:20] [ 2.09      0.83 1.23 15:30
] 
[26.11.2019 16:00:21] [CC-3003 00012088287 1APTT TIME  ] 
[26.11.2019 16:00:21] [112.7 s    30.0 45.0 15:31
] 
[26.11.2019 16:00:21] [update jor_results_dt d set d.IS_OUT_OF_NORM = 0, 
d.result_text = '112.7', 
d.hardware_date_updated = current_timestamp, d.hardware_info = ('CC-4000') 
where ID = (select R.ID  
from JOR_CHECKS_DT D  
inner join JOR_CHECKS C on C.ID = D.HD_ID  
inner join JOR_RESULTS_DT R on R.HD_ID = D.ID  
left join DIC_NO_OPPORT_TO_RES N on N.ID = D.DIC_NO_OPPORT_TO_RES_ID  
where (R.HD_ID = D.ID) and(D.DATE_DONE is null) and(D.IS_REFUSE = 0)  
and (D.BULB_NUM_CODE = cast('12088287' as NAME))  
and (R.CODE_NAME = cast(  
('APTT_t') as MIDDLE_NAME))  
and((D.DIC_NO_OPPORT_TO_RES_ID is null) or(N.IS_IN_WORK = 1)))] 
[26.11.2019 16:00:21] [CC-3003 00012088287 1APTT RATIO ] 
[26.11.2019 16:00:21] [ 3.20      0.83 1.23 15:31
] 
[26.11.2019 16:00:21] [CC-3003 END 26-11-2019
] 
[26.11.2019 16:01:36] [start program] 
[26.11.2019 16:01:36] [ConnectionIni:172.16.0.4/3051:terra] 
[26.11.2019 16:01:40] [CC-3003 BEGIN 26-11-2019
] 
[26.11.2019 16:01:40] [CC-3003 00012070770 1APTT TIME  ] 
[26.11.2019 16:01:40] [ 58.6 s    30.0 45.0 12:28
] 
[26.11.2019 16:01:40] [CC-3003 00012070770 1APTT RATIO ] 
[26.11.2019 16:01:40] [ 1.66      0.83 1.23 12:28
] 
[26.11.2019 16:01:40] [CC-3003 00012068432 1APTT TIME  ] 
[26.11.2019 16:01:40] [ 75.0 s    30.0 45.0 12:35
] 
[26.11.2019 16:01:40] [CC-3003 00012068432 1APTT RATIO ] 
[26.11.2019 16:01:41] [update jor_results_dt d set d.IS_OUT_OF_NORM = 0, 
d.result_text = '58.6', 
d.hardware_date_updated = current_timestamp, d.hardware_info = ('CC-4000') 
where ID = (select R.ID  
from JOR_CHECKS_DT D  
inner join JOR_CHECKS C on C.ID = D.HD_ID  
inner join JOR_RESULTS_DT R on R.HD_ID = D.ID  
left join DIC_NO_OPPORT_TO_RES N on N.ID = D.DIC_NO_OPPORT_TO_RES_ID  
where (R.HD_ID = D.ID) and(D.DATE_DONE is null) and(D.IS_REFUSE = 0)  
and (D.BULB_NUM_CODE = cast('12070770' as NAME))  
and (R.CODE_NAME = cast(  
('APTT_t') as MIDDLE_NAME))  
and((D.DIC_NO_OPPORT_TO_RES_ID is null) or(N.IS_IN_WORK = 1)))] 
[26.11.2019 16:01:41] [ 2.13      0.83 1.23 12:35
] 
[26.11.2019 16:01:41] [CC-3003 00012093120 1APTT TIME  ] 
[26.11.2019 16:01:41] [ 63.9 s    30.0 45.0 15:30
] 
[26.11.2019 16:01:41] [CC-3003 00012093120 1APTT RATIO ] 
[26.11.2019 16:01:41] [ 1.82      0.83 1.23 15:30
] 
[26.11.2019 16:01:41] [CC-3003 00012088645 1APTT TIME  ] 
[26.11.2019 16:01:41] [update jor_results_dt d set d.IS_OUT_OF_NORM = 0, 
d.result_text = '75.0', 
d.hardware_date_updated = current_timestamp, d.hardware_info = ('CC-4000') 
where ID = (select R.ID  
from JOR_CHECKS_DT D  
inner join JOR_CHECKS C on C.ID = D.HD_ID  
inner join JOR_RESULTS_DT R on R.HD_ID = D.ID  
left join DIC_NO_OPPORT_TO_RES N on N.ID = D.DIC_NO_OPPORT_TO_RES_ID  
where (R.HD_ID = D.ID) and(D.DATE_DONE is null) and(D.IS_REFUSE = 0)  
and (D.BULB_NUM_CODE = cast('12068432' as NAME))  
and (R.CODE_NAME = cast(  
('APTT_t') as MIDDLE_NAME))  
and((D.DIC_NO_OPPORT_TO_RES_ID is null) or(N.IS_IN_WORK = 1)))] 
[26.11.2019 16:01:41] [ 84.5 s    30.0 45.0 15:30
] 
[26.11.2019 16:01:41] [update jor_results_dt d set d.IS_OUT_OF_NORM = 0, 
d.result_text = '84.5', 
d.hardware_date_updated = current_timestamp, d.hardware_info = ('CC-4000') 
where ID = (select R.ID  
from JOR_CHECKS_DT D  
inner join JOR_CHECKS C on C.ID = D.HD_ID  
inner join JOR_RESULTS_DT R on R.HD_ID = D.ID  
left join DIC_NO_OPPORT_TO_RES N on N.ID = D.DIC_NO_OPPORT_TO_RES_ID  
where (R.HD_ID = D.ID) and(D.DATE_DONE is null) and(D.IS_REFUSE = 0)  
and (D.BULB_NUM_CODE = cast('12088645' as NAME))  
and (R.CODE_NAME = cast(  
('APTT_t') as MIDDLE_NAME))  
and((D.DIC_NO_OPPORT_TO_RES_ID is null) or(N.IS_IN_WORK = 1)))] 
[26.11.2019 16:01:41] [CC-3003 00012088645 1APTT RATIO ] 
[26.11.2019 16:01:41] [ 2.40      0.83 1.23 15:30
] 
[26.11.2019 16:01:41] [CC-3003 00012086368 1APTT TIME  ] 
[26.11.2019 16:01:41] [ 73.4 s    30.0 45.0 15:30
] 
[26.11.2019 16:01:41] [update jor_results_dt d set d.IS_OUT_OF_NORM = 0, 
d.result_text = '73.4', 
d.hardware_date_updated = current_timestamp, d.hardware_info = ('CC-4000') 
where ID = (select R.ID  
from JOR_CHECKS_DT D  
inner join JOR_CHECKS C on C.ID = D.HD_ID  
inner join JOR_RESULTS_DT R on R.HD_ID = D.ID  
left join DIC_NO_OPPORT_TO_RES N on N.ID = D.DIC_NO_OPPORT_TO_RES_ID  
where (R.HD_ID = D.ID) and(D.DATE_DONE is null) and(D.IS_REFUSE = 0)  
and (D.BULB_NUM_CODE = cast('12086368' as NAME))  
and (R.CODE_NAME = cast(  
('APTT_t') as MIDDLE_NAME))  
and((D.DIC_NO_OPPORT_TO_RES_ID is null) or(N.IS_IN_WORK = 1)))] 
[26.11.2019 16:01:41] [CC-3003 00012086368 1APTT RATIO ] 
[26.11.2019 16:01:41] [ 2.09      0.83 1.23 15:30
] 
[26.11.2019 16:01:41] [CC-3003 00012088287 1APTT TIME  ] 
[26.11.2019 16:01:41] [112.7 s    30.0 45.0 15:31
] 
[26.11.2019 16:01:41] [update jor_results_dt d set d.IS_OUT_OF_NORM = 0, 
d.result_text = '112.7', 
d.hardware_date_updated = current_timestamp, d.hardware_info = ('CC-4000') 
where ID = (select R.ID  
from JOR_CHECKS_DT D  
inner join JOR_CHECKS C on C.ID = D.HD_ID  
inner join JOR_RESULTS_DT R on R.HD_ID = D.ID  
left join DIC_NO_OPPORT_TO_RES N on N.ID = D.DIC_NO_OPPORT_TO_RES_ID  
where (R.HD_ID = D.ID) and(D.DATE_DONE is null) and(D.IS_REFUSE = 0)  
and (D.BULB_NUM_CODE = cast('12088287' as NAME))  
and (R.CODE_NAME = cast(  
('APTT_t') as MIDDLE_NAME))  
and((D.DIC_NO_OPPORT_TO_RES_ID is null) or(N.IS_IN_WORK = 1)))] 
[26.11.2019 16:01:41] [CC-3003 00012088287 1APTT RATIO ] 
[26.11.2019 16:01:41] [ 3.20      0.83 1.23 15:31
] 
[26.11.2019 16:01:41] [CC-3003 END 26-11-2019
] 
[26.11.2019 16:01:41] [update jor_results_dt d set d.IS_OUT_OF_NORM = 0, 
d.result_text = '63.9', 
d.hardware_date_updated = current_timestamp, d.hardware_info = ('CC-4000') 
where ID = (select R.ID  
from JOR_CHECKS_DT D  
inner join JOR_CHECKS C on C.ID = D.HD_ID  
inner join JOR_RESULTS_DT R on R.HD_ID = D.ID  
left join DIC_NO_OPPORT_TO_RES N on N.ID = D.DIC_NO_OPPORT_TO_RES_ID  
where (R.HD_ID = D.ID) and(D.DATE_DONE is null) and(D.IS_REFUSE = 0)  
and (D.BULB_NUM_CODE = cast('12093120' as NAME))  
and (R.CODE_NAME = cast(  
('APTT_t') as MIDDLE_NAME))  
and((D.DIC_NO_OPPORT_TO_RES_ID is null) or(N.IS_IN_WORK = 1)))] 
[26.11.2019 16:02:02] [start program] 
[26.11.2019 16:02:02] [ConnectionIni:172.16.0.4/3051:terra] 
[26.11.2019 16:03:49] [start program] 
[26.11.2019 16:03:49] [ConnectionIni:172.16.0.4/3051:terra] 
[26.11.2019 16:03:52] [CC-3003 BEGIN 26-11-2019
] 
[26.11.2019 16:03:52] [CC-3003 00012070770 1APTT TIME  ] 
[26.11.2019 16:03:52] [ 58.6 s    30.0 45.0 12:28
] 
[26.11.2019 16:03:52] [CC-3003 00012070770 1APTT RATIO ] 
[26.11.2019 16:03:52] [ 1.66      0.83 1.23 12:28
] 
[26.11.2019 16:03:52] [CC-3003 00012068432 1APTT TIME  ] 
[26.11.2019 16:03:52] [ 75.0 s    30.0 45.0 12:35
] 
[26.11.2019 16:03:52] [CC-3003 00012068432 1APTT RATIO ] 
[26.11.2019 16:03:52] [update jor_results_dt d set d.IS_OUT_OF_NORM = 0, 
d.result_text = '58.6', 
d.hardware_date_updated = current_timestamp, d.hardware_info = ('CC-4000') 
where ID = (select R.ID  
from JOR_CHECKS_DT D  
inner join JOR_CHECKS C on C.ID = D.HD_ID  
inner join JOR_RESULTS_DT R on R.HD_ID = D.ID  
left join DIC_NO_OPPORT_TO_RES N on N.ID = D.DIC_NO_OPPORT_TO_RES_ID  
where (R.HD_ID = D.ID) and(D.DATE_DONE is null) and(D.IS_REFUSE = 0)  
and (D.BULB_NUM_CODE = cast('12070770' as NAME))  
and (R.CODE_NAME = cast(  
('APTT_t') as MIDDLE_NAME))  
and((D.DIC_NO_OPPORT_TO_RES_ID is null) or(N.IS_IN_WORK = 1)))] 
[26.11.2019 16:03:52] [ 2.13      0.83 1.23 12:35
] 
[26.11.2019 16:03:52] [CC-3003 00012093120 1APTT TIME  ] 
[26.11.2019 16:03:52] [ 63.9 s    30.0 45.0 15:30
] 
[26.11.2019 16:03:53] [CC-3003 00012093120 1APTT RATIO ] 
[26.11.2019 16:03:53] [ 1.82      0.83 1.23 15:30
] 
[26.11.2019 16:03:53] [CC-3003 00012088645 1APTT TIME  ] 
[26.11.2019 16:03:53] [update jor_results_dt d set d.IS_OUT_OF_NORM = 0, 
d.result_text = '75.0', 
d.hardware_date_updated = current_timestamp, d.hardware_info = ('CC-4000') 
where ID = (select R.ID  
from JOR_CHECKS_DT D  
inner join JOR_CHECKS C on C.ID = D.HD_ID  
inner join JOR_RESULTS_DT R on R.HD_ID = D.ID  
left join DIC_NO_OPPORT_TO_RES N on N.ID = D.DIC_NO_OPPORT_TO_RES_ID  
where (R.HD_ID = D.ID) and(D.DATE_DONE is null) and(D.IS_REFUSE = 0)  
and (D.BULB_NUM_CODE = cast('12068432' as NAME))  
and (R.CODE_NAME = cast(  
('APTT_t') as MIDDLE_NAME))  
and((D.DIC_NO_OPPORT_TO_RES_ID is null) or(N.IS_IN_WORK = 1)))] 
[26.11.2019 16:03:53] [ 84.5 s    30.0 45.0 15:30
] 
[26.11.2019 16:03:53] [CC-3003 00012088645 1APTT RATIO ] 
[26.11.2019 16:03:53] [ 2.40      0.83 1.23 15:30
] 
[26.11.2019 16:03:53] [CC-3003 00012086368 1APTT TIME  ] 
[26.11.2019 16:03:53] [ 73.4 s    30.0 45.0 15:30
] 
[26.11.2019 16:03:53] [update jor_results_dt d set d.IS_OUT_OF_NORM = 0, 
d.result_text = '73.4', 
d.hardware_date_updated = current_timestamp, d.hardware_info = ('CC-4000') 
where ID = (select R.ID  
from JOR_CHECKS_DT D  
inner join JOR_CHECKS C on C.ID = D.HD_ID  
inner join JOR_RESULTS_DT R on R.HD_ID = D.ID  
left join DIC_NO_OPPORT_TO_RES N on N.ID = D.DIC_NO_OPPORT_TO_RES_ID  
where (R.HD_ID = D.ID) and(D.DATE_DONE is null) and(D.IS_REFUSE = 0)  
and (D.BULB_NUM_CODE = cast('12086368' as NAME))  
and (R.CODE_NAME = cast(  
('APTT_t') as MIDDLE_NAME))  
and((D.DIC_NO_OPPORT_TO_RES_ID is null) or(N.IS_IN_WORK = 1)))] 
[26.11.2019 16:03:53] [CC-3003 00012086368 1APTT RATIO ] 
[26.11.2019 16:03:53] [update jor_results_dt d set d.IS_OUT_OF_NORM = 0, 
d.result_text = '84.5', 
d.hardware_date_updated = current_timestamp, d.hardware_info = ('CC-4000') 
where ID = (select R.ID  
from JOR_CHECKS_DT D  
inner join JOR_CHECKS C on C.ID = D.HD_ID  
inner join JOR_RESULTS_DT R on R.HD_ID = D.ID  
left join DIC_NO_OPPORT_TO_RES N on N.ID = D.DIC_NO_OPPORT_TO_RES_ID  
where (R.HD_ID = D.ID) and(D.DATE_DONE is null) and(D.IS_REFUSE = 0)  
and (D.BULB_NUM_CODE = cast('12088645' as NAME))  
and (R.CODE_NAME = cast(  
('APTT_t') as MIDDLE_NAME))  
and((D.DIC_NO_OPPORT_TO_RES_ID is null) or(N.IS_IN_WORK = 1)))] 
[26.11.2019 16:03:53] [ 2.09      0.83 1.23 15:30
] 
[26.11.2019 16:03:53] [CC-3003 00012088287 1APTT TIME  ] 
[26.11.2019 16:03:53] [112.7 s    30.0 45.0 15:31
] 
[26.11.2019 16:03:53] [update jor_results_dt d set d.IS_OUT_OF_NORM = 0, 
d.result_text = '112.7', 
d.hardware_date_updated = current_timestamp, d.hardware_info = ('CC-4000') 
where ID = (select R.ID  
from JOR_CHECKS_DT D  
inner join JOR_CHECKS C on C.ID = D.HD_ID  
inner join JOR_RESULTS_DT R on R.HD_ID = D.ID  
left join DIC_NO_OPPORT_TO_RES N on N.ID = D.DIC_NO_OPPORT_TO_RES_ID  
where (R.HD_ID = D.ID) and(D.DATE_DONE is null) and(D.IS_REFUSE = 0)  
and (D.BULB_NUM_CODE = cast('12088287' as NAME))  
and (R.CODE_NAME = cast(  
('APTT_t') as MIDDLE_NAME))  
and((D.DIC_NO_OPPORT_TO_RES_ID is null) or(N.IS_IN_WORK = 1)))] 
[26.11.2019 16:03:53] [CC-3003 00012088287 1APTT RATIO ] 
[26.11.2019 16:03:53] [ 3.20      0.83 1.23 15:31
] 
[26.11.2019 16:03:53] [CC-3003 END 26-11-2019
] 
[26.11.2019 16:03:53] [update jor_results_dt d set d.IS_OUT_OF_NORM = 0, 
d.result_text = '63.9', 
d.hardware_date_updated = current_timestamp, d.hardware_info = ('CC-4000') 
where ID = (select R.ID  
from JOR_CHECKS_DT D  
inner join JOR_CHECKS C on C.ID = D.HD_ID  
inner join JOR_RESULTS_DT R on R.HD_ID = D.ID  
left join DIC_NO_OPPORT_TO_RES N on N.ID = D.DIC_NO_OPPORT_TO_RES_ID  
where (R.HD_ID = D.ID) and(D.DATE_DONE is null) and(D.IS_REFUSE = 0)  
and (D.BULB_NUM_CODE = cast('12093120' as NAME))  
and (R.CODE_NAME = cast(  
('APTT_t') as MIDDLE_NAME))  
and((D.DIC_NO_OPPORT_TO_RES_ID is null) or(N.IS_IN_WORK = 1)))] 
[26.11.2019 16:04:21] [start program] 
[26.11.2019 16:04:21] [ConnectionIni:172.16.0.4/3051:terra] 
[26.11.2019 16:04:24] [CC-3003 BEGIN 26-11-2019
] 
[26.11.2019 16:04:24] [CC-3003 00012070770 1APTT TIME  ] 
[26.11.2019 16:04:24] [ 58.6 s    30.0 45.0 12:28
] 
[26.11.2019 16:04:24] [CC-3003 00012070770 1APTT RATIO ] 
[26.11.2019 16:04:24] [ 1.66      0.83 1.23 12:28
] 
[26.11.2019 16:04:24] [CC-3003 00012068432 1APTT TIME  ] 
[26.11.2019 16:04:24] [ 75.0 s    30.0 45.0 12:35
] 
[26.11.2019 16:04:24] [update jor_results_dt d set d.IS_OUT_OF_NORM = 0, 
d.result_text = '58.6', 
d.hardware_date_updated = current_timestamp, d.hardware_info = ('CC-4000') 
where ID = (select R.ID  
from JOR_CHECKS_DT D  
inner join JOR_CHECKS C on C.ID = D.HD_ID  
inner join JOR_RESULTS_DT R on R.HD_ID = D.ID  
left join DIC_NO_OPPORT_TO_RES N on N.ID = D.DIC_NO_OPPORT_TO_RES_ID  
where (R.HD_ID = D.ID) and(D.DATE_DONE is null) and(D.IS_REFUSE = 0)  
and (D.BULB_NUM_CODE = cast('12070770' as NAME))  
and (R.CODE_NAME = cast(  
('APTT_t') as MIDDLE_NAME))  
and((D.DIC_NO_OPPORT_TO_RES_ID is null) or(N.IS_IN_WORK = 1)))] 
[26.11.2019 16:04:24] [CC-3003 00012068432 1APTT RATIO ] 
[26.11.2019 16:04:24] [ 2.13      0.83 1.23 12:35
] 
[26.11.2019 16:04:24] [CC-3003 00012093120 1APTT TIME  ] 
[26.11.2019 16:04:24] [ 63.9 s    30.0 45.0 15:30
] 
[26.11.2019 16:04:24] [CC-3003 00012093120 1APTT RATIO ] 
[26.11.2019 16:04:24] [update jor_results_dt d set d.IS_OUT_OF_NORM = 0, 
d.result_text = '75.0', 
d.hardware_date_updated = current_timestamp, d.hardware_info = ('CC-4000') 
where ID = (select R.ID  
from JOR_CHECKS_DT D  
inner join JOR_CHECKS C on C.ID = D.HD_ID  
inner join JOR_RESULTS_DT R on R.HD_ID = D.ID  
left join DIC_NO_OPPORT_TO_RES N on N.ID = D.DIC_NO_OPPORT_TO_RES_ID  
where (R.HD_ID = D.ID) and(D.DATE_DONE is null) and(D.IS_REFUSE = 0)  
and (D.BULB_NUM_CODE = cast('12068432' as NAME))  
and (R.CODE_NAME = cast(  
('APTT_t') as MIDDLE_NAME))  
and((D.DIC_NO_OPPORT_TO_RES_ID is null) or(N.IS_IN_WORK = 1)))] 
[26.11.2019 16:04:24] [ 1.82      0.83 1.23 15:30
] 
[26.11.2019 16:04:24] [CC-3003 00012088645 1APTT TIME  ] 
[26.11.2019 16:04:25] [ 84.5 s    30.0 45.0 15:30
] 
[26.11.2019 16:04:25] [update jor_results_dt d set d.IS_OUT_OF_NORM = 0, 
d.result_text = '84.5', 
d.hardware_date_updated = current_timestamp, d.hardware_info = ('CC-4000') 
where ID = (select R.ID  
from JOR_CHECKS_DT D  
inner join JOR_CHECKS C on C.ID = D.HD_ID  
inner join JOR_RESULTS_DT R on R.HD_ID = D.ID  
left join DIC_NO_OPPORT_TO_RES N on N.ID = D.DIC_NO_OPPORT_TO_RES_ID  
where (R.HD_ID = D.ID) and(D.DATE_DONE is null) and(D.IS_REFUSE = 0)  
and (D.BULB_NUM_CODE = cast('12088645' as NAME))  
and (R.CODE_NAME = cast(  
('APTT_t') as MIDDLE_NAME))  
and((D.DIC_NO_OPPORT_TO_RES_ID is null) or(N.IS_IN_WORK = 1)))] 
[26.11.2019 16:04:25] [CC-3003 00012088645 1APTT RATIO ] 
[26.11.2019 16:04:25] [ 2.40      0.83 1.23 15:30
] 
[26.11.2019 16:04:25] [update jor_results_dt d set d.IS_OUT_OF_NORM = 0, 
d.result_text = '63.9', 
d.hardware_date_updated = current_timestamp, d.hardware_info = ('CC-4000') 
where ID = (select R.ID  
from JOR_CHECKS_DT D  
inner join JOR_CHECKS C on C.ID = D.HD_ID  
inner join JOR_RESULTS_DT R on R.HD_ID = D.ID  
left join DIC_NO_OPPORT_TO_RES N on N.ID = D.DIC_NO_OPPORT_TO_RES_ID  
where (R.HD_ID = D.ID) and(D.DATE_DONE is null) and(D.IS_REFUSE = 0)  
and (D.BULB_NUM_CODE = cast('12093120' as NAME))  
and (R.CODE_NAME = cast(  
('APTT_t') as MIDDLE_NAME))  
and((D.DIC_NO_OPPORT_TO_RES_ID is null) or(N.IS_IN_WORK = 1)))] 
[26.11.2019 16:04:25] [CC-3003 00012086368 1APTT TIME  ] 
[26.11.2019 16:04:25] [ 73.4 s    30.0 45.0 15:30
] 
[26.11.2019 16:04:25] [CC-3003 00012086368 1APTT RATIO ] 
[26.11.2019 16:04:25] [update jor_results_dt d set d.IS_OUT_OF_NORM = 0, 
d.result_text = '73.4', 
d.hardware_date_updated = current_timestamp, d.hardware_info = ('CC-4000') 
where ID = (select R.ID  
from JOR_CHECKS_DT D  
inner join JOR_CHECKS C on C.ID = D.HD_ID  
inner join JOR_RESULTS_DT R on R.HD_ID = D.ID  
left join DIC_NO_OPPORT_TO_RES N on N.ID = D.DIC_NO_OPPORT_TO_RES_ID  
where (R.HD_ID = D.ID) and(D.DATE_DONE is null) and(D.IS_REFUSE = 0)  
and (D.BULB_NUM_CODE = cast('12086368' as NAME))  
and (R.CODE_NAME = cast(  
('APTT_t') as MIDDLE_NAME))  
and((D.DIC_NO_OPPORT_TO_RES_ID is null) or(N.IS_IN_WORK = 1)))] 
[26.11.2019 16:04:25] [ 2.09      0.83 1.23 15:30
] 
[26.11.2019 16:04:25] [CC-3003 00012088287 1APTT TIME  ] 
[26.11.2019 16:04:25] [112.7 s    30.0 45.0 15:31
] 
[26.11.2019 16:04:25] [update jor_results_dt d set d.IS_OUT_OF_NORM = 0, 
d.result_text = '112.7', 
d.hardware_date_updated = current_timestamp, d.hardware_info = ('CC-4000') 
where ID = (select R.ID  
from JOR_CHECKS_DT D  
inner join JOR_CHECKS C on C.ID = D.HD_ID  
inner join JOR_RESULTS_DT R on R.HD_ID = D.ID  
left join DIC_NO_OPPORT_TO_RES N on N.ID = D.DIC_NO_OPPORT_TO_RES_ID  
where (R.HD_ID = D.ID) and(D.DATE_DONE is null) and(D.IS_REFUSE = 0)  
and (D.BULB_NUM_CODE = cast('12088287' as NAME))  
and (R.CODE_NAME = cast(  
('APTT_t') as MIDDLE_NAME))  
and((D.DIC_NO_OPPORT_TO_RES_ID is null) or(N.IS_IN_WORK = 1)))] 
[26.11.2019 16:04:25] [CC-3003 00012088287 1APTT RATIO ] 
[26.11.2019 16:04:25] [ 3.20      0.83 1.23 15:31
] 
[26.11.2019 16:04:25] [CC-3003 END 26-11-2019
] 
[26.11.2019 16:05:03] [start program] 
[26.11.2019 16:05:04] [ConnectionIni:172.16.0.4/3051:terra] 
[26.11.2019 16:05:17] [start program] 
[26.11.2019 16:05:17] [ConnectionIni:172.16.0.4/3051:terra] 
[26.11.2019 16:05:20] [CC-3003 BEGIN 26-11-2019
] 
[26.11.2019 16:05:20] [CC-3003 00012070770 1APTT TIME  ] 
[26.11.2019 16:05:20] [ 58.6 s    30.0 45.0 12:28
] 
[26.11.2019 16:05:20] [CC-3003 00012070770 1APTT RATIO ] 
[26.11.2019 16:05:20] [ 1.66      0.83 1.23 12:28
] 
[26.11.2019 16:05:20] [CC-3003 00012068432 1APTT TIME  ] 
[26.11.2019 16:05:20] [ 75.0 s    30.0 45.0 12:35
] 
[26.11.2019 16:05:20] [CC-3003 00012068432 1APTT RATIO ] 
[26.11.2019 16:05:20] [/nupdate jor_results_dt d set d.IS_OUT_OF_NORM = 0, 
d.result_text = '58.6', 
d.hardware_date_updated = current_timestamp, d.hardware_info = ('CC-4000') 
where ID = (select R.ID  
from JOR_CHECKS_DT D  
inner join JOR_CHECKS C on C.ID = D.HD_ID  
inner join JOR_RESULTS_DT R on R.HD_ID = D.ID  
left join DIC_NO_OPPORT_TO_RES N on N.ID = D.DIC_NO_OPPORT_TO_RES_ID  
where (R.HD_ID = D.ID) and(D.DATE_DONE is null) and(D.IS_REFUSE = 0)  
and (D.BULB_NUM_CODE = cast('12070770' as NAME))  
and (R.CODE_NAME = cast(  
('APTT_t') as MIDDLE_NAME))  
and((D.DIC_NO_OPPORT_TO_RES_ID is null) or(N.IS_IN_WORK = 1)))] 
[26.11.2019 16:05:20] [ 2.13      0.83 1.23 12:35
] 
[26.11.2019 16:05:20] [CC-3003 00012093120 1APTT TIME  ] 
[26.11.2019 16:05:20] [ 63.9 s    30.0 45.0 15:30
] 
[26.11.2019 16:05:20] [CC-3003 00012093120 1APTT RATIO ] 
[26.11.2019 16:05:20] [ 1.82      0.83 1.23 15:30
] 
[26.11.2019 16:05:20] [/nupdate jor_results_dt d set d.IS_OUT_OF_NORM = 0, 
d.result_text = '75.0', 
d.hardware_date_updated = current_timestamp, d.hardware_info = ('CC-4000') 
where ID = (select R.ID  
from JOR_CHECKS_DT D  
inner join JOR_CHECKS C on C.ID = D.HD_ID  
inner join JOR_RESULTS_DT R on R.HD_ID = D.ID  
left join DIC_NO_OPPORT_TO_RES N on N.ID = D.DIC_NO_OPPORT_TO_RES_ID  
where (R.HD_ID = D.ID) and(D.DATE_DONE is null) and(D.IS_REFUSE = 0)  
and (D.BULB_NUM_CODE = cast('12068432' as NAME))  
and (R.CODE_NAME = cast(  
('APTT_t') as MIDDLE_NAME))  
and((D.DIC_NO_OPPORT_TO_RES_ID is null) or(N.IS_IN_WORK = 1)))] 
[26.11.2019 16:05:20] [CC-3003 00012088645 1APTT TIME  ] 
[26.11.2019 16:05:21] [ 84.5 s    30.0 45.0 15:30
] 
[26.11.2019 16:05:21] [/nupdate jor_results_dt d set d.IS_OUT_OF_NORM = 0, 
d.result_text = '84.5', 
d.hardware_date_updated = current_timestamp, d.hardware_info = ('CC-4000') 
where ID = (select R.ID  
from JOR_CHECKS_DT D  
inner join JOR_CHECKS C on C.ID = D.HD_ID  
inner join JOR_RESULTS_DT R on R.HD_ID = D.ID  
left join DIC_NO_OPPORT_TO_RES N on N.ID = D.DIC_NO_OPPORT_TO_RES_ID  
where (R.HD_ID = D.ID) and(D.DATE_DONE is null) and(D.IS_REFUSE = 0)  
and (D.BULB_NUM_CODE = cast('12088645' as NAME))  
and (R.CODE_NAME = cast(  
('APTT_t') as MIDDLE_NAME))  
and((D.DIC_NO_OPPORT_TO_RES_ID is null) or(N.IS_IN_WORK = 1)))] 
[26.11.2019 16:05:21] [CC-3003 00012088645 1APTT RATIO ] 
[26.11.2019 16:05:21] [ 2.40      0.83 1.23 15:30
] 
[26.11.2019 16:05:21] [/nupdate jor_results_dt d set d.IS_OUT_OF_NORM = 0, 
d.result_text = '63.9', 
d.hardware_date_updated = current_timestamp, d.hardware_info = ('CC-4000') 
where ID = (select R.ID  
from JOR_CHECKS_DT D  
inner join JOR_CHECKS C on C.ID = D.HD_ID  
inner join JOR_RESULTS_DT R on R.HD_ID = D.ID  
left join DIC_NO_OPPORT_TO_RES N on N.ID = D.DIC_NO_OPPORT_TO_RES_ID  
where (R.HD_ID = D.ID) and(D.DATE_DONE is null) and(D.IS_REFUSE = 0)  
and (D.BULB_NUM_CODE = cast('12093120' as NAME))  
and (R.CODE_NAME = cast(  
('APTT_t') as MIDDLE_NAME))  
and((D.DIC_NO_OPPORT_TO_RES_ID is null) or(N.IS_IN_WORK = 1)))] 
[26.11.2019 16:05:21] [CC-3003 00012086368 1APTT TIME  ] 
[26.11.2019 16:05:21] [ 73.4 s    30.0 45.0 15:30
] 
[26.11.2019 16:05:21] [/nupdate jor_results_dt d set d.IS_OUT_OF_NORM = 0, 
d.result_text = '73.4', 
d.hardware_date_updated = current_timestamp, d.hardware_info = ('CC-4000') 
where ID = (select R.ID  
from JOR_CHECKS_DT D  
inner join JOR_CHECKS C on C.ID = D.HD_ID  
inner join JOR_RESULTS_DT R on R.HD_ID = D.ID  
left join DIC_NO_OPPORT_TO_RES N on N.ID = D.DIC_NO_OPPORT_TO_RES_ID  
where (R.HD_ID = D.ID) and(D.DATE_DONE is null) and(D.IS_REFUSE = 0)  
and (D.BULB_NUM_CODE = cast('12086368' as NAME))  
and (R.CODE_NAME = cast(  
('APTT_t') as MIDDLE_NAME))  
and((D.DIC_NO_OPPORT_TO_RES_ID is null) or(N.IS_IN_WORK = 1)))] 
[26.11.2019 16:05:21] [CC-3003 00012086368 1APTT RATIO ] 
[26.11.2019 16:05:21] [ 2.09      0.83 1.23 15:30
] 
[26.11.2019 16:05:21] [CC-3003 00012088287 1APTT TIME  ] 
[26.11.2019 16:05:21] [112.7 s    30.0 45.0 15:31
] 
[26.11.2019 16:05:21] [/nupdate jor_results_dt d set d.IS_OUT_OF_NORM = 0, 
d.result_text = '112.7', 
d.hardware_date_updated = current_timestamp, d.hardware_info = ('CC-4000') 
where ID = (select R.ID  
from JOR_CHECKS_DT D  
inner join JOR_CHECKS C on C.ID = D.HD_ID  
inner join JOR_RESULTS_DT R on R.HD_ID = D.ID  
left join DIC_NO_OPPORT_TO_RES N on N.ID = D.DIC_NO_OPPORT_TO_RES_ID  
where (R.HD_ID = D.ID) and(D.DATE_DONE is null) and(D.IS_REFUSE = 0)  
and (D.BULB_NUM_CODE = cast('12088287' as NAME))  
and (R.CODE_NAME = cast(  
('APTT_t') as MIDDLE_NAME))  
and((D.DIC_NO_OPPORT_TO_RES_ID is null) or(N.IS_IN_WORK = 1)))] 
[26.11.2019 16:05:21] [CC-3003 00012088287 1APTT RATIO ] 
[26.11.2019 16:05:21] [ 3.20      0.83 1.23 15:31
] 
[26.11.2019 16:05:21] [CC-3003 END 26-11-2019
] 
[26.11.2019 16:06:06] [start program] 
[26.11.2019 16:06:06] [ConnectionIni:172.16.0.4/3051:terra] 
[26.11.2019 16:06:10] [CC-3003 BEGIN 26-11-2019
] 
[26.11.2019 16:06:10] [CC-3003 00012070770 1APTT TIME  ] 
[26.11.2019 16:06:10] [ 58.6 s    30.0 45.0 12:28
] 
[26.11.2019 16:06:10] [CC-3003 00012070770 1APTT RATIO ] 
[26.11.2019 16:06:10] [ 1.66      0.83 1.23 12:28
] 
[26.11.2019 16:06:10] [CC-3003 00012068432 1APTT TIME  ] 
[26.11.2019 16:06:10] [ 75.0 s    30.0 45.0 12:35
] 
[26.11.2019 16:06:10] [CC-3003 00012068432 1APTT RATIO ] 
[26.11.2019 16:06:10] [/nupdate jor_results_dt d set d.IS_OUT_OF_NORM = 0, 
d.result_text = '58.6', 
d.hardware_date_updated = current_timestamp, d.hardware_info = ('CC-4000') 
where ID = (select R.ID  
from JOR_CHECKS_DT D  
inner join JOR_CHECKS C on C.ID = D.HD_ID  
inner join JOR_RESULTS_DT R on R.HD_ID = D.ID  
left join DIC_NO_OPPORT_TO_RES N on N.ID = D.DIC_NO_OPPORT_TO_RES_ID  
where (R.HD_ID = D.ID) and(D.DATE_DONE is null) and(D.IS_REFUSE = 0)  
and (D.BULB_NUM_CODE = cast('12070770' as NAME))  
and (R.CODE_NAME = cast(  
('APTT_t') as MIDDLE_NAME))  
and((D.DIC_NO_OPPORT_TO_RES_ID is null) or(N.IS_IN_WORK = 1)))] 
[26.11.2019 16:06:10] [ 2.13      0.83 1.23 12:35
] 
[26.11.2019 16:06:10] [CC-3003 00012093120 1APTT TIME  ] 
[26.11.2019 16:06:10] [ 63.9 s    30.0 45.0 15:30
] 
[26.11.2019 16:06:10] [CC-3003 00012093120 1APTT RATIO ] 
[26.11.2019 16:06:10] [ 1.82      0.83 1.23 15:30
] 
[26.11.2019 16:06:10] [/nupdate jor_results_dt d set d.IS_OUT_OF_NORM = 0, 
d.result_text = '75.0', 
d.hardware_date_updated = current_timestamp, d.hardware_info = ('CC-4000') 
where ID = (select R.ID  
from JOR_CHECKS_DT D  
inner join JOR_CHECKS C on C.ID = D.HD_ID  
inner join JOR_RESULTS_DT R on R.HD_ID = D.ID  
left join DIC_NO_OPPORT_TO_RES N on N.ID = D.DIC_NO_OPPORT_TO_RES_ID  
where (R.HD_ID = D.ID) and(D.DATE_DONE is null) and(D.IS_REFUSE = 0)  
and (D.BULB_NUM_CODE = cast('12068432' as NAME))  
and (R.CODE_NAME = cast(  
('APTT_t') as MIDDLE_NAME))  
and((D.DIC_NO_OPPORT_TO_RES_ID is null) or(N.IS_IN_WORK = 1)))] 
[26.11.2019 16:06:10] [CC-3003 00012088645 1APTT TIME  ] 
[26.11.2019 16:06:10] [ 84.5 s    30.0 45.0 15:30
] 
[26.11.2019 16:06:10] [/nupdate jor_results_dt d set d.IS_OUT_OF_NORM = 0, 
d.result_text = '84.5', 
d.hardware_date_updated = current_timestamp, d.hardware_info = ('CC-4000') 
where ID = (select R.ID  
from JOR_CHECKS_DT D  
inner join JOR_CHECKS C on C.ID = D.HD_ID  
inner join JOR_RESULTS_DT R on R.HD_ID = D.ID  
left join DIC_NO_OPPORT_TO_RES N on N.ID = D.DIC_NO_OPPORT_TO_RES_ID  
where (R.HD_ID = D.ID) and(D.DATE_DONE is null) and(D.IS_REFUSE = 0)  
and (D.BULB_NUM_CODE = cast('12088645' as NAME))  
and (R.CODE_NAME = cast(  
('APTT_t') as MIDDLE_NAME))  
and((D.DIC_NO_OPPORT_TO_RES_ID is null) or(N.IS_IN_WORK = 1)))] 
[26.11.2019 16:06:10] [CC-3003 00012088645 1APTT RATIO ] 
[26.11.2019 16:06:10] [ 2.40      0.83 1.23 15:30
] 
[26.11.2019 16:06:10] [CC-3003 00012086368 1APTT TIME  ] 
[26.11.2019 16:06:10] [ 73.4 s    30.0 45.0 15:30
] 
[26.11.2019 16:06:10] [/nupdate jor_results_dt d set d.IS_OUT_OF_NORM = 0, 
d.result_text = '73.4', 
d.hardware_date_updated = current_timestamp, d.hardware_info = ('CC-4000') 
where ID = (select R.ID  
from JOR_CHECKS_DT D  
inner join JOR_CHECKS C on C.ID = D.HD_ID  
inner join JOR_RESULTS_DT R on R.HD_ID = D.ID  
left join DIC_NO_OPPORT_TO_RES N on N.ID = D.DIC_NO_OPPORT_TO_RES_ID  
where (R.HD_ID = D.ID) and(D.DATE_DONE is null) and(D.IS_REFUSE = 0)  
and (D.BULB_NUM_CODE = cast('12086368' as NAME))  
and (R.CODE_NAME = cast(  
('APTT_t') as MIDDLE_NAME))  
and((D.DIC_NO_OPPORT_TO_RES_ID is null) or(N.IS_IN_WORK = 1)))] 
[26.11.2019 16:06:10] [CC-3003 00012086368 1APTT RATIO ] 
[26.11.2019 16:06:10] [ 2.09      0.83 1.23 15:30
] 
[26.11.2019 16:06:10] [CC-3003 00012088287 1APTT TIME  ] 
[26.11.2019 16:06:10] [112.7 s    30.0 45.0 15:31
] 
[26.11.2019 16:06:10] [/nupdate jor_results_dt d set d.IS_OUT_OF_NORM = 0, 
d.result_text = '63.9', 
d.hardware_date_updated = current_timestamp, d.hardware_info = ('CC-4000') 
where ID = (select R.ID  
from JOR_CHECKS_DT D  
inner join JOR_CHECKS C on C.ID = D.HD_ID  
inner join JOR_RESULTS_DT R on R.HD_ID = D.ID  
left join DIC_NO_OPPORT_TO_RES N on N.ID = D.DIC_NO_OPPORT_TO_RES_ID  
where (R.HD_ID = D.ID) and(D.DATE_DONE is null) and(D.IS_REFUSE = 0)  
and (D.BULB_NUM_CODE = cast('12093120' as NAME))  
and (R.CODE_NAME = cast(  
('APTT_t') as MIDDLE_NAME))  
and((D.DIC_NO_OPPORT_TO_RES_ID is null) or(N.IS_IN_WORK = 1)))] 
[26.11.2019 16:06:10] [/nupdate jor_results_dt d set d.IS_OUT_OF_NORM = 0, 
d.result_text = '112.7', 
d.hardware_date_updated = current_timestamp, d.hardware_info = ('CC-4000') 
where ID = (select R.ID  
from JOR_CHECKS_DT D  
inner join JOR_CHECKS C on C.ID = D.HD_ID  
inner join JOR_RESULTS_DT R on R.HD_ID = D.ID  
left join DIC_NO_OPPORT_TO_RES N on N.ID = D.DIC_NO_OPPORT_TO_RES_ID  
where (R.HD_ID = D.ID) and(D.DATE_DONE is null) and(D.IS_REFUSE = 0)  
and (D.BULB_NUM_CODE = cast('12088287' as NAME))  
and (R.CODE_NAME = cast(  
('APTT_t') as MIDDLE_NAME))  
and((D.DIC_NO_OPPORT_TO_RES_ID is null) or(N.IS_IN_WORK = 1)))] 
[26.11.2019 16:06:10] [CC-3003 00012088287 1APTT RATIO ] 
[26.11.2019 16:06:11] [ 3.20      0.83 1.23 15:31
] 
[26.11.2019 16:06:11] [CC-3003 END 26-11-2019
] 
