[27.11.2019 10:39:19] [start program] 
[27.11.2019 10:39:19] [ConnectionIni:172.16.0.4/3051:terra] 
[27.11.2019 10:39:25] [CC-3003 BEGIN 26-11-2019
] 
[27.11.2019 10:39:25] [CC-3003 00012070770 1APTT RATIO  1.66      0.83 1.23 12:28] 
[27.11.2019 10:39:25] [CC-3003 00012068432 1APTT RATIO  2.13      0.83 1.23 12:35] 
[27.11.2019 10:39:25] [CC-3003 00012093120 1APTT RATIO  1.82      0.83 1.23 15:30] 
[27.11.2019 10:39:25] [CC-3003 00012088645 1APTT RATIO  2.40      0.83 1.23 15:30] 
[27.11.2019 10:39:25] [CC-3003 00012086368 1APTT RATIO  2.09      0.83 1.23 15:30] 
[27.11.2019 10:39:25] [CC-3003 00012088287 1APTT TIME  ] 
[27.11.2019 10:39:26] [CC-3003 00012088287 1APTT RATIO  3.20      0.83 1.23 15:31] 
[27.11.2019 10:39:50] [start program] 
[27.11.2019 10:39:50] [ConnectionIni:172.16.0.4/3051:terra] 
[27.11.2019 10:39:53] [CC-3003 BEGIN 26-11-2019
] 
[27.11.2019 10:39:54] [CC-3003 00012070770 1APTT RATIO  1.66      0.83 1.23 12:28] 
[27.11.2019 10:39:54] [CC-3003 00012068432 1APTT RATIO  2.13      0.83 1.23 12:35] 
[27.11.2019 10:39:54] [CC-3003 00012093120 1APTT RATIO  1.82      0.83 1.23 15:30] 
[27.11.2019 10:39:54] [CC-3003 00012088645 1APTT RATIO  2.40      0.83 1.23 15:30] 
[27.11.2019 10:39:54] [CC-3003 00012086368 1APTT TIME  ] 
[27.11.2019 10:39:55] [CC-3003 00012086368 1APTT RATIO  2.09      0.83 1.23 15:30] 
[27.11.2019 10:39:55] [CC-3003 00012088287 1APTT RATIO  3.20      0.83 1.23 15:31] 
[27.11.2019 10:41:10] [start program] 
[27.11.2019 10:41:10] [ConnectionIni:172.16.0.4/3051:terra] 
[27.11.2019 10:41:14] [CC-3003 BEGIN 26-11-2019
] 
[27.11.2019 10:41:14] [CC-3003 00012070770 1APTT RATIO  1.66      0.83 1.23 12:28] 
[27.11.2019 10:41:14] [CC-3003 00012068432 1APTT RATIO  2.13      0.83 1.23 12:35] 
[27.11.2019 10:41:14] [CC-3003 00012093120 1APTT RATIO  1.82      0.83 1.23 15:30] 
[27.11.2019 10:41:14] [CC-3003 00012088645 1APTT RATIO  2.40      0.83 1.23 15:30] 
[27.11.2019 10:41:14] [CC-3003 00012086368 1APTT RATIO  2.09      0.83 1.23 15:30] 
[27.11.2019 10:41:14] [CC-3003 00012088287 1APTT TIME  ] 
[27.11.2019 10:41:15] [CC-3003 00012088287 1APTT RATIO  3.20      0.83 1.23 15:31] 
[27.11.2019 10:41:47] [start program] 
[27.11.2019 10:41:47] [ConnectionIni:172.16.0.4/3051:terra] 
[27.11.2019 10:41:48] [CC-3003 BEGIN 26-11-2019
] 
[27.11.2019 10:41:48] [CC-3003 00012070770 1APTT TIME  ] 
[27.11.2019 10:41:48] [ 58.6 s    30.0 45.0 12:28
] 
[27.11.2019 10:41:48] [CC-3003 00012070770 1APTT RATIO ] 
[27.11.2019 10:41:48] [ 1.66      0.83 1.23 12:28
] 
[27.11.2019 10:41:48] [CC-3003 00012068432 1APTT TIME  ] 
[27.11.2019 10:41:48] [ 75.0 s    30.0 45.0 12:35
] 
[27.11.2019 10:41:48] [CC-3003 00012068432 1APTT RATIO ] 
[27.11.2019 10:41:48] [ 2.13      0.83 1.23 12:35
CC-3003 00012093120 1APTT TIME   63.9 s    30.0 45.0 15:30
] 
[27.11.2019 10:41:48] [CC-3003 00012093120 1APTT RATIO ] 
[27.11.2019 10:41:48] [ 1.82      0.83 1.23 15:30
] 
[27.11.2019 10:41:48] [CC-3003 00012088645 1APTT TIME  ] 
[27.11.2019 10:41:48] [ 84.5 s    30.0 45.0 15:30
] 
[27.11.2019 10:41:48] [CC-3003 00012088645 1APTT RATIO ] 
[27.11.2019 10:41:48] [ 2.40      0.83 1.23 15:30
] 
[27.11.2019 10:41:48] [CC-3003 00012086368 1APTT TIME  ] 
[27.11.2019 10:41:48] [ 73.4 s    30.0 45.0 15:30
] 
[27.11.2019 10:41:48] [CC-3003 00012086368 1APTT RATIO ] 
[27.11.2019 10:41:48] [ 2.09      0.83 1.23 15:30
] 
[27.11.2019 10:41:48] [CC-3003 00012088287 1APTT TIME  ] 
[27.11.2019 10:41:48] [112.7 s    30.0 45.0 15:31
] 
[27.11.2019 10:41:49] [CC-3003 00012088287 1APTT RATIO ] 
[27.11.2019 10:41:49] [ 3.20      0.83 1.23 15:31
] 
[27.11.2019 10:41:49] [CC-3003 END 26-11-2019
] 
[27.11.2019 10:42:41] [start program] 
[27.11.2019 10:42:41] [ConnectionIni:172.16.0.4/3051:terra] 
[27.11.2019 10:42:45] [CC-3003 BEGIN 26-11-2019
] 
[27.11.2019 10:42:45] [CC-3003 00012070770 1APTT TIME  ] 
[27.11.2019 10:42:45] [ 58.6 s    30.0 45.0 12:28
] 
[27.11.2019 10:42:45] [CC-3003 00012070770 1APTT RATIO ] 
[27.11.2019 10:42:45] [ 1.66      0.83 1.23 12:28
] 
[27.11.2019 10:42:45] [CC-3003 00012068432 1APTT TIME  ] 
[27.11.2019 10:42:45] [ 75.0 s    30.0 45.0 12:35
] 
[27.11.2019 10:42:45] [CC-3003 00012068432 1APTT RATIO ] 
[27.11.2019 10:42:45] [ 2.13      0.83 1.23 12:35
] 
[27.11.2019 10:42:45] [CC-3003 00012093120 1APTT TIME  ] 
[27.11.2019 10:42:45] [ 63.9 s    30.0 45.0 15:30
] 
[27.11.2019 10:42:45] [CC-3003 00012093120 1APTT RATIO ] 
[27.11.2019 10:42:45] [ 1.82      0.83 1.23 15:30
] 
[27.11.2019 10:42:45] [CC-3003 00012088645 1APTT TIME  ] 
[27.11.2019 10:42:45] [ 84.5 s    30.0 45.0 15:30
] 
[27.11.2019 10:42:45] [CC-3003 00012088645 1APTT RATIO ] 
[27.11.2019 10:42:45] [ 2.40      0.83 1.23 15:30
] 
[27.11.2019 10:42:45] [CC-3003 00012086368 1APTT TIME  ] 
[27.11.2019 10:42:45] [ 73.4 s    30.0 45.0 15:30
] 
[27.11.2019 10:42:45] [CC-3003 00012086368 1APTT RATIO ] 
[27.11.2019 10:42:45] [ 2.09      0.83 1.23 15:30
] 
[27.11.2019 10:42:45] [CC-3003 00012088287 1APTT TIME  ] 
[27.11.2019 10:42:45] [112.7 s    30.0 45.0 15:31
] 
[27.11.2019 10:42:45] [CC-3003 00012088287 1APTT RATIO ] 
[27.11.2019 10:42:45] [ 3.20      0.83 1.23 15:31
] 
[27.11.2019 10:42:46] [CC-3003 END 26-11-2019
] 
[27.11.2019 10:46:32] [start program] 
[27.11.2019 10:46:32] [ConnectionIni:172.16.0.4/3051:terra] 
[27.11.2019 10:46:42] [CC-3003 BEGIN 26-11-2019
] 
[27.11.2019 10:46:42] [CC-3003 00012070770 1APTT TIME  ] 
[27.11.2019 10:46:42] [ 58.6 s    30.0 45.0 12:28
] 
[27.11.2019 10:46:42] [CC-3003 00012070770 1APTT RATIO  1.66      0.83 1.23 12:28
] 
[27.11.2019 10:46:42] [CC-3003 00012068432 1APTT TIME  ] 
[27.11.2019 10:46:42] [ 75.0 s    30.0 45.0 12:35
] 
[27.11.2019 10:46:42] [CC-3003 00012068432 1APTT RATIO ] 
[27.11.2019 10:46:42] [ 2.13      0.83 1.23 12:35
] 
[27.11.2019 10:46:42] [CC-3003 00012093120 1APTT TIME  ] 
[27.11.2019 10:46:42] [ 63.9 s    30.0 45.0 15:30
] 
[27.11.2019 10:46:42] [/n00012070770] 
[27.11.2019 10:46:42] [CC-3003 00012093120 1APTT RATIO ] 
[27.11.2019 10:46:42] [ 1.82      0.83 1.23 15:30
] 
[27.11.2019 10:46:42] [CC-3003 00012088645 1APTT TIME  ] 
[27.11.2019 10:46:42] [/n00012068432] 
[27.11.2019 10:46:42] [ 84.5 s    30.0 45.0 15:30
] 
[27.11.2019 10:46:42] [/n00012088645] 
[27.11.2019 10:46:42] [CC-3003 00012088645 1APTT RATIO ] 
[27.11.2019 10:46:42] [ 2.40      0.83 1.23 15:30
] 
[27.11.2019 10:46:42] [CC-3003 00012086368 1APTT TIME  ] 
[27.11.2019 10:46:42] [ 73.4 s    30.0 45.0 15:30
] 
[27.11.2019 10:46:42] [/n00012086368] 
[27.11.2019 10:46:42] [CC-3003 00012086368 1APTT RATIO ] 
[27.11.2019 10:46:42] [ 2.09      0.83 1.23 15:30
] 
[27.11.2019 10:46:42] [CC-3003 00012088287 1APTT TIME  ] 
[27.11.2019 10:46:42] [112.7 s    30.0 45.0 15:31
] 
[27.11.2019 10:46:42] [/n00012088287] 
[27.11.2019 10:46:42] [CC-3003 00012088287 1APTT RATIO ] 
[27.11.2019 10:46:42] [ 3.20      0.83 1.23 15:31
] 
[27.11.2019 10:46:42] [CC-3003 END 26-11-2019
] 
[27.11.2019 10:46:43] [/n00012093120] 
[27.11.2019 10:48:34] [start program] 
[27.11.2019 10:48:34] [ConnectionIni:172.16.0.4/3051:terra] 
[27.11.2019 10:48:39] [CC-3003 BEGIN 26-11-2019
] 
[27.11.2019 10:48:39] [CC-3003 00012070770 1APTT TIME  ] 
[27.11.2019 10:48:39] [ 58.6 s    30.0 45.0 12:28
] 
[27.11.2019 10:48:40] [CC-3003 00012070770 1APTT RATIO ] 
[27.11.2019 10:48:40] [ 1.66      0.83 1.23 12:28
] 
[27.11.2019 10:48:40] [CC-3003 00012068432 1APTT TIME  ] 
[27.11.2019 10:48:40] [ 75.0 s    30.0 45.0 12:35
] 
[27.11.2019 10:48:40] [CC-3003 00012068432 1APTT RATIO ] 
[27.11.2019 10:48:40] [/n12070770] 
[27.11.2019 10:48:40] [ 2.13      0.83 1.23 12:35
] 
[27.11.2019 10:48:40] [CC-3003 00012093120 1APTT TIME  ] 
[27.11.2019 10:48:40] [ 63.9 s    30.0 45.0 15:30
] 
[27.11.2019 10:48:40] [CC-3003 00012093120 1APTT RATIO ] 
[27.11.2019 10:48:40] [ 1.82      0.83 1.23 15:30
] 
[27.11.2019 10:48:40] [/n12068432] 
[27.11.2019 10:48:40] [CC-3003 00012088645 1APTT TIME  ] 
[27.11.2019 10:48:40] [ 84.5 s    30.0 45.0 15:30
] 
[27.11.2019 10:48:40] [/n12088645] 
[27.11.2019 10:48:40] [CC-3003 00012088645 1APTT RATIO ] 
[27.11.2019 10:48:40] [ 2.40      0.83 1.23 15:30
] 
[27.11.2019 10:48:40] [CC-3003 00012086368 1APTT TIME  ] 
[27.11.2019 10:48:40] [ 73.4 s    30.0 45.0 15:30
] 
[27.11.2019 10:48:40] [/n12086368] 
[27.11.2019 10:48:40] [CC-3003 00012086368 1APTT RATIO ] 
[27.11.2019 10:48:40] [ 2.09      0.83 1.23 15:30
] 
[27.11.2019 10:48:40] [CC-3003 00012088287 1APTT TIME  ] 
[27.11.2019 10:48:40] [112.7 s    30.0 45.0 15:31
] 
[27.11.2019 10:48:40] [/n12093120] 
[27.11.2019 10:48:40] [/n12088287] 
[27.11.2019 10:48:40] [CC-3003 00012088287 1APTT RATIO ] 
[27.11.2019 10:48:40] [ 3.20      0.83 1.23 15:31
] 
[27.11.2019 10:48:40] [CC-3003 END 26-11-2019
] 
[27.11.2019 10:49:37] [start program] 
[27.11.2019 10:49:37] [ConnectionIni:172.16.0.4/3051:terra] 
[27.11.2019 10:49:43] [CC-3003 BEGIN 26-11-2019
] 
[27.11.2019 10:49:43] [CC-3003 00012070770 1APTT TIME  ] 
[27.11.2019 10:49:43] [ 58.6 s    30.0 45.0 12:28
] 
[27.11.2019 10:49:43] [CC-3003 00012070770 1APTT RATIO ] 
[27.11.2019 10:49:43] [ 1.66      0.83 1.23 12:28
] 
[27.11.2019 10:49:43] [CC-3003 00012068432 1APTT TIME  ] 
[27.11.2019 10:49:43] [ 75.0 s    30.0 45.0 12:35
] 
[27.11.2019 10:49:43] [CC-3003 00012068432 1APTT RATIO ] 
[27.11.2019 10:49:43] [/n12070770] 
[27.11.2019 10:49:43] [ 2.13      0.83 1.23 12:35
] 
[27.11.2019 10:49:43] [CC-3003 00012093120 1APTT TIME  ] 
[27.11.2019 10:49:43] [ 63.9 s    30.0 45.0 15:30
] 
[27.11.2019 10:49:43] [CC-3003 00012093120 1APTT RATIO ] 
[27.11.2019 10:49:43] [ 1.82      0.83 1.23 15:30
] 
[27.11.2019 10:49:43] [CC-3003 00012088645 1APTT TIME  ] 
[27.11.2019 10:49:43] [/n12068432] 
[27.11.2019 10:49:43] [ 84.5 s    30.0 45.0 15:30
] 
[27.11.2019 10:49:43] [/n12088645] 
[27.11.2019 10:49:43] [CC-3003 00012088645 1APTT RATIO ] 
[27.11.2019 10:49:43] [ 2.40      0.83 1.23 15:30
] 
[27.11.2019 10:49:43] [CC-3003 00012086368 1APTT TIME  ] 
[27.11.2019 10:49:43] [ 73.4 s    30.0 45.0 15:30
] 
[27.11.2019 10:49:43] [/n12086368] 
[27.11.2019 10:49:43] [CC-3003 00012086368 1APTT RATIO ] 
[27.11.2019 10:49:43] [ 2.09      0.83 1.23 15:30
] 
[27.11.2019 10:49:43] [CC-3003 00012088287 1APTT TIME  ] 
[27.11.2019 10:49:44] [112.7 s    30.0 45.0 15:31
] 
[27.11.2019 10:49:44] [/n12088287] 
[27.11.2019 10:49:44] [/n12093120] 
[27.11.2019 10:49:44] [CC-3003 00012088287 1APTT RATIO ] 
[27.11.2019 10:49:44] [ 3.20      0.83 1.23 15:31
] 
[27.11.2019 10:49:44] [CC-3003 END 26-11-2019
] 
[27.11.2019 10:50:38] [start program] 
[27.11.2019 10:50:38] [ConnectionIni:172.16.0.4/3051:terra] 
[27.11.2019 10:50:42] [CC-3003 BEGIN 26-11-2019
] 
[27.11.2019 10:50:42] [CC-3003 00012070770 1APTT TIME  ] 
[27.11.2019 10:50:42] [ 58.6 s    30.0 45.0 12:28
] 
[27.11.2019 10:50:42] [CC-3003 00012070770 1APTT RATIO ] 
[27.11.2019 10:50:42] [ 1.66      0.83 1.23 12:28
] 
[27.11.2019 10:50:42] [CC-3003 00012068432 1APTT TIME  ] 
[27.11.2019 10:50:42] [ 75.0 s    30.0 45.0 12:35
] 
[27.11.2019 10:50:42] [CC-3003 00012068432 1APTT RATIO ] 
[27.11.2019 10:50:42] [/n12070770] 
[27.11.2019 10:50:42] [ 2.13      0.83 1.23 12:35
] 
[27.11.2019 10:50:42] [CC-3003 00012093120 1APTT TIME  ] 
[27.11.2019 10:50:42] [ 63.9 s    30.0 45.0 15:30
] 
[27.11.2019 10:50:42] [CC-3003 00012093120 1APTT RATIO ] 
[27.11.2019 10:50:42] [ 1.82      0.83 1.23 15:30
] 
[27.11.2019 10:50:42] [/n12068432] 
[27.11.2019 10:50:42] [CC-3003 00012088645 1APTT TIME  ] 
[27.11.2019 10:50:43] [ 84.5 s    30.0 45.0 15:30
] 
[27.11.2019 10:50:43] [/n12088645] 
[27.11.2019 10:50:43] [CC-3003 00012088645 1APTT RATIO ] 
[27.11.2019 10:50:43] [ 2.40      0.83 1.23 15:30
] 
[27.11.2019 10:50:43] [CC-3003 00012086368 1APTT TIME  ] 
[27.11.2019 10:50:43] [ 73.4 s    30.0 45.0 15:30
] 
[27.11.2019 10:50:43] [CC-3003 00012086368 1APTT RATIO ] 
[27.11.2019 10:50:43] [/n12086368] 
[27.11.2019 10:50:43] [ 2.09      0.83 1.23 15:30
] 
[27.11.2019 10:50:43] [CC-3003 00012088287 1APTT TIME  ] 
[27.11.2019 10:50:43] [112.7 s    30.0 45.0 15:31
] 
[27.11.2019 10:50:43] [/n12093120] 
[27.11.2019 10:50:43] [/n12088287] 
[27.11.2019 10:50:43] [CC-3003 00012088287 1APTT RATIO ] 
[27.11.2019 10:50:43] [ 3.20      0.83 1.23 15:31
] 
[27.11.2019 10:50:43] [CC-3003 END 26-11-2019
] 
[27.11.2019 10:53:03] [start program] 
[27.11.2019 10:53:03] [ConnectionIni:172.16.0.4/3051:terra] 
[27.11.2019 10:53:06] [CC-3003 BEGIN 26-11-2019
] 
[27.11.2019 10:53:06] [CC-3003 00012070770 1APTT TIME  ] 
[27.11.2019 10:53:06] [ 58.6 s    30.0 45.0 12:28
] 
[27.11.2019 10:53:06] [CC-3003 00012070770 1APTT RATIO ] 
[27.11.2019 10:53:17] [ 1.66      0.83 1.23 12:28
CC-3003 00012068432 1APTT TIME   75.0 s    30.0 45.0 12:35
CC-3003 00012068432 1APTT RATIO  2.13      0.83 1.23 12:35
CC-3003 00012093120 1APTT TIME   63.9 s    30.0 45.0 15:30
CC-3003 00012093120 1APTT RATIO  1.82      0.83 1.23 15:30
CC-3003 00012088645 1APTT TIME   84.5 s    30.0 45.0 15:30
CC-3003 00012088645 1APTT RATIO  2.40      0.83 1.23 15:30
CC-3003 00012086368 1APTT TIME   73.4 s    30.0 45.0 15:30
CC-3003 00012086368 1APTT RATIO  2.09      0.83 1.23 15:30
CC-3003 00012088287 1APTT TIME  112.7 s    30.0 45.0 15:31
CC-3003 00012088287 1APTT RATIO  3.20      0.83 1.23 15:31
CC-3003 END 26-11-2019
] 
[27.11.2019 10:53:51] [start program] 
[27.11.2019 10:53:51] [ConnectionIni:172.16.0.4/3051:terra] 
[27.11.2019 10:53:56] [CC-3003 BEGIN 26-11-2019
] 
[27.11.2019 10:53:56] [CC-3003 00012070770 1APTT TIME  ] 
[27.11.2019 10:53:56] [ 58.6 s    30.0 45.0 12:28
] 
[27.11.2019 10:53:56] [CC-3003 00012070770 1APTT RATIO ] 
[27.11.2019 10:53:56] [ 1.66      0.83 1.23 12:28
] 
[27.11.2019 10:53:56] [CC-3003 00012068432 1APTT TIME  ] 
[27.11.2019 10:53:56] [ 75.0 s    30.0 45.0 12:35
] 
[27.11.2019 10:53:56] [CC-3003 00012068432 1APTT RATIO ] 
[27.11.2019 10:54:03] [ 2.13      0.83 1.23 12:35
CC-3003 00012093120 1APTT TIME   63.9 s    30.0 45.0 15:30
CC-3003 00012093120 1APTT RATIO  1.82      0.83 1.23 15:30
CC-3003 00012088645 1APTT TIME   84.5 s    30.0 45.0 15:30
CC-3003 00012088645 1APTT RATIO  2.40      0.83 1.23 15:30
CC-3003 00012086368 1APTT TIME   73.4 s    30.0 45.0 15:30
CC-3003 00012086368 1APTT RATIO  2.09      0.83 1.23 15:30
CC-3003 00012088287 1APTT TIME  112.7 s    30.0 45.0 15:31
CC-3003 00012088287 1APTT RATIO  3.20      0.83 1.23 15:31
CC-3003 END 26-11-2019
] 
[27.11.2019 10:54:45] [/n12070770] 
[27.11.2019 10:55:02] [/n12068432] 
[27.11.2019 10:55:59] [start program] 
[27.11.2019 10:55:59] [ConnectionIni:172.16.0.4/3051:terra] 
[27.11.2019 10:56:05] [start program] 
[27.11.2019 10:56:05] [ConnectionIni:172.16.0.4/3051:terra] 
[27.11.2019 10:56:09] [CC-3003 BEGIN 26-11-2019
] 
[27.11.2019 10:56:09] [CC-3003 00012070770 1APTT TIME  ] 
[27.11.2019 10:56:09] [ 58.6 s    30.0 45.0 12:28
] 
[27.11.2019 10:56:09] [CC-3003 00012070770 1APTT RATIO ] 
[27.11.2019 10:56:09] [ 1.66      0.83 1.23 12:28
] 
[27.11.2019 10:56:09] [CC-3003 00012068432 1APTT TIME  ] 
[27.11.2019 10:56:09] [ 75.0 s    30.0 45.0 12:35
] 
[27.11.2019 10:56:09] [CC-3003 00012068432 1APTT RATIO ] 
[27.11.2019 10:56:09] [ 2.13      0.83 1.23 12:35
] 
[27.11.2019 10:56:09] [/n12070770] 
[27.11.2019 10:56:09] [CC-3003 00012093120 1APTT TIME  ] 
[27.11.2019 10:56:09] [ 63.9 s    30.0 45.0 15:30
] 
[27.11.2019 10:56:09] [CC-3003 00012093120 1APTT RATIO ] 
[27.11.2019 10:56:09] [ 1.82      0.83 1.23 15:30
] 
[27.11.2019 10:56:09] [CC-3003 00012088645 1APTT TIME  ] 
[27.11.2019 10:56:09] [ 84.5 s    30.0 45.0 15:30
] 
[27.11.2019 10:56:09] [CC-3003 00012088645 1APTT RATIO ] 
[27.11.2019 10:56:09] [ 2.40      0.83 1.23 15:30
] 
[27.11.2019 10:56:09] [CC-3003 00012086368 1APTT TIME  ] 
[27.11.2019 10:56:09] [/n12068432] 
[27.11.2019 10:56:09] [/n12088645] 
[27.11.2019 10:56:09] [ 73.4 s    30.0 45.0 15:30
] 
[27.11.2019 10:56:09] [CC-3003 00012086368 1APTT RATIO ] 
[27.11.2019 10:56:09] [ 2.09      0.83 1.23 15:30
] 
[27.11.2019 10:56:09] [CC-3003 00012088287 1APTT TIME  ] 
[27.11.2019 10:56:09] [112.7 s    30.0 45.0 15:31
] 
[27.11.2019 10:56:09] [CC-3003 00012088287 1APTT RATIO ] 
[27.11.2019 10:56:09] [ 3.20      0.83 1.23 15:31
] 
[27.11.2019 10:56:09] [/n12088287] 
[27.11.2019 10:56:09] [CC-3003 END 26-11-2019
] 
[27.11.2019 10:56:10] [/n12086368] 
[27.11.2019 10:56:10] [/n12093120] 
[27.11.2019 10:56:24] [start program] 
[27.11.2019 10:56:24] [ConnectionIni:172.16.0.4/3051:terra] 
[27.11.2019 10:56:29] [CC-3003 BEGIN 26-11-2019
] 
[27.11.2019 10:56:29] [CC-3003 00012070770 1APTT TIME  ] 
[27.11.2019 10:56:29] [ 58.6 s    30.0 45.0 12:28
] 
[27.11.2019 10:56:30] [CC-3003 00012070770 1APTT RATIO ] 
[27.11.2019 10:56:30] [ 1.66      0.83 1.23 12:28
] 
[27.11.2019 10:56:30] [CC-3003 00012068432 1APTT TIME  ] 
[27.11.2019 10:56:30] [ 75.0 s    30.0 45.0 12:35
] 
[27.11.2019 10:56:30] [CC-3003 00012068432 1APTT RATIO ] 
[27.11.2019 10:56:30] [ 2.13      0.83 1.23 12:35
] 
[27.11.2019 10:56:30] [CC-3003 00012093120 1APTT TIME  ] 
[27.11.2019 10:56:30] [/n12070770] 
[27.11.2019 10:56:30] [ 63.9 s    30.0 45.0 15:30
] 
[27.11.2019 10:56:30] [CC-3003 00012093120 1APTT RATIO ] 
[27.11.2019 10:56:30] [ 1.82      0.83 1.23 15:30
] 
[27.11.2019 10:56:30] [CC-3003 00012088645 1APTT TIME  ] 
[27.11.2019 10:56:30] [ 84.5 s    30.0 45.0 15:30
] 
[27.11.2019 10:56:30] [CC-3003 00012088645 1APTT RATIO ] 
[27.11.2019 10:56:30] [ 2.40      0.83 1.23 15:30
] 
[27.11.2019 10:56:30] [/n12068432] 
[27.11.2019 10:56:30] [/n12088645] 
[27.11.2019 10:56:30] [CC-3003 00012086368 1APTT TIME  ] 
[27.11.2019 10:56:30] [ 73.4 s    30.0 45.0 15:30
] 
[27.11.2019 10:56:30] [CC-3003 00012086368 1APTT RATIO ] 
[27.11.2019 10:56:30] [ 2.09      0.83 1.23 15:30
] 
[27.11.2019 10:56:30] [/n12086368] 
[27.11.2019 10:56:30] [CC-3003 00012088287 1APTT TIME  ] 
[27.11.2019 10:56:30] [112.7 s    30.0 45.0 15:31
] 
[27.11.2019 10:56:30] [CC-3003 00012088287 1APTT RATIO ] 
[27.11.2019 10:56:30] [/n12088287] 
[27.11.2019 10:56:30] [ 3.20      0.83 1.23 15:31
] 
[27.11.2019 10:56:30] [CC-3003 END 26-11-2019
] 
[27.11.2019 10:56:31] [/n12093120] 
[27.11.2019 11:00:36] [start program] 
[27.11.2019 11:00:36] [ConnectionIni:172.16.0.4/3051:terra] 
[27.11.2019 11:00:41] [CC-3003 BEGIN 26-11-2019
] 
[27.11.2019 11:00:41] [CC-3003 00012070770 1APTT TIME  ] 
[27.11.2019 11:00:41] [ 58.6 s    30.0 45.0 12:28
] 
[27.11.2019 11:00:41] [CC-3003 00012070770 1APTT RATIO ] 
[27.11.2019 11:00:41] [ 1.66      0.83 1.23 12:28
] 
[27.11.2019 11:00:42] [CC-3003 00012068432 1APTT TIME  ] 
[27.11.2019 11:00:42] [ 75.0 s    30.0 45.0 12:35
] 
[27.11.2019 11:00:42] [CC-3003 00012068432 1APTT RATIO ] 
[27.11.2019 11:00:42] [ 2.13      0.83 1.23 12:35
] 
[27.11.2019 11:00:42] [/n12070770] 
[27.11.2019 11:00:42] [CC-3003 00012093120 1APTT TIME   63.9 s    30.0 45.0 15:30
] 
[27.11.2019 11:00:42] [CC-3003 00012093120 1APTT RATIO ] 
[27.11.2019 11:00:42] [ 1.82      0.83 1.23 15:30
] 
[27.11.2019 11:00:42] [CC-3003 00012088645 1APTT TIME  ] 
[27.11.2019 11:00:42] [ 84.5 s    30.0 45.0 15:30
] 
[27.11.2019 11:00:42] [CC-3003 00012088645 1APTT RATIO ] 
[27.11.2019 11:00:42] [/n12068432] 
[27.11.2019 11:00:42] [ 2.40      0.83 1.23 15:30
] 
[27.11.2019 11:00:42] [/n12088645] 
[27.11.2019 11:00:42] [CC-3003 00012086368 1APTT TIME  ] 
[27.11.2019 11:00:42] [ 73.4 s    30.0 45.0 15:30
] 
[27.11.2019 11:00:42] [CC-3003 00012086368 1APTT RATIO ] 
[27.11.2019 11:00:42] [/n12086368] 
[27.11.2019 11:00:42] [ 2.09      0.83 1.23 15:30
] 
[27.11.2019 11:00:42] [CC-3003 00012088287 1APTT TIME  ] 
[27.11.2019 11:00:42] [112.7 s    30.0 45.0 15:31
] 
[27.11.2019 11:00:42] [CC-3003 00012088287 1APTT RATIO ] 
[27.11.2019 11:00:42] [ 3.20      0.83 1.23 15:31
] 
[27.11.2019 11:00:42] [/n12088287] 
[27.11.2019 11:00:42] [CC-3003 END 26-11-2019
] 
[27.11.2019 11:01:11] [start program] 
[27.11.2019 11:01:11] [ConnectionIni:172.16.0.4/3051:terra] 
[27.11.2019 11:01:14] [CC-3003 BEGIN 26-11-2019
] 
[27.11.2019 11:01:14] [CC-3003 00012070770 1APTT TIME  ] 
[27.11.2019 11:01:14] [ 58.6 s    30.0 45.0 12:28
] 
[27.11.2019 11:01:14] [CC-3003 00012070770 1APTT RATIO ] 
[27.11.2019 11:01:14] [ 1.66      0.83 1.23 12:28
] 
[27.11.2019 11:01:14] [CC-3003 00012068432 1APTT TIME  ] 
[27.11.2019 11:01:14] [ 75.0 s    30.0 45.0 12:35
] 
[27.11.2019 11:01:14] [CC-3003 00012068432 1APTT RATIO ] 
[27.11.2019 11:01:14] [ 2.13      0.83 1.23 12:35
] 
[27.11.2019 11:01:14] [/n12070770] 
[27.11.2019 11:01:14] [CC-3003 00012093120 1APTT TIME  ] 
[27.11.2019 11:01:14] [ 63.9 s    30.0 45.0 15:30
] 
[27.11.2019 11:01:14] [CC-3003 00012093120 1APTT RATIO ] 
[27.11.2019 11:01:14] [ 1.82      0.83 1.23 15:30
] 
[27.11.2019 11:01:14] [CC-3003 00012088645 1APTT TIME  ] 
[27.11.2019 11:01:14] [ 84.5 s    30.0 45.0 15:30
] 
[27.11.2019 11:01:14] [CC-3003 00012088645 1APTT RATIO ] 
[27.11.2019 11:01:14] [/n12068432] 
[27.11.2019 11:01:14] [ 2.40      0.83 1.23 15:30
] 
[27.11.2019 11:01:14] [CC-3003 00012086368 1APTT TIME  ] 
[27.11.2019 11:01:14] [ 73.4 s    30.0 45.0 15:30
] 
[27.11.2019 11:01:15] [CC-3003 00012086368 1APTT RATIO ] 
[27.11.2019 11:01:15] [ 2.09      0.83 1.23 15:30
] 
[27.11.2019 11:01:15] [/n12086368] 
[27.11.2019 11:01:15] [CC-3003 00012088287 1APTT TIME  ] 
[27.11.2019 11:01:15] [112.7 s    30.0 45.0 15:31
] 
[27.11.2019 11:01:15] [CC-3003 00012088287 1APTT RATIO ] 
[27.11.2019 11:01:15] [/n12088645] 
[27.11.2019 11:01:15] [ 3.20      0.83 1.23 15:31
] 
[27.11.2019 11:01:15] [CC-3003 END 26-11-2019
] 
[27.11.2019 11:01:15] [/n12093120] 
[27.11.2019 11:01:15] [/n12088287] 
[27.11.2019 11:05:31] [CC-3003 BEGIN 26-11-2019
] 
[27.11.2019 11:05:37] [CC-3003 00012070770 1APTT TIME   58.6 s    30.0 45.0 12:28
CC-3003 00012070770 1APTT RATIO  1.66      0.83 1.23 12:28
CC-3003 00012068432 1APTT TIME   75.0 s    30.0 45.0 12:35
CC-3003 00012068432 1APTT RATIO  2.13      0.83 1.23 12:35
CC-3003 00012093120 1APTT TIME   63.9 s    30.0 45.0 15:30
CC-3003 00012093120 1APTT RATIO  1.82      0.83 1.23 15:30
CC-3003 00012088645 1APTT TIME   84.5 s    30.0 45.0 15:30
CC-3003 00012088645 1APTT RATIO  2.40      0.83 1.23 15:30
CC-3003 00012086368 1APTT TIME   73.4 s    30.0 45.0 15:30
CC-3003 00012086368 1APTT RATIO  2.09      0.83 1.23 15:30
CC-3003 00012088287 1APTT TIME  112.7 s    30.0 45.0 15:31
CC-3003 00012088287 1APTT RATIO  3.20      0.83 1.23 15:31
CC-3003 END 26-11-2019
CC-3003 BEGIN 26-11-2019
CC-3003 00012070770 1APTT TIME   58.6 s    30.0 45.0 12:28
CC-3003 00012070770 1APTT RATIO  1.66      0.83 1.23 12:28
CC-3003 00012068432 1APTT TIME   75.0 s    30.0 45.0 12:35
CC-3003 00012068432 1APTT RATIO  2.13      0.83 1.23 12:35
CC-3003 00012093120 1APTT TIME   63.9 s    30.0 45.0 15:30
CC-3003 00012093120 1APTT RATIO  1.82      0.83 1.23 15:30
CC-3003 00012088645 1APTT TIME   84.5 s    30.0 45.0 15:30
CC-3003 00012088645 1APTT RATIO  2.40      0.83 1.23 15:30
CC-3003 00012086368 1APTT TIME   73.4 s    30.0 45.0 15:30
CC-3003 00012086368 1APTT RATIO  2.09      0.83 1.23 15:30
CC-3003 00012088287 1APTT TIME  112.7 s    30.0 45.0 15:31
CC-3003 00012088287 1APTT RATIO  3.20      0.83 1.23 15:31
CC-3003 END 26-11-2019
] 
[27.11.2019 11:05:40] [CC-3003 BEGIN 26-11-2019
] 
[27.11.2019 11:05:40] [CC-3003 00012070770 1APTT TIME  ] 
[27.11.2019 11:05:40] [ 58.6 s    30.0 45.0 12:28
] 
[27.11.2019 11:05:40] [CC-3003 00012070770 1APTT RATIO ] 
[27.11.2019 11:05:40] [ 1.66      0.83 1.23 12:28
] 
[27.11.2019 11:05:40] [/n12070770] 
[27.11.2019 11:05:40] [CC-3003 00012068432 1APTT TIME  ] 
[27.11.2019 11:05:40] [ 75.0 s    30.0 45.0 12:35
] 
[27.11.2019 11:05:40] [CC-3003 00012068432 1APTT RATIO ] 
[27.11.2019 11:05:40] [ 2.13      0.83 1.23 12:35
] 
[27.11.2019 11:05:40] [/n12068432] 
[27.11.2019 11:05:40] [CC-3003 00012093120 1APTT TIME  ] 
[27.11.2019 11:05:40] [ 63.9 s    30.0 45.0 15:30
] 
[27.11.2019 11:05:40] [CC-3003 00012093120 1APTT RATIO ] 
[27.11.2019 11:05:40] [ 1.82      0.83 1.23 15:30
] 
[27.11.2019 11:05:41] [CC-3003 00012088645 1APTT TIME  ] 
[27.11.2019 11:05:41] [ 84.5 s    30.0 45.0 15:30
] 
[27.11.2019 11:05:41] [CC-3003 00012088645 1APTT RATIO ] 
[27.11.2019 11:05:41] [ 2.40      0.83 1.23 15:30
] 
[27.11.2019 11:05:41] [/n12088645] 
[27.11.2019 11:05:41] [CC-3003 00012086368 1APTT TIME  ] 
[27.11.2019 11:05:41] [ 73.4 s    30.0 45.0 15:30
] 
[27.11.2019 11:05:41] [CC-3003 00012086368 1APTT RATIO ] 
[27.11.2019 11:05:41] [ 2.09      0.83 1.23 15:30
] 
[27.11.2019 11:05:41] [/n12086368] 
[27.11.2019 11:05:41] [CC-3003 00012088287 1APTT TIME  ] 
[27.11.2019 11:05:41] [112.7 s    30.0 45.0 15:31
] 
[27.11.2019 11:05:41] [CC-3003 00012088287 1APTT RATIO ] 
[27.11.2019 11:05:41] [/n12093120] 
[27.11.2019 11:05:41] [/n12088287] 
[27.11.2019 11:05:41] [ 3.20      0.83 1.23 15:31
] 
[27.11.2019 11:05:41] [CC-3003 END 26-11-2019
] 
[27.11.2019 11:06:51] [start program] 
[27.11.2019 11:06:51] [ConnectionIni:172.16.0.4/3051:terra] 
[27.11.2019 11:06:54] [CC-3003 BEGIN 26-11-2019
] 
[27.11.2019 11:06:54] [CC-3003 00012070770 1APTT TIME  ] 
[27.11.2019 11:06:54] [ 58.6 s    30.0 45.0 12:28
] 
[27.11.2019 11:06:54] [CC-3003 00012070770 1APTT RATIO ] 
[27.11.2019 11:06:55] [ 1.66      0.83 1.23 12:28
] 
[27.11.2019 11:06:55] [CC-3003 00012068432 1APTT TIME  ] 
[27.11.2019 11:06:55] [ 75.0 s    30.0 45.0 12:35
] 
[27.11.2019 11:06:55] [CC-3003 00012068432 1APTT RATIO ] 
[27.11.2019 11:06:55] [ 2.13      0.83 1.23 12:35
] 
[27.11.2019 11:06:55] [/n12070770] 
[27.11.2019 11:06:55] [CC-3003 00012093120 1APTT TIME  ] 
[27.11.2019 11:06:55] [ 63.9 s    30.0 45.0 15:30
] 
[27.11.2019 11:06:55] [CC-3003 00012093120 1APTT RATIO ] 
[27.11.2019 11:06:55] [ 1.82      0.83 1.23 15:30
] 
[27.11.2019 11:06:55] [CC-3003 00012088645 1APTT TIME  ] 
[27.11.2019 11:06:55] [ 84.5 s    30.0 45.0 15:30
] 
[27.11.2019 11:06:55] [CC-3003 00012088645 1APTT RATIO ] 
[27.11.2019 11:06:55] [/n12068432] 
[27.11.2019 11:06:55] [ 2.40      0.83 1.23 15:30
] 
[27.11.2019 11:06:55] [/n12088645] 
[27.11.2019 11:06:55] [CC-3003 00012086368 1APTT TIME  ] 
[27.11.2019 11:06:55] [ 73.4 s    30.0 45.0 15:30
] 
[27.11.2019 11:06:55] [CC-3003 00012086368 1APTT RATIO ] 
[27.11.2019 11:06:55] [/n12086368] 
[27.11.2019 11:06:55] [ 2.09      0.83 1.23 15:30
] 
[27.11.2019 11:06:55] [CC-3003 00012088287 1APTT TIME  ] 
[27.11.2019 11:06:55] [112.7 s    30.0 45.0 15:31
] 
[27.11.2019 11:06:55] [CC-3003 00012088287 1APTT RATIO ] 
[27.11.2019 11:06:55] [ 3.20      0.83 1.23 15:31
] 
[27.11.2019 11:06:55] [/n12088287] 
[27.11.2019 11:06:55] [/n12093120] 
[27.11.2019 11:06:55] [CC-3003 END 26-11-2019
] 
[27.11.2019 11:07:20] [start program] 
[27.11.2019 11:07:20] [ConnectionIni:172.16.0.4/3051:terra] 
[27.11.2019 11:07:24] [CC-3003 BEGIN 26-11-2019
] 
[27.11.2019 11:07:24] [CC-3003 00012070770 1APTT TIME  ] 
[27.11.2019 11:07:24] [ 58.6 s    30.0 45.0 12:28
] 
[27.11.2019 11:07:24] [CC-3003 00012070770 1APTT RATIO ] 
[27.11.2019 11:07:24] [ 1.66      0.83 1.23 12:28
] 
[27.11.2019 11:07:24] [CC-3003 00012068432 1APTT TIME  ] 
[27.11.2019 11:07:24] [ 75.0 s    30.0 45.0 12:35
] 
[27.11.2019 11:07:24] [CC-3003 00012068432 1APTT RATIO ] 
[27.11.2019 11:07:24] [ 2.13      0.83 1.23 12:35
] 
[27.11.2019 11:07:24] [/n12070770] 
[27.11.2019 11:07:24] [CC-3003 00012093120 1APTT TIME  ] 
[27.11.2019 11:07:24] [ 63.9 s    30.0 45.0 15:30
] 
[27.11.2019 11:07:25] [CC-3003 00012093120 1APTT RATIO ] 
[27.11.2019 11:07:25] [ 1.82      0.83 1.23 15:30
] 
[27.11.2019 11:07:25] [CC-3003 00012088645 1APTT TIME  ] 
[27.11.2019 11:07:25] [ 84.5 s    30.0 45.0 15:30
] 
[27.11.2019 11:07:25] [CC-3003 00012088645 1APTT RATIO ] 
[27.11.2019 11:07:25] [/n12068432] 
[27.11.2019 11:07:25] [ 2.40      0.83 1.23 15:30
] 
[27.11.2019 11:07:25] [CC-3003 00012086368 1APTT TIME  ] 
[27.11.2019 11:07:25] [ 73.4 s    30.0 45.0 15:30
] 
[27.11.2019 11:07:25] [/n12093120] 
[27.11.2019 11:07:25] [CC-3003 00012086368 1APTT RATIO ] 
[27.11.2019 11:07:25] [ 2.09      0.83 1.23 15:30
] 
[27.11.2019 11:07:25] [/n12086368] 
[27.11.2019 11:07:25] [CC-3003 00012088287 1APTT TIME  ] 
[27.11.2019 11:07:25] [112.7 s    30.0 45.0 15:31
] 
[27.11.2019 11:07:25] [CC-3003 00012088287 1APTT RATIO ] 
[27.11.2019 11:07:25] [/n12088645] 
[27.11.2019 11:07:25] [/n12088287] 
[27.11.2019 11:07:25] [ 3.20      0.83 1.23 15:31
] 
[27.11.2019 11:07:25] [CC-3003 END 26-11-2019
] 
[27.11.2019 11:08:36] [start program] 
[27.11.2019 11:08:36] [ConnectionIni:172.16.0.4/3051:terra] 
[27.11.2019 11:08:39] [CC-3003 BEGIN 26-11-2019
] 
[27.11.2019 11:08:40] [CC-3003 00012070770 1APTT TIME  ] 
[27.11.2019 11:08:40] [ 58.6 s    30.0 45.0 12:28
] 
[27.11.2019 11:08:40] [CC-3003 00012070770 1APTT RATIO ] 
[27.11.2019 11:08:40] [ 1.66      0.83 1.23 12:28
] 
[27.11.2019 11:08:40] [CC-3003 00012068432 1APTT TIME  ] 
[27.11.2019 11:08:40] [ 75.0 s    30.0 45.0 12:35
] 
[27.11.2019 11:08:40] [CC-3003 00012068432 1APTT RATIO ] 
[27.11.2019 11:08:40] [ 2.13      0.83 1.23 12:35
] 
[27.11.2019 11:08:40] [/n12070770] 
[27.11.2019 11:08:40] [CC-3003 00012093120 1APTT TIME  ] 
[27.11.2019 11:08:40] [ 63.9 s    30.0 45.0 15:30
] 
[27.11.2019 11:08:40] [CC-3003 00012093120 1APTT RATIO ] 
[27.11.2019 11:08:40] [ 1.82      0.83 1.23 15:30
CC-3003 00012088645 1APTT TIME   84.5 s    30.0 45.0 15:30
CC-3003 00012088645 1APTT RATIO  2.40      0.83 1.23 15:30
CC-3003 00012086368 1APTT TIME   73.4 s    30.0 45.0 15:30
CC-3003 00012086368 1APTT RATIO  2.09      0.83 1.23 15:30
CC-3003 00012088287 1APTT TIME  112.7 s    30.0 45.0 15:31
CC-3003 00012088287 1APTT RATIO  3.20      0.83 1.23 15:31
CC-3003 END 26-11-2019
] 
[27.11.2019 11:08:43] [/n12068432] 
[27.11.2019 11:08:43] [/n12093120] 
[27.11.2019 11:08:54] [start program] 
[27.11.2019 11:08:54] [ConnectionIni:172.16.0.4/3051:terra] 
[27.11.2019 11:08:59] [CC-3003 BEGIN 26-11-2019
] 
[27.11.2019 11:08:59] [CC-3003 00012070770 1APTT TIME  ] 
[27.11.2019 11:08:59] [ 58.6 s    30.0 45.0 12:28
CC-3003 00012070770 1APTT RATIO ] 
[27.11.2019 11:08:59] [ 1.66      0.83 1.23 12:28
] 
[27.11.2019 11:08:59] [CC-3003 00012068432 1APTT TIME  ] 
[27.11.2019 11:08:59] [ 75.0 s    30.0 45.0 12:35
] 
[27.11.2019 11:08:59] [CC-3003 00012068432 1APTT RATIO ] 
[27.11.2019 11:08:59] [ 2.13      0.83 1.23 12:35
] 
[27.11.2019 11:08:59] [CC-3003 00012093120 1APTT TIME  ] 
[27.11.2019 11:08:59] [ 63.9 s    30.0 45.0 15:30
] 
[27.11.2019 11:08:59] [/n12070770] 
[27.11.2019 11:08:59] [CC-3003 00012093120 1APTT RATIO ] 
[27.11.2019 11:08:59] [ 1.82      0.83 1.23 15:30
] 
[27.11.2019 11:08:59] [CC-3003 00012088645 1APTT TIME  ] 
[27.11.2019 11:08:59] [ 84.5 s    30.0 45.0 15:30
] 
[27.11.2019 11:08:59] [/n12070770] 
[27.11.2019 11:09:00] [CC-3003 00012088645 1APTT RATIO  2.40      0.83 1.23 15:30
] 
[27.11.2019 11:09:00] [CC-3003 00012086368 1APTT TIME  ] 
[27.11.2019 11:09:00] [/n12068432] 
[27.11.2019 11:09:00] [ 73.4 s    30.0 45.0 15:30
] 
[27.11.2019 11:09:00] [/n12088645] 
[27.11.2019 11:09:00] [CC-3003 00012086368 1APTT RATIO ] 
[27.11.2019 11:09:00] [ 2.09      0.83 1.23 15:30
] 
[27.11.2019 11:09:00] [/n12086368] 
[27.11.2019 11:09:00] [CC-3003 00012088287 1APTT TIME  ] 
[27.11.2019 11:09:00] [112.7 s    30.0 45.0 15:31
] 
[27.11.2019 11:09:00] [CC-3003 00012088287 1APTT RATIO ] 
[27.11.2019 11:09:00] [ 3.20      0.83 1.23 15:31
] 
[27.11.2019 11:09:00] [/n12088287] 
[27.11.2019 11:09:00] [CC-3003 END 26-11-2019
] 
[27.11.2019 11:09:00] [/n12093120] 
[27.11.2019 11:10:52] [start program] 
[27.11.2019 11:10:52] [ConnectionIni:172.16.0.4/3051:terra] 
[27.11.2019 11:10:56] [CC-3003 BEGIN 26-11-2019
] 
[27.11.2019 11:10:56] [CC-3003 00012070770 1APTT TIME  ] 
[27.11.2019 11:10:56] [ 58.6 s    30.0 45.0 12:28
] 
[27.11.2019 11:10:56] [CC-3003 00012070770 1APTT RATIO ] 
[27.11.2019 11:10:56] [ 1.66      0.83 1.23 12:28
] 
[27.11.2019 11:10:56] [CC-3003 00012068432 1APTT TIME  ] 
[27.11.2019 11:10:56] [ 75.0 s    30.0 45.0 12:35
] 
[27.11.2019 11:10:56] [CC-3003 00012068432 1APTT RATIO ] 
[27.11.2019 11:10:56] [ 2.13      0.83 1.23 12:35
] 
[27.11.2019 11:10:56] [CC-3003 00012093120 1APTT TIME  ] 
[27.11.2019 11:10:56] [ 63.9 s    30.0 45.0 15:30
] 
[27.11.2019 11:10:56] [CC-3003 00012093120 1APTT RATIO ] 
[27.11.2019 11:10:56] [ 1.82      0.83 1.23 15:30
] 
[27.11.2019 11:10:56] [CC-3003 00012088645 1APTT TIME  ] 
[27.11.2019 11:10:56] [ 84.5 s    30.0 45.0 15:30
] 
[27.11.2019 11:10:56] [/n12068432] 
[27.11.2019 11:10:56] [CC-3003 00012088645 1APTT RATIO ] 
[27.11.2019 11:10:56] [ 2.40      0.83 1.23 15:30
] 
[27.11.2019 11:10:56] [CC-3003 00012086368 1APTT TIME  ] 
[27.11.2019 11:10:56] [/n12070770] 
[27.11.2019 11:10:56] [ 73.4 s    30.0 45.0 15:30
] 
[27.11.2019 11:10:56] [CC-3003 00012086368 1APTT RATIO ] 
[27.11.2019 11:10:57] [ 2.09      0.83 1.23 15:30
] 
[27.11.2019 11:10:57] [/n12086368] 
[27.11.2019 11:10:57] [CC-3003 00012088287 1APTT TIME  ] 
[27.11.2019 11:10:57] [/n12088645] 
[27.11.2019 11:10:57] [112.7 s    30.0 45.0 15:31
] 
[27.11.2019 11:10:57] [/n12093120] 
[27.11.2019 11:10:57] [CC-3003 00012088287 1APTT RATIO ] 
[27.11.2019 11:10:57] [/n12088287] 
[27.11.2019 11:10:57] [ 3.20      0.83 1.23 15:31
] 
[27.11.2019 11:10:57] [CC-3003 END 26-11-2019
] 
[27.11.2019 11:11:24] [CC-3003 BEGIN 26-11-2019
] 
[27.11.2019 11:11:24] [CC-3003 00012070770 1APTT TIME  ] 
[27.11.2019 11:11:24] [ 58.6 s    30.0 45.0 12:28
] 
[27.11.2019 11:11:24] [CC-3003 00012070770 1APTT RATIO ] 
[27.11.2019 11:11:24] [ 1.66      0.83 1.23 12:28
] 
[27.11.2019 11:11:24] [/n12070770] 
[27.11.2019 11:11:24] [CC-3003 00012068432 1APTT TIME  ] 
[27.11.2019 11:11:24] [ 75.0 s    30.0 45.0 12:35
] 
[27.11.2019 11:11:24] [CC-3003 00012068432 1APTT RATIO ] 
[27.11.2019 11:11:24] [/n12068432] 
[27.11.2019 11:11:24] [ 2.13      0.83 1.23 12:35
] 
[27.11.2019 11:11:24] [CC-3003 00012093120 1APTT TIME  ] 
[27.11.2019 11:11:24] [ 63.9 s    30.0 45.0 15:30
] 
[27.11.2019 11:11:24] [CC-3003 00012093120 1APTT RATIO ] 
[27.11.2019 11:11:24] [ 1.82      0.83 1.23 15:30
] 
[27.11.2019 11:11:24] [CC-3003 00012088645 1APTT TIME  ] 
[27.11.2019 11:11:24] [ 84.5 s    30.0 45.0 15:30
] 
[27.11.2019 11:11:24] [CC-3003 00012088645 1APTT RATIO ] 
[27.11.2019 11:11:24] [/n12088645] 
[27.11.2019 11:11:24] [ 2.40      0.83 1.23 15:30
] 
[27.11.2019 11:11:24] [/n12093120] 
[27.11.2019 11:11:25] [CC-3003 00012086368 1APTT TIME   73.4 s    30.0 45.0 15:30
CC-3003 00012086368 1APTT RATIO  2.09      0.83 1.23 15:30
CC-3003 00012088287 1APTT TIME  112.7 s    30.0 45.0 15:31
CC-3003 00012088287 1APTT RATIO  3.20      0.83 1.23 15:31
CC-3003 END 26-11-2019
] 
[27.11.2019 11:11:48] [CC-3003 BEGIN 26-11-2019
] 
[27.11.2019 11:11:48] [CC-3003 00012070770 1APTT TIME  ] 
[27.11.2019 11:11:48] [ 58.6 s    30.0 45.0 12:28
] 
[27.11.2019 11:11:49] [CC-3003 00012070770 1APTT RATIO ] 
[27.11.2019 11:11:49] [ 1.66      0.83 1.23 12:28
] 
[27.11.2019 11:11:49] [/n12070770] 
[27.11.2019 11:11:49] [CC-3003 00012068432 1APTT TIME  ] 
[27.11.2019 11:11:49] [ 75.0 s    30.0 45.0 12:35
] 
[27.11.2019 11:11:49] [CC-3003 00012068432 1APTT RATIO ] 
[27.11.2019 11:11:49] [/n12068432] 
[27.11.2019 11:11:49] [ 2.13      0.83 1.23 12:35
] 
[27.11.2019 11:11:49] [CC-3003 00012093120 1APTT TIME  ] 
[27.11.2019 11:11:49] [ 63.9 s    30.0 45.0 15:30
] 
[27.11.2019 11:11:49] [CC-3003 00012093120 1APTT RATIO ] 
[27.11.2019 11:11:49] [ 1.82      0.83 1.23 15:30
] 
[27.11.2019 11:11:49] [CC-3003 00012088645 1APTT TIME  ] 
[27.11.2019 11:11:49] [ 84.5 s    30.0 45.0 15:30
] 
[27.11.2019 11:11:49] [CC-3003 00012088645 1APTT RATIO ] 
[27.11.2019 11:11:49] [ 2.40      0.83 1.23 15:30
] 
[27.11.2019 11:11:49] [/n12088645] 
[27.11.2019 11:11:49] [CC-3003 00012086368 1APTT TIME  ] 
[27.11.2019 11:11:49] [/n12093120] 
[27.11.2019 11:11:49] [ 73.4 s    30.0 45.0 15:30
] 
[27.11.2019 11:11:49] [CC-3003 00012086368 1APTT RATIO ] 
[27.11.2019 11:11:49] [ 2.09      0.83 1.23 15:30
] 
[27.11.2019 11:11:49] [/n12086368] 
[27.11.2019 11:11:49] [CC-3003 00012088287 1APTT TIME  ] 
[27.11.2019 11:11:49] [112.7 s    30.0 45.0 15:31
] 
[27.11.2019 11:11:49] [CC-3003 00012088287 1APTT RATIO ] 
[27.11.2019 11:11:49] [ 3.20      0.83 1.23 15:31
] 
[27.11.2019 11:11:49] [/n12088287] 
[27.11.2019 11:11:49] [CC-3003 END 26-11-2019
] 
[27.11.2019 11:19:10] [start program] 
[27.11.2019 11:19:10] [ConnectionIni:172.16.0.4/3051:terra] 
[27.11.2019 11:19:14] [CC-3003 BEGIN 26-11-2019
] 
[27.11.2019 11:19:14] [CC-3003 00012070770 1APTT TIME  ] 
[27.11.2019 11:19:14] [ 58.6 s    30.0 45.0 12:28
] 
[27.11.2019 11:19:14] [CC-3003 00012070770 1APTT RATIO ] 
[27.11.2019 11:19:14] [ 1.66      0.83 1.23 12:28
] 
[27.11.2019 11:19:14] [CC-3003 00012068432 1APTT TIME  ] 
[27.11.2019 11:19:14] [ 75.0 s    30.0 45.0 12:35
] 
[27.11.2019 11:19:14] [/n12070770] 
[27.11.2019 11:19:14] [CC-3003 00012068432 1APTT RATIO ] 
[27.11.2019 11:19:14] [ 2.13      0.83 1.23 12:35
] 
[27.11.2019 11:19:14] [CC-3003 00012093120 1APTT TIME  ] 
[27.11.2019 11:19:15] [ 63.9 s    30.0 45.0 15:30
] 
[27.11.2019 11:19:15] [CC-3003 00012093120 1APTT RATIO ] 
[27.11.2019 11:19:15] [ 1.82      0.83 1.23 15:30
] 
[27.11.2019 11:19:15] [CC-3003 00012088645 1APTT TIME  ] 
[27.11.2019 11:19:15] [/n12068432] 
[27.11.2019 11:19:15] [ 84.5 s    30.0 45.0 15:30
] 
[27.11.2019 11:19:15] [/n12088645] 
[27.11.2019 11:19:15] [CC-3003 00012088645 1APTT RATIO ] 
[27.11.2019 11:19:15] [ 2.40      0.83 1.23 15:30
] 
[27.11.2019 11:19:15] [/n12093120] 
[27.11.2019 11:19:15] [CC-3003 00012086368 1APTT TIME  ] 
[27.11.2019 11:19:15] [ 73.4 s    30.0 45.0 15:30
] 
[27.11.2019 11:19:15] [/n12086368] 
[27.11.2019 11:19:15] [CC-3003 00012086368 1APTT RATIO ] 
[27.11.2019 11:19:15] [ 2.09      0.83 1.23 15:30
] 
[27.11.2019 11:19:15] [CC-3003 00012088287 1APTT TIME  ] 
[27.11.2019 11:19:15] [112.7 s    30.0 45.0 15:31
CC-3003 00012088287 1APTT RATIO ] 
[27.11.2019 11:19:15] [/n12088287] 
[27.11.2019 11:19:15] [ 3.20      0.83 1.23 15:31
] 
[27.11.2019 11:19:15] [/n12088287] 
[27.11.2019 11:19:15] [CC-3003 END 26-11-2019
] 
[27.11.2019 11:20:15] [start program] 
[27.11.2019 11:20:15] [ConnectionIni:172.16.0.4/3051:terra] 
[27.11.2019 11:20:18] [CC-3003 BEGIN 26-11-2019
] 
[27.11.2019 11:20:18] [CC-3003 00012070770 1APTT TIME  ] 
[27.11.2019 11:20:18] [ 58.6 s    30.0 45.0 12:28
] 
[27.11.2019 11:20:18] [CC-3003 00012070770 1APTT RATIO ] 
[27.11.2019 11:20:18] [ 1.66      0.83 1.23 12:28
] 
[27.11.2019 11:20:18] [CC-3003 00012068432 1APTT TIME  ] 
[27.11.2019 11:20:19] [ 75.0 s    30.0 45.0 12:35
] 
[27.11.2019 11:20:19] [/n12070770] 
[27.11.2019 11:20:19] [CC-3003 00012068432 1APTT RATIO ] 
[27.11.2019 11:20:19] [ 2.13      0.83 1.23 12:35
] 
[27.11.2019 11:20:19] [CC-3003 00012093120 1APTT TIME  ] 
[27.11.2019 11:20:19] [ 63.9 s    30.0 45.0 15:30
] 
[27.11.2019 11:20:19] [CC-3003 00012093120 1APTT RATIO ] 
[27.11.2019 11:20:19] [ 1.82      0.83 1.23 15:30
] 
[27.11.2019 11:20:19] [/n12068432] 
[27.11.2019 11:20:19] [CC-3003 00012088645 1APTT TIME  ] 
[27.11.2019 11:20:19] [ 84.5 s    30.0 45.0 15:30
] 
[27.11.2019 11:20:19] [/n12088645] 
[27.11.2019 11:20:19] [CC-3003 00012088645 1APTT RATIO ] 
[27.11.2019 11:20:19] [ 2.40      0.83 1.23 15:30
] 
[27.11.2019 11:20:19] [/n12093120] 
[27.11.2019 11:20:19] [CC-3003 00012086368 1APTT TIME  ] 
[27.11.2019 11:20:19] [ 73.4 s    30.0 45.0 15:30
] 
[27.11.2019 11:20:19] [/n12086368] 
[27.11.2019 11:20:19] [CC-3003 00012086368 1APTT RATIO ] 
[27.11.2019 11:20:19] [ 2.09      0.83 1.23 15:30
] 
[27.11.2019 11:20:19] [CC-3003 00012088287 1APTT TIME  ] 
[27.11.2019 11:20:19] [112.7 s    30.0 45.0 15:31
] 
[27.11.2019 11:20:19] [/n12088287] 
[27.11.2019 11:20:19] [CC-3003 00012088287 1APTT RATIO ] 
[27.11.2019 11:20:19] [ 3.20      0.83 1.23 15:31
] 
[27.11.2019 11:20:19] [CC-3003 END 26-11-2019
] 
[27.11.2019 11:21:08] [start program] 
[27.11.2019 11:21:08] [ConnectionIni:172.16.0.4/3051:terra] 
[27.11.2019 11:21:10] [CC-3003 BEGIN 26-11-2019
CC-3003 00012070770 1APTT TIME  ] 
[27.11.2019 11:21:10] [ 58.6 s    30.0 45.0 12:28
] 
[27.11.2019 11:21:10] [CC-3003 00012070770 1APTT RATIO ] 
[27.11.2019 11:21:10] [ 1.66      0.83 1.23 12:28
] 
[27.11.2019 11:21:10] [CC-3003 00012068432 1APTT TIME  ] 
[27.11.2019 11:21:10] [ 75.0 s    30.0 45.0 12:35
] 
[27.11.2019 11:21:10] [CC-3003 00012068432 1APTT RATIO ] 
[27.11.2019 11:21:10] [ 2.13      0.83 1.23 12:35
] 
[27.11.2019 11:21:10] [CC-3003 00012093120 1APTT TIME  ] 
[27.11.2019 11:21:10] [ 63.9 s    30.0 45.0 15:30
] 
[27.11.2019 11:21:11] [/n12068432] 
[27.11.2019 11:21:11] [CC-3003 00012093120 1APTT RATIO ] 
[27.11.2019 11:21:11] [ 1.82      0.83 1.23 15:30
] 
[27.11.2019 11:21:11] [CC-3003 00012088645 1APTT TIME  ] 
[27.11.2019 11:21:11] [ 84.5 s    30.0 45.0 15:30
] 
[27.11.2019 11:21:11] [/n12088645] 
[27.11.2019 11:21:11] [CC-3003 00012088645 1APTT RATIO ] 
[27.11.2019 11:21:11] [ 2.40      0.83 1.23 15:30
] 
[27.11.2019 11:21:11] [CC-3003 00012086368 1APTT TIME  ] 
[27.11.2019 11:21:11] [ 73.4 s    30.0 45.0 15:30
] 
[27.11.2019 11:21:11] [/n12086368] 
[27.11.2019 11:21:11] [CC-3003 00012086368 1APTT RATIO ] 
[27.11.2019 11:21:11] [ 2.09      0.83 1.23 15:30
] 
[27.11.2019 11:21:11] [CC-3003 00012088287 1APTT TIME  ] 
[27.11.2019 11:21:11] [112.7 s    30.0 45.0 15:31
] 
[27.11.2019 11:21:11] [/n12088287] 
[27.11.2019 11:21:11] [CC-3003 00012088287 1APTT RATIO ] 
[27.11.2019 11:21:11] [/n12093120] 
[27.11.2019 11:21:11] [ 3.20      0.83 1.23 15:31
] 
[27.11.2019 11:21:11] [CC-3003 END 26-11-2019
] 
[27.11.2019 11:21:19] [CC-3003 BEGIN 26-11-2019
] 
[27.11.2019 11:21:19] [CC-3003 00012070770 1APTT TIME  ] 
[27.11.2019 11:21:19] [ 58.6 s    30.0 45.0 12:28
] 
[27.11.2019 11:21:19] [CC-3003 00012070770 1APTT RATIO ] 
[27.11.2019 11:21:19] [/n12070770] 
[27.11.2019 11:21:19] [ 1.66      0.83 1.23 12:28
] 
[27.11.2019 11:21:19] [CC-3003 00012068432 1APTT TIME  ] 
[27.11.2019 11:21:19] [ 75.0 s    30.0 45.0 12:35
] 
[27.11.2019 11:21:19] [/n12068432] 
[27.11.2019 11:21:19] [CC-3003 00012068432 1APTT RATIO ] 
[27.11.2019 11:21:19] [ 2.13      0.83 1.23 12:35
] 
[27.11.2019 11:21:19] [CC-3003 00012093120 1APTT TIME  ] 
[27.11.2019 11:21:19] [ 63.9 s    30.0 45.0 15:30
] 
[27.11.2019 11:21:19] [CC-3003 00012093120 1APTT RATIO ] 
[27.11.2019 11:21:19] [ 1.82      0.83 1.23 15:30
] 
[27.11.2019 11:21:19] [CC-3003 00012088645 1APTT TIME  ] 
[27.11.2019 11:21:19] [ 84.5 s    30.0 45.0 15:30
] 
[27.11.2019 11:21:19] [/n12088645] 
[27.11.2019 11:21:19] [CC-3003 00012088645 1APTT RATIO ] 
[27.11.2019 11:21:19] [ 2.40      0.83 1.23 15:30
] 
[27.11.2019 11:21:19] [/n12093120] 
[27.11.2019 11:21:19] [CC-3003 00012086368 1APTT TIME  ] 
[27.11.2019 11:21:19] [ 73.4 s    30.0 45.0 15:30
] 
[27.11.2019 11:21:19] [CC-3003 00012086368 1APTT RATIO ] 
[27.11.2019 11:21:19] [/n12086368] 
[27.11.2019 11:21:19] [ 2.09      0.83 1.23 15:30
] 
[27.11.2019 11:21:20] [CC-3003 00012088287 1APTT TIME  ] 
[27.11.2019 11:21:20] [112.7 s    30.0 45.0 15:31
] 
[27.11.2019 11:21:20] [/n12088287] 
[27.11.2019 11:21:20] [CC-3003 00012088287 1APTT RATIO ] 
[27.11.2019 11:21:20] [ 3.20      0.83 1.23 15:31
] 
[27.11.2019 11:21:20] [CC-3003 END 26-11-2019
] 
[27.11.2019 11:22:23] [CC-3003 BEGIN 26-11-2019
] 
[27.11.2019 11:22:23] [CC-3003 00012070770 1APTT TIME  ] 
[27.11.2019 11:22:23] [ 58.6 s    30.0 45.0 12:28
] 
[27.11.2019 11:22:23] [/n12070770] 
[27.11.2019 11:22:23] [CC-3003 00012070770 1APTT RATIO ] 
[27.11.2019 11:22:23] [ 1.66      0.83 1.23 12:28
] 
[27.11.2019 11:22:23] [CC-3003 00012068432 1APTT TIME  ] 
[27.11.2019 11:22:23] [ 75.0 s    30.0 45.0 12:35
] 
[27.11.2019 11:22:23] [/n12068432] 
[27.11.2019 11:22:23] [CC-3003 00012068432 1APTT RATIO ] 
[27.11.2019 11:22:23] [ 2.13      0.83 1.23 12:35
] 
[27.11.2019 11:22:24] [CC-3003 00012093120 1APTT TIME  ] 
[27.11.2019 11:22:24] [ 63.9 s    30.0 45.0 15:30
] 
[27.11.2019 11:22:24] [CC-3003 00012093120 1APTT RATIO ] 
[27.11.2019 11:22:24] [ 1.82      0.83 1.23 15:30
] 
[27.11.2019 11:22:24] [CC-3003 00012088645 1APTT TIME  ] 
[27.11.2019 11:22:24] [ 84.5 s    30.0 45.0 15:30
] 
[27.11.2019 11:22:24] [/n12088645] 
[27.11.2019 11:22:24] [CC-3003 00012088645 1APTT RATIO ] 
[27.11.2019 11:22:24] [/n12093120] 
[27.11.2019 11:22:24] [ 2.40      0.83 1.23 15:30
CC-3003 00012086368 1APTT TIME   73.4 s    30.0 45.0 15:30
] 
[27.11.2019 11:22:24] [CC-3003 00012086368 1APTT RATIO ] 
[27.11.2019 11:22:24] [ 2.09      0.83 1.23 15:30
] 
[27.11.2019 11:22:24] [CC-3003 00012088287 1APTT TIME  ] 
[27.11.2019 11:22:24] [112.7 s    30.0 45.0 15:31
] 
[27.11.2019 11:22:24] [/n12088287] 
[27.11.2019 11:22:24] [CC-3003 00012088287 1APTT RATIO ] 
[27.11.2019 11:22:24] [ 3.20      0.83 1.23 15:31
] 
[27.11.2019 11:22:24] [CC-3003 END 26-11-2019
] 
[27.11.2019 11:22:52] [start program] 
[27.11.2019 11:22:52] [ConnectionIni:172.16.0.4/3051:terra] 
[27.11.2019 11:22:55] [CC-3003 BEGIN 26-11-2019
] 
[27.11.2019 11:22:55] [CC-3003 00012070770 1APTT TIME  ] 
[27.11.2019 11:22:55] [ 58.6 s    30.0 45.0 12:28
] 
[27.11.2019 11:22:55] [CC-3003 00012070770 1APTT RATIO ] 
[27.11.2019 11:22:55] [ 1.66      0.83 1.23 12:28
] 
[27.11.2019 11:22:55] [CC-3003 00012068432 1APTT TIME  ] 
[27.11.2019 11:22:55] [ 75.0 s    30.0 45.0 12:35
] 
[27.11.2019 11:22:55] [/n12070770] 
[27.11.2019 11:22:55] [CC-3003 00012068432 1APTT RATIO ] 
[27.11.2019 11:22:55] [ 2.13      0.83 1.23 12:35
] 
[27.11.2019 11:22:55] [CC-3003 00012093120 1APTT TIME  ] 
[27.11.2019 11:22:55] [ 63.9 s    30.0 45.0 15:30
] 
[27.11.2019 11:22:55] [CC-3003 00012093120 1APTT RATIO ] 
[27.11.2019 11:22:55] [ 1.82      0.83 1.23 15:30
] 
[27.11.2019 11:22:55] [/n12068432] 
[27.11.2019 11:22:55] [CC-3003 00012088645 1APTT TIME  ] 
[27.11.2019 11:22:55] [ 84.5 s    30.0 45.0 15:30
] 
[27.11.2019 11:22:55] [CC-3003 00012088645 1APTT RATIO ] 
[27.11.2019 11:22:55] [/n12088645] 
[27.11.2019 11:22:55] [ 2.40      0.83 1.23 15:30
] 
[27.11.2019 11:22:55] [/n12093120] 
[27.11.2019 11:22:55] [CC-3003 00012086368 1APTT TIME  ] 
[27.11.2019 11:22:55] [ 73.4 s    30.0 45.0 15:30
] 
[27.11.2019 11:22:55] [/n12086368] 
[27.11.2019 11:22:55] [CC-3003 00012086368 1APTT RATIO ] 
[27.11.2019 11:22:55] [ 2.09      0.83 1.23 15:30
] 
[27.11.2019 11:22:55] [CC-3003 00012088287 1APTT TIME  ] 
[27.11.2019 11:22:55] [112.7 s    30.0 45.0 15:31
] 
[27.11.2019 11:22:55] [CC-3003 00012088287 1APTT RATIO ] 
[27.11.2019 11:22:55] [/n12088287] 
[27.11.2019 11:22:55] [ 3.20      0.83 1.23 15:31
] 
[27.11.2019 11:22:55] [CC-3003 END 26-11-2019
] 
[27.11.2019 11:44:32] [start program] 
[27.11.2019 11:44:32] [ConnectionIni:172.16.0.4/3051:terra] 
[27.11.2019 11:47:17] [start program] 
[27.11.2019 11:47:17] [ConnectionIni:172.16.0.4/3051:terra] 
[27.11.2019 11:49:19] [start program] 
[27.11.2019 11:49:19] [ConnectionIni:172.16.0.4/3051:terra] 
[27.11.2019 11:50:30] [start program] 
[27.11.2019 11:50:30] [ConnectionIni:172.16.0.4/3051:terra] 
[27.11.2019 11:50:35] [CC-3003 BEGIN 26-11-2019
] 
[27.11.2019 11:50:35] [CC-3003 00012070770 1APTT TIME  ] 
[27.11.2019 11:50:35] [ 58.6 s    30.0 45.0 12:28
] 
[27.11.2019 11:50:35] [CC-3003 00012070770 1APTT RATIO ] 
[27.11.2019 11:50:35] [ 1.66      0.83 1.23 12:28
] 
[27.11.2019 11:50:35] [CC-3003 00012068432 1APTT TIME  ] 
[27.11.2019 11:50:35] [ 75.0 s    30.0 45.0 12:35
] 
[27.11.2019 11:50:35] [CC-3003 00012068432 1APTT RATIO ] 
[27.11.2019 11:50:35] [ 2.13      0.83 1.23 12:35
] 
[27.11.2019 11:50:35] [CC-3003 00012093120 1APTT TIME  ] 
[27.11.2019 11:50:35] [ 63.9 s    30.0 45.0 15:30
] 
[27.11.2019 11:50:35] [CC-3003 00012093120 1APTT RATIO ] 
[27.11.2019 11:50:35] [ 1.82      0.83 1.23 15:30
] 
[27.11.2019 11:50:35] [CC-3003 00012088645 1APTT TIME  ] 
[27.11.2019 11:50:35] [ 84.5 s    30.0 45.0 15:30
] 
[27.11.2019 11:50:35] [CC-3003 00012088645 1APTT RATIO ] 
[27.11.2019 11:50:35] [ 2.40      0.83 1.23 15:30
] 
[27.11.2019 11:50:35] [CC-3003 00012086368 1APTT TIME  ] 
[27.11.2019 11:50:35] [ 73.4 s    30.0 45.0 15:30
] 
[27.11.2019 11:50:35] [CC-3003 00012086368 1APTT RATIO ] 
[27.11.2019 11:50:35] [ 2.09      0.83 1.23 15:30
] 
[27.11.2019 11:50:35] [CC-3003 00012088287 1APTT TIME  ] 
[27.11.2019 11:50:35] [112.7 s    30.0 45.0 15:31
] 
[27.11.2019 11:50:35] [CC-3003 00012088287 1APTT RATIO ] 
[27.11.2019 11:50:35] [ 3.20      0.83 1.23 15:31
] 
[27.11.2019 11:50:35] [CC-3003 END 26-11-2019
] 
[27.11.2019 11:50:52] [CC-3003 BEGIN 26-11-2019
] 
[27.11.2019 11:50:52] [CC-3003 00012070770 1APTT TIME  ] 
[27.11.2019 11:50:52] [ 58.6 s    30.0 45.0 12:28
] 
[27.11.2019 11:50:52] [CC-3003 00012070770 1APTT RATIO ] 
[27.11.2019 11:50:52] [ 1.66      0.83 1.23 12:28
] 
[27.11.2019 11:50:52] [CC-3003 00012068432 1APTT TIME  ] 
[27.11.2019 11:50:52] [ 75.0 s    30.0 45.0 12:35
] 
[27.11.2019 11:50:52] [CC-3003 00012068432 1APTT RATIO ] 
[27.11.2019 11:50:52] [ 2.13      0.83 1.23 12:35
] 
[27.11.2019 11:50:52] [CC-3003 00012093120 1APTT TIME  ] 
[27.11.2019 11:50:52] [ 63.9 s    30.0 45.0 15:30
] 
[27.11.2019 11:50:52] [CC-3003 00012093120 1APTT RATIO ] 
[27.11.2019 11:50:52] [ 1.82      0.83 1.23 15:30
] 
[27.11.2019 11:50:52] [CC-3003 00012088645 1APTT TIME  ] 
[27.11.2019 11:50:52] [ 84.5 s    30.0 45.0 15:30
] 
[27.11.2019 11:50:52] [CC-3003 00012088645 1APTT RATIO ] 
[27.11.2019 11:50:52] [ 2.40      0.83 1.23 15:30
] 
[27.11.2019 11:50:52] [CC-3003 00012086368 1APTT TIME  ] 
[27.11.2019 11:50:52] [ 73.4 s    30.0 45.0 15:30
] 
[27.11.2019 11:50:52] [CC-3003 00012086368 1APTT RATIO ] 
[27.11.2019 11:50:53] [ 2.09      0.83 1.23 15:30
] 
[27.11.2019 11:50:53] [CC-3003 00012088287 1APTT TIME  ] 
[27.11.2019 11:50:53] [112.7 s    30.0 45.0 15:31
] 
[27.11.2019 11:50:53] [CC-3003 00012088287 1APTT RATIO ] 
[27.11.2019 11:50:53] [ 3.20      0.83 1.23 15:31
] 
[27.11.2019 11:50:53] [CC-3003 END 26-11-2019
] 
[27.11.2019 11:51:15] [start program] 
[27.11.2019 11:51:15] [ConnectionIni:172.16.0.4/3051:terra] 
[27.11.2019 11:51:20] [CC-3003 BEGIN 26-11-2019
] 
[27.11.2019 11:51:20] [CC-3003 00012070770 1APTT TIME  ] 
[27.11.2019 11:51:20] [ 58.6 s    30.0 45.0 12:28
] 
[27.11.2019 11:51:20] [CC-3003 00012070770 1APTT RATIO ] 
[27.11.2019 11:51:20] [ 1.66      0.83 1.23 12:28
] 
[27.11.2019 11:51:20] [CC-3003 00012068432 1APTT TIME  ] 
[27.11.2019 11:51:20] [ 75.0 s    30.0 45.0 12:35
] 
[27.11.2019 11:51:20] [CC-3003 00012068432 1APTT RATIO ] 
[27.11.2019 11:51:20] [/n12070770] 
[27.11.2019 11:51:20] [ 2.13      0.83 1.23 12:35
] 
[27.11.2019 11:51:20] [CC-3003 00012093120 1APTT TIME  ] 
[27.11.2019 11:51:20] [ 63.9 s    30.0 45.0 15:30
] 
[27.11.2019 11:51:20] [CC-3003 00012093120 1APTT RATIO ] 
[27.11.2019 11:51:20] [ 1.82      0.83 1.23 15:30
] 
[27.11.2019 11:51:20] [/n12068432] 
[27.11.2019 11:51:20] [CC-3003 00012088645 1APTT TIME  ] 
[27.11.2019 11:51:20] [ 84.5 s    30.0 45.0 15:30
] 
[27.11.2019 11:51:20] [/n12088645] 
[27.11.2019 11:51:20] [CC-3003 00012088645 1APTT RATIO ] 
[27.11.2019 11:51:21] [ 2.40      0.83 1.23 15:30
] 
[27.11.2019 11:51:21] [/n12093120] 
[27.11.2019 11:51:21] [CC-3003 00012086368 1APTT TIME  ] 
[27.11.2019 11:51:21] [ 73.4 s    30.0 45.0 15:30
] 
[27.11.2019 11:51:21] [/n12086368] 
[27.11.2019 11:51:21] [CC-3003 00012086368 1APTT RATIO ] 
[27.11.2019 11:51:21] [ 2.09      0.83 1.23 15:30
] 
[27.11.2019 11:51:21] [CC-3003 00012088287 1APTT TIME  ] 
[27.11.2019 11:51:21] [112.7 s    30.0 45.0 15:31
] 
[27.11.2019 11:51:21] [/n12088287] 
[27.11.2019 11:51:21] [CC-3003 00012088287 1APTT RATIO ] 
[27.11.2019 11:51:21] [ 3.20      0.83 1.23 15:31
] 
[27.11.2019 11:51:21] [CC-3003 END 26-11-2019
] 
[27.11.2019 11:53:52] [start program] 
[27.11.2019 11:53:52] [ConnectionIni:172.16.0.4/3051:terra] 
[27.11.2019 12:02:16] [start program] 
[27.11.2019 12:02:16] [ConnectionIni:172.16.0.4/3051:terra] 
[27.11.2019 12:03:46] [start program] 
[27.11.2019 12:03:46] [ConnectionIni:172.16.0.4/3051:terra] 
[27.11.2019 12:03:50] [start program] 
[27.11.2019 12:03:50] [ConnectionIni:172.16.0.4/3051:terra] 
[27.11.2019 12:16:16] [start program] 
[27.11.2019 12:16:16] [ConnectionIni:172.16.0.4/3051:terra] 
[27.11.2019 12:16:52] [start program] 
[27.11.2019 12:16:52] [ConnectionIni:172.16.0.4/3051:terra] 
[27.11.2019 12:17:35] [start program] 
[27.11.2019 12:17:35] [ConnectionIni:172.16.0.4/3051:terra] 
[27.11.2019 12:17:53] [CC-3003 BEGIN 26-11-2019
] 
[27.11.2019 12:17:53] [CC-3003 00012070770 1APTT TIME  ] 
[27.11.2019 12:17:53] [ 58.6 s    30.0 45.0 12:28
] 
[27.11.2019 12:17:54] [CC-3003 00012070770 1APTT RATIO ] 
[27.11.2019 12:17:54] [ 1.66      0.83 1.23 12:28
] 
[27.11.2019 12:17:54] [CC-3003 00012068432 1APTT TIME  ] 
[27.11.2019 12:17:54] [ 75.0 s    30.0 45.0 12:35
] 
[27.11.2019 12:17:54] [/n12070770] 
[27.11.2019 12:17:54] [CC-3003 00012068432 1APTT RATIO ] 
[27.11.2019 12:17:54] [ 2.13      0.83 1.23 12:35
] 
[27.11.2019 12:17:54] [CC-3003 00012093120 1APTT TIME  ] 
[27.11.2019 12:17:54] [ 63.9 s    30.0 45.0 15:30
] 
[27.11.2019 12:17:54] [CC-3003 00012093120 1APTT RATIO ] 
[27.11.2019 12:17:54] [ 1.82      0.83 1.23 15:30
] 
[27.11.2019 12:17:54] [/n12068432] 
[27.11.2019 12:17:54] [CC-3003 00012088645 1APTT TIME  ] 
[27.11.2019 12:17:54] [ 84.5 s    30.0 45.0 15:30
] 
[27.11.2019 12:17:54] [/n12088645] 
[27.11.2019 12:17:54] [CC-3003 00012088645 1APTT RATIO ] 
[27.11.2019 12:17:54] [ 2.40      0.83 1.23 15:30
] 
[27.11.2019 12:17:54] [/n12093120] 
[27.11.2019 12:17:54] [CC-3003 00012086368 1APTT TIME  ] 
[27.11.2019 12:17:54] [ 73.4 s    30.0 45.0 15:30
] 
[27.11.2019 12:17:54] [/n12086368] 
[27.11.2019 12:17:54] [CC-3003 00012086368 1APTT RATIO ] 
[27.11.2019 12:17:54] [ 2.09      0.83 1.23 15:30
] 
[27.11.2019 12:17:54] [CC-3003 00012088287 1APTT TIME  ] 
[27.11.2019 12:17:54] [112.7 s    30.0 45.0 15:31
] 
[27.11.2019 12:17:54] [/n12088287] 
[27.11.2019 12:17:54] [CC-3003 00012088287 1APTT RATIO ] 
[27.11.2019 12:17:54] [ 3.20      0.83 1.23 15:31
] 
[27.11.2019 12:17:54] [CC-3003 END 26-11-2019
] 
[27.11.2019 12:18:11] [start program] 
[27.11.2019 12:18:11] [ConnectionIni:172.16.0.4/3051:terra] 
[27.11.2019 12:18:18] [CC-3003 BEGIN 26-11-2019
] 
[27.11.2019 12:18:18] [CC-3003 00012070770 1APTT TIME  ] 
[27.11.2019 12:18:18] [ 58.6 s    30.0 45.0 12:28
] 
[27.11.2019 12:18:18] [CC-3003 00012070770 1APTT RATIO ] 
[27.11.2019 12:18:18] [ 1.66      0.83 1.23 12:28
] 
[27.11.2019 12:18:18] [CC-3003 00012068432 1APTT TIME  ] 
[27.11.2019 12:18:18] [ 75.0 s    30.0 45.0 12:35
] 
[27.11.2019 12:18:18] [/n12070770] 
[27.11.2019 12:18:18] [CC-3003 00012068432 1APTT RATIO ] 
[27.11.2019 12:18:18] [ 2.13      0.83 1.23 12:35
] 
[27.11.2019 12:18:18] [CC-3003 00012093120 1APTT TIME  ] 
[27.11.2019 12:18:18] [ 63.9 s    30.0 45.0 15:30
] 
[27.11.2019 12:18:18] [CC-3003 00012093120 1APTT RATIO ] 
[27.11.2019 12:18:18] [ 1.82      0.83 1.23 15:30
] 
[27.11.2019 12:18:18] [/n12068432] 
[27.11.2019 12:18:18] [CC-3003 00012088645 1APTT TIME  ] 
[27.11.2019 12:18:18] [ 84.5 s    30.0 45.0 15:30
] 
[27.11.2019 12:18:18] [/n12088645] 
[27.11.2019 12:18:18] [CC-3003 00012088645 1APTT RATIO ] 
[27.11.2019 12:18:18] [ 2.40      0.83 1.23 15:30
] 
[27.11.2019 12:18:18] [/n12093120] 
[27.11.2019 12:18:18] [CC-3003 00012086368 1APTT TIME  ] 
[27.11.2019 12:18:18] [ 73.4 s    30.0 45.0 15:30
] 
[27.11.2019 12:18:18] [/n12086368] 
[27.11.2019 12:18:18] [CC-3003 00012086368 1APTT RATIO ] 
[27.11.2019 12:18:18] [ 2.09      0.83 1.23 15:30
] 
[27.11.2019 12:18:18] [CC-3003 00012088287 1APTT TIME  ] 
[27.11.2019 12:18:18] [112.7 s    30.0 45.0 15:31
] 
[27.11.2019 12:18:18] [/n12088287] 
[27.11.2019 12:18:18] [CC-3003 00012088287 1APTT RATIO ] 
[27.11.2019 12:18:18] [ 3.20      0.83 1.23 15:31
] 
[27.11.2019 12:18:18] [CC-3003 END 26-11-2019
] 
[27.11.2019 12:19:04] [start program] 
[27.11.2019 12:19:04] [ConnectionIni:172.16.0.4/3051:terra] 
[27.11.2019 12:19:09] [CC-3003 BEGIN 26-11-2019
] 
[27.11.2019 12:19:09] [CC-3003 00012070770 1APTT TIME  ] 
[27.11.2019 12:19:09] [ 58.6 s    30.0 45.0 12:28
] 
[27.11.2019 12:19:09] [CC-3003 00012070770 1APTT RATIO ] 
[27.11.2019 12:19:09] [ 1.66      0.83 1.23 12:28
] 
[27.11.2019 12:19:09] [CC-3003 00012068432 1APTT TIME  ] 
[27.11.2019 12:19:09] [ 75.0 s    30.0 45.0 12:35
] 
[27.11.2019 12:19:09] [CC-3003 00012068432 1APTT RATIO ] 
[27.11.2019 12:19:09] [/n12070770] 
[27.11.2019 12:19:09] [ 2.13      0.83 1.23 12:35
] 
[27.11.2019 12:19:09] [CC-3003 00012093120 1APTT TIME  ] 
[27.11.2019 12:19:09] [ 63.9 s    30.0 45.0 15:30
] 
[27.11.2019 12:19:09] [CC-3003 00012093120 1APTT RATIO ] 
[27.11.2019 12:19:09] [ 1.82      0.83 1.23 15:30
] 
[27.11.2019 12:19:09] [/n12068432] 
[27.11.2019 12:19:09] [CC-3003 00012088645 1APTT TIME  ] 
[27.11.2019 12:19:09] [ 84.5 s    30.0 45.0 15:30
] 
[27.11.2019 12:19:09] [/n12088645] 
[27.11.2019 12:19:09] [CC-3003 00012088645 1APTT RATIO ] 
[27.11.2019 12:19:09] [ 2.40      0.83 1.23 15:30
] 
[27.11.2019 12:19:09] [/n12093120] 
[27.11.2019 12:19:09] [CC-3003 00012086368 1APTT TIME  ] 
[27.11.2019 12:19:09] [ 73.4 s    30.0 45.0 15:30
] 
[27.11.2019 12:19:10] [/n12086368] 
[27.11.2019 12:19:10] [CC-3003 00012086368 1APTT RATIO ] 
[27.11.2019 12:19:10] [ 2.09      0.83 1.23 15:30
] 
[27.11.2019 12:19:10] [CC-3003 00012088287 1APTT TIME  ] 
[27.11.2019 12:19:10] [112.7 s    30.0 45.0 15:31
] 
[27.11.2019 12:19:10] [/n12088287] 
[27.11.2019 12:19:10] [CC-3003 00012088287 1APTT RATIO ] 
[27.11.2019 12:19:10] [ 3.20      0.83 1.23 15:31
] 
[27.11.2019 12:19:10] [CC-3003 END 26-11-2019
] 
[27.11.2019 12:46:39] [start program] 
[27.11.2019 12:46:39] [ConnectionIni:172.16.0.4/3051:terra] 
[27.11.2019 12:53:41] [start program] 
[27.11.2019 12:53:41] [ConnectionIni:172.16.0.4/3051:terra] 
[27.11.2019 12:57:26] [start program] 
[27.11.2019 12:57:26] [ConnectionIni:172.16.0.4/3051:terra] 
[27.11.2019 13:05:19] [start program] 
[27.11.2019 13:05:19] [ConnectionIni:172.16.0.4/3051:terra] 
[27.11.2019 13:05:24] [CC-3003 BEGIN 26-11-2019
] 
[27.11.2019 13:05:24] [CC-3003 00012070770 1APTT TIME  ] 
[27.11.2019 13:05:24] [ 58.6 s    30.0 45.0 12:28
] 
[27.11.2019 13:05:24] [CC-3003 00012070770 1APTT RATIO ] 
[27.11.2019 13:05:24] [ 1.66      0.83 1.23 12:28
] 
[27.11.2019 13:05:24] [CC-3003 00012068432 1APTT TIME  ] 
[27.11.2019 13:05:24] [ 75.0 s    30.0 45.0 12:35
] 
[27.11.2019 13:05:24] [CC-3003 00012068432 1APTT RATIO ] 
[27.11.2019 13:05:24] [ 2.13      0.83 1.23 12:35
] 
[27.11.2019 13:05:24] [/n12070770] 
[27.11.2019 13:05:24] [CC-3003 00012093120 1APTT TIME  ] 
[27.11.2019 13:05:24] [ 63.9 s    30.0 45.0 15:30
] 
[27.11.2019 13:05:24] [CC-3003 00012093120 1APTT RATIO ] 
[27.11.2019 13:05:24] [ 1.82      0.83 1.23 15:30
] 
[27.11.2019 13:05:24] [CC-3003 00012088645 1APTT TIME  ] 
[27.11.2019 13:05:24] [ 84.5 s    30.0 45.0 15:30
] 
[27.11.2019 13:05:24] [/n12068432] 
[27.11.2019 13:05:24] [CC-3003 00012088645 1APTT RATIO ] 
[27.11.2019 13:05:24] [ 2.40      0.83 1.23 15:30
] 
[27.11.2019 13:05:24] [CC-3003 00012086368 1APTT TIME  ] 
[27.11.2019 13:05:24] [/n12093120] 
[27.11.2019 13:05:24] [ 73.4 s    30.0 45.0 15:30
] 
[27.11.2019 13:05:24] [CC-3003 00012086368 1APTT RATIO ] 
[27.11.2019 13:05:24] [ 2.09      0.83 1.23 15:30
] 
[27.11.2019 13:05:24] [/n12086368] 
[27.11.2019 13:05:24] [/n12088645] 
[27.11.2019 13:05:24] [CC-3003 00012088287 1APTT TIME  ] 
[27.11.2019 13:05:24] [112.7 s    30.0 45.0 15:31
] 
[27.11.2019 13:05:24] [CC-3003 00012088287 1APTT RATIO ] 
[27.11.2019 13:05:24] [ 3.20      0.83 1.23 15:31
] 
[27.11.2019 13:05:24] [/n12088287] 
[27.11.2019 13:05:24] [CC-3003 END 26-11-2019
] 
[27.11.2019 13:08:27] [start program] 
[27.11.2019 13:08:27] [ConnectionIni:172.16.0.4/3051:terra] 
[27.11.2019 13:08:37] [CC-3003 BEGIN 26-11-2019
] 
[27.11.2019 13:08:37] [CC-3003 00012070770 1APTT TIME  ] 
[27.11.2019 13:08:37] [ 58.6 s    30.0 45.0 12:28
] 
[27.11.2019 13:08:37] [CC-3003 00012070770 1APTT RATIO ] 
[27.11.2019 13:08:37] [ 1.66      0.83 1.23 12:28
] 
[27.11.2019 13:08:37] [CC-3003 00012068432 1APTT TIME  ] 
[27.11.2019 13:08:37] [ 75.0 s    30.0 45.0 12:35
] 
[27.11.2019 13:08:37] [CC-3003 00012068432 1APTT RATIO ] 
[27.11.2019 13:08:37] [ 2.13      0.83 1.23 12:35
] 
[27.11.2019 13:08:37] [/n12070770] 
[27.11.2019 13:08:38] [CC-3003 00012093120 1APTT TIME  ] 
[27.11.2019 13:08:38] [ 63.9 s    30.0 45.0 15:30
] 
[27.11.2019 13:08:38] [CC-3003 00012093120 1APTT RATIO ] 
[27.11.2019 13:08:38] [ 1.82      0.83 1.23 15:30
] 
[27.11.2019 13:08:38] [CC-3003 00012088645 1APTT TIME  ] 
[27.11.2019 13:08:38] [ 84.5 s    30.0 45.0 15:30
] 
[27.11.2019 13:08:38] [/n12068432] 
[27.11.2019 13:08:38] [CC-3003 00012088645 1APTT RATIO ] 
[27.11.2019 13:08:38] [ 2.40      0.83 1.23 15:30
] 
[27.11.2019 13:08:38] [CC-3003 00012086368 1APTT TIME  ] 
[27.11.2019 13:08:38] [/n12093120] 
[27.11.2019 13:08:38] [ 73.4 s    30.0 45.0 15:30
] 
[27.11.2019 13:08:38] [CC-3003 00012086368 1APTT RATIO ] 
[27.11.2019 13:08:38] [ 2.09      0.83 1.23 15:30
] 
[27.11.2019 13:08:38] [/n12086368] 
[27.11.2019 13:08:38] [CC-3003 00012088287 1APTT TIME  ] 
[27.11.2019 13:08:38] [112.7 s    30.0 45.0 15:31
] 
[27.11.2019 13:08:38] [/n12088645] 
[27.11.2019 13:08:38] [CC-3003 00012088287 1APTT RATIO ] 
[27.11.2019 13:08:38] [ 3.20      0.83 1.23 15:31
] 
[27.11.2019 13:08:38] [/n12088287] 
[27.11.2019 13:08:38] [CC-3003 END 26-11-2019
] 
[27.11.2019 13:13:36] [CC-3003 BEGIN 26-11-2019
] 
[27.11.2019 13:13:36] [CC-3003 00012070770 1APTT TIME  ] 
[27.11.2019 13:13:36] [ 58.6 s    30.0 45.0 12:28
] 
[27.11.2019 13:13:36] [CC-3003 00012070770 1APTT RATIO ] 
[27.11.2019 13:13:36] [ 1.66      0.83 1.23 12:28
] 
[27.11.2019 13:13:36] [/n12070770] 
[27.11.2019 13:13:36] [CC-3003 00012068432 1APTT TIME  ] 
[27.11.2019 13:13:36] [ 75.0 s    30.0 45.0 12:35
] 
[27.11.2019 13:13:36] [CC-3003 00012068432 1APTT RATIO ] 
[27.11.2019 13:13:36] [/n12068432] 
[27.11.2019 13:13:36] [ 2.13      0.83 1.23 12:35
] 
[27.11.2019 13:13:36] [CC-3003 00012093120 1APTT TIME  ] 
[27.11.2019 13:13:36] [ 63.9 s    30.0 45.0 15:30
] 
[27.11.2019 13:13:36] [CC-3003 00012093120 1APTT RATIO ] 
[27.11.2019 13:13:36] [ 1.82      0.83 1.23 15:30
] 
[27.11.2019 13:13:36] [CC-3003 00012088645 1APTT TIME  ] 
[27.11.2019 13:13:36] [ 84.5 s    30.0 45.0 15:30
] 
[27.11.2019 13:13:36] [CC-3003 00012088645 1APTT RATIO ] 
[27.11.2019 13:13:37] [/n12088645] 
[27.11.2019 13:13:37] [ 2.40      0.83 1.23 15:30
] 
[27.11.2019 13:13:37] [CC-3003 00012086368 1APTT TIME  ] 
[27.11.2019 13:13:37] [ 73.4 s    30.0 45.0 15:30
] 
[27.11.2019 13:13:37] [CC-3003 00012086368 1APTT RATIO ] 
[27.11.2019 13:13:37] [/n12086368] 
[27.11.2019 13:13:37] [ 2.09      0.83 1.23 15:30
] 
[27.11.2019 13:13:37] [CC-3003 00012088287 1APTT TIME  ] 
[27.11.2019 13:13:37] [112.7 s    30.0 45.0 15:31
] 
[27.11.2019 13:13:37] [CC-3003 00012088287 1APTT RATIO ] 
[27.11.2019 13:13:37] [ 3.20      0.83 1.23 15:31
] 
[27.11.2019 13:13:37] [/n12088287] 
[27.11.2019 13:13:37] [CC-3003 END 26-11-2019
] 
[27.11.2019 13:13:37] [/n12093120] 
[27.11.2019 13:16:07] [start program] 
[27.11.2019 13:16:07] [ConnectionIni:172.16.0.4/3051:terra] 
[27.11.2019 13:16:10] [CC-3003 BEGIN 26-11-2019
] 
[27.11.2019 13:16:10] [CC-3003 00012070770 1APTT RATIO ] 
[27.11.2019 13:16:10] [CC-3003 00012068432 1APTT TIME  ] 
[27.11.2019 13:16:10] [CC-3003 00012068432 1APTT RATIO ] 
[27.11.2019 13:16:10] [CC-3003 00012093120 1APTT TIME  ] 
[27.11.2019 13:16:10] [CC-3003 00012093120 1APTT RATIO ] 
[27.11.2019 13:16:10] [CC-3003 00012088645 1APTT TIME  ] 
[27.11.2019 13:16:10] [CC-3003 00012088645 1APTT RATIO ] 
[27.11.2019 13:16:10] [CC-3003 00012086368 1APTT TIME  ] 
[27.11.2019 13:16:10] [CC-3003 00012086368 1APTT RATIO ] 
[27.11.2019 13:16:10] [CC-3003 00012088287 1APTT TIME  ] 
[27.11.2019 13:16:10] [CC-3003 00012088287 1APTT RATIO ] 
[27.11.2019 13:16:11] [CC-3003 END 26-11-2019
] 
[27.11.2019 13:16:35] [start program] 
[27.11.2019 13:16:35] [ConnectionIni:172.16.0.4/3051:terra] 
[27.11.2019 13:16:38] [CC-3003 BEGIN 26-11-2019
] 
[27.11.2019 13:16:38] [CC-3003 00012070770 1APTT RATIO ] 
[27.11.2019 13:16:38] [ 1.66      0.83 1.23 12:28
] 
[27.11.2019 13:16:38] [CC-3003 00012068432 1APTT TIME  ] 
[27.11.2019 13:16:38] [ 75.0 s    30.0 45.0 12:35
] 
[27.11.2019 13:16:38] [CC-3003 00012068432 1APTT RATIO ] 
[27.11.2019 13:16:38] [ 2.13      0.83 1.23 12:35
] 
[27.11.2019 13:16:38] [CC-3003 00012093120 1APTT TIME  ] 
[27.11.2019 13:16:38] [CC-3003 00012093120 1APTT RATIO ] 
[27.11.2019 13:16:38] [ 1.82      0.83 1.23 15:30
] 
[27.11.2019 13:16:38] [CC-3003 00012088645 1APTT TIME  ] 
[27.11.2019 13:16:38] [ 84.5 s    30.0 45.0 15:30
] 
[27.11.2019 13:16:38] [CC-3003 00012088645 1APTT RATIO ] 
[27.11.2019 13:16:38] [ 2.40      0.83 1.23 15:30
] 
[27.11.2019 13:16:38] [CC-3003 00012086368 1APTT TIME  ] 
[27.11.2019 13:16:38] [ 73.4 s    30.0 45.0 15:30
] 
[27.11.2019 13:16:38] [CC-3003 00012086368 1APTT RATIO ] 
[27.11.2019 13:16:38] [ 2.09      0.83 1.23 15:30
] 
[27.11.2019 13:16:38] [CC-3003 00012088287 1APTT TIME  ] 
[27.11.2019 13:16:38] [112.7 s    30.0 45.0 15:31
] 
[27.11.2019 13:16:38] [CC-3003 00012088287 1APTT RATIO ] 
[27.11.2019 13:16:39] [ 3.20      0.83 1.23 15:31
] 
[27.11.2019 13:16:39] [CC-3003 END 26-11-2019
] 
[27.11.2019 13:16:55] [start program] 
[27.11.2019 13:16:55] [ConnectionIni:172.16.0.4/3051:terra] 
[27.11.2019 13:16:59] [CC-3003 BEGIN 26-11-2019
] 
[27.11.2019 13:16:59] [CC-3003 00012088645 1APTT RATIO ] 
[27.11.2019 13:17:09] [CC-3003 BEGIN 26-11-2019
] 
[27.11.2019 13:17:10] [CC-3003 00012088645 1APTT RATIO ] 
[27.11.2019 13:17:30] [start program] 
[27.11.2019 13:17:30] [ConnectionIni:172.16.0.4/3051:terra] 
[27.11.2019 13:17:33] [CC-3003 BEGIN 26-11-2019
] 
[27.11.2019 13:17:33] [CC-3003 00012068432 1APTT RATIO ] 
[27.11.2019 13:17:33] [CC-3003 00012088645 1APTT RATIO ] 
[27.11.2019 13:17:33] [CC-3003 00012088287 1APTT TIME  ] 
[27.11.2019 13:17:44] [start program] 
[27.11.2019 13:17:44] [ConnectionIni:172.16.0.4/3051:terra] 
[27.11.2019 13:17:47] [CC-3003 BEGIN 26-11-2019
] 
[27.11.2019 13:19:09] [start program] 
[27.11.2019 13:19:09] [ConnectionIni:172.16.0.4/3051:terra] 
[27.11.2019 13:19:13] [CC-3003 BEGIN 26-11-2019
] 
[27.11.2019 13:19:20] [CC-3003 BEGIN 26-11-2019
] 
[27.11.2019 13:19:43] [start program] 
[27.11.2019 13:19:43] [ConnectionIni:172.16.0.4/3051:terra] 
[27.11.2019 13:19:47] [CC-3003 BEGIN 26-11-2019
] 
[27.11.2019 13:20:31] [start program] 
[27.11.2019 13:20:31] [ConnectionIni:172.16.0.4/3051:terra] 
[27.11.2019 13:20:35] [CC-3003 BEGIN 26-11-2019
] 
[27.11.2019 13:20:52] [start program] 
[27.11.2019 13:20:52] [ConnectionIni:172.16.0.4/3051:terra] 
[27.11.2019 13:20:58] [CC-3003 BEGIN 26-11-2019
] 
[27.11.2019 13:21:29] [start program] 
[27.11.2019 13:21:29] [ConnectionIni:172.16.0.4/3051:terra] 
[27.11.2019 13:21:34] [CC-3003 BEGIN 26-11-2019
] 
[27.11.2019 13:21:46] [start program] 
[27.11.2019 13:21:46] [ConnectionIni:172.16.0.4/3051:terra] 
[27.11.2019 13:21:48] [CC-3003 BEGIN 26-11-2019
] 
[27.11.2019 13:24:27] [CC-3003 BEGIN 26-11-2019
] 
[27.11.2019 13:30:10] [start program] 
[27.11.2019 13:30:10] [ConnectionIni:172.16.0.4/3051:terra] 
[27.11.2019 13:30:19] [CC-3003 BEGIN 26-11-2019
] 
[27.11.2019 13:30:51] [start program] 
[27.11.2019 13:30:51] [ConnectionIni:172.16.0.4/3051:terra] 
[27.11.2019 13:30:55] [CC-3003 BEGIN 26-11-2019
] 
[27.11.2019 13:35:35] [start program] 
[27.11.2019 13:35:35] [ConnectionIni:172.16.0.4/3051:terra] 
[27.11.2019 13:35:38] [CC-3003 BEGIN 26-11-2019
] 
[27.11.2019 13:52:16] [start program] 
[27.11.2019 13:52:16] [ConnectionIni:172.16.0.4/3051:terra] 
[27.11.2019 13:52:19] [CC-3003 BEGIN 26-11-2019
] 
[27.11.2019 13:52:42] [start program] 
[27.11.2019 13:52:42] [ConnectionIni:172.16.0.4/3051:terra] 
[27.11.2019 13:52:44] [CC-3003 BEGIN 26-11-2019
] 
[27.11.2019 13:53:13] [start program] 
[27.11.2019 13:53:13] [ConnectionIni:172.16.0.4/3051:terra] 
[27.11.2019 13:53:15] [CC-3003 BEGIN 26-11-2019
] 
[27.11.2019 13:54:10] [start program] 
[27.11.2019 13:54:10] [ConnectionIni:172.16.0.4/3051:terra] 
[27.11.2019 13:54:13] [CC-3003 BEGIN 26-11-2019
] 
[27.11.2019 13:56:31] [start program] 
[27.11.2019 13:56:31] [ConnectionIni:172.16.0.4/3051:terra] 
[27.11.2019 13:56:34] [CC-3003 BEGIN 26-11-2019
] 
[27.11.2019 13:57:42] [start program] 
[27.11.2019 13:57:42] [ConnectionIni:172.16.0.4/3051:terra] 
[27.11.2019 13:57:46] [CC-3003 BEGIN 26-11-2019
] 
[27.11.2019 13:57:47] [/n12070770] 
[27.11.2019 13:57:48] [/n12070770] 
[27.11.2019 13:57:48] [/n12070770] 
[27.11.2019 13:57:48] [/n12070770] 
[27.11.2019 13:57:48] [/n12070770] 
[27.11.2019 13:57:48] [/n12070770] 
[27.11.2019 13:57:48] [/n12070770] 
[27.11.2019 13:57:48] [/n12070770] 
[27.11.2019 13:57:48] [/n12070770] 
[27.11.2019 14:01:12] [start program] 
[27.11.2019 14:01:12] [ConnectionIni:172.16.0.4/3051:terra] 
[27.11.2019 14:01:16] [CC-3003 BEGIN 26-11-2019
] 
[27.11.2019 14:01:18] [/n12070770] 
[27.11.2019 14:01:18] [/n12070770] 
[27.11.2019 14:01:18] [/n12070770] 
[27.11.2019 14:01:18] [/n12070770] 
[27.11.2019 14:01:18] [/n12070770] 
[27.11.2019 14:01:18] [/n12070770] 
[27.11.2019 14:01:18] [/n12070770] 
[27.11.2019 14:01:18] [/n12070770] 
[27.11.2019 14:01:57] [start program] 
[27.11.2019 14:01:57] [ConnectionIni:172.16.0.4/3051:terra] 
[27.11.2019 14:01:59] [CC-3003 BEGIN 26-11-2019
] 
[27.11.2019 14:02:44] [start program] 
[27.11.2019 14:02:44] [ConnectionIni:172.16.0.4/3051:terra] 
[27.11.2019 14:02:52] [start program] 
[27.11.2019 14:02:52] [ConnectionIni:172.16.0.4/3051:terra] 
[27.11.2019 14:02:55] [CC-3003 BEGIN 26-11-2019
] 
[27.11.2019 14:04:30] [start program] 
[27.11.2019 14:04:30] [ConnectionIni:172.16.0.4/3051:terra] 
[27.11.2019 14:04:35] [CC-3003 BEGIN 26-11-2019
] 
[27.11.2019 14:05:03] [start program] 
[27.11.2019 14:05:03] [ConnectionIni:172.16.0.4/3051:terra] 
[27.11.2019 14:05:06] [CC-3003 BEGIN 26-11-2019
] 
[27.11.2019 14:05:39] [start program] 
[27.11.2019 14:05:39] [ConnectionIni:172.16.0.4/3051:terra] 
[27.11.2019 14:05:47] [CC-3003 BEGIN 26-11-2019
] 
[27.11.2019 14:06:29] [start program] 
[27.11.2019 14:06:29] [ConnectionIni:172.16.0.4/3051:terra] 
[27.11.2019 14:06:33] [CC-3003 BEGIN 26-11-2019
] 
[27.11.2019 14:07:16] [start program] 
[27.11.2019 14:07:16] [ConnectionIni:172.16.0.4/3051:terra] 
[27.11.2019 14:07:20] [CC-3003 BEGIN 26-11-2019
] 
[27.11.2019 14:10:13] [start program] 
[27.11.2019 14:10:13] [ConnectionIni:172.16.0.4/3051:terra] 
[27.11.2019 14:10:47] [start program] 
[27.11.2019 14:10:47] [ConnectionIni:172.16.0.4/3051:terra] 
[27.11.2019 14:10:51] [CC-3003 BEGIN 26-11-2019
] 
[27.11.2019 14:12:35] [start program] 
[27.11.2019 14:12:35] [ConnectionIni:172.16.0.4/3051:terra] 
[27.11.2019 14:12:38] [CC-3003 BEGIN 26-11-2019
] 
[27.11.2019 14:21:52] [start program] 
[27.11.2019 14:21:52] [ConnectionIni:172.16.0.4/3051:terra] 
[27.11.2019 14:21:53] [CC-3003 BEGIN 26-11-2019
CC-3003 00012070770 1APTT TIME   58.6 s    30.0 45.0 12:28
CC-3003 00012070770 1APTT RATIO  1.66      0.83 1.23 12:28
CC-3003 00012068432 1APTT TIME   75.0 s    30.0 45.0 12:35
CC-3003 00012068432 1APTT RATIO  2.13      0.83 1.23 12:35
CC-3003 00012093120 1APTT TIME   63.9 s    30.0 45.0 15:30
CC-3003 00012093120 1APTT RATIO  1.82      0.83 1.23 15:30
CC-3003 00012088645 1APTT TIME   84.5 s    30.0 45.0 15:30
] 
[27.11.2019 14:24:24] [start program] 
[27.11.2019 14:24:24] [ConnectionIni:172.16.0.4/3051:terra] 
[27.11.2019 14:24:27] [CC-3003 BEGIN 26-11-2019
] 
[27.11.2019 14:26:02] [start program] 
[27.11.2019 14:26:02] [ConnectionIni:172.16.0.4/3051:terra] 
[27.11.2019 14:26:08] [CC-3003 BEGIN 26-11-2019
] 
[27.11.2019 14:27:05] [start program] 
[27.11.2019 14:27:05] [ConnectionIni:172.16.0.4/3051:terra] 
[27.11.2019 14:27:09] [CC-3003 BEGIN 26-11-2019
] 
[27.11.2019 14:27:51] [start program] 
[27.11.2019 14:27:51] [ConnectionIni:172.16.0.4/3051:terra] 
[27.11.2019 14:27:54] [CC-3003 BEGIN 26-11-2019
] 
[27.11.2019 14:29:15] [start program] 
[27.11.2019 14:29:15] [ConnectionIni:172.16.0.4/3051:terra] 
[27.11.2019 14:29:19] [CC-3003 BEGIN 26-11-2019
] 
[27.11.2019 14:29:51] [/n12068432] 
[27.11.2019 14:30:03] [/n12070770] 
[27.11.2019 14:30:04] [/n12088645] 
[27.11.2019 14:30:05] [/n12093120] 
[27.11.2019 14:30:05] [/n12088287] 
[27.11.2019 14:30:05] [/n12086368] 
[27.11.2019 14:30:48] [start program] 
[27.11.2019 14:30:49] [ConnectionIni:172.16.0.4/3051:terra] 
[27.11.2019 14:30:52] [CC-3003 BEGIN 26-11-2019
] 
[27.11.2019 14:30:54] [/n12068432] 
[27.11.2019 14:30:54] [/n12070770] 
[27.11.2019 14:30:54] [/n12086368] 
[27.11.2019 14:30:54] [/n12088645] 
[27.11.2019 14:30:54] [/n12093120] 
[27.11.2019 14:30:54] [/n12088287] 
[27.11.2019 14:31:27] [start program] 
[27.11.2019 14:31:27] [ConnectionIni:172.16.0.4/3051:terra] 
[27.11.2019 14:31:31] [CC-3003 BEGIN 26-11-2019
] 
[27.11.2019 14:31:33] [/n12070770] 
[27.11.2019 14:31:33] [/n12068432] 
[27.11.2019 14:31:34] [/n12093120] 
[27.11.2019 14:31:34] [/n12088645] 
[27.11.2019 14:31:34] [/n12088287] 
[27.11.2019 14:31:34] [/n12086368] 
[27.11.2019 14:32:02] [start program] 
[27.11.2019 14:32:02] [ConnectionIni:172.16.0.4/3051:terra] 
[27.11.2019 14:32:06] [CC-3003 BEGIN 26-11-2019
] 
[27.11.2019 14:32:08] [/n12070770] 
[27.11.2019 14:32:08] [/n12068432] 
[27.11.2019 14:32:22] [/n12088287] 
[27.11.2019 14:32:22] [/n12093120] 
[27.11.2019 14:32:22] [/n12088645] 
[27.11.2019 14:32:23] [/n12086368] 
[27.11.2019 14:32:59] [start program] 
[27.11.2019 14:32:59] [ConnectionIni:172.16.0.4/3051:terra] 
[27.11.2019 14:33:03] [CC-3003 BEGIN 26-11-2019
] 
[27.11.2019 14:33:05] [/n12068432] 
[27.11.2019 14:33:05] [/n12088645] 
[27.11.2019 14:33:05] [/n12070770] 
[27.11.2019 14:33:08] [/n12088287] 
[27.11.2019 14:33:08] [/n12086368] 
[27.11.2019 14:33:08] [/n12093120] 
[27.11.2019 14:33:42] [start program] 
[27.11.2019 14:33:42] [ConnectionIni:172.16.0.4/3051:terra] 
[27.11.2019 14:33:45] [CC-3003 BEGIN 26-11-2019
] 
[27.11.2019 14:33:47] [/n12070770] 
[27.11.2019 14:33:47] [/n12088645] 
[27.11.2019 14:33:47] [/n12093120] 
[27.11.2019 14:33:47] [/n12068432] 
[27.11.2019 14:33:47] [/n12088287] 
[27.11.2019 14:33:48] [/n12086368] 
[27.11.2019 15:12:30] [start program] 
[27.11.2019 15:12:30] [ConnectionIni:172.16.0.4/3051:terra] 
[27.11.2019 15:56:34] [start program] 
[27.11.2019 15:56:34] [ConnectionIni:172.16.0.4/3051:terra] 
