[10.03.2020 09:58:02] [Thread started, processing..] 
[10.03.2020 09:58:02] [Start program] 
[10.03.2020 09:58:02] [ConnectionIni:172.16.0.16/3050:terra] 
[10.03.2020 09:58:03] [Connection bd - Open] 
[10.03.2020 09:58:03] [Port COM1 - already Open] 
[10.03.2020 09:58:05] [Port COM1 - Open] 
[10.03.2020 09:58:10] [Exiting system due to external CTRL-C, or process kill, or shutdown] 
[10.03.2020 11:12:29] [Thread started, processing..] 
[10.03.2020 11:12:29] [Start program] 
[10.03.2020 11:12:29] [ConnectionIni:172.16.0.16/3050:terra] 
[10.03.2020 11:12:29] [Connection bd - Open] 
[10.03.2020 11:12:29] [Port COM1 - already Open] 
[10.03.2020 11:12:31] [Exiting system due to external CTRL-C, or process kill, or shutdown] 
[10.03.2020 11:12:31] [Port COM1 - Open] 
[10.03.2020 12:27:18] [Thread started, processing..] 
[10.03.2020 12:27:18] [Start program] 
[10.03.2020 12:27:18] [ConnectionIni:172.16.0.16/3050:terra] 
[10.03.2020 12:27:18] [Connection bd - Open] 
[10.03.2020 12:27:18] [Port COM1 - already Open] 
[10.03.2020 12:27:21] [Port COM1 - Open] 
